#
# A fatal error has been detected by the Java Runtime Environment:
#
#  EXCEPTION_ACCESS_VIOLATION (0xc0000005) at pc=0x00000046f8efe2d0, pid=26832, tid=25412
#
# JRE version: OpenJDK Runtime Environment Temurin-11.0.14.1+1 (11.0.14.1+1) (build 11.0.14.1+1)
# Java VM: OpenJDK 64-Bit Server VM Temurin-11.0.14.1+1 (11.0.14.1+1, mixed mode, tiered, compressed oops, g1 gc, windows-amd64)
# Problematic frame:
# C  0x00000046f8efe2d0
#
# No core dump will be written. Minidumps are not enabled by default on client versions of Windows
#
# If you would like to submit a bug report, please visit:
#   https://github.com/adoptium/adoptium-support/issues
#

---------------  S U M M A R Y ------------

Command Line: -Dfile.encoding=UTF-8 -Dcom.android.sdklib.toolsdir=C:\Program Files\Unity\Hub\Editor\2022.3.10f1\Editor\Data\PlaybackEngines\AndroidPlayer\SDK\cmdline-tools\6.0\bin\\.. com.android.sdklib.tool.sdkmanager.SdkManagerCli --list

Host: Intel(R) Core(TM) i9-14900HX, 32 cores, 15G,  Windows 11 , 64 bit Build 26100 (10.0.26100.5074)
Time: Wed Sep 17 12:27:42 2025 SA Pacific Standard Time elapsed time: 0.860004 seconds (0d 0h 0m 0s)

---------------  T H R E A D  ---------------

Current thread (0x00000175d0533800):  JavaThread "C1 CompilerThread4" daemon [_thread_in_native, id=25412, stack(0x00000046f8e00000,0x00000046f8f00000)]


Current CompileTask:
C1:    860 1604       3       sun.security.util.DerOutputStream::putLength (147 bytes)

Stack: [0x00000046f8e00000,0x00000046f8f00000],  sp=0x00000046f8efe1d8,  free space=1016k
Native frames: (J=compiled Java code, j=interpreted, Vv=VM code, C=native code)
C  0x00000046f8efe2d0


siginfo: EXCEPTION_ACCESS_VIOLATION (0xc0000005), data execution prevention violation at address 0x00000046f8efe2d0


Register to memory mapping:

RIP=0x00000046f8efe2d0 is pointing into the stack for thread: 0x00000175d0533800
RAX=0x0 is NULL
RBX=0x00000175d06c6ca0 points into unknown readable memory: 0x00007fffad0caac0 | c0 aa 0c ad ff 7f 00 00
RCX=0x00007fffac996179 jvm.dll
RDX=0x00007fffac850000 jvm.dll
RSP=0x00000046f8efe1d8 is pointing into the stack for thread: 0x00000175d0533800
RBP=0x00000046f8efe300 is pointing into the stack for thread: 0x00000175d0533800
RSI=0x0 is NULL
RDI=0x000000000000000d is an unknown value
R8 =0x0000000000000058 is an unknown value
R9 =0x00000046f8efe2d0 is pointing into the stack for thread: 0x00000175d0533800
R10=0x0 is NULL
R11=0x0 is NULL
R12=0x00000175d0cf2b10 points into unknown readable memory: 0x00000046f8efedd0 | d0 ed ef f8 46 00 00 00
R13=0x00000175d0713ba0 points into unknown readable memory: 0x00007fffad0d6c90 | 90 6c 0d ad ff 7f 00 00
R14=0x0000000000000027 is an unknown value
R15=0x0000000000000005 is an unknown value


Registers:
RAX=0x0000000000000000, RBX=0x00000175d06c6ca0, RCX=0x00007fffac996179, RDX=0x00007fffac850000
RSP=0x00000046f8efe1d8, RBP=0x00000046f8efe300, RSI=0x0000000000000000, RDI=0x000000000000000d
R8 =0x0000000000000058, R9 =0x00000046f8efe2d0, R10=0x0000000000000000, R11=0x0000000000000000
R12=0x00000175d0cf2b10, R13=0x00000175d0713ba0, R14=0x0000000000000027, R15=0x0000000000000005
RIP=0x00000046f8efe2d0, EFLAGS=0x0000000000010202

Top of Stack: (sp=0x00000046f8efe1d8)
0x00000046f8efe1d8:   00000175d06c6ca0 00000046f8efe300
0x00000046f8efe1e8:   0000000000000000 000000000000000d
0x00000046f8efe1f8:   00007fffac9bf934 00000175d06c6ca0
0x00000046f8efe208:   00000046f8efe300 0000000000000000
0x00000046f8efe218:   000000000000000d 0000000200000005
0x00000046f8efe228:   00000175d0d03ab0 0000000000000480
0x00000046f8efe238:   0000000000000480 0000000000000000
0x00000046f8efe248:   0000000000000000 0000000000000000
0x00000046f8efe258:   000000000000000d 00000175d0cf2b10
0x00000046f8efe268:   000000000000001e 00000175d0d03a20
0x00000046f8efe278:   0000000000000480 0000000000000001
0x00000046f8efe288:   00000175d0713ba0 0000000000000027
0x00000046f8efe298:   00000175d06c6490 0000000000000065
0x00000046f8efe2a8:   00000175d0d03900 0000000000000480
0x00000046f8efe2b8:   00000175d0d03990 0000000000000480
0x00000046f8efe2c8:   0000000000000000 00000175d06c6ca0 

Instructions: (pc=0x00000046f8efe2d0)
0x00000046f8efe1d0:   d0 e2 ef f8 46 00 00 00 a0 6c 6c d0 75 01 00 00
0x00000046f8efe1e0:   00 e3 ef f8 46 00 00 00 00 00 00 00 00 00 00 00
0x00000046f8efe1f0:   0d 00 00 00 00 00 00 00 34 f9 9b ac ff 7f 00 00
0x00000046f8efe200:   a0 6c 6c d0 75 01 00 00 00 e3 ef f8 46 00 00 00
0x00000046f8efe210:   00 00 00 00 00 00 00 00 0d 00 00 00 00 00 00 00
0x00000046f8efe220:   05 00 00 00 02 00 00 00 b0 3a d0 d0 75 01 00 00
0x00000046f8efe230:   80 04 00 00 00 00 00 00 80 04 00 00 00 00 00 00
0x00000046f8efe240:   00 00 00 00 00 00 00 00 00 00 00 00 00 00 00 00
0x00000046f8efe250:   00 00 00 00 00 00 00 00 0d 00 00 00 00 00 00 00
0x00000046f8efe260:   10 2b cf d0 75 01 00 00 1e 00 00 00 00 00 00 00
0x00000046f8efe270:   20 3a d0 d0 75 01 00 00 80 04 00 00 00 00 00 00
0x00000046f8efe280:   01 00 00 00 00 00 00 00 a0 3b 71 d0 75 01 00 00
0x00000046f8efe290:   27 00 00 00 00 00 00 00 90 64 6c d0 75 01 00 00
0x00000046f8efe2a0:   65 00 00 00 00 00 00 00 00 39 d0 d0 75 01 00 00
0x00000046f8efe2b0:   80 04 00 00 00 00 00 00 90 39 d0 d0 75 01 00 00
0x00000046f8efe2c0:   80 04 00 00 00 00 00 00 00 00 00 00 00 00 00 00
0x00000046f8efe2d0:   a0 6c 6c d0 75 01 00 00 00 00 00 00 00 00 00 00
0x00000046f8efe2e0:   00 00 00 00 02 00 00 00 f8 6b 6c d0 75 01 00 00
0x00000046f8efe2f0:   c8 68 6c d0 75 01 00 00 d0 60 6c d0 75 01 00 00
0x00000046f8efe300:   40 ea ef f8 46 00 00 00 80 a0 66 cf 75 01 00 00
0x00000046f8efe310:   00 00 00 00 00 00 00 00 00 00 00 00 00 00 00 00
0x00000046f8efe320:   89 e3 ef f8 46 00 00 00 ee ba 9c ac ff 7f 00 00
0x00000046f8efe330:   00 00 00 00 00 00 00 00 e0 3e d5 d0 75 01 00 00
0x00000046f8efe340:   00 00 00 00 00 00 00 00 80 e3 ef f8 46 00 00 00
0x00000046f8efe350:   80 26 71 d0 75 01 00 00 00 00 00 00 02 00 00 00
0x00000046f8efe360:   01 00 00 00 02 00 00 00 00 00 00 00 00 00 00 00
0x00000046f8efe370:   14 00 00 00 75 01 00 00 00 68 c5 d0 75 01 00 00
0x00000046f8efe380:   01 00 00 00 02 00 00 00 d0 67 6c d0 75 01 00 00
0x00000046f8efe390:   c0 67 6c d0 75 01 00 00 c8 67 6c d0 75 01 00 00
0x00000046f8efe3a0:   d8 67 6c d0 75 01 00 00 00 00 00 00 00 00 00 00
0x00000046f8efe3b0:   14 00 00 00 46 00 00 00 e0 67 c5 d0 75 01 00 00
0x00000046f8efe3c0:   40 ea ef f8 46 00 00 00 b0 a8 66 cf 75 01 00 00 


Stack slot to memory mapping:
stack at sp + 0 slots: 0x00000175d06c6ca0 points into unknown readable memory: 0x00007fffad0caac0 | c0 aa 0c ad ff 7f 00 00
stack at sp + 1 slots: 0x00000046f8efe300 is pointing into the stack for thread: 0x00000175d0533800
stack at sp + 2 slots: 0x0 is NULL
stack at sp + 3 slots: 0x000000000000000d is an unknown value
stack at sp + 4 slots: 0x00007fffac9bf934 jvm.dll
stack at sp + 5 slots: 0x00000175d06c6ca0 points into unknown readable memory: 0x00007fffad0caac0 | c0 aa 0c ad ff 7f 00 00
stack at sp + 6 slots: 0x00000046f8efe300 is pointing into the stack for thread: 0x00000175d0533800
stack at sp + 7 slots: 0x0 is NULL


---------------  P R O C E S S  ---------------

Threads class SMR info:
_java_thread_list=0x00000175d02dece0, length=16, elements={
0x00000175a8fce000, 0x00000175cf5b6000, 0x00000175cf5b9800, 0x00000175cf618800,
0x00000175cf619800, 0x00000175cf61d800, 0x00000175cf623000, 0x00000175cf625000,
0x00000175cf636000, 0x00000175cf77b800, 0x00000175cf7c6000, 0x00000175d0416000,
0x00000175d0532000, 0x00000175d0533800, 0x00000175d07d9800, 0x00000175d060c000
}

Java Threads: ( => current thread )
  0x00000175a8fce000 JavaThread "main" [_thread_in_vm, id=30408, stack(0x00000046f7900000,0x00000046f7a00000)]
  0x00000175cf5b6000 JavaThread "Reference Handler" daemon [_thread_blocked, id=15960, stack(0x00000046f8100000,0x00000046f8200000)]
  0x00000175cf5b9800 JavaThread "Finalizer" daemon [_thread_blocked, id=3844, stack(0x00000046f8200000,0x00000046f8300000)]
  0x00000175cf618800 JavaThread "Signal Dispatcher" daemon [_thread_blocked, id=9156, stack(0x00000046f8300000,0x00000046f8400000)]
  0x00000175cf619800 JavaThread "Attach Listener" daemon [_thread_blocked, id=28068, stack(0x00000046f8400000,0x00000046f8500000)]
  0x00000175cf61d800 JavaThread "Service Thread" daemon [_thread_blocked, id=8432, stack(0x00000046f8500000,0x00000046f8600000)]
  0x00000175cf623000 JavaThread "C2 CompilerThread0" daemon [_thread_blocked, id=26288, stack(0x00000046f8600000,0x00000046f8700000)]
  0x00000175cf625000 JavaThread "C1 CompilerThread0" daemon [_thread_blocked, id=28164, stack(0x00000046f8700000,0x00000046f8800000)]
  0x00000175cf636000 JavaThread "Sweeper thread" daemon [_thread_blocked, id=29760, stack(0x00000046f8800000,0x00000046f8900000)]
  0x00000175cf77b800 JavaThread "C1 CompilerThread1" daemon [_thread_blocked, id=30496, stack(0x00000046f8900000,0x00000046f8a00000)]
  0x00000175cf7c6000 JavaThread "Common-Cleaner" daemon [_thread_blocked, id=30116, stack(0x00000046f8b00000,0x00000046f8c00000)]
  0x00000175d0416000 JavaThread "C1 CompilerThread2" daemon [_thread_blocked, id=28680, stack(0x00000046f8c00000,0x00000046f8d00000)]
  0x00000175d0532000 JavaThread "C1 CompilerThread3" daemon [_thread_blocked, id=23428, stack(0x00000046f8d00000,0x00000046f8e00000)]
=>0x00000175d0533800 JavaThread "C1 CompilerThread4" daemon [_thread_in_native, id=25412, stack(0x00000046f8e00000,0x00000046f8f00000)]
  0x00000175d07d9800 JavaThread "C2 CompilerThread1" daemon [_thread_in_native, id=23636, stack(0x00000046f8f00000,0x00000046f9000000)]
  0x00000175d060c000 JavaThread "C2 CompilerThread2" daemon [_thread_blocked, id=19988, stack(0x00000046f9000000,0x00000046f9100000)]

Other Threads:
  0x00000175cf592000 VMThread "VM Thread" [stack: 0x00000046f8000000,0x00000046f8100000] [id=28552]
  0x00000175cf7bc800 WatcherThread [stack: 0x00000046f8a00000,0x00000046f8b00000] [id=29744]
  0x00000175a8fea000 GCTaskThread "GC Thread#0" [stack: 0x00000046f7b00000,0x00000046f7c00000] [id=25156]
  0x00000175d10b5800 GCTaskThread "GC Thread#1" [stack: 0x00000046f9100000,0x00000046f9200000] [id=19656]
  0x00000175d10b7000 GCTaskThread "GC Thread#2" [stack: 0x00000046f9200000,0x00000046f9300000] [id=7560]
  0x00000175d10b8000 GCTaskThread "GC Thread#3" [stack: 0x00000046f9300000,0x00000046f9400000] [id=11624]
  0x00000175d10b8800 GCTaskThread "GC Thread#4" [stack: 0x00000046f9400000,0x00000046f9500000] [id=5380]
  0x00000175d1040000 GCTaskThread "GC Thread#5" [stack: 0x00000046f9500000,0x00000046f9600000] [id=3076]
  0x00000175a904a800 ConcurrentGCThread "G1 Main Marker" [stack: 0x00000046f7c00000,0x00000046f7d00000] [id=7752]
  0x00000175a9051000 ConcurrentGCThread "G1 Conc#0" [stack: 0x00000046f7d00000,0x00000046f7e00000] [id=26936]
  0x00000175a9048800 ConcurrentGCThread "G1 Refine#0" [stack: 0x00000046f7e00000,0x00000046f7f00000] [id=5960]
  0x00000175cdaf0800 ConcurrentGCThread "G1 Young RemSet Sampling" [stack: 0x00000046f7f00000,0x00000046f8000000] [id=7328]

Threads with active compile tasks:
C1 CompilerThread4    874 1604       3       sun.security.util.DerOutputStream::putLength (147 bytes)
C2 CompilerThread1    874 1699       4       sun.security.util.DerInputStream::getLength (243 bytes)

VM state:not at safepoint (normal execution)

VM Mutex/Monitor currently owned by a thread: None

Heap address: 0x0000000704800000, size: 4024 MB, Compressed Oops mode: Zero based, Oop shift amount: 3
Narrow klass base: 0x0000000800000000, Narrow klass shift: 0
Compressed class space size: 1073741824 Address: 0x0000000800000000

Heap:
 garbage-first heap   total 258048K, used 8198K [0x0000000704800000, 0x0000000800000000)
  region size 1024K, 8 young (8192K), 3 survivors (3072K)
 Metaspace       used 16813K, capacity 17161K, committed 17408K, reserved 1064960K
  class space    used 1564K, capacity 1694K, committed 1792K, reserved 1048576K
Heap Regions: E=young(eden), S=young(survivor), O=old, HS=humongous(starts), HC=humongous(continues), CS=collection set, F=free, A=archive, TAMS=top-at-mark-start (previous, next)
|   0|0x0000000704800000, 0x0000000704800000, 0x0000000704900000|  0%| F|  |TAMS 0x0000000704800000, 0x0000000704800000| Untracked 
|   1|0x0000000704900000, 0x0000000704a00000, 0x0000000704a00000|100%| O|  |TAMS 0x0000000704900000, 0x0000000704900000| Untracked 
|   2|0x0000000704a00000, 0x0000000704a01a00, 0x0000000704b00000|  0%| O|  |TAMS 0x0000000704a00000, 0x0000000704a00000| Untracked 
|   3|0x0000000704b00000, 0x0000000704b00000, 0x0000000704c00000|  0%| F|  |TAMS 0x0000000704b00000, 0x0000000704b00000| Untracked 
|   4|0x0000000704c00000, 0x0000000704c00000, 0x0000000704d00000|  0%| F|  |TAMS 0x0000000704c00000, 0x0000000704c00000| Untracked 
|   5|0x0000000704d00000, 0x0000000704d00000, 0x0000000704e00000|  0%| F|  |TAMS 0x0000000704d00000, 0x0000000704d00000| Untracked 
|   6|0x0000000704e00000, 0x0000000704e00000, 0x0000000704f00000|  0%| F|  |TAMS 0x0000000704e00000, 0x0000000704e00000| Untracked 
|   7|0x0000000704f00000, 0x0000000704f00000, 0x0000000705000000|  0%| F|  |TAMS 0x0000000704f00000, 0x0000000704f00000| Untracked 
|   8|0x0000000705000000, 0x0000000705000000, 0x0000000705100000|  0%| F|  |TAMS 0x0000000705000000, 0x0000000705000000| Untracked 
|   9|0x0000000705100000, 0x0000000705100000, 0x0000000705200000|  0%| F|  |TAMS 0x0000000705100000, 0x0000000705100000| Untracked 
|  10|0x0000000705200000, 0x0000000705200000, 0x0000000705300000|  0%| F|  |TAMS 0x0000000705200000, 0x0000000705200000| Untracked 
|  11|0x0000000705300000, 0x0000000705300000, 0x0000000705400000|  0%| F|  |TAMS 0x0000000705300000, 0x0000000705300000| Untracked 
|  12|0x0000000705400000, 0x0000000705400000, 0x0000000705500000|  0%| F|  |TAMS 0x0000000705400000, 0x0000000705400000| Untracked 
|  13|0x0000000705500000, 0x0000000705500000, 0x0000000705600000|  0%| F|  |TAMS 0x0000000705500000, 0x0000000705500000| Untracked 
|  14|0x0000000705600000, 0x0000000705600000, 0x0000000705700000|  0%| F|  |TAMS 0x0000000705600000, 0x0000000705600000| Untracked 
|  15|0x0000000705700000, 0x0000000705700000, 0x0000000705800000|  0%| F|  |TAMS 0x0000000705700000, 0x0000000705700000| Untracked 
|  16|0x0000000705800000, 0x0000000705800000, 0x0000000705900000|  0%| F|  |TAMS 0x0000000705800000, 0x0000000705800000| Untracked 
|  17|0x0000000705900000, 0x0000000705900000, 0x0000000705a00000|  0%| F|  |TAMS 0x0000000705900000, 0x0000000705900000| Untracked 
|  18|0x0000000705a00000, 0x0000000705a00000, 0x0000000705b00000|  0%| F|  |TAMS 0x0000000705a00000, 0x0000000705a00000| Untracked 
|  19|0x0000000705b00000, 0x0000000705b00000, 0x0000000705c00000|  0%| F|  |TAMS 0x0000000705b00000, 0x0000000705b00000| Untracked 
|  20|0x0000000705c00000, 0x0000000705c00000, 0x0000000705d00000|  0%| F|  |TAMS 0x0000000705c00000, 0x0000000705c00000| Untracked 
|  21|0x0000000705d00000, 0x0000000705d00000, 0x0000000705e00000|  0%| F|  |TAMS 0x0000000705d00000, 0x0000000705d00000| Untracked 
|  22|0x0000000705e00000, 0x0000000705e00000, 0x0000000705f00000|  0%| F|  |TAMS 0x0000000705e00000, 0x0000000705e00000| Untracked 
|  23|0x0000000705f00000, 0x0000000705f00000, 0x0000000706000000|  0%| F|  |TAMS 0x0000000705f00000, 0x0000000705f00000| Untracked 
|  24|0x0000000706000000, 0x0000000706000000, 0x0000000706100000|  0%| F|  |TAMS 0x0000000706000000, 0x0000000706000000| Untracked 
|  25|0x0000000706100000, 0x0000000706100000, 0x0000000706200000|  0%| F|  |TAMS 0x0000000706100000, 0x0000000706100000| Untracked 
|  26|0x0000000706200000, 0x0000000706200000, 0x0000000706300000|  0%| F|  |TAMS 0x0000000706200000, 0x0000000706200000| Untracked 
|  27|0x0000000706300000, 0x0000000706300000, 0x0000000706400000|  0%| F|  |TAMS 0x0000000706300000, 0x0000000706300000| Untracked 
|  28|0x0000000706400000, 0x0000000706400000, 0x0000000706500000|  0%| F|  |TAMS 0x0000000706400000, 0x0000000706400000| Untracked 
|  29|0x0000000706500000, 0x0000000706500000, 0x0000000706600000|  0%| F|  |TAMS 0x0000000706500000, 0x0000000706500000| Untracked 
|  30|0x0000000706600000, 0x0000000706600000, 0x0000000706700000|  0%| F|  |TAMS 0x0000000706600000, 0x0000000706600000| Untracked 
|  31|0x0000000706700000, 0x0000000706700000, 0x0000000706800000|  0%| F|  |TAMS 0x0000000706700000, 0x0000000706700000| Untracked 
|  32|0x0000000706800000, 0x0000000706800000, 0x0000000706900000|  0%| F|  |TAMS 0x0000000706800000, 0x0000000706800000| Untracked 
|  33|0x0000000706900000, 0x0000000706900000, 0x0000000706a00000|  0%| F|  |TAMS 0x0000000706900000, 0x0000000706900000| Untracked 
|  34|0x0000000706a00000, 0x0000000706a00000, 0x0000000706b00000|  0%| F|  |TAMS 0x0000000706a00000, 0x0000000706a00000| Untracked 
|  35|0x0000000706b00000, 0x0000000706b00000, 0x0000000706c00000|  0%| F|  |TAMS 0x0000000706b00000, 0x0000000706b00000| Untracked 
|  36|0x0000000706c00000, 0x0000000706c00000, 0x0000000706d00000|  0%| F|  |TAMS 0x0000000706c00000, 0x0000000706c00000| Untracked 
|  37|0x0000000706d00000, 0x0000000706d00000, 0x0000000706e00000|  0%| F|  |TAMS 0x0000000706d00000, 0x0000000706d00000| Untracked 
|  38|0x0000000706e00000, 0x0000000706e00000, 0x0000000706f00000|  0%| F|  |TAMS 0x0000000706e00000, 0x0000000706e00000| Untracked 
|  39|0x0000000706f00000, 0x0000000706f00000, 0x0000000707000000|  0%| F|  |TAMS 0x0000000706f00000, 0x0000000706f00000| Untracked 
|  40|0x0000000707000000, 0x0000000707000000, 0x0000000707100000|  0%| F|  |TAMS 0x0000000707000000, 0x0000000707000000| Untracked 
|  41|0x0000000707100000, 0x0000000707100000, 0x0000000707200000|  0%| F|  |TAMS 0x0000000707100000, 0x0000000707100000| Untracked 
|  42|0x0000000707200000, 0x0000000707200000, 0x0000000707300000|  0%| F|  |TAMS 0x0000000707200000, 0x0000000707200000| Untracked 
|  43|0x0000000707300000, 0x0000000707300000, 0x0000000707400000|  0%| F|  |TAMS 0x0000000707300000, 0x0000000707300000| Untracked 
|  44|0x0000000707400000, 0x0000000707400000, 0x0000000707500000|  0%| F|  |TAMS 0x0000000707400000, 0x0000000707400000| Untracked 
|  45|0x0000000707500000, 0x0000000707500000, 0x0000000707600000|  0%| F|  |TAMS 0x0000000707500000, 0x0000000707500000| Untracked 
|  46|0x0000000707600000, 0x0000000707600000, 0x0000000707700000|  0%| F|  |TAMS 0x0000000707600000, 0x0000000707600000| Untracked 
|  47|0x0000000707700000, 0x0000000707700000, 0x0000000707800000|  0%| F|  |TAMS 0x0000000707700000, 0x0000000707700000| Untracked 
|  48|0x0000000707800000, 0x0000000707800000, 0x0000000707900000|  0%| F|  |TAMS 0x0000000707800000, 0x0000000707800000| Untracked 
|  49|0x0000000707900000, 0x0000000707900000, 0x0000000707a00000|  0%| F|  |TAMS 0x0000000707900000, 0x0000000707900000| Untracked 
|  50|0x0000000707a00000, 0x0000000707a00000, 0x0000000707b00000|  0%| F|  |TAMS 0x0000000707a00000, 0x0000000707a00000| Untracked 
|  51|0x0000000707b00000, 0x0000000707b00000, 0x0000000707c00000|  0%| F|  |TAMS 0x0000000707b00000, 0x0000000707b00000| Untracked 
|  52|0x0000000707c00000, 0x0000000707c00000, 0x0000000707d00000|  0%| F|  |TAMS 0x0000000707c00000, 0x0000000707c00000| Untracked 
|  53|0x0000000707d00000, 0x0000000707d00000, 0x0000000707e00000|  0%| F|  |TAMS 0x0000000707d00000, 0x0000000707d00000| Untracked 
|  54|0x0000000707e00000, 0x0000000707e00000, 0x0000000707f00000|  0%| F|  |TAMS 0x0000000707e00000, 0x0000000707e00000| Untracked 
|  55|0x0000000707f00000, 0x0000000707f00000, 0x0000000708000000|  0%| F|  |TAMS 0x0000000707f00000, 0x0000000707f00000| Untracked 
|  56|0x0000000708000000, 0x0000000708000000, 0x0000000708100000|  0%| F|  |TAMS 0x0000000708000000, 0x0000000708000000| Untracked 
|  57|0x0000000708100000, 0x0000000708100000, 0x0000000708200000|  0%| F|  |TAMS 0x0000000708100000, 0x0000000708100000| Untracked 
|  58|0x0000000708200000, 0x0000000708200000, 0x0000000708300000|  0%| F|  |TAMS 0x0000000708200000, 0x0000000708200000| Untracked 
|  59|0x0000000708300000, 0x0000000708300000, 0x0000000708400000|  0%| F|  |TAMS 0x0000000708300000, 0x0000000708300000| Untracked 
|  60|0x0000000708400000, 0x0000000708400000, 0x0000000708500000|  0%| F|  |TAMS 0x0000000708400000, 0x0000000708400000| Untracked 
|  61|0x0000000708500000, 0x0000000708500000, 0x0000000708600000|  0%| F|  |TAMS 0x0000000708500000, 0x0000000708500000| Untracked 
|  62|0x0000000708600000, 0x0000000708600000, 0x0000000708700000|  0%| F|  |TAMS 0x0000000708600000, 0x0000000708600000| Untracked 
|  63|0x0000000708700000, 0x0000000708700000, 0x0000000708800000|  0%| F|  |TAMS 0x0000000708700000, 0x0000000708700000| Untracked 
|  64|0x0000000708800000, 0x0000000708800000, 0x0000000708900000|  0%| F|  |TAMS 0x0000000708800000, 0x0000000708800000| Untracked 
|  65|0x0000000708900000, 0x0000000708900000, 0x0000000708a00000|  0%| F|  |TAMS 0x0000000708900000, 0x0000000708900000| Untracked 
|  66|0x0000000708a00000, 0x0000000708a00000, 0x0000000708b00000|  0%| F|  |TAMS 0x0000000708a00000, 0x0000000708a00000| Untracked 
|  67|0x0000000708b00000, 0x0000000708b00000, 0x0000000708c00000|  0%| F|  |TAMS 0x0000000708b00000, 0x0000000708b00000| Untracked 
|  68|0x0000000708c00000, 0x0000000708c00000, 0x0000000708d00000|  0%| F|  |TAMS 0x0000000708c00000, 0x0000000708c00000| Untracked 
|  69|0x0000000708d00000, 0x0000000708d00000, 0x0000000708e00000|  0%| F|  |TAMS 0x0000000708d00000, 0x0000000708d00000| Untracked 
|  70|0x0000000708e00000, 0x0000000708e00000, 0x0000000708f00000|  0%| F|  |TAMS 0x0000000708e00000, 0x0000000708e00000| Untracked 
|  71|0x0000000708f00000, 0x0000000708f00000, 0x0000000709000000|  0%| F|  |TAMS 0x0000000708f00000, 0x0000000708f00000| Untracked 
|  72|0x0000000709000000, 0x0000000709000000, 0x0000000709100000|  0%| F|  |TAMS 0x0000000709000000, 0x0000000709000000| Untracked 
|  73|0x0000000709100000, 0x0000000709100000, 0x0000000709200000|  0%| F|  |TAMS 0x0000000709100000, 0x0000000709100000| Untracked 
|  74|0x0000000709200000, 0x0000000709200000, 0x0000000709300000|  0%| F|  |TAMS 0x0000000709200000, 0x0000000709200000| Untracked 
|  75|0x0000000709300000, 0x0000000709300000, 0x0000000709400000|  0%| F|  |TAMS 0x0000000709300000, 0x0000000709300000| Untracked 
|  76|0x0000000709400000, 0x0000000709400000, 0x0000000709500000|  0%| F|  |TAMS 0x0000000709400000, 0x0000000709400000| Untracked 
|  77|0x0000000709500000, 0x0000000709500000, 0x0000000709600000|  0%| F|  |TAMS 0x0000000709500000, 0x0000000709500000| Untracked 
|  78|0x0000000709600000, 0x0000000709600000, 0x0000000709700000|  0%| F|  |TAMS 0x0000000709600000, 0x0000000709600000| Untracked 
|  79|0x0000000709700000, 0x0000000709700000, 0x0000000709800000|  0%| F|  |TAMS 0x0000000709700000, 0x0000000709700000| Untracked 
|  80|0x0000000709800000, 0x0000000709800000, 0x0000000709900000|  0%| F|  |TAMS 0x0000000709800000, 0x0000000709800000| Untracked 
|  81|0x0000000709900000, 0x0000000709900000, 0x0000000709a00000|  0%| F|  |TAMS 0x0000000709900000, 0x0000000709900000| Untracked 
|  82|0x0000000709a00000, 0x0000000709a00000, 0x0000000709b00000|  0%| F|  |TAMS 0x0000000709a00000, 0x0000000709a00000| Untracked 
|  83|0x0000000709b00000, 0x0000000709b00000, 0x0000000709c00000|  0%| F|  |TAMS 0x0000000709b00000, 0x0000000709b00000| Untracked 
|  84|0x0000000709c00000, 0x0000000709c00000, 0x0000000709d00000|  0%| F|  |TAMS 0x0000000709c00000, 0x0000000709c00000| Untracked 
|  85|0x0000000709d00000, 0x0000000709d00000, 0x0000000709e00000|  0%| F|  |TAMS 0x0000000709d00000, 0x0000000709d00000| Untracked 
|  86|0x0000000709e00000, 0x0000000709e00000, 0x0000000709f00000|  0%| F|  |TAMS 0x0000000709e00000, 0x0000000709e00000| Untracked 
|  87|0x0000000709f00000, 0x0000000709f00000, 0x000000070a000000|  0%| F|  |TAMS 0x0000000709f00000, 0x0000000709f00000| Untracked 
|  88|0x000000070a000000, 0x000000070a000000, 0x000000070a100000|  0%| F|  |TAMS 0x000000070a000000, 0x000000070a000000| Untracked 
|  89|0x000000070a100000, 0x000000070a100000, 0x000000070a200000|  0%| F|  |TAMS 0x000000070a100000, 0x000000070a100000| Untracked 
|  90|0x000000070a200000, 0x000000070a200000, 0x000000070a300000|  0%| F|  |TAMS 0x000000070a200000, 0x000000070a200000| Untracked 
|  91|0x000000070a300000, 0x000000070a300000, 0x000000070a400000|  0%| F|  |TAMS 0x000000070a300000, 0x000000070a300000| Untracked 
|  92|0x000000070a400000, 0x000000070a400000, 0x000000070a500000|  0%| F|  |TAMS 0x000000070a400000, 0x000000070a400000| Untracked 
|  93|0x000000070a500000, 0x000000070a500000, 0x000000070a600000|  0%| F|  |TAMS 0x000000070a500000, 0x000000070a500000| Untracked 
|  94|0x000000070a600000, 0x000000070a600000, 0x000000070a700000|  0%| F|  |TAMS 0x000000070a600000, 0x000000070a600000| Untracked 
|  95|0x000000070a700000, 0x000000070a700000, 0x000000070a800000|  0%| F|  |TAMS 0x000000070a700000, 0x000000070a700000| Untracked 
|  96|0x000000070a800000, 0x000000070a800000, 0x000000070a900000|  0%| F|  |TAMS 0x000000070a800000, 0x000000070a800000| Untracked 
|  97|0x000000070a900000, 0x000000070a900000, 0x000000070aa00000|  0%| F|  |TAMS 0x000000070a900000, 0x000000070a900000| Untracked 
|  98|0x000000070aa00000, 0x000000070aa00000, 0x000000070ab00000|  0%| F|  |TAMS 0x000000070aa00000, 0x000000070aa00000| Untracked 
|  99|0x000000070ab00000, 0x000000070ab00000, 0x000000070ac00000|  0%| F|  |TAMS 0x000000070ab00000, 0x000000070ab00000| Untracked 
| 100|0x000000070ac00000, 0x000000070ac00000, 0x000000070ad00000|  0%| F|  |TAMS 0x000000070ac00000, 0x000000070ac00000| Untracked 
| 101|0x000000070ad00000, 0x000000070ad00000, 0x000000070ae00000|  0%| F|  |TAMS 0x000000070ad00000, 0x000000070ad00000| Untracked 
| 102|0x000000070ae00000, 0x000000070ae00000, 0x000000070af00000|  0%| F|  |TAMS 0x000000070ae00000, 0x000000070ae00000| Untracked 
| 103|0x000000070af00000, 0x000000070af00000, 0x000000070b000000|  0%| F|  |TAMS 0x000000070af00000, 0x000000070af00000| Untracked 
| 104|0x000000070b000000, 0x000000070b000000, 0x000000070b100000|  0%| F|  |TAMS 0x000000070b000000, 0x000000070b000000| Untracked 
| 105|0x000000070b100000, 0x000000070b100000, 0x000000070b200000|  0%| F|  |TAMS 0x000000070b100000, 0x000000070b100000| Untracked 
| 106|0x000000070b200000, 0x000000070b200000, 0x000000070b300000|  0%| F|  |TAMS 0x000000070b200000, 0x000000070b200000| Untracked 
| 107|0x000000070b300000, 0x000000070b300000, 0x000000070b400000|  0%| F|  |TAMS 0x000000070b300000, 0x000000070b300000| Untracked 
| 108|0x000000070b400000, 0x000000070b400000, 0x000000070b500000|  0%| F|  |TAMS 0x000000070b400000, 0x000000070b400000| Untracked 
| 109|0x000000070b500000, 0x000000070b500000, 0x000000070b600000|  0%| F|  |TAMS 0x000000070b500000, 0x000000070b500000| Untracked 
| 110|0x000000070b600000, 0x000000070b600000, 0x000000070b700000|  0%| F|  |TAMS 0x000000070b600000, 0x000000070b600000| Untracked 
| 111|0x000000070b700000, 0x000000070b700000, 0x000000070b800000|  0%| F|  |TAMS 0x000000070b700000, 0x000000070b700000| Untracked 
| 112|0x000000070b800000, 0x000000070b800000, 0x000000070b900000|  0%| F|  |TAMS 0x000000070b800000, 0x000000070b800000| Untracked 
| 113|0x000000070b900000, 0x000000070b900000, 0x000000070ba00000|  0%| F|  |TAMS 0x000000070b900000, 0x000000070b900000| Untracked 
| 114|0x000000070ba00000, 0x000000070ba00000, 0x000000070bb00000|  0%| F|  |TAMS 0x000000070ba00000, 0x000000070ba00000| Untracked 
| 115|0x000000070bb00000, 0x000000070bb00000, 0x000000070bc00000|  0%| F|  |TAMS 0x000000070bb00000, 0x000000070bb00000| Untracked 
| 116|0x000000070bc00000, 0x000000070bc00000, 0x000000070bd00000|  0%| F|  |TAMS 0x000000070bc00000, 0x000000070bc00000| Untracked 
| 117|0x000000070bd00000, 0x000000070bd00000, 0x000000070be00000|  0%| F|  |TAMS 0x000000070bd00000, 0x000000070bd00000| Untracked 
| 118|0x000000070be00000, 0x000000070be00000, 0x000000070bf00000|  0%| F|  |TAMS 0x000000070be00000, 0x000000070be00000| Untracked 
| 119|0x000000070bf00000, 0x000000070bf00000, 0x000000070c000000|  0%| F|  |TAMS 0x000000070bf00000, 0x000000070bf00000| Untracked 
| 120|0x000000070c000000, 0x000000070c000000, 0x000000070c100000|  0%| F|  |TAMS 0x000000070c000000, 0x000000070c000000| Untracked 
| 121|0x000000070c100000, 0x000000070c100000, 0x000000070c200000|  0%| F|  |TAMS 0x000000070c100000, 0x000000070c100000| Untracked 
| 122|0x000000070c200000, 0x000000070c200000, 0x000000070c300000|  0%| F|  |TAMS 0x000000070c200000, 0x000000070c200000| Untracked 
| 123|0x000000070c300000, 0x000000070c300000, 0x000000070c400000|  0%| F|  |TAMS 0x000000070c300000, 0x000000070c300000| Untracked 
| 124|0x000000070c400000, 0x000000070c400000, 0x000000070c500000|  0%| F|  |TAMS 0x000000070c400000, 0x000000070c400000| Untracked 
| 125|0x000000070c500000, 0x000000070c500000, 0x000000070c600000|  0%| F|  |TAMS 0x000000070c500000, 0x000000070c500000| Untracked 
| 126|0x000000070c600000, 0x000000070c600000, 0x000000070c700000|  0%| F|  |TAMS 0x000000070c600000, 0x000000070c600000| Untracked 
| 127|0x000000070c700000, 0x000000070c700000, 0x000000070c800000|  0%| F|  |TAMS 0x000000070c700000, 0x000000070c700000| Untracked 
| 128|0x000000070c800000, 0x000000070c800000, 0x000000070c900000|  0%| F|  |TAMS 0x000000070c800000, 0x000000070c800000| Untracked 
| 129|0x000000070c900000, 0x000000070c900000, 0x000000070ca00000|  0%| F|  |TAMS 0x000000070c900000, 0x000000070c900000| Untracked 
| 130|0x000000070ca00000, 0x000000070ca00000, 0x000000070cb00000|  0%| F|  |TAMS 0x000000070ca00000, 0x000000070ca00000| Untracked 
| 131|0x000000070cb00000, 0x000000070cb00000, 0x000000070cc00000|  0%| F|  |TAMS 0x000000070cb00000, 0x000000070cb00000| Untracked 
| 132|0x000000070cc00000, 0x000000070cc00000, 0x000000070cd00000|  0%| F|  |TAMS 0x000000070cc00000, 0x000000070cc00000| Untracked 
| 133|0x000000070cd00000, 0x000000070cd00000, 0x000000070ce00000|  0%| F|  |TAMS 0x000000070cd00000, 0x000000070cd00000| Untracked 
| 134|0x000000070ce00000, 0x000000070ce00000, 0x000000070cf00000|  0%| F|  |TAMS 0x000000070ce00000, 0x000000070ce00000| Untracked 
| 135|0x000000070cf00000, 0x000000070cf00000, 0x000000070d000000|  0%| F|  |TAMS 0x000000070cf00000, 0x000000070cf00000| Untracked 
| 136|0x000000070d000000, 0x000000070d000000, 0x000000070d100000|  0%| F|  |TAMS 0x000000070d000000, 0x000000070d000000| Untracked 
| 137|0x000000070d100000, 0x000000070d100000, 0x000000070d200000|  0%| F|  |TAMS 0x000000070d100000, 0x000000070d100000| Untracked 
| 138|0x000000070d200000, 0x000000070d200000, 0x000000070d300000|  0%| F|  |TAMS 0x000000070d200000, 0x000000070d200000| Untracked 
| 139|0x000000070d300000, 0x000000070d300000, 0x000000070d400000|  0%| F|  |TAMS 0x000000070d300000, 0x000000070d300000| Untracked 
| 140|0x000000070d400000, 0x000000070d400000, 0x000000070d500000|  0%| F|  |TAMS 0x000000070d400000, 0x000000070d400000| Untracked 
| 141|0x000000070d500000, 0x000000070d500000, 0x000000070d600000|  0%| F|  |TAMS 0x000000070d500000, 0x000000070d500000| Untracked 
| 142|0x000000070d600000, 0x000000070d600000, 0x000000070d700000|  0%| F|  |TAMS 0x000000070d600000, 0x000000070d600000| Untracked 
| 143|0x000000070d700000, 0x000000070d700000, 0x000000070d800000|  0%| F|  |TAMS 0x000000070d700000, 0x000000070d700000| Untracked 
| 144|0x000000070d800000, 0x000000070d800000, 0x000000070d900000|  0%| F|  |TAMS 0x000000070d800000, 0x000000070d800000| Untracked 
| 145|0x000000070d900000, 0x000000070d900000, 0x000000070da00000|  0%| F|  |TAMS 0x000000070d900000, 0x000000070d900000| Untracked 
| 146|0x000000070da00000, 0x000000070da00000, 0x000000070db00000|  0%| F|  |TAMS 0x000000070da00000, 0x000000070da00000| Untracked 
| 147|0x000000070db00000, 0x000000070db00000, 0x000000070dc00000|  0%| F|  |TAMS 0x000000070db00000, 0x000000070db00000| Untracked 
| 148|0x000000070dc00000, 0x000000070dc00000, 0x000000070dd00000|  0%| F|  |TAMS 0x000000070dc00000, 0x000000070dc00000| Untracked 
| 149|0x000000070dd00000, 0x000000070dd00000, 0x000000070de00000|  0%| F|  |TAMS 0x000000070dd00000, 0x000000070dd00000| Untracked 
| 150|0x000000070de00000, 0x000000070de00000, 0x000000070df00000|  0%| F|  |TAMS 0x000000070de00000, 0x000000070de00000| Untracked 
| 151|0x000000070df00000, 0x000000070df00000, 0x000000070e000000|  0%| F|  |TAMS 0x000000070df00000, 0x000000070df00000| Untracked 
| 152|0x000000070e000000, 0x000000070e000000, 0x000000070e100000|  0%| F|  |TAMS 0x000000070e000000, 0x000000070e000000| Untracked 
| 153|0x000000070e100000, 0x000000070e100000, 0x000000070e200000|  0%| F|  |TAMS 0x000000070e100000, 0x000000070e100000| Untracked 
| 154|0x000000070e200000, 0x000000070e200000, 0x000000070e300000|  0%| F|  |TAMS 0x000000070e200000, 0x000000070e200000| Untracked 
| 155|0x000000070e300000, 0x000000070e300000, 0x000000070e400000|  0%| F|  |TAMS 0x000000070e300000, 0x000000070e300000| Untracked 
| 156|0x000000070e400000, 0x000000070e400000, 0x000000070e500000|  0%| F|  |TAMS 0x000000070e400000, 0x000000070e400000| Untracked 
| 157|0x000000070e500000, 0x000000070e500000, 0x000000070e600000|  0%| F|  |TAMS 0x000000070e500000, 0x000000070e500000| Untracked 
| 158|0x000000070e600000, 0x000000070e600000, 0x000000070e700000|  0%| F|  |TAMS 0x000000070e600000, 0x000000070e600000| Untracked 
| 159|0x000000070e700000, 0x000000070e700000, 0x000000070e800000|  0%| F|  |TAMS 0x000000070e700000, 0x000000070e700000| Untracked 
| 160|0x000000070e800000, 0x000000070e800000, 0x000000070e900000|  0%| F|  |TAMS 0x000000070e800000, 0x000000070e800000| Untracked 
| 161|0x000000070e900000, 0x000000070e900000, 0x000000070ea00000|  0%| F|  |TAMS 0x000000070e900000, 0x000000070e900000| Untracked 
| 162|0x000000070ea00000, 0x000000070ea00000, 0x000000070eb00000|  0%| F|  |TAMS 0x000000070ea00000, 0x000000070ea00000| Untracked 
| 163|0x000000070eb00000, 0x000000070eb00000, 0x000000070ec00000|  0%| F|  |TAMS 0x000000070eb00000, 0x000000070eb00000| Untracked 
| 164|0x000000070ec00000, 0x000000070ec00000, 0x000000070ed00000|  0%| F|  |TAMS 0x000000070ec00000, 0x000000070ec00000| Untracked 
| 165|0x000000070ed00000, 0x000000070ed00000, 0x000000070ee00000|  0%| F|  |TAMS 0x000000070ed00000, 0x000000070ed00000| Untracked 
| 166|0x000000070ee00000, 0x000000070ee00000, 0x000000070ef00000|  0%| F|  |TAMS 0x000000070ee00000, 0x000000070ee00000| Untracked 
| 167|0x000000070ef00000, 0x000000070ef00000, 0x000000070f000000|  0%| F|  |TAMS 0x000000070ef00000, 0x000000070ef00000| Untracked 
| 168|0x000000070f000000, 0x000000070f000000, 0x000000070f100000|  0%| F|  |TAMS 0x000000070f000000, 0x000000070f000000| Untracked 
| 169|0x000000070f100000, 0x000000070f100000, 0x000000070f200000|  0%| F|  |TAMS 0x000000070f100000, 0x000000070f100000| Untracked 
| 170|0x000000070f200000, 0x000000070f200000, 0x000000070f300000|  0%| F|  |TAMS 0x000000070f200000, 0x000000070f200000| Untracked 
| 171|0x000000070f300000, 0x000000070f300000, 0x000000070f400000|  0%| F|  |TAMS 0x000000070f300000, 0x000000070f300000| Untracked 
| 172|0x000000070f400000, 0x000000070f400000, 0x000000070f500000|  0%| F|  |TAMS 0x000000070f400000, 0x000000070f400000| Untracked 
| 173|0x000000070f500000, 0x000000070f500000, 0x000000070f600000|  0%| F|  |TAMS 0x000000070f500000, 0x000000070f500000| Untracked 
| 174|0x000000070f600000, 0x000000070f600000, 0x000000070f700000|  0%| F|  |TAMS 0x000000070f600000, 0x000000070f600000| Untracked 
| 175|0x000000070f700000, 0x000000070f700000, 0x000000070f800000|  0%| F|  |TAMS 0x000000070f700000, 0x000000070f700000| Untracked 
| 176|0x000000070f800000, 0x000000070f800000, 0x000000070f900000|  0%| F|  |TAMS 0x000000070f800000, 0x000000070f800000| Untracked 
| 177|0x000000070f900000, 0x000000070f900000, 0x000000070fa00000|  0%| F|  |TAMS 0x000000070f900000, 0x000000070f900000| Untracked 
| 178|0x000000070fa00000, 0x000000070fa00000, 0x000000070fb00000|  0%| F|  |TAMS 0x000000070fa00000, 0x000000070fa00000| Untracked 
| 179|0x000000070fb00000, 0x000000070fb00000, 0x000000070fc00000|  0%| F|  |TAMS 0x000000070fb00000, 0x000000070fb00000| Untracked 
| 180|0x000000070fc00000, 0x000000070fc00000, 0x000000070fd00000|  0%| F|  |TAMS 0x000000070fc00000, 0x000000070fc00000| Untracked 
| 181|0x000000070fd00000, 0x000000070fd00000, 0x000000070fe00000|  0%| F|  |TAMS 0x000000070fd00000, 0x000000070fd00000| Untracked 
| 182|0x000000070fe00000, 0x000000070fe00000, 0x000000070ff00000|  0%| F|  |TAMS 0x000000070fe00000, 0x000000070fe00000| Untracked 
| 183|0x000000070ff00000, 0x000000070ff00000, 0x0000000710000000|  0%| F|  |TAMS 0x000000070ff00000, 0x000000070ff00000| Untracked 
| 184|0x0000000710000000, 0x0000000710000000, 0x0000000710100000|  0%| F|  |TAMS 0x0000000710000000, 0x0000000710000000| Untracked 
| 185|0x0000000710100000, 0x0000000710100000, 0x0000000710200000|  0%| F|  |TAMS 0x0000000710100000, 0x0000000710100000| Untracked 
| 186|0x0000000710200000, 0x0000000710200000, 0x0000000710300000|  0%| F|  |TAMS 0x0000000710200000, 0x0000000710200000| Untracked 
| 187|0x0000000710300000, 0x0000000710300000, 0x0000000710400000|  0%| F|  |TAMS 0x0000000710300000, 0x0000000710300000| Untracked 
| 188|0x0000000710400000, 0x0000000710400000, 0x0000000710500000|  0%| F|  |TAMS 0x0000000710400000, 0x0000000710400000| Untracked 
| 189|0x0000000710500000, 0x0000000710500000, 0x0000000710600000|  0%| F|  |TAMS 0x0000000710500000, 0x0000000710500000| Untracked 
| 190|0x0000000710600000, 0x0000000710600000, 0x0000000710700000|  0%| F|  |TAMS 0x0000000710600000, 0x0000000710600000| Untracked 
| 191|0x0000000710700000, 0x0000000710700000, 0x0000000710800000|  0%| F|  |TAMS 0x0000000710700000, 0x0000000710700000| Untracked 
| 192|0x0000000710800000, 0x0000000710800000, 0x0000000710900000|  0%| F|  |TAMS 0x0000000710800000, 0x0000000710800000| Untracked 
| 193|0x0000000710900000, 0x0000000710900000, 0x0000000710a00000|  0%| F|  |TAMS 0x0000000710900000, 0x0000000710900000| Untracked 
| 194|0x0000000710a00000, 0x0000000710a00000, 0x0000000710b00000|  0%| F|  |TAMS 0x0000000710a00000, 0x0000000710a00000| Untracked 
| 195|0x0000000710b00000, 0x0000000710b00000, 0x0000000710c00000|  0%| F|  |TAMS 0x0000000710b00000, 0x0000000710b00000| Untracked 
| 196|0x0000000710c00000, 0x0000000710c00000, 0x0000000710d00000|  0%| F|  |TAMS 0x0000000710c00000, 0x0000000710c00000| Untracked 
| 197|0x0000000710d00000, 0x0000000710d00000, 0x0000000710e00000|  0%| F|  |TAMS 0x0000000710d00000, 0x0000000710d00000| Untracked 
| 198|0x0000000710e00000, 0x0000000710e00000, 0x0000000710f00000|  0%| F|  |TAMS 0x0000000710e00000, 0x0000000710e00000| Untracked 
| 199|0x0000000710f00000, 0x0000000710f00000, 0x0000000711000000|  0%| F|  |TAMS 0x0000000710f00000, 0x0000000710f00000| Untracked 
| 200|0x0000000711000000, 0x0000000711000000, 0x0000000711100000|  0%| F|  |TAMS 0x0000000711000000, 0x0000000711000000| Untracked 
| 201|0x0000000711100000, 0x0000000711100000, 0x0000000711200000|  0%| F|  |TAMS 0x0000000711100000, 0x0000000711100000| Untracked 
| 202|0x0000000711200000, 0x0000000711200000, 0x0000000711300000|  0%| F|  |TAMS 0x0000000711200000, 0x0000000711200000| Untracked 
| 203|0x0000000711300000, 0x0000000711300000, 0x0000000711400000|  0%| F|  |TAMS 0x0000000711300000, 0x0000000711300000| Untracked 
| 204|0x0000000711400000, 0x0000000711400000, 0x0000000711500000|  0%| F|  |TAMS 0x0000000711400000, 0x0000000711400000| Untracked 
| 205|0x0000000711500000, 0x0000000711500000, 0x0000000711600000|  0%| F|  |TAMS 0x0000000711500000, 0x0000000711500000| Untracked 
| 206|0x0000000711600000, 0x0000000711600000, 0x0000000711700000|  0%| F|  |TAMS 0x0000000711600000, 0x0000000711600000| Untracked 
| 207|0x0000000711700000, 0x0000000711700000, 0x0000000711800000|  0%| F|  |TAMS 0x0000000711700000, 0x0000000711700000| Untracked 
| 208|0x0000000711800000, 0x0000000711800000, 0x0000000711900000|  0%| F|  |TAMS 0x0000000711800000, 0x0000000711800000| Untracked 
| 209|0x0000000711900000, 0x0000000711900000, 0x0000000711a00000|  0%| F|  |TAMS 0x0000000711900000, 0x0000000711900000| Untracked 
| 210|0x0000000711a00000, 0x0000000711a00000, 0x0000000711b00000|  0%| F|  |TAMS 0x0000000711a00000, 0x0000000711a00000| Untracked 
| 211|0x0000000711b00000, 0x0000000711b00000, 0x0000000711c00000|  0%| F|  |TAMS 0x0000000711b00000, 0x0000000711b00000| Untracked 
| 212|0x0000000711c00000, 0x0000000711c00000, 0x0000000711d00000|  0%| F|  |TAMS 0x0000000711c00000, 0x0000000711c00000| Untracked 
| 213|0x0000000711d00000, 0x0000000711d00000, 0x0000000711e00000|  0%| F|  |TAMS 0x0000000711d00000, 0x0000000711d00000| Untracked 
| 214|0x0000000711e00000, 0x0000000711e00000, 0x0000000711f00000|  0%| F|  |TAMS 0x0000000711e00000, 0x0000000711e00000| Untracked 
| 215|0x0000000711f00000, 0x0000000711f00000, 0x0000000712000000|  0%| F|  |TAMS 0x0000000711f00000, 0x0000000711f00000| Untracked 
| 216|0x0000000712000000, 0x0000000712000000, 0x0000000712100000|  0%| F|  |TAMS 0x0000000712000000, 0x0000000712000000| Untracked 
| 217|0x0000000712100000, 0x0000000712100000, 0x0000000712200000|  0%| F|  |TAMS 0x0000000712100000, 0x0000000712100000| Untracked 
| 218|0x0000000712200000, 0x0000000712200000, 0x0000000712300000|  0%| F|  |TAMS 0x0000000712200000, 0x0000000712200000| Untracked 
| 219|0x0000000712300000, 0x0000000712300000, 0x0000000712400000|  0%| F|  |TAMS 0x0000000712300000, 0x0000000712300000| Untracked 
| 220|0x0000000712400000, 0x0000000712400000, 0x0000000712500000|  0%| F|  |TAMS 0x0000000712400000, 0x0000000712400000| Untracked 
| 221|0x0000000712500000, 0x0000000712500000, 0x0000000712600000|  0%| F|  |TAMS 0x0000000712500000, 0x0000000712500000| Untracked 
| 222|0x0000000712600000, 0x0000000712600000, 0x0000000712700000|  0%| F|  |TAMS 0x0000000712600000, 0x0000000712600000| Untracked 
| 223|0x0000000712700000, 0x0000000712700000, 0x0000000712800000|  0%| F|  |TAMS 0x0000000712700000, 0x0000000712700000| Untracked 
| 224|0x0000000712800000, 0x0000000712800000, 0x0000000712900000|  0%| F|  |TAMS 0x0000000712800000, 0x0000000712800000| Untracked 
| 225|0x0000000712900000, 0x0000000712a00000, 0x0000000712a00000|100%| S|CS|TAMS 0x0000000712900000, 0x0000000712900000| Complete 
| 226|0x0000000712a00000, 0x0000000712b00000, 0x0000000712b00000|100%| S|CS|TAMS 0x0000000712a00000, 0x0000000712a00000| Complete 
| 227|0x0000000712b00000, 0x0000000712c00000, 0x0000000712c00000|100%| S|CS|TAMS 0x0000000712b00000, 0x0000000712b00000| Complete 
| 228|0x0000000712c00000, 0x0000000712c00000, 0x0000000712d00000|  0%| F|  |TAMS 0x0000000712c00000, 0x0000000712c00000| Untracked 
| 229|0x0000000712d00000, 0x0000000712d00000, 0x0000000712e00000|  0%| F|  |TAMS 0x0000000712d00000, 0x0000000712d00000| Untracked 
| 230|0x0000000712e00000, 0x0000000712e00000, 0x0000000712f00000|  0%| F|  |TAMS 0x0000000712e00000, 0x0000000712e00000| Untracked 
| 231|0x0000000712f00000, 0x0000000712f00000, 0x0000000713000000|  0%| F|  |TAMS 0x0000000712f00000, 0x0000000712f00000| Untracked 
| 232|0x0000000713000000, 0x0000000713000000, 0x0000000713100000|  0%| F|  |TAMS 0x0000000713000000, 0x0000000713000000| Untracked 
| 233|0x0000000713100000, 0x0000000713100000, 0x0000000713200000|  0%| F|  |TAMS 0x0000000713100000, 0x0000000713100000| Untracked 
| 234|0x0000000713200000, 0x0000000713200000, 0x0000000713300000|  0%| F|  |TAMS 0x0000000713200000, 0x0000000713200000| Untracked 
| 235|0x0000000713300000, 0x0000000713300000, 0x0000000713400000|  0%| F|  |TAMS 0x0000000713300000, 0x0000000713300000| Untracked 
| 236|0x0000000713400000, 0x0000000713400000, 0x0000000713500000|  0%| F|  |TAMS 0x0000000713400000, 0x0000000713400000| Untracked 
| 237|0x0000000713500000, 0x0000000713500000, 0x0000000713600000|  0%| F|  |TAMS 0x0000000713500000, 0x0000000713500000| Untracked 
| 238|0x0000000713600000, 0x0000000713600000, 0x0000000713700000|  0%| F|  |TAMS 0x0000000713600000, 0x0000000713600000| Untracked 
| 239|0x0000000713700000, 0x0000000713700000, 0x0000000713800000|  0%| F|  |TAMS 0x0000000713700000, 0x0000000713700000| Untracked 
| 240|0x0000000713800000, 0x0000000713800000, 0x0000000713900000|  0%| F|  |TAMS 0x0000000713800000, 0x0000000713800000| Untracked 
| 241|0x0000000713900000, 0x0000000713900000, 0x0000000713a00000|  0%| F|  |TAMS 0x0000000713900000, 0x0000000713900000| Untracked 
| 242|0x0000000713a00000, 0x0000000713a00000, 0x0000000713b00000|  0%| F|  |TAMS 0x0000000713a00000, 0x0000000713a00000| Untracked 
| 243|0x0000000713b00000, 0x0000000713b00000, 0x0000000713c00000|  0%| F|  |TAMS 0x0000000713b00000, 0x0000000713b00000| Untracked 
| 244|0x0000000713c00000, 0x0000000713c00000, 0x0000000713d00000|  0%| F|  |TAMS 0x0000000713c00000, 0x0000000713c00000| Untracked 
| 245|0x0000000713d00000, 0x0000000713d00000, 0x0000000713e00000|  0%| F|  |TAMS 0x0000000713d00000, 0x0000000713d00000| Untracked 
| 246|0x0000000713e00000, 0x0000000713f00000, 0x0000000713f00000|100%| E|  |TAMS 0x0000000713e00000, 0x0000000713e00000| Complete 
| 247|0x0000000713f00000, 0x0000000714000000, 0x0000000714000000|100%| E|CS|TAMS 0x0000000713f00000, 0x0000000713f00000| Complete 
| 248|0x0000000714000000, 0x0000000714100000, 0x0000000714100000|100%| E|CS|TAMS 0x0000000714000000, 0x0000000714000000| Complete 
| 249|0x0000000714100000, 0x0000000714200000, 0x0000000714200000|100%| E|CS|TAMS 0x0000000714100000, 0x0000000714100000| Complete 
| 250|0x0000000714200000, 0x0000000714300000, 0x0000000714300000|100%| E|CS|TAMS 0x0000000714200000, 0x0000000714200000| Complete 
| 251|0x0000000714300000, 0x0000000714400000, 0x0000000714400000|100%| E|CS|TAMS 0x0000000714300000, 0x0000000714300000| Complete 

Card table byte_map: [0x00000175c2210000,0x00000175c29f0000] _byte_map_base: 0x00000175be9ec000

Marking Bits (Prev, Next): (CMBitMap*) 0x00000175a9037008, (CMBitMap*) 0x00000175a9037040
 Prev Bits: [0x00000175c31d0000, 0x00000175c70b0000)
 Next Bits: [0x00000175c70b0000, 0x00000175caf90000)

Polling page: 0x00000175a7070000

Metaspace:

Usage:
  Non-class:     15.11 MB capacity,    14.89 MB ( 99%) used,   193.25 KB (  1%) free+waste,    26.31 KB ( <1%) overhead. 
      Class:      1.66 MB capacity,     1.53 MB ( 92%) used,   118.41 KB (  7%) free+waste,    11.50 KB ( <1%) overhead. 
       Both:     16.76 MB capacity,    16.42 MB ( 98%) used,   311.66 KB (  2%) free+waste,    37.81 KB ( <1%) overhead. 

Virtual space:
  Non-class space:       16.00 MB reserved,      15.25 MB ( 95%) committed 
      Class space:        1.00 GB reserved,       1.75 MB ( <1%) committed 
             Both:        1.02 GB reserved,      17.00 MB (  2%) committed 

Chunk freelists:
   Non-Class:  16.00 KB
       Class:  1.00 KB
        Both:  17.00 KB

MaxMetaspaceSize: 17179869184.00 GB
CompressedClassSpaceSize: 1.00 GB
Initial GC threshold: 20.80 MB
Current GC threshold: 20.80 MB
CDS: off

CodeHeap 'non-profiled nmethods': size=118912Kb used=457Kb max_used=457Kb free=118454Kb
 bounds [0x00000175b92b0000, 0x00000175b9520000, 0x00000175c06d0000]
CodeHeap 'profiled nmethods': size=118848Kb used=3706Kb max_used=3706Kb free=115141Kb
 bounds [0x00000175b1ea0000, 0x00000175b2240000, 0x00000175b92b0000]
CodeHeap 'non-nmethods': size=8000Kb used=3431Kb max_used=3445Kb free=4569Kb
 bounds [0x00000175b16d0000, 0x00000175b1a40000, 0x00000175b1ea0000]
 total_blobs=2144 nmethods=1700 adapters=353
 compilation: enabled
              stopped_count=0, restarted_count=0
 full_count=0

Compilation events (20 events):
Event: 0.853 Thread 0x00000175d0416000 nmethod 1624 0x00000175b2214710 code [0x00000175b22149a0, 0x00000175b2215478]
Event: 0.853 Thread 0x00000175d0416000 1627  s    3       java.io.BufferedInputStream::read (49 bytes)
Event: 0.854 Thread 0x00000175d0532000 nmethod 1625 0x00000175b2215810 code [0x00000175b22159c0, 0x00000175b2215b88]
Event: 0.854 Thread 0x00000175d0532000 1631       3       java.lang.reflect.Constructor::newInstance (76 bytes)
Event: 0.854 Thread 0x00000175d0416000 nmethod 1627 0x00000175b2215c90 code [0x00000175b2215e80, 0x00000175b22163d8]
Event: 0.854 Thread 0x00000175d0416000 1628       1       sun.util.calendar.CalendarDate::getYear (5 bytes)
Event: 0.854 Thread 0x00000175d0416000 nmethod 1628 0x00000175b931d310 code [0x00000175b931d4c0, 0x00000175b931d578]
Event: 0.854 Thread 0x00000175d0416000 1629       1       sun.util.calendar.CalendarDate::isNormalized (5 bytes)
Event: 0.854 Thread 0x00000175d0416000 nmethod 1629 0x00000175b931d610 code [0x00000175b931d7c0, 0x00000175b931d878]
Event: 0.854 Thread 0x00000175d0416000 1630       1       sun.util.calendar.CalendarDate::setNormalized (6 bytes)
Event: 0.854 Thread 0x00000175d0416000 nmethod 1630 0x00000175b931d910 code [0x00000175b931dac0, 0x00000175b931db78]
Event: 0.854 Thread 0x00000175cf623000 1626       4       java.util.Arrays::copyOf (19 bytes)
Event: 0.854 Thread 0x00000175d0532000 nmethod 1631 0x00000175b2216590 code [0x00000175b22167a0, 0x00000175b2216bf8]
Event: 0.854 Thread 0x00000175d0416000 1632       3       sun.security.util.DerInputStream::readVector (232 bytes)
Event: 0.854 Thread 0x00000175cf77b800 1633       3       sun.security.util.DerOutputStream::<init> (5 bytes)
Event: 0.854 Thread 0x00000175d0532000 1634       3       jdk.internal.reflect.DelegatingConstructorAccessorImpl::newInstance (9 bytes)
Event: 0.854 Thread 0x00000175cf77b800 nmethod 1633 0x00000175b2216d90 code [0x00000175b2216f60, 0x00000175b22170e8]
Event: 0.854 Thread 0x00000175d0532000 nmethod 1634 0x00000175b2217190 code [0x00000175b2217340, 0x00000175b2217508]
Event: 0.855 Thread 0x00000175cf623000 nmethod 1626 0x00000175b931dc10 code [0x00000175b931dda0, 0x00000175b931dfb8]
Event: 0.855 Thread 0x00000175d0416000 nmethod 1632 0x00000175b2217610 code [0x00000175b2217a00, 0x00000175b221a2a8]

GC Heap History (2 events):
Event: 0.769 GC heap before
{Heap before GC invocations=0 (full 0):
 garbage-first heap   total 258048K, used 24576K [0x0000000704800000, 0x0000000800000000)
  region size 1024K, 24 young (24576K), 0 survivors (0K)
 Metaspace       used 15678K, capacity 16011K, committed 16256K, reserved 1064960K
  class space    used 1474K, capacity 1592K, committed 1664K, reserved 1048576K
}
Event: 0.772 GC heap after
{Heap after GC invocations=1 (full 0):
 garbage-first heap   total 258048K, used 4102K [0x0000000704800000, 0x0000000800000000)
  region size 1024K, 3 young (3072K), 3 survivors (3072K)
 Metaspace       used 15678K, capacity 16011K, committed 16256K, reserved 1064960K
  class space    used 1474K, capacity 1592K, committed 1664K, reserved 1048576K
}

Deoptimization events (20 events):
Event: 0.663 Thread 0x00000175a8fce000 Uncommon trap: trap_request=0xffffffc6 fr.pc=0x00000175b93024b0 relative=0x0000000000000490
Event: 0.663 Thread 0x00000175a8fce000 Uncommon trap: reason=bimorphic_or_optimized_type_check action=maybe_recompile pc=0x00000175b93024b0 method=java.util.regex.Pattern$Start.match(Ljava/util/regex/Matcher;ILjava/lang/CharSequence;)Z @ 44 c2
Event: 0.663 Thread 0x00000175a8fce000 DEOPT PACKING pc=0x00000175b93024b0 sp=0x00000046f79feca0
Event: 0.663 Thread 0x00000175a8fce000 DEOPT UNPACKING pc=0x00000175b171a1af sp=0x00000046f79febe0 mode 2
Event: 0.663 Thread 0x00000175a8fce000 Uncommon trap: trap_request=0xffffffc6 fr.pc=0x00000175b93024b0 relative=0x0000000000000490
Event: 0.663 Thread 0x00000175a8fce000 Uncommon trap: reason=bimorphic_or_optimized_type_check action=maybe_recompile pc=0x00000175b93024b0 method=java.util.regex.Pattern$Start.match(Ljava/util/regex/Matcher;ILjava/lang/CharSequence;)Z @ 44 c2
Event: 0.663 Thread 0x00000175a8fce000 DEOPT PACKING pc=0x00000175b93024b0 sp=0x00000046f79feca0
Event: 0.663 Thread 0x00000175a8fce000 DEOPT UNPACKING pc=0x00000175b171a1af sp=0x00000046f79febe0 mode 2
Event: 0.663 Thread 0x00000175a8fce000 Uncommon trap: trap_request=0xffffff4d fr.pc=0x00000175b9302648 relative=0x0000000000000628
Event: 0.663 Thread 0x00000175a8fce000 Uncommon trap: reason=unstable_if action=reinterpret pc=0x00000175b9302648 method=java.util.regex.Pattern$BmpCharProperty.match(Ljava/util/regex/Matcher;ILjava/lang/CharSequence;)Z @ 39 c2
Event: 0.663 Thread 0x00000175a8fce000 DEOPT PACKING pc=0x00000175b9302648 sp=0x00000046f79feca0
Event: 0.663 Thread 0x00000175a8fce000 DEOPT UNPACKING pc=0x00000175b171a1af sp=0x00000046f79feb80 mode 2
Event: 0.663 Thread 0x00000175a8fce000 Uncommon trap: trap_request=0xffffff4d fr.pc=0x00000175b92fe068 relative=0x00000000000001a8
Event: 0.663 Thread 0x00000175a8fce000 Uncommon trap: reason=unstable_if action=reinterpret pc=0x00000175b92fe068 method=java.util.regex.Pattern$BmpCharProperty.match(Ljava/util/regex/Matcher;ILjava/lang/CharSequence;)Z @ 39 c2
Event: 0.663 Thread 0x00000175a8fce000 DEOPT PACKING pc=0x00000175b92fe068 sp=0x00000046f79feba0
Event: 0.663 Thread 0x00000175a8fce000 DEOPT UNPACKING pc=0x00000175b171a1af sp=0x00000046f79feb70 mode 2
Event: 0.663 Thread 0x00000175a8fce000 DEOPT PACKING pc=0x00000175b215aa88 sp=0x00000046f79feba0
Event: 0.663 Thread 0x00000175a8fce000 DEOPT UNPACKING pc=0x00000175b171a95e sp=0x00000046f79fe050 mode 3
Event: 0.663 Thread 0x00000175a8fce000 DEOPT PACKING pc=0x00000175b21083d4 sp=0x00000046f79fec30
Event: 0.663 Thread 0x00000175a8fce000 DEOPT UNPACKING pc=0x00000175b171a95e sp=0x00000046f79fe158 mode 0

Classes redefined (0 events):
No events

Internal exceptions (20 events):
Event: 0.648 Thread 0x00000175a8fce000 Exception <a 'sun/nio/fs/WindowsException'{0x0000000712ffb918}> (0x0000000712ffb918) thrown at [./src/hotspot/share/prims/jni.cpp, line 616]
Event: 0.648 Thread 0x00000175a8fce000 Exception <a 'sun/nio/fs/WindowsException'{0x0000000712ffbd38}> (0x0000000712ffbd38) thrown at [./src/hotspot/share/prims/jni.cpp, line 616]
Event: 0.649 Thread 0x00000175a8fce000 Exception <a 'sun/nio/fs/WindowsException'{0x0000000712e38bc0}> (0x0000000712e38bc0) thrown at [./src/hotspot/share/prims/jni.cpp, line 616]
Event: 0.649 Thread 0x00000175a8fce000 Exception <a 'sun/nio/fs/WindowsException'{0x0000000712e424d0}> (0x0000000712e424d0) thrown at [./src/hotspot/share/prims/jni.cpp, line 616]
Event: 0.649 Thread 0x00000175a8fce000 Exception <a 'sun/nio/fs/WindowsException'{0x0000000712e428f0}> (0x0000000712e428f0) thrown at [./src/hotspot/share/prims/jni.cpp, line 616]
Event: 0.651 Thread 0x00000175a8fce000 Exception <a 'sun/nio/fs/WindowsException'{0x0000000712e7db50}> (0x0000000712e7db50) thrown at [./src/hotspot/share/prims/jni.cpp, line 616]
Event: 0.651 Thread 0x00000175a8fce000 Exception <a 'sun/nio/fs/WindowsException'{0x0000000712e87410}> (0x0000000712e87410) thrown at [./src/hotspot/share/prims/jni.cpp, line 616]
Event: 0.651 Thread 0x00000175a8fce000 Exception <a 'sun/nio/fs/WindowsException'{0x0000000712e877d0}> (0x0000000712e877d0) thrown at [./src/hotspot/share/prims/jni.cpp, line 616]
Event: 0.652 Thread 0x00000175a8fce000 Exception <a 'sun/nio/fs/WindowsException'{0x0000000712e8c630}> (0x0000000712e8c630) thrown at [./src/hotspot/share/prims/jni.cpp, line 616]
Event: 0.652 Thread 0x00000175a8fce000 Exception <a 'sun/nio/fs/WindowsException'{0x0000000712e93f88}> (0x0000000712e93f88) thrown at [./src/hotspot/share/prims/jni.cpp, line 616]
Event: 0.652 Thread 0x00000175a8fce000 Exception <a 'sun/nio/fs/WindowsException'{0x0000000712e94338}> (0x0000000712e94338) thrown at [./src/hotspot/share/prims/jni.cpp, line 616]
Event: 0.652 Thread 0x00000175a8fce000 Exception <a 'sun/nio/fs/WindowsException'{0x0000000712e94aa0}> (0x0000000712e94aa0) thrown at [./src/hotspot/share/prims/jni.cpp, line 616]
Event: 0.652 Thread 0x00000175a8fce000 Exception <a 'sun/nio/fs/WindowsException'{0x0000000712e95010}> (0x0000000712e95010) thrown at [./src/hotspot/share/prims/jni.cpp, line 616]
Event: 0.663 Thread 0x00000175a8fce000 Exception <a 'java/lang/NoSuchMethodError'{0x0000000712d13710}: 'int java.lang.invoke.DirectMethodHandle$Holder.invokeSpecialIFC(java.lang.Object, java.lang.Object, int)'> (0x0000000712d13710) thrown at [./src/hotspot/share/interpreter/linkResolver.cpp, line 773]
Event: 0.725 Thread 0x00000175a8fce000 Exception <a 'java/lang/NoSuchMethodError'{0x0000000712c2b338}: 'java.lang.Object java.lang.invoke.DirectMethodHandle$Holder.invokeStaticInit(java.lang.Object, int, int, int, int)'> (0x0000000712c2b338) thrown at [./src/hotspot/share/interpreter/linkResolver.cpp, line 773]
Event: 0.728 Thread 0x00000175a8fce000 Exception <a 'sun/nio/fs/WindowsException'{0x0000000712c31930}> (0x0000000712c31930) thrown at [./src/hotspot/share/prims/jni.cpp, line 616]
Event: 0.740 Thread 0x00000175a8fce000 Exception <a 'java/lang/NoSuchMethodError'{0x0000000712c505a8}: 'int java.lang.invoke.DirectMethodHandle$Holder.invokeStaticInit(java.lang.Object, java.lang.Object, java.lang.Object, java.lang.Object)'> (0x0000000712c505a8) thrown at [./src/hotspot/share/interpreter/linkResolver.cpp, line 773]
Event: 0.741 Thread 0x00000175a8fce000 Exception <a 'java/lang/IncompatibleClassChangeError'{0x0000000712c59818}: Found class java.lang.Object, but interface was expected> (0x0000000712c59818) thrown at [./src/hotspot/share/interpreter/linkResolver.cpp, line 839]
Event: 0.741 Thread 0x00000175a8fce000 Exception <a 'java/lang/NoSuchMethodError'{0x0000000712c5c5c8}: 'void java.lang.invoke.DirectMethodHandle$Holder.invokeStaticInit(java.lang.Object, java.lang.Object)'> (0x0000000712c5c5c8) thrown at [./src/hotspot/share/interpreter/linkResolver.cpp, line 773]
Event: 0.741 Thread 0x00000175a8fce000 Exception <a 'java/lang/NoSuchMethodError'{0x0000000712c619f8}: 'int java.lang.invoke.DirectMethodHandle$Holder.invokeStaticInit(java.lang.Object, java.lang.Object)'> (0x0000000712c619f8) thrown at [./src/hotspot/share/interpreter/linkResolver.cpp, line 773]

Events (20 events):
Event: 0.840 loading class sun/security/x509/AuthorityKeyIdentifierExtension
Event: 0.841 loading class sun/security/x509/AuthorityKeyIdentifierExtension done
Event: 0.841 loading class sun/security/x509/GeneralNames
Event: 0.842 loading class sun/security/x509/GeneralNames done
Event: 0.842 loading class sun/security/x509/GeneralName
Event: 0.843 loading class sun/security/x509/GeneralName done
Event: 0.845 loading class sun/security/x509/CRLDistributionPointsExtension
Event: 0.845 loading class sun/security/x509/CRLDistributionPointsExtension done
Event: 0.846 loading class sun/security/x509/DistributionPoint
Event: 0.847 loading class sun/security/x509/DistributionPoint done
Event: 0.847 loading class sun/security/x509/URIName
Event: 0.848 loading class sun/security/x509/URIName done
Event: 0.848 loading class sun/security/x509/DNSName
Event: 0.849 loading class sun/security/x509/DNSName done
Event: 0.854 loading class sun/security/x509/CertificatePoliciesExtension
Event: 0.855 loading class sun/security/x509/CertificatePoliciesExtension done
Event: 0.855 loading class sun/security/x509/PolicyInformation
Event: 0.856 loading class sun/security/x509/PolicyInformation done
Event: 0.856 loading class sun/security/x509/CertificatePolicyId
Event: 0.856 loading class sun/security/x509/CertificatePolicyId done


Dynamic libraries:
0x00007ff6214b0000 - 0x00007ff6214bd000 	C:\Program Files\Unity\Hub\Editor\2022.3.10f1\Editor\Data\PlaybackEngines\AndroidPlayer\OpenJDK\bin\java.exe
0x00007ff856d00000 - 0x00007ff856f69000 	C:\WINDOWS\SYSTEM32\ntdll.dll
0x00007ff855e70000 - 0x00007ff855f39000 	C:\WINDOWS\System32\KERNEL32.DLL
0x00007ff854050000 - 0x00007ff854443000 	C:\WINDOWS\System32\KERNELBASE.dll
0x00007ff854810000 - 0x00007ff85495b000 	C:\WINDOWS\System32\ucrtbase.dll
0x00007ff83f400000 - 0x00007ff83f417000 	C:\Program Files\Unity\Hub\Editor\2022.3.10f1\Editor\Data\PlaybackEngines\AndroidPlayer\OpenJDK\bin\jli.dll
0x00007ff855af0000 - 0x00007ff855cb4000 	C:\WINDOWS\System32\USER32.dll
0x00007ff854450000 - 0x00007ff854477000 	C:\WINDOWS\System32\win32u.dll
0x00007ff856710000 - 0x00007ff85673b000 	C:\WINDOWS\System32\GDI32.dll
0x00007ff853e90000 - 0x00007ff853fbd000 	C:\WINDOWS\System32\gdi32full.dll
0x00007ff854540000 - 0x00007ff8545e3000 	C:\WINDOWS\System32\msvcp_win.dll
0x00007ff83b710000 - 0x00007ff83b725000 	C:\Program Files\Unity\Hub\Editor\2022.3.10f1\Editor\Data\PlaybackEngines\AndroidPlayer\OpenJDK\bin\VCRUNTIME140.dll
0x00007ff853340000 - 0x00007ff8535d3000 	C:\WINDOWS\WinSxS\amd64_microsoft.windows.common-controls_6595b64144ccf1df_6.0.26100.5074_none_3e0d6f78e32fd63f\COMCTL32.dll
0x00007ff856ab0000 - 0x00007ff856b59000 	C:\WINDOWS\System32\msvcrt.dll
0x00007ff855ce0000 - 0x00007ff855d0f000 	C:\WINDOWS\System32\IMM32.DLL
0x00007ff81a8f0000 - 0x00007ff81aa4c000 	C:\Program Files (x86)\Citrix\ICA Client\ctxapclient64.dll
0x00007ff854ad0000 - 0x00007ff854e4b000 	C:\WINDOWS\System32\combase.dll
0x00007ff854f30000 - 0x00007ff855048000 	C:\WINDOWS\System32\RPCRT4.dll
0x00007ff8488b0000 - 0x00007ff8488bb000 	C:\WINDOWS\SYSTEM32\VERSION.dll
0x00007ff853d80000 - 0x00007ff853da6000 	C:\WINDOWS\SYSTEM32\bcrypt.dll
0x00007ff8556f0000 - 0x00007ff8557a4000 	C:\WINDOWS\System32\ADVAPI32.dll
0x00007ff855a40000 - 0x00007ff855ae6000 	C:\WINDOWS\System32\sechost.dll
0x00007ff853640000 - 0x00007ff853676000 	C:\WINDOWS\SYSTEM32\ntmarta.dll
0x00000175a6fc0000 - 0x00000175a7059000 	C:\WINDOWS\System32\bcryptprimitives.dll
0x00007ff8112e0000 - 0x00007ff81137b000 	C:\Program Files\Unity\Hub\Editor\2022.3.10f1\Editor\Data\PlaybackEngines\AndroidPlayer\OpenJDK\bin\msvcp140.dll
0x00007fffac850000 - 0x00007fffad3d1000 	C:\Program Files\Unity\Hub\Editor\2022.3.10f1\Editor\Data\PlaybackEngines\AndroidPlayer\OpenJDK\bin\server\jvm.dll
0x00007ff856cb0000 - 0x00007ff856cb8000 	C:\WINDOWS\System32\PSAPI.DLL
0x00007ff82c560000 - 0x00007ff82c56a000 	C:\WINDOWS\SYSTEM32\WSOCK32.dll
0x00007ff8557b0000 - 0x00007ff855824000 	C:\WINDOWS\System32\WS2_32.dll
0x00007ff845680000 - 0x00007ff8456b5000 	C:\WINDOWS\SYSTEM32\WINMM.dll
0x00007ff852370000 - 0x00007ff85238b000 	C:\WINDOWS\SYSTEM32\kernel.appcore.dll
0x00007ff83ccb0000 - 0x00007ff83ccc0000 	C:\Program Files\Unity\Hub\Editor\2022.3.10f1\Editor\Data\PlaybackEngines\AndroidPlayer\OpenJDK\bin\verify.dll
0x00007ff853780000 - 0x00007ff8539c2000 	C:\WINDOWS\SYSTEM32\DBGHELP.DLL
0x00007ff854e50000 - 0x00007ff854f27000 	C:\WINDOWS\System32\OLEAUT32.dll
0x00007ff853600000 - 0x00007ff85363d000 	C:\WINDOWS\SYSTEM32\dbgcore.DLL
0x00007ff839b60000 - 0x00007ff839b88000 	C:\Program Files\Unity\Hub\Editor\2022.3.10f1\Editor\Data\PlaybackEngines\AndroidPlayer\OpenJDK\bin\java.dll
0x00007ff83b700000 - 0x00007ff83b70a000 	C:\Program Files\Unity\Hub\Editor\2022.3.10f1\Editor\Data\PlaybackEngines\AndroidPlayer\OpenJDK\bin\jimage.dll
0x00007ff82ebc0000 - 0x00007ff82ebd8000 	C:\Program Files\Unity\Hub\Editor\2022.3.10f1\Editor\Data\PlaybackEngines\AndroidPlayer\OpenJDK\bin\zip.dll
0x00000175cf890000 - 0x00000175cffdd000 	C:\WINDOWS\System32\SHELL32.dll
0x00007ff854960000 - 0x00007ff854acc000 	C:\WINDOWS\System32\wintypes.dll
0x00007ff851060000 - 0x00007ff8518b9000 	C:\WINDOWS\SYSTEM32\windows.storage.dll
0x00007ff855940000 - 0x00007ff855a30000 	C:\WINDOWS\System32\SHCORE.dll
0x00007ff8554e0000 - 0x00007ff855542000 	C:\WINDOWS\System32\shlwapi.dll
0x00007ff853db0000 - 0x00007ff853dd9000 	C:\WINDOWS\SYSTEM32\profapi.dll
0x00007ff82e800000 - 0x00007ff82e819000 	C:\Program Files\Unity\Hub\Editor\2022.3.10f1\Editor\Data\PlaybackEngines\AndroidPlayer\OpenJDK\bin\net.dll
0x00007ff84a0c0000 - 0x00007ff84a1df000 	C:\WINDOWS\SYSTEM32\WINHTTP.dll
0x00007ff852950000 - 0x00007ff8529bb000 	C:\WINDOWS\system32\mswsock.dll
0x00007ff82e7e0000 - 0x00007ff82e7f3000 	C:\Program Files\Unity\Hub\Editor\2022.3.10f1\Editor\Data\PlaybackEngines\AndroidPlayer\OpenJDK\bin\nio.dll
0x00007ff82def0000 - 0x00007ff82df15000 	C:\Program Files\Unity\Hub\Editor\2022.3.10f1\Editor\Data\PlaybackEngines\AndroidPlayer\OpenJDK\bin\sunec.dll

dbghelp: loaded successfully - version: 4.0.5 - missing functions: none
symbol engine: initialized successfully - sym options: 0x614 - pdb path: .;C:\Program Files\Unity\Hub\Editor\2022.3.10f1\Editor\Data\PlaybackEngines\AndroidPlayer\OpenJDK\bin;C:\WINDOWS\SYSTEM32;C:\WINDOWS\WinSxS\amd64_microsoft.windows.common-controls_6595b64144ccf1df_6.0.26100.5074_none_3e0d6f78e32fd63f;C:\Program Files (x86)\Citrix\ICA Client;C:\Program Files\Unity\Hub\Editor\2022.3.10f1\Editor\Data\PlaybackEngines\AndroidPlayer\OpenJDK\bin\server

VM Arguments:
jvm_args: -Dfile.encoding=UTF-8 -Dcom.android.sdklib.toolsdir=C:\Program Files\Unity\Hub\Editor\2022.3.10f1\Editor\Data\PlaybackEngines\AndroidPlayer\SDK\cmdline-tools\6.0\bin\\.. 
java_command: com.android.sdklib.tool.sdkmanager.SdkManagerCli --list
java_class_path (initial): C:\Program Files\Unity\Hub\Editor\2022.3.10f1\Editor\Data\PlaybackEngines\AndroidPlayer\SDK\cmdline-tools\6.0\bin\..\lib\sdkmanager-classpath.jar
Launcher Type: SUN_STANDARD

[Global flags]
     intx CICompilerCount                          = 15                                        {product} {ergonomic}
     uint ConcGCThreads                            = 6                                         {product} {ergonomic}
     uint G1ConcRefinementThreads                  = 23                                        {product} {ergonomic}
   size_t G1HeapRegionSize                         = 1048576                                   {product} {ergonomic}
    uintx GCDrainStackTargetSize                   = 64                                        {product} {ergonomic}
   size_t InitialHeapSize                          = 264241152                                 {product} {ergonomic}
   size_t MarkStackSize                            = 4194304                                   {product} {ergonomic}
   size_t MaxHeapSize                              = 4219469824                                {product} {ergonomic}
   size_t MaxNewSize                               = 2531262464                                {product} {ergonomic}
   size_t MinHeapDeltaBytes                        = 1048576                                   {product} {ergonomic}
    uintx NonNMethodCodeHeapSize                   = 8182140                                {pd product} {ergonomic}
    uintx NonProfiledCodeHeapSize                  = 121738050                              {pd product} {ergonomic}
    uintx ProfiledCodeHeapSize                     = 121738050                              {pd product} {ergonomic}
    uintx ReservedCodeCacheSize                    = 251658240                              {pd product} {ergonomic}
     bool SegmentedCodeCache                       = true                                      {product} {ergonomic}
     bool UseCompressedClassPointers               = true                                 {lp64_product} {ergonomic}
     bool UseCompressedOops                        = true                                 {lp64_product} {ergonomic}
     bool UseG1GC                                  = true                                      {product} {ergonomic}
     bool UseLargePagesIndividualAllocation        = false                                  {pd product} {ergonomic}

Logging:
Log output configuration:
 #0: stdout all=warning uptime,level,tags
 #1: stderr all=off uptime,level,tags

Environment Variables:
JAVA_HOME=C:\Program Files\Unity\Hub\Editor\2022.3.10f1\Editor\Data\PlaybackEngines\AndroidPlayer\OpenJDK
JAVA_TOOL_OPTIONS=-Dfile.encoding=UTF-8
CLASSPATH=C:\Program Files\Unity\Hub\Editor\2022.3.10f1\Editor\Data\PlaybackEngines\AndroidPlayer\SDK\cmdline-tools\6.0\bin\..\lib\sdkmanager-classpath.jar
PATH=C:\Program Files\Oculus\Support\oculus-runtime;C:\WINDOWS\system32;C:\WINDOWS;C:\WINDOWS\System32\Wbem;C:\WINDOWS\System32\WindowsPowerShell\v1.0\;C:\WINDOWS\System32\OpenSSH\;C:\Program Files\dotnet\;C:\Program Files (x86)\NVIDIA Corporation\PhysX\Common;C:\Program Files\NVIDIA Corporation\NVIDIA NvDLISR;C:\Program Files\Git\cmd;C:\Program Files\Docker\Docker\resources\bin;C:\Users\fredy\AppData\Roaming\nvm;C:\Program Files\nodejs;C:\Program Files\nodejs;C:\Users\fredy\AppData\Local\Programs\Python\Python311\Scripts\;C:\Users\fredy\AppData\Local\Programs\Python\Python311\;C:\Users\fredy\anaconda3;C:\Users\fredy\anaconda3\Library\mingw-w64\bin;C:\Users\fredy\anaconda3\Library\usr\bin;C:\Users\fredy\anaconda3\Library\bin;C:\Users\fredy\anaconda3\Scripts;C:\Users\fredy\AppData\Local\Programs\Python\Python313\Scripts\;C:\Users\fredy\AppData\Local\Programs\Python\Python313\;C:\Users\fredy\AppData\Local\Microsoft\WindowsApps;C:\Users\fredy\AppData\Roaming\nvm;C:\Program Files\nodejs;C:\Program Files\nodejs;C:\Users\fredy\AppData\Local\Programs\Microsoft VS Code\bin
USERNAME=fredy
OS=Windows_NT
PROCESSOR_IDENTIFIER=Intel64 Family 6 Model 183 Stepping 1, GenuineIntel



---------------  S Y S T E M  ---------------

OS: Windows 11 , 64 bit Build 26100 (10.0.26100.5074)
OS uptime: 0 days 0:06 hours
Hyper-V role detected

CPU:total 32 (initial active 32) (16 cores per cpu, 2 threads per core) family 6 model 183 stepping 1 microcode 0x11f, cmov, cx8, fxsr, mmx, sse, sse2, sse3, ssse3, sse4.1, sse4.2, popcnt, avx, avx2, aes, clmul, erms, 3dnowpref, lzcnt, ht, tsc, tscinvbit, bmi1, bmi2, adx, sha, fma

Memory: 4k page, system-wide physical 16088M (3415M free)
TotalPageFile size 36568M (AvailPageFile size 18613M)
current process WorkingSet (physical memory assigned to process): 99M, peak: 99M
current process commit charge ("private bytes"): 396M, peak: 396M

vm_info: OpenJDK 64-Bit Server VM (11.0.14.1+1) for windows-amd64 JRE (11.0.14.1+1), built on Feb  9 2022 01:48:27 by "" with unknown MS VC++:1916

END.
