#
# A fatal error has been detected by the Java Runtime Environment:
#
#  EXCEPTION_ACCESS_VIOLATION (0xc0000005) at pc=0x00007ff9140aab06, pid=32188, tid=29272
#
# JRE version: OpenJDK Runtime Environment Temurin-11.0.14.1+1 (11.0.14.1+1) (build 11.0.14.1+1)
# Java VM: OpenJDK 64-Bit Server VM Temurin-11.0.14.1+1 (11.0.14.1+1, mixed mode, tiered, compressed oops, g1 gc, windows-amd64)
# Problematic frame:
# V  [jvm.dll+0x17ab06]
#
# No core dump will be written. Minidumps are not enabled by default on client versions of Windows
#
# If you would like to submit a bug report, please visit:
#   https://github.com/adoptium/adoptium-support/issues
#

---------------  S U M M A R Y ------------

Command Line: -Dfile.encoding=UTF-8 -Dcom.android.sdklib.toolsdir=C:\Program Files\Unity\Hub\Editor\2022.3.10f1\Editor\Data\PlaybackEngines\AndroidPlayer\SDK\cmdline-tools\6.0\bin\\.. com.android.sdklib.tool.sdkmanager.SdkManagerCli --list

Host: Intel(R) Core(TM) i9-14900HX, 32 cores, 15G,  Windows 11 , 64 bit Build 26100 (10.0.26100.5074)
Time: Wed Sep 17 00:04:18 2025 SA Pacific Standard Time elapsed time: 1.223505 seconds (0d 0h 0m 1s)

---------------  T H R E A D  ---------------

Current thread (0x000002231411c000):  JavaThread "C1 CompilerThread0" daemon [_thread_in_native, id=29272, stack(0x000000e1b5300000,0x000000e1b5400000)]


Current CompileTask:
C1:   1223 1858       3       sun.security.ssl.SSLAlgorithmDecomposer::decomposes (175 bytes)

Stack: [0x000000e1b5300000,0x000000e1b5400000],  sp=0x000000e1b53fe5e8,  free space=1017k
Native frames: (J=compiled Java code, j=interpreted, Vv=VM code, C=native code)
V  [jvm.dll+0x17ab06]
C  0x0000022314610860


siginfo: EXCEPTION_ACCESS_VIOLATION (0xc0000005), reading address 0x0000000000000008


Register to memory mapping:

RIP=0x00007ff9140aab06 jvm.dll
RAX=0x0000022314857370 points into unknown readable memory: 0x0000022314857380 | 80 73 85 14 23 02 00 00
RBX=0x0000022314857370 points into unknown readable memory: 0x0000022314857380 | 80 73 85 14 23 02 00 00
RCX=0x0 is NULL
RDX=0x0000000000000030 is an unknown value
RSP=0x000000e1b53fe5e8 is pointing into the stack for thread: 0x000002231411c000
RBP=0x000000e1b53fe700 is pointing into the stack for thread: 0x000002231411c000
RSI=0x0000022314610860 points into unknown readable memory: 0x00007ff9147b6c90 | 90 6c 7b 14 f9 7f 00 00
RDI=0x0000022314856c70 points into unknown readable memory: 0x0000022314856c80 | 80 6c 85 14 23 02 00 00
R8 =0x0 is NULL
R9 =0x0000022314857380 points into unknown readable memory: 0x0000000000000000 | 00 00 00 00 00 00 00 00
R10=0x0000000000000019 is an unknown value
R11=0x000000e1b53fe700 is pointing into the stack for thread: 0x000002231411c000
R12=0x0 is NULL
R13=0x0000022314f84e10 points into unknown readable memory: 0x000002231460f580 | 80 f5 60 14 23 02 00 00
R14=0x000000e1b53fe700 is pointing into the stack for thread: 0x000002231411c000
R15=0x0000000000000004 is an unknown value


Registers:
RAX=0x0000022314857370, RBX=0x0000022314857370, RCX=0x0000000000000000, RDX=0x0000000000000030
RSP=0x000000e1b53fe5e8, RBP=0x000000e1b53fe700, RSI=0x0000022314610860, RDI=0x0000022314856c70
R8 =0x0000000000000000, R9 =0x0000022314857380, R10=0x0000000000000019, R11=0x000000e1b53fe700
R12=0x0000000000000000, R13=0x0000022314f84e10, R14=0x000000e1b53fe700, R15=0x0000000000000004
RIP=0x00007ff9140aab06, EFLAGS=0x0000000000010206

Top of Stack: (sp=0x000000e1b53fe5e8)
0x000000e1b53fe5e8:   0000000000000030 000000e1b53fe728
0x000000e1b53fe5f8:   00007ff9140a9ca6 000000e1b53fe700
0x000000e1b53fe608:   000000e1b53fe700 0000022314610860
0x000000e1b53fe618:   0000022314857370 0000022314610860
0x000000e1b53fe628:   0000022314856c70 0000022314610860
0x000000e1b53fe638:   00007ff9140aa7b0 0000000000000001
0x000000e1b53fe648:   0000022314953550 0000000000000008
0x000000e1b53fe658:   00007ff9140a8dbd 0000022314858bf8
0x000000e1b53fe668:   0000022314856c40 0000022314104fa0
0x000000e1b53fe678:   000000e1b53fe7e8 0000022314850c10
0x000000e1b53fe688:   00007ff9140a9fdc 0000022314610860
0x000000e1b53fe698:   0000022314101478 000000e1b53fe749
0x000000e1b53fe6a8:   0000000000000004 0000005b0000005b
0x000000e1b53fe6b8:   0000000000000000 0000022300000007
0x000000e1b53fe6c8:   0000022314856be0 0000000000000004
0x000000e1b53fe6d8:   00007ff9140b760c 0000022314101478 

Instructions: (pc=0x00007ff9140aab06)
0x00007ff9140aaa06:   74 14 ff 45 14 83 f8 01 48 0f 44 df 48 8b c3 eb
0x00007ff9140aaa16:   33 44 8b 6c 24 70 b9 88 00 00 00 e8 2a c3 f8 ff
0x00007ff9140aaa26:   48 85 c0 74 1d 48 89 5c 24 28 4d 8b cf 45 8b c5
0x00007ff9140aaa36:   48 89 7c 24 20 48 8b d6 48 8b c8 e8 3a e1 ff ff
0x00007ff9140aaa46:   eb 02 33 c0 4c 8b 74 24 68 4c 8b 64 24 60 48 8b
0x00007ff9140aaa56:   5c 24 78 48 83 c4 30 41 5f 41 5d 5f 5e 5d c3 cc
0x00007ff9140aaa66:   cc cc cc cc cc cc cc cc cc cc 48 89 6c 24 10 48
0x00007ff9140aaa76:   89 74 24 18 57 48 83 ec 20 4c 63 4a 68 48 8b e9
0x00007ff9140aaa86:   48 8b 41 40 49 8b f8 48 8b f2 4a 8b 0c c8 48 85
0x00007ff9140aaa96:   c9 0f 85 82 00 00 00 b9 10 00 00 00 48 89 5c 24
0x00007ff9140aaaa6:   30 e8 a4 c2 f8 ff 48 8b d8 48 85 c0 74 3b 8b 15
0x00007ff9140aaab6:   12 ce 96 00 41 b0 01 65 48 8b 0c 25 58 00 00 00
0x00007ff9140aaac6:   b8 08 00 00 00 48 8b 0c d1 48 8b 14 01 48 8b 8a
0x00007ff9140aaad6:   e8 04 00 00 48 8b 91 80 00 00 00 48 8b cb 48 63
0x00007ff9140aaae6:   52 08 e8 93 83 f9 ff eb 02 33 db 48 8b d7 48 8b
0x00007ff9140aaaf6:   cb e8 74 8f f9 ff 48 8b 45 40 48 63 4e 68 48 89
0x00007ff9140aab06:   1c c8 b0 01 48 8b 5c 24 30 48 8b 6c 24 38 48 8b
0x00007ff9140aab16:   74 24 40 48 83 c4 20 5f c3 48 8b d7 48 8b 6c 24
0x00007ff9140aab26:   38 48 8b 74 24 40 48 83 c4 20 5f e9 ba 8f f9 ff
0x00007ff9140aab36:   cc cc cc cc cc cc cc cc cc cc 48 8d 05 89 1b 71
0x00007ff9140aab46:   00 c3 cc cc cc cc cc cc cc cc 48 89 4c 24 08 53
0x00007ff9140aab56:   55 57 41 54 41 56 48 83 ec 60 48 8b 9a 08 01 00
0x00007ff9140aab66:   00 4c 8b e1 48 8b cb 4c 8b f2 48 8b 03 ff 90 40
0x00007ff9140aab76:   01 00 00 48 85 c0 0f 84 70 04 00 00 48 8b 43 68
0x00007ff9140aab86:   33 ed 48 85 c0 74 04 8b 08 eb 02 8b cd 48 8b 40
0x00007ff9140aab96:   18 48 63 d1 48 8b 7c d0 f8 83 bf c0 00 00 00 01
0x00007ff9140aaba6:   0f 85 46 04 00 00 f6 87 84 00 00 00 07 0f 85 39
0x00007ff9140aabb6:   04 00 00 8b 43 38 c1 e8 04 a8 01 0f 85 2b 04 00
0x00007ff9140aabc6:   00 48 89 74 24 58 48 8b cb 4c 89 6c 24 50 e8 f7
0x00007ff9140aabd6:   80 fc ff 48 8b 57 20 4c 8b c0 48 8b 48 58 81 4a
0x00007ff9140aabe6:   38 00 00 04 00 48 89 4a 58 48 89 50 20 48 8b 4a
0x00007ff9140aabf6:   20 48 85 c9 74 1b 0f 1f 40 00 49 8b 40 58 48 39 


Stack slot to memory mapping:
stack at sp + 0 slots: 0x0000000000000030 is an unknown value
stack at sp + 1 slots: 0x000000e1b53fe728 is pointing into the stack for thread: 0x000002231411c000
stack at sp + 2 slots: 0x00007ff9140a9ca6 jvm.dll
stack at sp + 3 slots: 0x000000e1b53fe700 is pointing into the stack for thread: 0x000002231411c000
stack at sp + 4 slots: 0x000000e1b53fe700 is pointing into the stack for thread: 0x000002231411c000
stack at sp + 5 slots: 0x0000022314610860 points into unknown readable memory: 0x00007ff9147b6c90 | 90 6c 7b 14 f9 7f 00 00
stack at sp + 6 slots: 0x0000022314857370 points into unknown readable memory: 0x0000022314857380 | 80 73 85 14 23 02 00 00
stack at sp + 7 slots: 0x0000022314610860 points into unknown readable memory: 0x00007ff9147b6c90 | 90 6c 7b 14 f9 7f 00 00


---------------  P R O C E S S  ---------------

Threads class SMR info:
_java_thread_list=0x00000223152f1750, length=14, elements={
0x000002236da22000, 0x00000223140a1800, 0x00000223140a3000, 0x0000022314103800,
0x0000022314105800, 0x0000022314107800, 0x000002231411b000, 0x000002231411c000,
0x0000022314129800, 0x0000022314254800, 0x000002231429f800, 0x00000223148a0800,
0x00000223148a1800, 0x00000223148a6800
}

Java Threads: ( => current thread )
  0x000002236da22000 JavaThread "main" [_thread_in_vm, id=26040, stack(0x000000e1b4500000,0x000000e1b4600000)]
  0x00000223140a1800 JavaThread "Reference Handler" daemon [_thread_blocked, id=11728, stack(0x000000e1b4d00000,0x000000e1b4e00000)]
  0x00000223140a3000 JavaThread "Finalizer" daemon [_thread_blocked, id=2884, stack(0x000000e1b4e00000,0x000000e1b4f00000)]
  0x0000022314103800 JavaThread "Signal Dispatcher" daemon [_thread_blocked, id=28744, stack(0x000000e1b4f00000,0x000000e1b5000000)]
  0x0000022314105800 JavaThread "Attach Listener" daemon [_thread_blocked, id=23880, stack(0x000000e1b5000000,0x000000e1b5100000)]
  0x0000022314107800 JavaThread "Service Thread" daemon [_thread_blocked, id=22660, stack(0x000000e1b5100000,0x000000e1b5200000)]
  0x000002231411b000 JavaThread "C2 CompilerThread0" daemon [_thread_blocked, id=6016, stack(0x000000e1b5200000,0x000000e1b5300000)]
=>0x000002231411c000 JavaThread "C1 CompilerThread0" daemon [_thread_in_native, id=29272, stack(0x000000e1b5300000,0x000000e1b5400000)]
  0x0000022314129800 JavaThread "Sweeper thread" daemon [_thread_blocked, id=26560, stack(0x000000e1b5400000,0x000000e1b5500000)]
  0x0000022314254800 JavaThread "C1 CompilerThread1" daemon [_thread_blocked, id=29800, stack(0x000000e1b5500000,0x000000e1b5600000)]
  0x000002231429f800 JavaThread "Common-Cleaner" daemon [_thread_blocked, id=23308, stack(0x000000e1b5700000,0x000000e1b5800000)]
  0x00000223148a0800 JavaThread "C1 CompilerThread2" daemon [_thread_blocked, id=28684, stack(0x000000e1b5800000,0x000000e1b5900000)]
  0x00000223148a1800 JavaThread "C1 CompilerThread3" daemon [_thread_blocked, id=9048, stack(0x000000e1b5900000,0x000000e1b5a00000)]
  0x00000223148a6800 JavaThread "C1 CompilerThread4" daemon [_thread_blocked, id=21356, stack(0x000000e1b5a00000,0x000000e1b5b00000)]

Other Threads:
  0x000002231407d800 VMThread "VM Thread" [stack: 0x000000e1b4c00000,0x000000e1b4d00000] [id=13784]
  0x000002231428d000 WatcherThread [stack: 0x000000e1b5600000,0x000000e1b5700000] [id=11032]
  0x000002236da38800 GCTaskThread "GC Thread#0" [stack: 0x000000e1b4700000,0x000000e1b4800000] [id=2460]
  0x000002231534d800 GCTaskThread "GC Thread#1" [stack: 0x000000e1b5e00000,0x000000e1b5f00000] [id=2756]
  0x000002231534e000 GCTaskThread "GC Thread#2" [stack: 0x000000e1b5f00000,0x000000e1b6000000] [id=30896]
  0x000002231534f000 GCTaskThread "GC Thread#3" [stack: 0x000000e1b6000000,0x000000e1b6100000] [id=11184]
  0x000002231534f800 GCTaskThread "GC Thread#4" [stack: 0x000000e1b6100000,0x000000e1b6200000] [id=32404]
  0x00000223152fc000 GCTaskThread "GC Thread#5" [stack: 0x000000e1b6200000,0x000000e1b6300000] [id=29964]
  0x000002236da9a800 ConcurrentGCThread "G1 Main Marker" [stack: 0x000000e1b4800000,0x000000e1b4900000] [id=15812]
  0x000002236daa2000 ConcurrentGCThread "G1 Conc#0" [stack: 0x000000e1b4900000,0x000000e1b4a00000] [id=26200]
  0x000002236da9b000 ConcurrentGCThread "G1 Refine#0" [stack: 0x000000e1b4a00000,0x000000e1b4b00000] [id=20800]
  0x000002237f523800 ConcurrentGCThread "G1 Young RemSet Sampling" [stack: 0x000000e1b4b00000,0x000000e1b4c00000] [id=11464]

Threads with active compile tasks:
C1 CompilerThread0   1242 1858       3       sun.security.ssl.SSLAlgorithmDecomposer::decomposes (175 bytes)

VM state:not at safepoint (normal execution)

VM Mutex/Monitor currently owned by a thread: None

Heap address: 0x0000000704800000, size: 4024 MB, Compressed Oops mode: Zero based, Oop shift amount: 3
Narrow klass base: 0x0000000800000000, Narrow klass shift: 0
Compressed class space size: 1073741824 Address: 0x0000000800000000

Heap:
 garbage-first heap   total 258048K, used 14318K [0x0000000704800000, 0x0000000800000000)
  region size 1024K, 14 young (14336K), 3 survivors (3072K)
 Metaspace       used 19002K, capacity 19328K, committed 19456K, reserved 1067008K
  class space    used 1808K, capacity 1925K, committed 2048K, reserved 1048576K
Heap Regions: E=young(eden), S=young(survivor), O=old, HS=humongous(starts), HC=humongous(continues), CS=collection set, F=free, A=archive, TAMS=top-at-mark-start (previous, next)
|   0|0x0000000704800000, 0x0000000704800000, 0x0000000704900000|  0%| F|  |TAMS 0x0000000704800000, 0x0000000704800000| Untracked 
|   1|0x0000000704900000, 0x00000007049fb800, 0x0000000704a00000| 98%| O|  |TAMS 0x0000000704900000, 0x0000000704900000| Untracked 
|   2|0x0000000704a00000, 0x0000000704a00000, 0x0000000704b00000|  0%| F|  |TAMS 0x0000000704a00000, 0x0000000704a00000| Untracked 
|   3|0x0000000704b00000, 0x0000000704b00000, 0x0000000704c00000|  0%| F|  |TAMS 0x0000000704b00000, 0x0000000704b00000| Untracked 
|   4|0x0000000704c00000, 0x0000000704c00000, 0x0000000704d00000|  0%| F|  |TAMS 0x0000000704c00000, 0x0000000704c00000| Untracked 
|   5|0x0000000704d00000, 0x0000000704d00000, 0x0000000704e00000|  0%| F|  |TAMS 0x0000000704d00000, 0x0000000704d00000| Untracked 
|   6|0x0000000704e00000, 0x0000000704e00000, 0x0000000704f00000|  0%| F|  |TAMS 0x0000000704e00000, 0x0000000704e00000| Untracked 
|   7|0x0000000704f00000, 0x0000000704f00000, 0x0000000705000000|  0%| F|  |TAMS 0x0000000704f00000, 0x0000000704f00000| Untracked 
|   8|0x0000000705000000, 0x0000000705000000, 0x0000000705100000|  0%| F|  |TAMS 0x0000000705000000, 0x0000000705000000| Untracked 
|   9|0x0000000705100000, 0x0000000705100000, 0x0000000705200000|  0%| F|  |TAMS 0x0000000705100000, 0x0000000705100000| Untracked 
|  10|0x0000000705200000, 0x0000000705200000, 0x0000000705300000|  0%| F|  |TAMS 0x0000000705200000, 0x0000000705200000| Untracked 
|  11|0x0000000705300000, 0x0000000705300000, 0x0000000705400000|  0%| F|  |TAMS 0x0000000705300000, 0x0000000705300000| Untracked 
|  12|0x0000000705400000, 0x0000000705400000, 0x0000000705500000|  0%| F|  |TAMS 0x0000000705400000, 0x0000000705400000| Untracked 
|  13|0x0000000705500000, 0x0000000705500000, 0x0000000705600000|  0%| F|  |TAMS 0x0000000705500000, 0x0000000705500000| Untracked 
|  14|0x0000000705600000, 0x0000000705600000, 0x0000000705700000|  0%| F|  |TAMS 0x0000000705600000, 0x0000000705600000| Untracked 
|  15|0x0000000705700000, 0x0000000705700000, 0x0000000705800000|  0%| F|  |TAMS 0x0000000705700000, 0x0000000705700000| Untracked 
|  16|0x0000000705800000, 0x0000000705800000, 0x0000000705900000|  0%| F|  |TAMS 0x0000000705800000, 0x0000000705800000| Untracked 
|  17|0x0000000705900000, 0x0000000705900000, 0x0000000705a00000|  0%| F|  |TAMS 0x0000000705900000, 0x0000000705900000| Untracked 
|  18|0x0000000705a00000, 0x0000000705a00000, 0x0000000705b00000|  0%| F|  |TAMS 0x0000000705a00000, 0x0000000705a00000| Untracked 
|  19|0x0000000705b00000, 0x0000000705b00000, 0x0000000705c00000|  0%| F|  |TAMS 0x0000000705b00000, 0x0000000705b00000| Untracked 
|  20|0x0000000705c00000, 0x0000000705c00000, 0x0000000705d00000|  0%| F|  |TAMS 0x0000000705c00000, 0x0000000705c00000| Untracked 
|  21|0x0000000705d00000, 0x0000000705d00000, 0x0000000705e00000|  0%| F|  |TAMS 0x0000000705d00000, 0x0000000705d00000| Untracked 
|  22|0x0000000705e00000, 0x0000000705e00000, 0x0000000705f00000|  0%| F|  |TAMS 0x0000000705e00000, 0x0000000705e00000| Untracked 
|  23|0x0000000705f00000, 0x0000000705f00000, 0x0000000706000000|  0%| F|  |TAMS 0x0000000705f00000, 0x0000000705f00000| Untracked 
|  24|0x0000000706000000, 0x0000000706000000, 0x0000000706100000|  0%| F|  |TAMS 0x0000000706000000, 0x0000000706000000| Untracked 
|  25|0x0000000706100000, 0x0000000706100000, 0x0000000706200000|  0%| F|  |TAMS 0x0000000706100000, 0x0000000706100000| Untracked 
|  26|0x0000000706200000, 0x0000000706200000, 0x0000000706300000|  0%| F|  |TAMS 0x0000000706200000, 0x0000000706200000| Untracked 
|  27|0x0000000706300000, 0x0000000706300000, 0x0000000706400000|  0%| F|  |TAMS 0x0000000706300000, 0x0000000706300000| Untracked 
|  28|0x0000000706400000, 0x0000000706400000, 0x0000000706500000|  0%| F|  |TAMS 0x0000000706400000, 0x0000000706400000| Untracked 
|  29|0x0000000706500000, 0x0000000706500000, 0x0000000706600000|  0%| F|  |TAMS 0x0000000706500000, 0x0000000706500000| Untracked 
|  30|0x0000000706600000, 0x0000000706600000, 0x0000000706700000|  0%| F|  |TAMS 0x0000000706600000, 0x0000000706600000| Untracked 
|  31|0x0000000706700000, 0x0000000706700000, 0x0000000706800000|  0%| F|  |TAMS 0x0000000706700000, 0x0000000706700000| Untracked 
|  32|0x0000000706800000, 0x0000000706800000, 0x0000000706900000|  0%| F|  |TAMS 0x0000000706800000, 0x0000000706800000| Untracked 
|  33|0x0000000706900000, 0x0000000706900000, 0x0000000706a00000|  0%| F|  |TAMS 0x0000000706900000, 0x0000000706900000| Untracked 
|  34|0x0000000706a00000, 0x0000000706a00000, 0x0000000706b00000|  0%| F|  |TAMS 0x0000000706a00000, 0x0000000706a00000| Untracked 
|  35|0x0000000706b00000, 0x0000000706b00000, 0x0000000706c00000|  0%| F|  |TAMS 0x0000000706b00000, 0x0000000706b00000| Untracked 
|  36|0x0000000706c00000, 0x0000000706c00000, 0x0000000706d00000|  0%| F|  |TAMS 0x0000000706c00000, 0x0000000706c00000| Untracked 
|  37|0x0000000706d00000, 0x0000000706d00000, 0x0000000706e00000|  0%| F|  |TAMS 0x0000000706d00000, 0x0000000706d00000| Untracked 
|  38|0x0000000706e00000, 0x0000000706e00000, 0x0000000706f00000|  0%| F|  |TAMS 0x0000000706e00000, 0x0000000706e00000| Untracked 
|  39|0x0000000706f00000, 0x0000000706f00000, 0x0000000707000000|  0%| F|  |TAMS 0x0000000706f00000, 0x0000000706f00000| Untracked 
|  40|0x0000000707000000, 0x0000000707000000, 0x0000000707100000|  0%| F|  |TAMS 0x0000000707000000, 0x0000000707000000| Untracked 
|  41|0x0000000707100000, 0x0000000707100000, 0x0000000707200000|  0%| F|  |TAMS 0x0000000707100000, 0x0000000707100000| Untracked 
|  42|0x0000000707200000, 0x0000000707200000, 0x0000000707300000|  0%| F|  |TAMS 0x0000000707200000, 0x0000000707200000| Untracked 
|  43|0x0000000707300000, 0x0000000707300000, 0x0000000707400000|  0%| F|  |TAMS 0x0000000707300000, 0x0000000707300000| Untracked 
|  44|0x0000000707400000, 0x0000000707400000, 0x0000000707500000|  0%| F|  |TAMS 0x0000000707400000, 0x0000000707400000| Untracked 
|  45|0x0000000707500000, 0x0000000707500000, 0x0000000707600000|  0%| F|  |TAMS 0x0000000707500000, 0x0000000707500000| Untracked 
|  46|0x0000000707600000, 0x0000000707600000, 0x0000000707700000|  0%| F|  |TAMS 0x0000000707600000, 0x0000000707600000| Untracked 
|  47|0x0000000707700000, 0x0000000707700000, 0x0000000707800000|  0%| F|  |TAMS 0x0000000707700000, 0x0000000707700000| Untracked 
|  48|0x0000000707800000, 0x0000000707800000, 0x0000000707900000|  0%| F|  |TAMS 0x0000000707800000, 0x0000000707800000| Untracked 
|  49|0x0000000707900000, 0x0000000707900000, 0x0000000707a00000|  0%| F|  |TAMS 0x0000000707900000, 0x0000000707900000| Untracked 
|  50|0x0000000707a00000, 0x0000000707a00000, 0x0000000707b00000|  0%| F|  |TAMS 0x0000000707a00000, 0x0000000707a00000| Untracked 
|  51|0x0000000707b00000, 0x0000000707b00000, 0x0000000707c00000|  0%| F|  |TAMS 0x0000000707b00000, 0x0000000707b00000| Untracked 
|  52|0x0000000707c00000, 0x0000000707c00000, 0x0000000707d00000|  0%| F|  |TAMS 0x0000000707c00000, 0x0000000707c00000| Untracked 
|  53|0x0000000707d00000, 0x0000000707d00000, 0x0000000707e00000|  0%| F|  |TAMS 0x0000000707d00000, 0x0000000707d00000| Untracked 
|  54|0x0000000707e00000, 0x0000000707e00000, 0x0000000707f00000|  0%| F|  |TAMS 0x0000000707e00000, 0x0000000707e00000| Untracked 
|  55|0x0000000707f00000, 0x0000000707f00000, 0x0000000708000000|  0%| F|  |TAMS 0x0000000707f00000, 0x0000000707f00000| Untracked 
|  56|0x0000000708000000, 0x0000000708000000, 0x0000000708100000|  0%| F|  |TAMS 0x0000000708000000, 0x0000000708000000| Untracked 
|  57|0x0000000708100000, 0x0000000708100000, 0x0000000708200000|  0%| F|  |TAMS 0x0000000708100000, 0x0000000708100000| Untracked 
|  58|0x0000000708200000, 0x0000000708200000, 0x0000000708300000|  0%| F|  |TAMS 0x0000000708200000, 0x0000000708200000| Untracked 
|  59|0x0000000708300000, 0x0000000708300000, 0x0000000708400000|  0%| F|  |TAMS 0x0000000708300000, 0x0000000708300000| Untracked 
|  60|0x0000000708400000, 0x0000000708400000, 0x0000000708500000|  0%| F|  |TAMS 0x0000000708400000, 0x0000000708400000| Untracked 
|  61|0x0000000708500000, 0x0000000708500000, 0x0000000708600000|  0%| F|  |TAMS 0x0000000708500000, 0x0000000708500000| Untracked 
|  62|0x0000000708600000, 0x0000000708600000, 0x0000000708700000|  0%| F|  |TAMS 0x0000000708600000, 0x0000000708600000| Untracked 
|  63|0x0000000708700000, 0x0000000708700000, 0x0000000708800000|  0%| F|  |TAMS 0x0000000708700000, 0x0000000708700000| Untracked 
|  64|0x0000000708800000, 0x0000000708800000, 0x0000000708900000|  0%| F|  |TAMS 0x0000000708800000, 0x0000000708800000| Untracked 
|  65|0x0000000708900000, 0x0000000708900000, 0x0000000708a00000|  0%| F|  |TAMS 0x0000000708900000, 0x0000000708900000| Untracked 
|  66|0x0000000708a00000, 0x0000000708a00000, 0x0000000708b00000|  0%| F|  |TAMS 0x0000000708a00000, 0x0000000708a00000| Untracked 
|  67|0x0000000708b00000, 0x0000000708b00000, 0x0000000708c00000|  0%| F|  |TAMS 0x0000000708b00000, 0x0000000708b00000| Untracked 
|  68|0x0000000708c00000, 0x0000000708c00000, 0x0000000708d00000|  0%| F|  |TAMS 0x0000000708c00000, 0x0000000708c00000| Untracked 
|  69|0x0000000708d00000, 0x0000000708d00000, 0x0000000708e00000|  0%| F|  |TAMS 0x0000000708d00000, 0x0000000708d00000| Untracked 
|  70|0x0000000708e00000, 0x0000000708e00000, 0x0000000708f00000|  0%| F|  |TAMS 0x0000000708e00000, 0x0000000708e00000| Untracked 
|  71|0x0000000708f00000, 0x0000000708f00000, 0x0000000709000000|  0%| F|  |TAMS 0x0000000708f00000, 0x0000000708f00000| Untracked 
|  72|0x0000000709000000, 0x0000000709000000, 0x0000000709100000|  0%| F|  |TAMS 0x0000000709000000, 0x0000000709000000| Untracked 
|  73|0x0000000709100000, 0x0000000709100000, 0x0000000709200000|  0%| F|  |TAMS 0x0000000709100000, 0x0000000709100000| Untracked 
|  74|0x0000000709200000, 0x0000000709200000, 0x0000000709300000|  0%| F|  |TAMS 0x0000000709200000, 0x0000000709200000| Untracked 
|  75|0x0000000709300000, 0x0000000709300000, 0x0000000709400000|  0%| F|  |TAMS 0x0000000709300000, 0x0000000709300000| Untracked 
|  76|0x0000000709400000, 0x0000000709400000, 0x0000000709500000|  0%| F|  |TAMS 0x0000000709400000, 0x0000000709400000| Untracked 
|  77|0x0000000709500000, 0x0000000709500000, 0x0000000709600000|  0%| F|  |TAMS 0x0000000709500000, 0x0000000709500000| Untracked 
|  78|0x0000000709600000, 0x0000000709600000, 0x0000000709700000|  0%| F|  |TAMS 0x0000000709600000, 0x0000000709600000| Untracked 
|  79|0x0000000709700000, 0x0000000709700000, 0x0000000709800000|  0%| F|  |TAMS 0x0000000709700000, 0x0000000709700000| Untracked 
|  80|0x0000000709800000, 0x0000000709800000, 0x0000000709900000|  0%| F|  |TAMS 0x0000000709800000, 0x0000000709800000| Untracked 
|  81|0x0000000709900000, 0x0000000709900000, 0x0000000709a00000|  0%| F|  |TAMS 0x0000000709900000, 0x0000000709900000| Untracked 
|  82|0x0000000709a00000, 0x0000000709a00000, 0x0000000709b00000|  0%| F|  |TAMS 0x0000000709a00000, 0x0000000709a00000| Untracked 
|  83|0x0000000709b00000, 0x0000000709b00000, 0x0000000709c00000|  0%| F|  |TAMS 0x0000000709b00000, 0x0000000709b00000| Untracked 
|  84|0x0000000709c00000, 0x0000000709c00000, 0x0000000709d00000|  0%| F|  |TAMS 0x0000000709c00000, 0x0000000709c00000| Untracked 
|  85|0x0000000709d00000, 0x0000000709d00000, 0x0000000709e00000|  0%| F|  |TAMS 0x0000000709d00000, 0x0000000709d00000| Untracked 
|  86|0x0000000709e00000, 0x0000000709e00000, 0x0000000709f00000|  0%| F|  |TAMS 0x0000000709e00000, 0x0000000709e00000| Untracked 
|  87|0x0000000709f00000, 0x0000000709f00000, 0x000000070a000000|  0%| F|  |TAMS 0x0000000709f00000, 0x0000000709f00000| Untracked 
|  88|0x000000070a000000, 0x000000070a000000, 0x000000070a100000|  0%| F|  |TAMS 0x000000070a000000, 0x000000070a000000| Untracked 
|  89|0x000000070a100000, 0x000000070a100000, 0x000000070a200000|  0%| F|  |TAMS 0x000000070a100000, 0x000000070a100000| Untracked 
|  90|0x000000070a200000, 0x000000070a200000, 0x000000070a300000|  0%| F|  |TAMS 0x000000070a200000, 0x000000070a200000| Untracked 
|  91|0x000000070a300000, 0x000000070a300000, 0x000000070a400000|  0%| F|  |TAMS 0x000000070a300000, 0x000000070a300000| Untracked 
|  92|0x000000070a400000, 0x000000070a400000, 0x000000070a500000|  0%| F|  |TAMS 0x000000070a400000, 0x000000070a400000| Untracked 
|  93|0x000000070a500000, 0x000000070a500000, 0x000000070a600000|  0%| F|  |TAMS 0x000000070a500000, 0x000000070a500000| Untracked 
|  94|0x000000070a600000, 0x000000070a600000, 0x000000070a700000|  0%| F|  |TAMS 0x000000070a600000, 0x000000070a600000| Untracked 
|  95|0x000000070a700000, 0x000000070a700000, 0x000000070a800000|  0%| F|  |TAMS 0x000000070a700000, 0x000000070a700000| Untracked 
|  96|0x000000070a800000, 0x000000070a800000, 0x000000070a900000|  0%| F|  |TAMS 0x000000070a800000, 0x000000070a800000| Untracked 
|  97|0x000000070a900000, 0x000000070a900000, 0x000000070aa00000|  0%| F|  |TAMS 0x000000070a900000, 0x000000070a900000| Untracked 
|  98|0x000000070aa00000, 0x000000070aa00000, 0x000000070ab00000|  0%| F|  |TAMS 0x000000070aa00000, 0x000000070aa00000| Untracked 
|  99|0x000000070ab00000, 0x000000070ab00000, 0x000000070ac00000|  0%| F|  |TAMS 0x000000070ab00000, 0x000000070ab00000| Untracked 
| 100|0x000000070ac00000, 0x000000070ac00000, 0x000000070ad00000|  0%| F|  |TAMS 0x000000070ac00000, 0x000000070ac00000| Untracked 
| 101|0x000000070ad00000, 0x000000070ad00000, 0x000000070ae00000|  0%| F|  |TAMS 0x000000070ad00000, 0x000000070ad00000| Untracked 
| 102|0x000000070ae00000, 0x000000070ae00000, 0x000000070af00000|  0%| F|  |TAMS 0x000000070ae00000, 0x000000070ae00000| Untracked 
| 103|0x000000070af00000, 0x000000070af00000, 0x000000070b000000|  0%| F|  |TAMS 0x000000070af00000, 0x000000070af00000| Untracked 
| 104|0x000000070b000000, 0x000000070b000000, 0x000000070b100000|  0%| F|  |TAMS 0x000000070b000000, 0x000000070b000000| Untracked 
| 105|0x000000070b100000, 0x000000070b100000, 0x000000070b200000|  0%| F|  |TAMS 0x000000070b100000, 0x000000070b100000| Untracked 
| 106|0x000000070b200000, 0x000000070b200000, 0x000000070b300000|  0%| F|  |TAMS 0x000000070b200000, 0x000000070b200000| Untracked 
| 107|0x000000070b300000, 0x000000070b300000, 0x000000070b400000|  0%| F|  |TAMS 0x000000070b300000, 0x000000070b300000| Untracked 
| 108|0x000000070b400000, 0x000000070b400000, 0x000000070b500000|  0%| F|  |TAMS 0x000000070b400000, 0x000000070b400000| Untracked 
| 109|0x000000070b500000, 0x000000070b500000, 0x000000070b600000|  0%| F|  |TAMS 0x000000070b500000, 0x000000070b500000| Untracked 
| 110|0x000000070b600000, 0x000000070b600000, 0x000000070b700000|  0%| F|  |TAMS 0x000000070b600000, 0x000000070b600000| Untracked 
| 111|0x000000070b700000, 0x000000070b700000, 0x000000070b800000|  0%| F|  |TAMS 0x000000070b700000, 0x000000070b700000| Untracked 
| 112|0x000000070b800000, 0x000000070b800000, 0x000000070b900000|  0%| F|  |TAMS 0x000000070b800000, 0x000000070b800000| Untracked 
| 113|0x000000070b900000, 0x000000070b900000, 0x000000070ba00000|  0%| F|  |TAMS 0x000000070b900000, 0x000000070b900000| Untracked 
| 114|0x000000070ba00000, 0x000000070ba00000, 0x000000070bb00000|  0%| F|  |TAMS 0x000000070ba00000, 0x000000070ba00000| Untracked 
| 115|0x000000070bb00000, 0x000000070bb00000, 0x000000070bc00000|  0%| F|  |TAMS 0x000000070bb00000, 0x000000070bb00000| Untracked 
| 116|0x000000070bc00000, 0x000000070bc00000, 0x000000070bd00000|  0%| F|  |TAMS 0x000000070bc00000, 0x000000070bc00000| Untracked 
| 117|0x000000070bd00000, 0x000000070bd00000, 0x000000070be00000|  0%| F|  |TAMS 0x000000070bd00000, 0x000000070bd00000| Untracked 
| 118|0x000000070be00000, 0x000000070be00000, 0x000000070bf00000|  0%| F|  |TAMS 0x000000070be00000, 0x000000070be00000| Untracked 
| 119|0x000000070bf00000, 0x000000070bf00000, 0x000000070c000000|  0%| F|  |TAMS 0x000000070bf00000, 0x000000070bf00000| Untracked 
| 120|0x000000070c000000, 0x000000070c000000, 0x000000070c100000|  0%| F|  |TAMS 0x000000070c000000, 0x000000070c000000| Untracked 
| 121|0x000000070c100000, 0x000000070c100000, 0x000000070c200000|  0%| F|  |TAMS 0x000000070c100000, 0x000000070c100000| Untracked 
| 122|0x000000070c200000, 0x000000070c200000, 0x000000070c300000|  0%| F|  |TAMS 0x000000070c200000, 0x000000070c200000| Untracked 
| 123|0x000000070c300000, 0x000000070c300000, 0x000000070c400000|  0%| F|  |TAMS 0x000000070c300000, 0x000000070c300000| Untracked 
| 124|0x000000070c400000, 0x000000070c400000, 0x000000070c500000|  0%| F|  |TAMS 0x000000070c400000, 0x000000070c400000| Untracked 
| 125|0x000000070c500000, 0x000000070c500000, 0x000000070c600000|  0%| F|  |TAMS 0x000000070c500000, 0x000000070c500000| Untracked 
| 126|0x000000070c600000, 0x000000070c600000, 0x000000070c700000|  0%| F|  |TAMS 0x000000070c600000, 0x000000070c600000| Untracked 
| 127|0x000000070c700000, 0x000000070c700000, 0x000000070c800000|  0%| F|  |TAMS 0x000000070c700000, 0x000000070c700000| Untracked 
| 128|0x000000070c800000, 0x000000070c800000, 0x000000070c900000|  0%| F|  |TAMS 0x000000070c800000, 0x000000070c800000| Untracked 
| 129|0x000000070c900000, 0x000000070c900000, 0x000000070ca00000|  0%| F|  |TAMS 0x000000070c900000, 0x000000070c900000| Untracked 
| 130|0x000000070ca00000, 0x000000070ca00000, 0x000000070cb00000|  0%| F|  |TAMS 0x000000070ca00000, 0x000000070ca00000| Untracked 
| 131|0x000000070cb00000, 0x000000070cb00000, 0x000000070cc00000|  0%| F|  |TAMS 0x000000070cb00000, 0x000000070cb00000| Untracked 
| 132|0x000000070cc00000, 0x000000070cc00000, 0x000000070cd00000|  0%| F|  |TAMS 0x000000070cc00000, 0x000000070cc00000| Untracked 
| 133|0x000000070cd00000, 0x000000070cd00000, 0x000000070ce00000|  0%| F|  |TAMS 0x000000070cd00000, 0x000000070cd00000| Untracked 
| 134|0x000000070ce00000, 0x000000070ce00000, 0x000000070cf00000|  0%| F|  |TAMS 0x000000070ce00000, 0x000000070ce00000| Untracked 
| 135|0x000000070cf00000, 0x000000070cf00000, 0x000000070d000000|  0%| F|  |TAMS 0x000000070cf00000, 0x000000070cf00000| Untracked 
| 136|0x000000070d000000, 0x000000070d000000, 0x000000070d100000|  0%| F|  |TAMS 0x000000070d000000, 0x000000070d000000| Untracked 
| 137|0x000000070d100000, 0x000000070d100000, 0x000000070d200000|  0%| F|  |TAMS 0x000000070d100000, 0x000000070d100000| Untracked 
| 138|0x000000070d200000, 0x000000070d200000, 0x000000070d300000|  0%| F|  |TAMS 0x000000070d200000, 0x000000070d200000| Untracked 
| 139|0x000000070d300000, 0x000000070d300000, 0x000000070d400000|  0%| F|  |TAMS 0x000000070d300000, 0x000000070d300000| Untracked 
| 140|0x000000070d400000, 0x000000070d400000, 0x000000070d500000|  0%| F|  |TAMS 0x000000070d400000, 0x000000070d400000| Untracked 
| 141|0x000000070d500000, 0x000000070d500000, 0x000000070d600000|  0%| F|  |TAMS 0x000000070d500000, 0x000000070d500000| Untracked 
| 142|0x000000070d600000, 0x000000070d600000, 0x000000070d700000|  0%| F|  |TAMS 0x000000070d600000, 0x000000070d600000| Untracked 
| 143|0x000000070d700000, 0x000000070d700000, 0x000000070d800000|  0%| F|  |TAMS 0x000000070d700000, 0x000000070d700000| Untracked 
| 144|0x000000070d800000, 0x000000070d800000, 0x000000070d900000|  0%| F|  |TAMS 0x000000070d800000, 0x000000070d800000| Untracked 
| 145|0x000000070d900000, 0x000000070d900000, 0x000000070da00000|  0%| F|  |TAMS 0x000000070d900000, 0x000000070d900000| Untracked 
| 146|0x000000070da00000, 0x000000070da00000, 0x000000070db00000|  0%| F|  |TAMS 0x000000070da00000, 0x000000070da00000| Untracked 
| 147|0x000000070db00000, 0x000000070db00000, 0x000000070dc00000|  0%| F|  |TAMS 0x000000070db00000, 0x000000070db00000| Untracked 
| 148|0x000000070dc00000, 0x000000070dc00000, 0x000000070dd00000|  0%| F|  |TAMS 0x000000070dc00000, 0x000000070dc00000| Untracked 
| 149|0x000000070dd00000, 0x000000070dd00000, 0x000000070de00000|  0%| F|  |TAMS 0x000000070dd00000, 0x000000070dd00000| Untracked 
| 150|0x000000070de00000, 0x000000070de00000, 0x000000070df00000|  0%| F|  |TAMS 0x000000070de00000, 0x000000070de00000| Untracked 
| 151|0x000000070df00000, 0x000000070df00000, 0x000000070e000000|  0%| F|  |TAMS 0x000000070df00000, 0x000000070df00000| Untracked 
| 152|0x000000070e000000, 0x000000070e000000, 0x000000070e100000|  0%| F|  |TAMS 0x000000070e000000, 0x000000070e000000| Untracked 
| 153|0x000000070e100000, 0x000000070e100000, 0x000000070e200000|  0%| F|  |TAMS 0x000000070e100000, 0x000000070e100000| Untracked 
| 154|0x000000070e200000, 0x000000070e200000, 0x000000070e300000|  0%| F|  |TAMS 0x000000070e200000, 0x000000070e200000| Untracked 
| 155|0x000000070e300000, 0x000000070e300000, 0x000000070e400000|  0%| F|  |TAMS 0x000000070e300000, 0x000000070e300000| Untracked 
| 156|0x000000070e400000, 0x000000070e400000, 0x000000070e500000|  0%| F|  |TAMS 0x000000070e400000, 0x000000070e400000| Untracked 
| 157|0x000000070e500000, 0x000000070e500000, 0x000000070e600000|  0%| F|  |TAMS 0x000000070e500000, 0x000000070e500000| Untracked 
| 158|0x000000070e600000, 0x000000070e600000, 0x000000070e700000|  0%| F|  |TAMS 0x000000070e600000, 0x000000070e600000| Untracked 
| 159|0x000000070e700000, 0x000000070e700000, 0x000000070e800000|  0%| F|  |TAMS 0x000000070e700000, 0x000000070e700000| Untracked 
| 160|0x000000070e800000, 0x000000070e800000, 0x000000070e900000|  0%| F|  |TAMS 0x000000070e800000, 0x000000070e800000| Untracked 
| 161|0x000000070e900000, 0x000000070e900000, 0x000000070ea00000|  0%| F|  |TAMS 0x000000070e900000, 0x000000070e900000| Untracked 
| 162|0x000000070ea00000, 0x000000070ea00000, 0x000000070eb00000|  0%| F|  |TAMS 0x000000070ea00000, 0x000000070ea00000| Untracked 
| 163|0x000000070eb00000, 0x000000070eb00000, 0x000000070ec00000|  0%| F|  |TAMS 0x000000070eb00000, 0x000000070eb00000| Untracked 
| 164|0x000000070ec00000, 0x000000070ec00000, 0x000000070ed00000|  0%| F|  |TAMS 0x000000070ec00000, 0x000000070ec00000| Untracked 
| 165|0x000000070ed00000, 0x000000070ed00000, 0x000000070ee00000|  0%| F|  |TAMS 0x000000070ed00000, 0x000000070ed00000| Untracked 
| 166|0x000000070ee00000, 0x000000070ee00000, 0x000000070ef00000|  0%| F|  |TAMS 0x000000070ee00000, 0x000000070ee00000| Untracked 
| 167|0x000000070ef00000, 0x000000070ef00000, 0x000000070f000000|  0%| F|  |TAMS 0x000000070ef00000, 0x000000070ef00000| Untracked 
| 168|0x000000070f000000, 0x000000070f000000, 0x000000070f100000|  0%| F|  |TAMS 0x000000070f000000, 0x000000070f000000| Untracked 
| 169|0x000000070f100000, 0x000000070f100000, 0x000000070f200000|  0%| F|  |TAMS 0x000000070f100000, 0x000000070f100000| Untracked 
| 170|0x000000070f200000, 0x000000070f200000, 0x000000070f300000|  0%| F|  |TAMS 0x000000070f200000, 0x000000070f200000| Untracked 
| 171|0x000000070f300000, 0x000000070f300000, 0x000000070f400000|  0%| F|  |TAMS 0x000000070f300000, 0x000000070f300000| Untracked 
| 172|0x000000070f400000, 0x000000070f400000, 0x000000070f500000|  0%| F|  |TAMS 0x000000070f400000, 0x000000070f400000| Untracked 
| 173|0x000000070f500000, 0x000000070f500000, 0x000000070f600000|  0%| F|  |TAMS 0x000000070f500000, 0x000000070f500000| Untracked 
| 174|0x000000070f600000, 0x000000070f600000, 0x000000070f700000|  0%| F|  |TAMS 0x000000070f600000, 0x000000070f600000| Untracked 
| 175|0x000000070f700000, 0x000000070f700000, 0x000000070f800000|  0%| F|  |TAMS 0x000000070f700000, 0x000000070f700000| Untracked 
| 176|0x000000070f800000, 0x000000070f800000, 0x000000070f900000|  0%| F|  |TAMS 0x000000070f800000, 0x000000070f800000| Untracked 
| 177|0x000000070f900000, 0x000000070f900000, 0x000000070fa00000|  0%| F|  |TAMS 0x000000070f900000, 0x000000070f900000| Untracked 
| 178|0x000000070fa00000, 0x000000070fa00000, 0x000000070fb00000|  0%| F|  |TAMS 0x000000070fa00000, 0x000000070fa00000| Untracked 
| 179|0x000000070fb00000, 0x000000070fb00000, 0x000000070fc00000|  0%| F|  |TAMS 0x000000070fb00000, 0x000000070fb00000| Untracked 
| 180|0x000000070fc00000, 0x000000070fc00000, 0x000000070fd00000|  0%| F|  |TAMS 0x000000070fc00000, 0x000000070fc00000| Untracked 
| 181|0x000000070fd00000, 0x000000070fd00000, 0x000000070fe00000|  0%| F|  |TAMS 0x000000070fd00000, 0x000000070fd00000| Untracked 
| 182|0x000000070fe00000, 0x000000070fe00000, 0x000000070ff00000|  0%| F|  |TAMS 0x000000070fe00000, 0x000000070fe00000| Untracked 
| 183|0x000000070ff00000, 0x000000070ff00000, 0x0000000710000000|  0%| F|  |TAMS 0x000000070ff00000, 0x000000070ff00000| Untracked 
| 184|0x0000000710000000, 0x0000000710000000, 0x0000000710100000|  0%| F|  |TAMS 0x0000000710000000, 0x0000000710000000| Untracked 
| 185|0x0000000710100000, 0x0000000710100000, 0x0000000710200000|  0%| F|  |TAMS 0x0000000710100000, 0x0000000710100000| Untracked 
| 186|0x0000000710200000, 0x0000000710200000, 0x0000000710300000|  0%| F|  |TAMS 0x0000000710200000, 0x0000000710200000| Untracked 
| 187|0x0000000710300000, 0x0000000710300000, 0x0000000710400000|  0%| F|  |TAMS 0x0000000710300000, 0x0000000710300000| Untracked 
| 188|0x0000000710400000, 0x0000000710400000, 0x0000000710500000|  0%| F|  |TAMS 0x0000000710400000, 0x0000000710400000| Untracked 
| 189|0x0000000710500000, 0x0000000710500000, 0x0000000710600000|  0%| F|  |TAMS 0x0000000710500000, 0x0000000710500000| Untracked 
| 190|0x0000000710600000, 0x0000000710600000, 0x0000000710700000|  0%| F|  |TAMS 0x0000000710600000, 0x0000000710600000| Untracked 
| 191|0x0000000710700000, 0x0000000710700000, 0x0000000710800000|  0%| F|  |TAMS 0x0000000710700000, 0x0000000710700000| Untracked 
| 192|0x0000000710800000, 0x0000000710800000, 0x0000000710900000|  0%| F|  |TAMS 0x0000000710800000, 0x0000000710800000| Untracked 
| 193|0x0000000710900000, 0x0000000710900000, 0x0000000710a00000|  0%| F|  |TAMS 0x0000000710900000, 0x0000000710900000| Untracked 
| 194|0x0000000710a00000, 0x0000000710a00000, 0x0000000710b00000|  0%| F|  |TAMS 0x0000000710a00000, 0x0000000710a00000| Untracked 
| 195|0x0000000710b00000, 0x0000000710b00000, 0x0000000710c00000|  0%| F|  |TAMS 0x0000000710b00000, 0x0000000710b00000| Untracked 
| 196|0x0000000710c00000, 0x0000000710c00000, 0x0000000710d00000|  0%| F|  |TAMS 0x0000000710c00000, 0x0000000710c00000| Untracked 
| 197|0x0000000710d00000, 0x0000000710d00000, 0x0000000710e00000|  0%| F|  |TAMS 0x0000000710d00000, 0x0000000710d00000| Untracked 
| 198|0x0000000710e00000, 0x0000000710e00000, 0x0000000710f00000|  0%| F|  |TAMS 0x0000000710e00000, 0x0000000710e00000| Untracked 
| 199|0x0000000710f00000, 0x0000000710f00000, 0x0000000711000000|  0%| F|  |TAMS 0x0000000710f00000, 0x0000000710f00000| Untracked 
| 200|0x0000000711000000, 0x0000000711000000, 0x0000000711100000|  0%| F|  |TAMS 0x0000000711000000, 0x0000000711000000| Untracked 
| 201|0x0000000711100000, 0x0000000711100000, 0x0000000711200000|  0%| F|  |TAMS 0x0000000711100000, 0x0000000711100000| Untracked 
| 202|0x0000000711200000, 0x0000000711200000, 0x0000000711300000|  0%| F|  |TAMS 0x0000000711200000, 0x0000000711200000| Untracked 
| 203|0x0000000711300000, 0x0000000711300000, 0x0000000711400000|  0%| F|  |TAMS 0x0000000711300000, 0x0000000711300000| Untracked 
| 204|0x0000000711400000, 0x0000000711400000, 0x0000000711500000|  0%| F|  |TAMS 0x0000000711400000, 0x0000000711400000| Untracked 
| 205|0x0000000711500000, 0x0000000711500000, 0x0000000711600000|  0%| F|  |TAMS 0x0000000711500000, 0x0000000711500000| Untracked 
| 206|0x0000000711600000, 0x0000000711600000, 0x0000000711700000|  0%| F|  |TAMS 0x0000000711600000, 0x0000000711600000| Untracked 
| 207|0x0000000711700000, 0x0000000711700000, 0x0000000711800000|  0%| F|  |TAMS 0x0000000711700000, 0x0000000711700000| Untracked 
| 208|0x0000000711800000, 0x0000000711800000, 0x0000000711900000|  0%| F|  |TAMS 0x0000000711800000, 0x0000000711800000| Untracked 
| 209|0x0000000711900000, 0x0000000711900000, 0x0000000711a00000|  0%| F|  |TAMS 0x0000000711900000, 0x0000000711900000| Untracked 
| 210|0x0000000711a00000, 0x0000000711a00000, 0x0000000711b00000|  0%| F|  |TAMS 0x0000000711a00000, 0x0000000711a00000| Untracked 
| 211|0x0000000711b00000, 0x0000000711b00000, 0x0000000711c00000|  0%| F|  |TAMS 0x0000000711b00000, 0x0000000711b00000| Untracked 
| 212|0x0000000711c00000, 0x0000000711c00000, 0x0000000711d00000|  0%| F|  |TAMS 0x0000000711c00000, 0x0000000711c00000| Untracked 
| 213|0x0000000711d00000, 0x0000000711d00000, 0x0000000711e00000|  0%| F|  |TAMS 0x0000000711d00000, 0x0000000711d00000| Untracked 
| 214|0x0000000711e00000, 0x0000000711e00000, 0x0000000711f00000|  0%| F|  |TAMS 0x0000000711e00000, 0x0000000711e00000| Untracked 
| 215|0x0000000711f00000, 0x0000000711f00000, 0x0000000712000000|  0%| F|  |TAMS 0x0000000711f00000, 0x0000000711f00000| Untracked 
| 216|0x0000000712000000, 0x0000000712000000, 0x0000000712100000|  0%| F|  |TAMS 0x0000000712000000, 0x0000000712000000| Untracked 
| 217|0x0000000712100000, 0x0000000712100000, 0x0000000712200000|  0%| F|  |TAMS 0x0000000712100000, 0x0000000712100000| Untracked 
| 218|0x0000000712200000, 0x0000000712200000, 0x0000000712300000|  0%| F|  |TAMS 0x0000000712200000, 0x0000000712200000| Untracked 
| 219|0x0000000712300000, 0x0000000712300000, 0x0000000712400000|  0%| F|  |TAMS 0x0000000712300000, 0x0000000712300000| Untracked 
| 220|0x0000000712400000, 0x0000000712400000, 0x0000000712500000|  0%| F|  |TAMS 0x0000000712400000, 0x0000000712400000| Untracked 
| 221|0x0000000712500000, 0x0000000712500000, 0x0000000712600000|  0%| F|  |TAMS 0x0000000712500000, 0x0000000712500000| Untracked 
| 222|0x0000000712600000, 0x0000000712600000, 0x0000000712700000|  0%| F|  |TAMS 0x0000000712600000, 0x0000000712600000| Untracked 
| 223|0x0000000712700000, 0x0000000712700000, 0x0000000712800000|  0%| F|  |TAMS 0x0000000712700000, 0x0000000712700000| Untracked 
| 224|0x0000000712800000, 0x0000000712800000, 0x0000000712900000|  0%| F|  |TAMS 0x0000000712800000, 0x0000000712800000| Untracked 
| 225|0x0000000712900000, 0x0000000712a00000, 0x0000000712a00000|100%| S|CS|TAMS 0x0000000712900000, 0x0000000712900000| Complete 
| 226|0x0000000712a00000, 0x0000000712b00000, 0x0000000712b00000|100%| S|CS|TAMS 0x0000000712a00000, 0x0000000712a00000| Complete 
| 227|0x0000000712b00000, 0x0000000712c00000, 0x0000000712c00000|100%| S|CS|TAMS 0x0000000712b00000, 0x0000000712b00000| Complete 
| 228|0x0000000712c00000, 0x0000000712c00000, 0x0000000712d00000|  0%| F|  |TAMS 0x0000000712c00000, 0x0000000712c00000| Untracked 
| 229|0x0000000712d00000, 0x0000000712d00000, 0x0000000712e00000|  0%| F|  |TAMS 0x0000000712d00000, 0x0000000712d00000| Untracked 
| 230|0x0000000712e00000, 0x0000000712e00000, 0x0000000712f00000|  0%| F|  |TAMS 0x0000000712e00000, 0x0000000712e00000| Untracked 
| 231|0x0000000712f00000, 0x0000000712f00000, 0x0000000713000000|  0%| F|  |TAMS 0x0000000712f00000, 0x0000000712f00000| Untracked 
| 232|0x0000000713000000, 0x0000000713000000, 0x0000000713100000|  0%| F|  |TAMS 0x0000000713000000, 0x0000000713000000| Untracked 
| 233|0x0000000713100000, 0x0000000713100000, 0x0000000713200000|  0%| F|  |TAMS 0x0000000713100000, 0x0000000713100000| Untracked 
| 234|0x0000000713200000, 0x0000000713200000, 0x0000000713300000|  0%| F|  |TAMS 0x0000000713200000, 0x0000000713200000| Untracked 
| 235|0x0000000713300000, 0x0000000713300000, 0x0000000713400000|  0%| F|  |TAMS 0x0000000713300000, 0x0000000713300000| Untracked 
| 236|0x0000000713400000, 0x0000000713400000, 0x0000000713500000|  0%| F|  |TAMS 0x0000000713400000, 0x0000000713400000| Untracked 
| 237|0x0000000713500000, 0x0000000713500000, 0x0000000713600000|  0%| F|  |TAMS 0x0000000713500000, 0x0000000713500000| Untracked 
| 238|0x0000000713600000, 0x0000000713600000, 0x0000000713700000|  0%| F|  |TAMS 0x0000000713600000, 0x0000000713600000| Untracked 
| 239|0x0000000713700000, 0x0000000713700000, 0x0000000713800000|  0%| F|  |TAMS 0x0000000713700000, 0x0000000713700000| Untracked 
| 240|0x0000000713800000, 0x0000000713800000, 0x0000000713900000|  0%| F|  |TAMS 0x0000000713800000, 0x0000000713800000| Untracked 
| 241|0x0000000713900000, 0x0000000713980800, 0x0000000713a00000| 50%| E|  |TAMS 0x0000000713900000, 0x0000000713900000| Complete 
| 242|0x0000000713a00000, 0x0000000713b00000, 0x0000000713b00000|100%| E|CS|TAMS 0x0000000713a00000, 0x0000000713a00000| Complete 
| 243|0x0000000713b00000, 0x0000000713c00000, 0x0000000713c00000|100%| E|CS|TAMS 0x0000000713b00000, 0x0000000713b00000| Complete 
| 244|0x0000000713c00000, 0x0000000713d00000, 0x0000000713d00000|100%| E|CS|TAMS 0x0000000713c00000, 0x0000000713c00000| Complete 
| 245|0x0000000713d00000, 0x0000000713e00000, 0x0000000713e00000|100%| E|CS|TAMS 0x0000000713d00000, 0x0000000713d00000| Complete 
| 246|0x0000000713e00000, 0x0000000713f00000, 0x0000000713f00000|100%| E|CS|TAMS 0x0000000713e00000, 0x0000000713e00000| Complete 
| 247|0x0000000713f00000, 0x0000000714000000, 0x0000000714000000|100%| E|CS|TAMS 0x0000000713f00000, 0x0000000713f00000| Complete 
| 248|0x0000000714000000, 0x0000000714100000, 0x0000000714100000|100%| E|CS|TAMS 0x0000000714000000, 0x0000000714000000| Complete 
| 249|0x0000000714100000, 0x0000000714200000, 0x0000000714200000|100%| E|CS|TAMS 0x0000000714100000, 0x0000000714100000| Complete 
| 250|0x0000000714200000, 0x0000000714300000, 0x0000000714300000|100%| E|CS|TAMS 0x0000000714200000, 0x0000000714200000| Complete 
| 251|0x0000000714300000, 0x0000000714400000, 0x0000000714400000|100%| E|CS|TAMS 0x0000000714300000, 0x0000000714300000| Complete 

Card table byte_map: [0x0000022377c30000,0x0000022378410000] _byte_map_base: 0x000002237440c000

Marking Bits (Prev, Next): (CMBitMap*) 0x000002236da89068, (CMBitMap*) 0x000002236da890a0
 Prev Bits: [0x0000022378bf0000, 0x000002237cad0000)
 Next Bits: [0x000002230f000000, 0x0000022312ee0000)

Polling page: 0x000002236b650000

Metaspace:

Usage:
  Non-class:     17.06 MB capacity,    16.87 MB ( 99%) used,   165.67 KB ( <1%) free+waste,    28.94 KB ( <1%) overhead. 
      Class:      1.91 MB capacity,     1.78 MB ( 93%) used,   122.18 KB (  6%) free+waste,    12.38 KB ( <1%) overhead. 
       Both:     18.97 MB capacity,    18.65 MB ( 98%) used,   287.85 KB (  1%) free+waste,    41.31 KB ( <1%) overhead. 

Virtual space:
  Non-class space:       18.00 MB reserved,      17.25 MB ( 96%) committed 
      Class space:        1.00 GB reserved,       2.00 MB ( <1%) committed 
             Both:        1.02 GB reserved,      19.25 MB (  2%) committed 

Chunk freelists:
   Non-Class:  5.00 KB
       Class:  27.00 KB
        Both:  32.00 KB

MaxMetaspaceSize: 17179869184.00 GB
CompressedClassSpaceSize: 1.00 GB
Initial GC threshold: 20.80 MB
Current GC threshold: 20.80 MB
CDS: off

CodeHeap 'non-profiled nmethods': size=118912Kb used=499Kb max_used=499Kb free=118412Kb
 bounds [0x0000022307be0000, 0x0000022307e50000, 0x000002230f000000]
CodeHeap 'profiled nmethods': size=118848Kb used=4101Kb max_used=4101Kb free=114746Kb
 bounds [0x00000223007d0000, 0x0000022300be0000, 0x0000022307be0000]
CodeHeap 'non-nmethods': size=8000Kb used=3445Kb max_used=3464Kb free=4554Kb
 bounds [0x0000022300000000, 0x0000022300370000, 0x00000223007d0000]
 total_blobs=2315 nmethods=1859 adapters=364
 compilation: enabled
              stopped_count=0, restarted_count=0
 full_count=0

Compilation events (20 events):
Event: 1.209 Thread 0x00000223148a1800 nmethod 1851 0x0000022300bc6410 code [0x0000022300bc6600, 0x0000022300bc6ad8]
Event: 1.212 Thread 0x00000223148a1800 1852       3       java.util.HashMap::putVal (300 bytes)
Event: 1.212 Thread 0x0000022314254800 1853       3       sun.security.util.AlgorithmDecomposer::decompose (336 bytes)
Event: 1.212 Thread 0x00000223148a1800 nmethod 1852 0x0000022300bc6c10 code [0x0000022300bc6ee0, 0x0000022300bc8158]
Event: 1.212 Thread 0x0000022314254800 nmethod 1853 0x0000022300bc8610 code [0x0000022300bc8a60, 0x0000022300bcad88]
Event: 1.213 Thread 0x000002231411c000 1854       3       java.util.regex.Pattern$SliceI::match (96 bytes)
Event: 1.213 Thread 0x000002231411c000 nmethod 1854 0x0000022300bcb310 code [0x0000022300bcb520, 0x0000022300bcbb58]
Event: 1.213 Thread 0x000002231411c000 1856       3       java.util.regex.Pattern$1::match (14 bytes)
Event: 1.213 Thread 0x000002231411c000 nmethod 1856 0x0000022300bcbd90 code [0x0000022300bcbf40, 0x0000022300bcc098]
Event: 1.213 Thread 0x000002231411c000 1857       3       sun.security.ssl.SSLAlgorithmDecomposer::decomposes (236 bytes)
Event: 1.213 Thread 0x000002231411c000 nmethod 1857 0x0000022300bcc190 code [0x0000022300bcc560, 0x0000022300bce898]
Event: 1.213 Thread 0x000002231411c000 1858       3       sun.security.ssl.SSLAlgorithmDecomposer::decomposes (175 bytes)
Event: 1.213 Thread 0x00000223148a0800 1859       3       sun.security.ssl.SSLAlgorithmDecomposer::decomposes (81 bytes)
Event: 1.213 Thread 0x00000223148a6800 1861       3       sun.security.ssl.SSLAlgorithmConstraints::permits (96 bytes)
Event: 1.213 Thread 0x00000223148a0800 nmethod 1859 0x0000022300bcf010 code [0x0000022300bcf2e0, 0x0000022300bd0598]
Event: 1.214 Thread 0x000002231411b000 1860       4       java.util.regex.Matcher::search (154 bytes)
Event: 1.214 Thread 0x00000223148a6800 nmethod 1861 0x0000022300bd0a10 code [0x0000022300bd0c40, 0x0000022300bd13d8]
Event: 1.216 Thread 0x000002231411b000 nmethod 1860 0x0000022307c5c210 code [0x0000022307c5c3e0, 0x0000022307c5c778]
Event: 1.216 Thread 0x000002231411b000 1855       4       java.util.regex.ASCII::toLower (16 bytes)
Event: 1.217 Thread 0x000002231411b000 nmethod 1855 0x0000022307c5ca10 code [0x0000022307c5cba0, 0x0000022307c5cbf8]

GC Heap History (2 events):
Event: 0.724 GC heap before
{Heap before GC invocations=0 (full 0):
 garbage-first heap   total 258048K, used 24576K [0x0000000704800000, 0x0000000800000000)
  region size 1024K, 24 young (24576K), 0 survivors (0K)
 Metaspace       used 15436K, capacity 15755K, committed 16000K, reserved 1062912K
  class space    used 1444K, capacity 1592K, committed 1664K, reserved 1048576K
}
Event: 0.727 GC heap after
{Heap after GC invocations=1 (full 0):
 garbage-first heap   total 258048K, used 4078K [0x0000000704800000, 0x0000000800000000)
  region size 1024K, 3 young (3072K), 3 survivors (3072K)
 Metaspace       used 15436K, capacity 15755K, committed 16000K, reserved 1062912K
  class space    used 1444K, capacity 1592K, committed 1664K, reserved 1048576K
}

Deoptimization events (20 events):
Event: 1.142 Thread 0x000002236da22000 Uncommon trap: trap_request=0xffffff4d fr.pc=0x0000022307c3a944 relative=0x00000000000000a4
Event: 1.142 Thread 0x000002236da22000 Uncommon trap: reason=unstable_if action=reinterpret pc=0x0000022307c3a944 method=java.lang.CharacterDataLatin1.digit(II)I @ 12 c2
Event: 1.142 Thread 0x000002236da22000 DEOPT PACKING pc=0x0000022307c3a944 sp=0x000000e1b45fe300
Event: 1.142 Thread 0x000002236da22000 DEOPT UNPACKING pc=0x000002230004a1af sp=0x000000e1b45fe278 mode 2
Event: 1.145 Thread 0x000002236da22000 Uncommon trap: trap_request=0xffffff4d fr.pc=0x0000022307c41ce4 relative=0x0000000000001024
Event: 1.145 Thread 0x000002236da22000 Uncommon trap: reason=unstable_if action=reinterpret pc=0x0000022307c41ce4 method=java.util.concurrent.ConcurrentHashMap.putVal(Ljava/lang/Object;Ljava/lang/Object;Z)Ljava/lang/Object; @ 148 c2
Event: 1.145 Thread 0x000002236da22000 DEOPT PACKING pc=0x0000022307c41ce4 sp=0x000000e1b45fe280
Event: 1.145 Thread 0x000002236da22000 DEOPT UNPACKING pc=0x000002230004a1af sp=0x000000e1b45fe210 mode 2
Event: 1.170 Thread 0x000002236da22000 Uncommon trap: trap_request=0xffffff4d fr.pc=0x0000022307c53a28 relative=0x0000000000000388
Event: 1.170 Thread 0x000002236da22000 Uncommon trap: reason=unstable_if action=reinterpret pc=0x0000022307c53a28 method=java.io.ByteArrayInputStream.read([BII)I @ 35 c2
Event: 1.170 Thread 0x000002236da22000 DEOPT PACKING pc=0x0000022307c53a28 sp=0x000000e1b45fd540
Event: 1.170 Thread 0x000002236da22000 DEOPT UNPACKING pc=0x000002230004a1af sp=0x000000e1b45fd500 mode 2
Event: 1.209 Thread 0x000002236da22000 Uncommon trap: trap_request=0xffffff4d fr.pc=0x0000022307c43ae8 relative=0x0000000000000228
Event: 1.209 Thread 0x000002236da22000 Uncommon trap: reason=unstable_if action=reinterpret pc=0x0000022307c43ae8 method=java.util.HashMap.putVal(ILjava/lang/Object;Ljava/lang/Object;ZZ)Ljava/lang/Object; @ 162 c2
Event: 1.209 Thread 0x000002236da22000 DEOPT PACKING pc=0x0000022307c43ae8 sp=0x000000e1b45fc4c0
Event: 1.209 Thread 0x000002236da22000 DEOPT UNPACKING pc=0x000002230004a1af sp=0x000000e1b45fc450 mode 2
Event: 1.212 Thread 0x000002236da22000 Uncommon trap: trap_request=0xffffff4d fr.pc=0x0000022307c47edc relative=0x00000000000002fc
Event: 1.212 Thread 0x000002236da22000 Uncommon trap: reason=unstable_if action=reinterpret pc=0x0000022307c47edc method=java.util.regex.Pattern$SliceI.match(Ljava/util/regex/Matcher;ILjava/lang/CharSequence;)Z @ 29 c2
Event: 1.212 Thread 0x000002236da22000 DEOPT PACKING pc=0x0000022307c47edc sp=0x000000e1b45fde80
Event: 1.212 Thread 0x000002236da22000 DEOPT UNPACKING pc=0x000002230004a1af sp=0x000000e1b45fde18 mode 2

Classes redefined (0 events):
No events

Internal exceptions (20 events):
Event: 0.612 Thread 0x000002236da22000 Exception <a 'sun/nio/fs/WindowsException'{0x0000000712e74a78}> (0x0000000712e74a78) thrown at [./src/hotspot/share/prims/jni.cpp, line 616]
Event: 0.613 Thread 0x000002236da22000 Exception <a 'sun/nio/fs/WindowsException'{0x0000000712eafcd0}> (0x0000000712eafcd0) thrown at [./src/hotspot/share/prims/jni.cpp, line 616]
Event: 0.614 Thread 0x000002236da22000 Exception <a 'sun/nio/fs/WindowsException'{0x0000000712eb95e0}> (0x0000000712eb95e0) thrown at [./src/hotspot/share/prims/jni.cpp, line 616]
Event: 0.614 Thread 0x000002236da22000 Exception <a 'sun/nio/fs/WindowsException'{0x0000000712eb9a00}> (0x0000000712eb9a00) thrown at [./src/hotspot/share/prims/jni.cpp, line 616]
Event: 0.615 Thread 0x000002236da22000 Exception <a 'sun/nio/fs/WindowsException'{0x0000000712ef4a10}> (0x0000000712ef4a10) thrown at [./src/hotspot/share/prims/jni.cpp, line 616]
Event: 0.615 Thread 0x000002236da22000 Exception <a 'sun/nio/fs/WindowsException'{0x0000000712efe780}> (0x0000000712efe780) thrown at [./src/hotspot/share/prims/jni.cpp, line 616]
Event: 0.615 Thread 0x000002236da22000 Exception <a 'sun/nio/fs/WindowsException'{0x0000000712efeb40}> (0x0000000712efeb40) thrown at [./src/hotspot/share/prims/jni.cpp, line 616]
Event: 0.615 Thread 0x000002236da22000 Exception <a 'sun/nio/fs/WindowsException'{0x0000000712d03e38}> (0x0000000712d03e38) thrown at [./src/hotspot/share/prims/jni.cpp, line 616]
Event: 0.615 Thread 0x000002236da22000 Exception <a 'sun/nio/fs/WindowsException'{0x0000000712d0b790}> (0x0000000712d0b790) thrown at [./src/hotspot/share/prims/jni.cpp, line 616]
Event: 0.615 Thread 0x000002236da22000 Exception <a 'sun/nio/fs/WindowsException'{0x0000000712d0bb40}> (0x0000000712d0bb40) thrown at [./src/hotspot/share/prims/jni.cpp, line 616]
Event: 0.616 Thread 0x000002236da22000 Exception <a 'sun/nio/fs/WindowsException'{0x0000000712d0c2a8}> (0x0000000712d0c2a8) thrown at [./src/hotspot/share/prims/jni.cpp, line 616]
Event: 0.616 Thread 0x000002236da22000 Exception <a 'sun/nio/fs/WindowsException'{0x0000000712d0c818}> (0x0000000712d0c818) thrown at [./src/hotspot/share/prims/jni.cpp, line 616]
Event: 0.626 Thread 0x000002236da22000 Exception <a 'java/lang/NoSuchMethodError'{0x0000000712d87a98}: 'int java.lang.invoke.DirectMethodHandle$Holder.invokeSpecialIFC(java.lang.Object, java.lang.Object, int)'> (0x0000000712d87a98) thrown at [./src/hotspot/share/interpreter/linkResolver.cpp, line 773]
Event: 0.693 Thread 0x000002236da22000 Exception <a 'java/lang/NoSuchMethodError'{0x0000000712c94110}: 'java.lang.Object java.lang.invoke.DirectMethodHandle$Holder.invokeStaticInit(java.lang.Object, int, int, int, int)'> (0x0000000712c94110) thrown at [./src/hotspot/share/interpreter/linkResolver.cpp, line 773]
Event: 0.695 Thread 0x000002236da22000 Exception <a 'sun/nio/fs/WindowsException'{0x0000000712c9a708}> (0x0000000712c9a708) thrown at [./src/hotspot/share/prims/jni.cpp, line 616]
Event: 0.709 Thread 0x000002236da22000 Exception <a 'java/lang/NoSuchMethodError'{0x0000000712cb9380}: 'int java.lang.invoke.DirectMethodHandle$Holder.invokeStaticInit(java.lang.Object, java.lang.Object, java.lang.Object, java.lang.Object)'> (0x0000000712cb9380) thrown at [./src/hotspot/share/interpreter/linkResolver.cpp, line 773]
Event: 0.710 Thread 0x000002236da22000 Exception <a 'java/lang/IncompatibleClassChangeError'{0x0000000712cc25f0}: Found class java.lang.Object, but interface was expected> (0x0000000712cc25f0) thrown at [./src/hotspot/share/interpreter/linkResolver.cpp, line 839]
Event: 0.710 Thread 0x000002236da22000 Exception <a 'java/lang/NoSuchMethodError'{0x0000000712cc53a0}: 'void java.lang.invoke.DirectMethodHandle$Holder.invokeStaticInit(java.lang.Object, java.lang.Object)'> (0x0000000712cc53a0) thrown at [./src/hotspot/share/interpreter/linkResolver.cpp, line 773]
Event: 0.711 Thread 0x000002236da22000 Exception <a 'java/lang/NoSuchMethodError'{0x0000000712cca850}: 'int java.lang.invoke.DirectMethodHandle$Holder.invokeStaticInit(java.lang.Object, java.lang.Object)'> (0x0000000712cca850) thrown at [./src/hotspot/share/interpreter/linkResolver.cpp, line 773]
Event: 1.049 Thread 0x000002236da22000 Exception <a 'java/lang/NoSuchMethodError'{0x0000000713bb3f88}: 'java.lang.Object java.lang.invoke.DirectMethodHandle$Holder.invokeStaticInit(java.lang.Object, java.lang.Object, int, int, int, int)'> (0x0000000713bb3f88) thrown at [./src/hotspot/share/interpreter/linkResolver.cpp, line 773]

Events (20 events):
Event: 1.220 loading class sun/security/ssl/MaxFragExtension$SHMaxFragmentLengthUpdate done
Event: 1.220 loading class sun/security/ssl/MaxFragExtension$EEMaxFragmentLengthProducer
Event: 1.220 loading class sun/security/ssl/MaxFragExtension$EEMaxFragmentLengthProducer done
Event: 1.220 loading class sun/security/ssl/MaxFragExtension$EEMaxFragmentLengthConsumer
Event: 1.220 loading class sun/security/ssl/MaxFragExtension$EEMaxFragmentLengthConsumer done
Event: 1.220 loading class sun/security/ssl/MaxFragExtension$EEMaxFragmentLengthUpdate
Event: 1.220 loading class sun/security/ssl/MaxFragExtension$EEMaxFragmentLengthUpdate done
Event: 1.220 loading class sun/security/ssl/MaxFragExtension$MaxFragLenStringizer
Event: 1.220 loading class sun/security/ssl/MaxFragExtension$MaxFragLenStringizer done
Event: 1.220 loading class sun/security/ssl/CertStatusExtension
Event: 1.220 loading class sun/security/ssl/CertStatusExtension done
Event: 1.220 loading class sun/security/ssl/CertStatusExtension$CHCertStatusReqProducer
Event: 1.220 loading class sun/security/ssl/CertStatusExtension$CHCertStatusReqProducer done
Event: 1.220 loading class sun/security/ssl/CertStatusExtension$CHCertStatusReqConsumer
Event: 1.220 loading class sun/security/ssl/CertStatusExtension$CHCertStatusReqConsumer done
Event: 1.220 loading class sun/security/ssl/CertStatusExtension$SHCertStatusReqProducer
Event: 1.220 loading class sun/security/ssl/CertStatusExtension$SHCertStatusReqProducer done
Event: 1.220 loading class sun/security/ssl/CertStatusExtension$SHCertStatusReqConsumer
Event: 1.220 loading class sun/security/ssl/CertStatusExtension$SHCertStatusReqConsumer done
Event: 1.220 loading class sun/security/ssl/CertStatusExtension$CTCertStatusResponseProducer


Dynamic libraries:
0x00007ff626900000 - 0x00007ff62690d000 	C:\Program Files\Unity\Hub\Editor\2022.3.10f1\Editor\Data\PlaybackEngines\AndroidPlayer\OpenJDK\bin\java.exe
0x00007ffa228c0000 - 0x00007ffa22b29000 	C:\WINDOWS\SYSTEM32\ntdll.dll
0x00007ffa210f0000 - 0x00007ffa211b9000 	C:\WINDOWS\System32\KERNEL32.DLL
0x00007ffa20010000 - 0x00007ffa20403000 	C:\WINDOWS\System32\KERNELBASE.dll
0x00007ffa1fbd0000 - 0x00007ffa1fd1b000 	C:\WINDOWS\System32\ucrtbase.dll
0x00007ffa07790000 - 0x00007ffa077a7000 	C:\Program Files\Unity\Hub\Editor\2022.3.10f1\Editor\Data\PlaybackEngines\AndroidPlayer\OpenJDK\bin\jli.dll
0x00007ffa21860000 - 0x00007ffa21a24000 	C:\WINDOWS\System32\USER32.dll
0x00007ffa1fa50000 - 0x00007ffa1fa77000 	C:\WINDOWS\System32\win32u.dll
0x00007ffa21530000 - 0x00007ffa2155b000 	C:\WINDOWS\System32\GDI32.dll
0x00007ffa204d0000 - 0x00007ffa205fd000 	C:\WINDOWS\System32\gdi32full.dll
0x00007ffa1fb20000 - 0x00007ffa1fbc3000 	C:\WINDOWS\System32\msvcp_win.dll
0x00007ffa07770000 - 0x00007ffa07785000 	C:\Program Files\Unity\Hub\Editor\2022.3.10f1\Editor\Data\PlaybackEngines\AndroidPlayer\OpenJDK\bin\VCRUNTIME140.dll
0x00007ffa1ef00000 - 0x00007ffa1f193000 	C:\WINDOWS\WinSxS\amd64_microsoft.windows.common-controls_6595b64144ccf1df_6.0.26100.5074_none_3e0d6f78e32fd63f\COMCTL32.dll
0x00007ffa21a30000 - 0x00007ffa21ad9000 	C:\WINDOWS\System32\msvcrt.dll
0x00007ffa222f0000 - 0x00007ffa2231f000 	C:\WINDOWS\System32\IMM32.DLL
0x00007ff9ecbb0000 - 0x00007ff9ecd0c000 	C:\Program Files (x86)\Citrix\ICA Client\ctxapclient64.dll
0x00007ffa22500000 - 0x00007ffa2287b000 	C:\WINDOWS\System32\combase.dll
0x00007ffa223e0000 - 0x00007ffa224f8000 	C:\WINDOWS\System32\RPCRT4.dll
0x00007ffa14100000 - 0x00007ffa1410b000 	C:\WINDOWS\SYSTEM32\VERSION.dll
0x00007ffa1f940000 - 0x00007ffa1f966000 	C:\WINDOWS\SYSTEM32\bcrypt.dll
0x00007ffa20790000 - 0x00007ffa20844000 	C:\WINDOWS\System32\ADVAPI32.dll
0x00007ffa22330000 - 0x00007ffa223d6000 	C:\WINDOWS\System32\sechost.dll
0x00007ffa1f290000 - 0x00007ffa1f2c6000 	C:\WINDOWS\SYSTEM32\ntmarta.dll
0x000002236d040000 - 0x000002236d0d9000 	C:\WINDOWS\System32\bcryptprimitives.dll
0x00007ffa076d0000 - 0x00007ffa0776b000 	C:\Program Files\Unity\Hub\Editor\2022.3.10f1\Editor\Data\PlaybackEngines\AndroidPlayer\OpenJDK\bin\msvcp140.dll
0x00007ff913f30000 - 0x00007ff914ab1000 	C:\Program Files\Unity\Hub\Editor\2022.3.10f1\Editor\Data\PlaybackEngines\AndroidPlayer\OpenJDK\bin\server\jvm.dll
0x000002236b640000 - 0x000002236b648000 	C:\WINDOWS\System32\PSAPI.DLL
0x00007ff9f7630000 - 0x00007ff9f763a000 	C:\WINDOWS\SYSTEM32\WSOCK32.dll
0x00007ffa21070000 - 0x00007ffa210e4000 	C:\WINDOWS\System32\WS2_32.dll
0x00007ffa10c40000 - 0x00007ffa10c75000 	C:\WINDOWS\SYSTEM32\WINMM.dll
0x00007ffa1df90000 - 0x00007ffa1dfab000 	C:\WINDOWS\SYSTEM32\kernel.appcore.dll
0x00007ffa1afc0000 - 0x00007ffa1afd0000 	C:\Program Files\Unity\Hub\Editor\2022.3.10f1\Editor\Data\PlaybackEngines\AndroidPlayer\OpenJDK\bin\verify.dll
0x00007ffa1f360000 - 0x00007ffa1f5a2000 	C:\WINDOWS\SYSTEM32\DBGHELP.DLL
0x000002236d0e0000 - 0x000002236d1b7000 	C:\WINDOWS\System32\OLEAUT32.dll
0x00007ffa1f1c0000 - 0x00007ffa1f1fd000 	C:\WINDOWS\SYSTEM32\dbgcore.DLL
0x00007ffa076a0000 - 0x00007ffa076c8000 	C:\Program Files\Unity\Hub\Editor\2022.3.10f1\Editor\Data\PlaybackEngines\AndroidPlayer\OpenJDK\bin\java.dll
0x00007ffa17170000 - 0x00007ffa1717a000 	C:\Program Files\Unity\Hub\Editor\2022.3.10f1\Editor\Data\PlaybackEngines\AndroidPlayer\OpenJDK\bin\jimage.dll
0x00007ffa07680000 - 0x00007ffa07698000 	C:\Program Files\Unity\Hub\Editor\2022.3.10f1\Editor\Data\PlaybackEngines\AndroidPlayer\OpenJDK\bin\zip.dll
0x00007ffa208e0000 - 0x00007ffa2102d000 	C:\WINDOWS\System32\SHELL32.dll
0x00007ffa1fea0000 - 0x00007ffa2000c000 	C:\WINDOWS\System32\wintypes.dll
0x00007ffa1cc20000 - 0x00007ffa1d479000 	C:\WINDOWS\SYSTEM32\windows.storage.dll
0x00007ffa213c0000 - 0x00007ffa214b0000 	C:\WINDOWS\System32\SHCORE.dll
0x00007ffa214c0000 - 0x00007ffa21522000 	C:\WINDOWS\System32\shlwapi.dll
0x00007ffa1f970000 - 0x00007ffa1f999000 	C:\WINDOWS\SYSTEM32\profapi.dll
0x00007ffa07660000 - 0x00007ffa07679000 	C:\Program Files\Unity\Hub\Editor\2022.3.10f1\Editor\Data\PlaybackEngines\AndroidPlayer\OpenJDK\bin\net.dll
0x00007ffa15dd0000 - 0x00007ffa15eef000 	C:\WINDOWS\SYSTEM32\WINHTTP.dll
0x00007ffa1e560000 - 0x00007ffa1e5cb000 	C:\WINDOWS\system32\mswsock.dll
0x00007ffa07640000 - 0x00007ffa07653000 	C:\Program Files\Unity\Hub\Editor\2022.3.10f1\Editor\Data\PlaybackEngines\AndroidPlayer\OpenJDK\bin\nio.dll
0x00007ffa075d0000 - 0x00007ffa075f5000 	C:\Program Files\Unity\Hub\Editor\2022.3.10f1\Editor\Data\PlaybackEngines\AndroidPlayer\OpenJDK\bin\sunec.dll
0x00007ffa1f6b0000 - 0x00007ffa1f6cb000 	C:\WINDOWS\SYSTEM32\CRYPTSP.dll
0x00007ffa1e0b0000 - 0x00007ffa1e0eb000 	C:\WINDOWS\system32\rsaenh.dll
0x00007ffa1e600000 - 0x00007ffa1e62b000 	C:\WINDOWS\SYSTEM32\USERENV.dll
0x00007ffa1e980000 - 0x00007ffa1e98c000 	C:\WINDOWS\SYSTEM32\CRYPTBASE.dll
0x00007ffa1db00000 - 0x00007ffa1db34000 	C:\WINDOWS\SYSTEM32\IPHLPAPI.DLL
0x00007ffa21030000 - 0x00007ffa2103a000 	C:\WINDOWS\System32\NSI.dll
0x00007ffa16080000 - 0x00007ffa1609e000 	C:\WINDOWS\SYSTEM32\dhcpcsvc6.DLL
0x00007ffa16050000 - 0x00007ffa16073000 	C:\WINDOWS\SYSTEM32\dhcpcsvc.DLL
0x00007ffa1db40000 - 0x00007ffa1dc66000 	C:\WINDOWS\SYSTEM32\DNSAPI.dll
0x00007ffa149d0000 - 0x00007ffa149db000 	C:\Windows\System32\rasadhlp.dll
0x00007ffa162f0000 - 0x00007ffa16376000 	C:\WINDOWS\System32\fwpuclnt.dll
0x00007ffa0af80000 - 0x00007ffa0af8e000 	C:\Program Files\Unity\Hub\Editor\2022.3.10f1\Editor\Data\PlaybackEngines\AndroidPlayer\OpenJDK\bin\sunmscapi.dll
0x0000022316990000 - 0x0000022316b07000 	C:\WINDOWS\System32\CRYPT32.dll
0x00007ffa1ebc0000 - 0x00007ffa1ebf0000 	C:\WINDOWS\SYSTEM32\ncrypt.dll
0x00007ffa1eb70000 - 0x00007ffa1ebaf000 	C:\WINDOWS\SYSTEM32\NTASN1.dll

dbghelp: loaded successfully - version: 4.0.5 - missing functions: none
symbol engine: initialized successfully - sym options: 0x614 - pdb path: .;C:\Program Files\Unity\Hub\Editor\2022.3.10f1\Editor\Data\PlaybackEngines\AndroidPlayer\OpenJDK\bin;C:\WINDOWS\SYSTEM32;C:\WINDOWS\WinSxS\amd64_microsoft.windows.common-controls_6595b64144ccf1df_6.0.26100.5074_none_3e0d6f78e32fd63f;C:\Program Files (x86)\Citrix\ICA Client;C:\Program Files\Unity\Hub\Editor\2022.3.10f1\Editor\Data\PlaybackEngines\AndroidPlayer\OpenJDK\bin\server

VM Arguments:
jvm_args: -Dfile.encoding=UTF-8 -Dcom.android.sdklib.toolsdir=C:\Program Files\Unity\Hub\Editor\2022.3.10f1\Editor\Data\PlaybackEngines\AndroidPlayer\SDK\cmdline-tools\6.0\bin\\.. 
java_command: com.android.sdklib.tool.sdkmanager.SdkManagerCli --list
java_class_path (initial): C:\Program Files\Unity\Hub\Editor\2022.3.10f1\Editor\Data\PlaybackEngines\AndroidPlayer\SDK\cmdline-tools\6.0\bin\..\lib\sdkmanager-classpath.jar
Launcher Type: SUN_STANDARD

[Global flags]
     intx CICompilerCount                          = 15                                        {product} {ergonomic}
     uint ConcGCThreads                            = 6                                         {product} {ergonomic}
     uint G1ConcRefinementThreads                  = 23                                        {product} {ergonomic}
   size_t G1HeapRegionSize                         = 1048576                                   {product} {ergonomic}
    uintx GCDrainStackTargetSize                   = 64                                        {product} {ergonomic}
   size_t InitialHeapSize                          = 264241152                                 {product} {ergonomic}
   size_t MarkStackSize                            = 4194304                                   {product} {ergonomic}
   size_t MaxHeapSize                              = 4219469824                                {product} {ergonomic}
   size_t MaxNewSize                               = 2531262464                                {product} {ergonomic}
   size_t MinHeapDeltaBytes                        = 1048576                                   {product} {ergonomic}
    uintx NonNMethodCodeHeapSize                   = 8182140                                {pd product} {ergonomic}
    uintx NonProfiledCodeHeapSize                  = 121738050                              {pd product} {ergonomic}
    uintx ProfiledCodeHeapSize                     = 121738050                              {pd product} {ergonomic}
    uintx ReservedCodeCacheSize                    = 251658240                              {pd product} {ergonomic}
     bool SegmentedCodeCache                       = true                                      {product} {ergonomic}
     bool UseCompressedClassPointers               = true                                 {lp64_product} {ergonomic}
     bool UseCompressedOops                        = true                                 {lp64_product} {ergonomic}
     bool UseG1GC                                  = true                                      {product} {ergonomic}
     bool UseLargePagesIndividualAllocation        = false                                  {pd product} {ergonomic}

Logging:
Log output configuration:
 #0: stdout all=warning uptime,level,tags
 #1: stderr all=off uptime,level,tags

Environment Variables:
JAVA_HOME=C:\Program Files\Unity\Hub\Editor\2022.3.10f1\Editor\Data\PlaybackEngines\AndroidPlayer\OpenJDK
JAVA_TOOL_OPTIONS=-Dfile.encoding=UTF-8
CLASSPATH=C:\Program Files\Unity\Hub\Editor\2022.3.10f1\Editor\Data\PlaybackEngines\AndroidPlayer\SDK\cmdline-tools\6.0\bin\..\lib\sdkmanager-classpath.jar
PATH=C:\Program Files\Oculus\Support\oculus-runtime;C:\WINDOWS\system32;C:\WINDOWS;C:\WINDOWS\System32\Wbem;C:\WINDOWS\System32\WindowsPowerShell\v1.0\;C:\WINDOWS\System32\OpenSSH\;C:\Program Files\dotnet\;C:\Program Files (x86)\NVIDIA Corporation\PhysX\Common;C:\Program Files\NVIDIA Corporation\NVIDIA NvDLISR;C:\Program Files\Git\cmd;C:\Program Files\Docker\Docker\resources\bin;C:\Users\fredy\AppData\Roaming\nvm;C:\Program Files\nodejs;C:\Program Files\nodejs;C:\Users\fredy\AppData\Local\Programs\Python\Python311\Scripts\;C:\Users\fredy\AppData\Local\Programs\Python\Python311\;C:\Users\fredy\anaconda3;C:\Users\fredy\anaconda3\Library\mingw-w64\bin;C:\Users\fredy\anaconda3\Library\usr\bin;C:\Users\fredy\anaconda3\Library\bin;C:\Users\fredy\anaconda3\Scripts;C:\Users\fredy\AppData\Local\Programs\Python\Python313\Scripts\;C:\Users\fredy\AppData\Local\Programs\Python\Python313\;C:\Users\fredy\AppData\Local\Microsoft\WindowsApps;C:\Users\fredy\AppData\Roaming\nvm;C:\Program Files\nodejs;C:\Program Files\nodejs;C:\Users\fredy\AppData\Local\Programs\Microsoft VS Code\bin
USERNAME=fredy
OS=Windows_NT
PROCESSOR_IDENTIFIER=Intel64 Family 6 Model 183 Stepping 1, GenuineIntel



---------------  S Y S T E M  ---------------

OS: Windows 11 , 64 bit Build 26100 (10.0.26100.5074)
OS uptime: 0 days 0:23 hours
Hyper-V role detected

CPU:total 32 (initial active 32) (16 cores per cpu, 2 threads per core) family 6 model 183 stepping 1 microcode 0x11f, cmov, cx8, fxsr, mmx, sse, sse2, sse3, ssse3, sse4.1, sse4.2, popcnt, avx, avx2, aes, clmul, erms, 3dnowpref, lzcnt, ht, tsc, tscinvbit, bmi1, bmi2, adx, sha, fma

Memory: 4k page, system-wide physical 16088M (2376M free)
TotalPageFile size 36568M (AvailPageFile size 14845M)
current process WorkingSet (physical memory assigned to process): 105M, peak: 105M
current process commit charge ("private bytes"): 399M, peak: 399M

vm_info: OpenJDK 64-Bit Server VM (11.0.14.1+1) for windows-amd64 JRE (11.0.14.1+1), built on Feb  9 2022 01:48:27 by "" with unknown MS VC++:1916

END.
