#
# A fatal error has been detected by the Java Runtime Environment:
#
#  EXCEPTION_ACCESS_VIOLATION (0xc0000005) at pc=0x00007ff873ce31d7, pid=31000, tid=28632
#
# JRE version: OpenJDK Runtime Environment Temurin-11.0.14.1+1 (11.0.14.1+1) (build 11.0.14.1+1)
# Java VM: OpenJDK 64-Bit Server VM Temurin-11.0.14.1+1 (11.0.14.1+1, mixed mode, tiered, compressed oops, g1 gc, windows-amd64)
# Problematic frame:
# V  [jvm.dll+0x5131d7]
#
# No core dump will be written. Minidumps are not enabled by default on client versions of Windows
#
# If you would like to submit a bug report, please visit:
#   https://github.com/adoptium/adoptium-support/issues
#

---------------  S U M M A R Y ------------

Command Line: -Dfile.encoding=UTF-8 -Dcom.android.sdklib.toolsdir=C:\Program Files\Unity\Hub\Editor\2022.3.10f1\Editor\Data\PlaybackEngines\AndroidPlayer\SDK\cmdline-tools\6.0\bin\\.. com.android.sdklib.tool.sdkmanager.SdkManagerCli --list

Host: Intel(R) Core(TM) i9-14900HX, 32 cores, 15G,  Windows 11 , 64 bit Build 26100 (10.0.26100.5074)
Time: Wed Sep 17 18:27:53 2025 SA Pacific Standard Time elapsed time: 1.516863 seconds (0d 0h 0m 1s)

---------------  T H R E A D  ---------------

Current thread (0x000001344b901000):  JavaThread "C2 CompilerThread0" daemon [_thread_in_native, id=28632, stack(0x0000001336400000,0x0000001336500000)]


Current CompileTask:
C2:   1516 1908       4       java.lang.StringLatin1::toUpperCase (180 bytes)

Stack: [0x0000001336400000,0x0000001336500000],  sp=0x00000013364fb670,  free space=1005k
Native frames: (J=compiled Java code, j=interpreted, Vv=VM code, C=native code)
V  [jvm.dll+0x5131d7]
V  [jvm.dll+0x325bc2]
V  [jvm.dll+0x324eca]
V  [jvm.dll+0x208c05]
V  [jvm.dll+0x207ded]
V  [jvm.dll+0x18a2c1]
V  [jvm.dll+0x217734]
V  [jvm.dll+0x21597b]
V  [jvm.dll+0x76d7c0]
V  [jvm.dll+0x766724]
V  [jvm.dll+0x61d3f6]
C  [ucrtbase.dll+0x37b0]
C  [KERNEL32.DLL+0x2e8d7]
C  [ntdll.dll+0x8d9c]


siginfo: EXCEPTION_ACCESS_VIOLATION (0xc0000005), reading address 0x000009b59c1e1d30


Register to memory mapping:

RIP=0x00007ff873ce31d7 jvm.dll
RAX=0x00000013364fbc30 is pointing into the stack for thread: 0x000001344b901000
RBX=0x00000013364fb9f0 is pointing into the stack for thread: 0x000001344b901000
RCX=0x000001344bcc24d8 points into unknown readable memory: 0x00007ff87404d7e0 | e0 d7 04 74 f8 7f 00 00
RDX=0x000000000000000f is an unknown value
RSP=0x00000013364fb670 is pointing into the stack for thread: 0x000001344b901000
RBP=0x0000000000000020 is an unknown value
RSI=0x000001344c3818d0 points into unknown readable memory: 0x00007ff87404d7e0 | e0 d7 04 74 f8 7f 00 00
RDI=0x0000000000000013 is an unknown value
R8 =0x000001344cb9cc20 points into unknown readable memory: 0x0000000000004000 | 00 40 00 00 00 00 00 00
R9 =0x0 is NULL
R10=0x00007ff87427ba40 jvm.dll
R11=0x00000013364fb668 is pointing into the stack for thread: 0x000001344b901000
R12=0x0000000000000002 is an unknown value
R13=0x000001344c0baff0 points into unknown readable memory: 0x0000013400000001 | 01 00 00 00 34 01 00 00
R14=0x000000000000000d is an unknown value
R15=0x000001344c2ce160 points into unknown readable memory: 0x00007ff874005c60 | 60 5c 00 74 f8 7f 00 00


Registers:
RAX=0x00000013364fbc30, RBX=0x00000013364fb9f0, RCX=0x000001344bcc24d8, RDX=0x000000000000000f
RSP=0x00000013364fb670, RBP=0x0000000000000020, RSI=0x000001344c3818d0, RDI=0x0000000000000013
R8 =0x000001344cb9cc20, R9 =0x0000000000000000, R10=0x00007ff87427ba40, R11=0x00000013364fb668
R12=0x0000000000000002, R13=0x000001344c0baff0, R14=0x000000000000000d, R15=0x000001344c2ce160
RIP=0x00007ff873ce31d7, EFLAGS=0x0000000000010202

Top of Stack: (sp=0x00000013364fb670)
0x00000013364fb670:   00000013364fb9f0 000001344c3800f0
0x00000013364fb680:   0000000000000008 00000013364fb6c0
0x00000013364fb690:   000001344c0b5c20 000001344b8ea820
0x00000013364fb6a0:   000001344bee0d00 000000000004c9d8
0x00000013364fb6b0:   000001344bee8000 000001344bee8ce8
0x00000013364fb6c0:   00007ff8740d4cc8 000001344b8ea820
0x00000013364fb6d0:   0000000000000002 000001344c0ba4a0
0x00000013364fb6e0:   000001344cd75720 000001344c8a2790
0x00000013364fb6f0:   0000000000000000 000001344c8a27a0
0x00000013364fb700:   00000000000003d8 00000000000003a0
0x00000013364fb710:   00000000ffffff01 00000013364fb830
0x00000013364fb720:   00000013364fbc30 00007ff873af5bc2
0x00000013364fb730:   0000001300000086 0000001300000003
0x00000013364fb740:   000001344c0baff0 000001344c3818d0
0x00000013364fb750:   000001341fffff01 0000000000000000
0x00000013364fb760:   0000000000000000 00007ff873a54235 

Instructions: (pc=0x00007ff873ce31d7)
0x00007ff873ce30d7:   41 8b 47 2c 83 e0 0f 3c 0c 0f 84 81 01 00 00 48
0x00007ff873ce30e7:   8b 43 48 49 63 57 28 48 8b 48 18 8b 3c 91 85 ff
0x00007ff873ce30f7:   74 58 49 8b 45 08 8b cf 48 c1 e9 08 8b f7 4c 8b
0x00007ff873ce3107:   04 c8 4d 3b c2 75 14 8b d7 49 8b cd e8 08 b5 e4
0x00007ff873ce3117:   ff 4c 8b c0 4c 8d 15 1e 89 59 00 48 c1 ee 05 8b
0x00007ff873ce3127:   cf 83 e6 07 83 e1 1f ba 01 00 00 00 d3 e2 41 8b
0x00007ff873ce3137:   0c b0 8b c1 0b c2 41 89 04 b0 48 8b b4 24 d8 00
0x00007ff873ce3147:   00 00 85 ca 75 04 41 ff 45 00 49 8b 46 08 48 8b
0x00007ff873ce3157:   d7 48 c1 ea 08 4c 8b cf 49 c1 e9 05 83 e7 1f 41
0x00007ff873ce3167:   83 e1 07 40 0f b6 cf 4c 8b 04 d0 ba 01 00 00 00
0x00007ff873ce3177:   d3 e2 8b c2 f7 d0 43 8b 0c 88 23 c1 43 89 04 88
0x00007ff873ce3187:   85 ca 74 03 41 ff 0e 41 8b 47 18 83 f8 01 0f 86
0x00007ff873ce3197:   b5 00 00 00 4c 8b ac 24 d0 00 00 00 44 8d 70 ff
0x00007ff873ce31a7:   bd 08 00 00 00 0f 1f 40 00 49 8b 47 08 48 8b 0c
0x00007ff873ce31b7:   28 48 8b 43 40 8b 51 28 48 8b 48 78 48 39 34 d1
0x00007ff873ce31c7:   74 6c 48 8b 43 48 48 63 d2 48 8b 48 18 8b 3c 91
0x00007ff873ce31d7:   85 ff 74 5a 49 8b 45 08 8b d7 48 c1 ea 08 8b f7
0x00007ff873ce31e7:   4c 8b 04 d0 4d 3b c2 75 14 8b d7 49 8b cd e8 26
0x00007ff873ce31f7:   b4 e4 ff 4c 8b c0 4c 8d 15 3c 88 59 00 48 c1 ee
0x00007ff873ce3207:   05 83 e7 1f 83 e6 07 40 0f b6 cf ba 01 00 00 00
0x00007ff873ce3217:   d3 e2 41 8b 0c b0 8b c1 0b c2 41 89 04 b0 48 8b
0x00007ff873ce3227:   b4 24 d8 00 00 00 85 ca 75 04 41 ff 45 00 48 83
0x00007ff873ce3237:   c5 08 49 83 ee 01 0f 85 6d ff ff ff 4c 8b 6c 24
0x00007ff873ce3247:   20 4c 8b b4 24 d0 00 00 00 44 89 a4 24 c8 00 00
0x00007ff873ce3257:   00 45 8b fc 41 83 fc 01 0f 87 5b fe ff ff eb 08
0x00007ff873ce3267:   44 8b bc 24 c8 00 00 00 45 33 e4 41 8b ef 45 85
0x00007ff873ce3277:   ff 0f 84 ca 00 00 00 66 90 ff cd 3b 6e 18 73 0a
0x00007ff873ce3287:   48 8b 46 20 48 8b 14 e8 eb 03 49 8b d4 48 8b 43
0x00007ff873ce3297:   48 48 63 52 28 48 8b 48 18 8b 3c 91 85 ff 74 5c
0x00007ff873ce32a7:   49 8b 45 08 8b cf 48 c1 e9 08 8b f7 4c 8b 0c c8
0x00007ff873ce32b7:   4d 3b ca 75 14 8b d7 49 8b cd e8 5a b3 e4 ff 4c
0x00007ff873ce32c7:   8b c8 4c 8d 15 70 87 59 00 48 c1 ee 05 8b cf 83 


Stack slot to memory mapping:
stack at sp + 0 slots: 0x00000013364fb9f0 is pointing into the stack for thread: 0x000001344b901000
stack at sp + 1 slots: 0x000001344c3800f0 points into unknown readable memory: 0x00007ff87404d7e0 | e0 d7 04 74 f8 7f 00 00
stack at sp + 2 slots: 0x0000000000000008 is an unknown value
stack at sp + 3 slots: 0x00000013364fb6c0 is pointing into the stack for thread: 0x000001344b901000
stack at sp + 4 slots: 0x000001344c0b5c20 points into unknown readable memory: 0x0000013400000001 | 01 00 00 00 34 01 00 00
stack at sp + 5 slots: 0x000001344b8ea820 points into unknown readable memory: 0x2f61766100000006 | 06 00 00 00 61 76 61 2f
stack at sp + 6 slots: 0x000001344bee0d00 points into unknown readable memory: 0x000001344c0b3b90 | 90 3b 0b 4c 34 01 00 00
stack at sp + 7 slots: 0x000000000004c9d8 is an unknown value


---------------  P R O C E S S  ---------------

Threads class SMR info:
_java_thread_list=0x000001344cce3300, length=15, elements={
0x00000134252b4000, 0x000001344b887000, 0x000001344b88a000, 0x000001344b8e9800,
0x000001344b8ec000, 0x000001344b8f0000, 0x000001344b901000, 0x000001344b902000,
0x000001344b905000, 0x000001344ba37000, 0x000001344babc800, 0x000001344c16a800,
0x000001344c187800, 0x000001344c188800, 0x000001344ccd1800
}

Java Threads: ( => current thread )
  0x00000134252b4000 JavaThread "main" [_thread_in_vm, id=29116, stack(0x0000001335700000,0x0000001335800000)]
  0x000001344b887000 JavaThread "Reference Handler" daemon [_thread_blocked, id=28860, stack(0x0000001335f00000,0x0000001336000000)]
  0x000001344b88a000 JavaThread "Finalizer" daemon [_thread_blocked, id=29416, stack(0x0000001336000000,0x0000001336100000)]
  0x000001344b8e9800 JavaThread "Signal Dispatcher" daemon [_thread_blocked, id=29692, stack(0x0000001336100000,0x0000001336200000)]
  0x000001344b8ec000 JavaThread "Attach Listener" daemon [_thread_blocked, id=29328, stack(0x0000001336200000,0x0000001336300000)]
  0x000001344b8f0000 JavaThread "Service Thread" daemon [_thread_blocked, id=28668, stack(0x0000001336300000,0x0000001336400000)]
=>0x000001344b901000 JavaThread "C2 CompilerThread0" daemon [_thread_in_native, id=28632, stack(0x0000001336400000,0x0000001336500000)]
  0x000001344b902000 JavaThread "C1 CompilerThread0" daemon [_thread_in_native, id=28340, stack(0x0000001336500000,0x0000001336600000)]
  0x000001344b905000 JavaThread "Sweeper thread" daemon [_thread_blocked, id=28208, stack(0x0000001336600000,0x0000001336700000)]
  0x000001344ba37000 JavaThread "C1 CompilerThread1" daemon [_thread_in_native, id=27812, stack(0x0000001336700000,0x0000001336800000)]
  0x000001344babc800 JavaThread "Common-Cleaner" daemon [_thread_blocked, id=27764, stack(0x0000001336900000,0x0000001336a00000)]
  0x000001344c16a800 JavaThread "C1 CompilerThread2" daemon [_thread_in_vm, id=29216, stack(0x0000001336b00000,0x0000001336c00000)]
  0x000001344c187800 JavaThread "C1 CompilerThread3" daemon [_thread_in_native, id=29220, stack(0x0000001336c00000,0x0000001336d00000)]
  0x000001344c188800 JavaThread "C1 CompilerThread4" daemon [_thread_in_native, id=27468, stack(0x0000001336d00000,0x0000001336e00000)]
  0x000001344ccd1800 JavaThread "C2 CompilerThread1" daemon [_thread_in_native, id=27808, stack(0x0000001336a00000,0x0000001336b00000)]

Other Threads:
  0x000001344b863800 VMThread "VM Thread" [stack: 0x0000001335e00000,0x0000001335f00000] [id=29008]
  0x000001344ba7b800 WatcherThread [stack: 0x0000001336800000,0x0000001336900000] [id=27836]
  0x00000134252ca800 GCTaskThread "GC Thread#0" [stack: 0x0000001335900000,0x0000001335a00000] [id=29188]
  0x000001344cd9f800 GCTaskThread "GC Thread#1" [stack: 0x0000001337000000,0x0000001337100000] [id=28640]
  0x000001344cda0000 GCTaskThread "GC Thread#2" [stack: 0x0000001337100000,0x0000001337200000] [id=28336]
  0x000001344cda0800 GCTaskThread "GC Thread#3" [stack: 0x0000001337200000,0x0000001337300000] [id=28332]
  0x000001344cda1800 GCTaskThread "GC Thread#4" [stack: 0x0000001337300000,0x0000001337400000] [id=28564]
  0x000001344cda2000 GCTaskThread "GC Thread#5" [stack: 0x0000001337400000,0x0000001337500000] [id=29496]
  0x000001342532c800 ConcurrentGCThread "G1 Main Marker" [stack: 0x0000001335a00000,0x0000001335b00000] [id=6168]
  0x0000013425334800 ConcurrentGCThread "G1 Conc#0" [stack: 0x0000001335b00000,0x0000001335c00000] [id=29180]
  0x0000013425330000 ConcurrentGCThread "G1 Refine#0" [stack: 0x0000001335c00000,0x0000001335d00000] [id=29020]
  0x0000013449ca9800 ConcurrentGCThread "G1 Young RemSet Sampling" [stack: 0x0000001335d00000,0x0000001335e00000] [id=26824]

Threads with active compile tasks:
C2 CompilerThread0   1555 1908       4       java.lang.StringLatin1::toUpperCase (180 bytes)
C1 CompilerThread0   1555 1947   !   3       sun.security.x509.AVA::toRFC2253CanonicalString (487 bytes)
C1 CompilerThread1   1555 1955       3       java.lang.StringCoding$StringDecoder::charsetName (31 bytes)
C1 CompilerThread2   1555 1950       3       sun.security.util.ObjectIdentifier::toString (284 bytes)
C1 CompilerThread3   1555 1948       3       sun.text.normalizer.NormalizerImpl::decompose (302 bytes)
C1 CompilerThread4   1555 1938   !   3       java.lang.StringCoding::decode (165 bytes)
C2 CompilerThread1   1555 1951       4       java.util.HashMap::get (23 bytes)

VM state:not at safepoint (normal execution)

VM Mutex/Monitor currently owned by a thread: None

Heap address: 0x0000000704800000, size: 4024 MB, Compressed Oops mode: Zero based, Oop shift amount: 3
Narrow klass base: 0x0000000800000000, Narrow klass shift: 0
Compressed class space size: 1073741824 Address: 0x0000000800000000

Heap:
 garbage-first heap   total 258048K, used 15372K [0x0000000704800000, 0x0000000800000000)
  region size 1024K, 15 young (15360K), 3 survivors (3072K)
 Metaspace       used 20224K, capacity 20575K, committed 20864K, reserved 1069056K
  class space    used 1963K, capacity 2105K, committed 2176K, reserved 1048576K
Heap Regions: E=young(eden), S=young(survivor), O=old, HS=humongous(starts), HC=humongous(continues), CS=collection set, F=free, A=archive, TAMS=top-at-mark-start (previous, next)
|   0|0x0000000704800000, 0x0000000704800000, 0x0000000704900000|  0%| F|  |TAMS 0x0000000704800000, 0x0000000704800000| Untracked 
|   1|0x0000000704900000, 0x0000000704a00000, 0x0000000704a00000|100%| O|  |TAMS 0x0000000704900000, 0x0000000704900000| Untracked 
|   2|0x0000000704a00000, 0x0000000704a03200, 0x0000000704b00000|  1%| O|  |TAMS 0x0000000704a00000, 0x0000000704a00000| Untracked 
|   3|0x0000000704b00000, 0x0000000704b00000, 0x0000000704c00000|  0%| F|  |TAMS 0x0000000704b00000, 0x0000000704b00000| Untracked 
|   4|0x0000000704c00000, 0x0000000704c00000, 0x0000000704d00000|  0%| F|  |TAMS 0x0000000704c00000, 0x0000000704c00000| Untracked 
|   5|0x0000000704d00000, 0x0000000704d00000, 0x0000000704e00000|  0%| F|  |TAMS 0x0000000704d00000, 0x0000000704d00000| Untracked 
|   6|0x0000000704e00000, 0x0000000704e00000, 0x0000000704f00000|  0%| F|  |TAMS 0x0000000704e00000, 0x0000000704e00000| Untracked 
|   7|0x0000000704f00000, 0x0000000704f00000, 0x0000000705000000|  0%| F|  |TAMS 0x0000000704f00000, 0x0000000704f00000| Untracked 
|   8|0x0000000705000000, 0x0000000705000000, 0x0000000705100000|  0%| F|  |TAMS 0x0000000705000000, 0x0000000705000000| Untracked 
|   9|0x0000000705100000, 0x0000000705100000, 0x0000000705200000|  0%| F|  |TAMS 0x0000000705100000, 0x0000000705100000| Untracked 
|  10|0x0000000705200000, 0x0000000705200000, 0x0000000705300000|  0%| F|  |TAMS 0x0000000705200000, 0x0000000705200000| Untracked 
|  11|0x0000000705300000, 0x0000000705300000, 0x0000000705400000|  0%| F|  |TAMS 0x0000000705300000, 0x0000000705300000| Untracked 
|  12|0x0000000705400000, 0x0000000705400000, 0x0000000705500000|  0%| F|  |TAMS 0x0000000705400000, 0x0000000705400000| Untracked 
|  13|0x0000000705500000, 0x0000000705500000, 0x0000000705600000|  0%| F|  |TAMS 0x0000000705500000, 0x0000000705500000| Untracked 
|  14|0x0000000705600000, 0x0000000705600000, 0x0000000705700000|  0%| F|  |TAMS 0x0000000705600000, 0x0000000705600000| Untracked 
|  15|0x0000000705700000, 0x0000000705700000, 0x0000000705800000|  0%| F|  |TAMS 0x0000000705700000, 0x0000000705700000| Untracked 
|  16|0x0000000705800000, 0x0000000705800000, 0x0000000705900000|  0%| F|  |TAMS 0x0000000705800000, 0x0000000705800000| Untracked 
|  17|0x0000000705900000, 0x0000000705900000, 0x0000000705a00000|  0%| F|  |TAMS 0x0000000705900000, 0x0000000705900000| Untracked 
|  18|0x0000000705a00000, 0x0000000705a00000, 0x0000000705b00000|  0%| F|  |TAMS 0x0000000705a00000, 0x0000000705a00000| Untracked 
|  19|0x0000000705b00000, 0x0000000705b00000, 0x0000000705c00000|  0%| F|  |TAMS 0x0000000705b00000, 0x0000000705b00000| Untracked 
|  20|0x0000000705c00000, 0x0000000705c00000, 0x0000000705d00000|  0%| F|  |TAMS 0x0000000705c00000, 0x0000000705c00000| Untracked 
|  21|0x0000000705d00000, 0x0000000705d00000, 0x0000000705e00000|  0%| F|  |TAMS 0x0000000705d00000, 0x0000000705d00000| Untracked 
|  22|0x0000000705e00000, 0x0000000705e00000, 0x0000000705f00000|  0%| F|  |TAMS 0x0000000705e00000, 0x0000000705e00000| Untracked 
|  23|0x0000000705f00000, 0x0000000705f00000, 0x0000000706000000|  0%| F|  |TAMS 0x0000000705f00000, 0x0000000705f00000| Untracked 
|  24|0x0000000706000000, 0x0000000706000000, 0x0000000706100000|  0%| F|  |TAMS 0x0000000706000000, 0x0000000706000000| Untracked 
|  25|0x0000000706100000, 0x0000000706100000, 0x0000000706200000|  0%| F|  |TAMS 0x0000000706100000, 0x0000000706100000| Untracked 
|  26|0x0000000706200000, 0x0000000706200000, 0x0000000706300000|  0%| F|  |TAMS 0x0000000706200000, 0x0000000706200000| Untracked 
|  27|0x0000000706300000, 0x0000000706300000, 0x0000000706400000|  0%| F|  |TAMS 0x0000000706300000, 0x0000000706300000| Untracked 
|  28|0x0000000706400000, 0x0000000706400000, 0x0000000706500000|  0%| F|  |TAMS 0x0000000706400000, 0x0000000706400000| Untracked 
|  29|0x0000000706500000, 0x0000000706500000, 0x0000000706600000|  0%| F|  |TAMS 0x0000000706500000, 0x0000000706500000| Untracked 
|  30|0x0000000706600000, 0x0000000706600000, 0x0000000706700000|  0%| F|  |TAMS 0x0000000706600000, 0x0000000706600000| Untracked 
|  31|0x0000000706700000, 0x0000000706700000, 0x0000000706800000|  0%| F|  |TAMS 0x0000000706700000, 0x0000000706700000| Untracked 
|  32|0x0000000706800000, 0x0000000706800000, 0x0000000706900000|  0%| F|  |TAMS 0x0000000706800000, 0x0000000706800000| Untracked 
|  33|0x0000000706900000, 0x0000000706900000, 0x0000000706a00000|  0%| F|  |TAMS 0x0000000706900000, 0x0000000706900000| Untracked 
|  34|0x0000000706a00000, 0x0000000706a00000, 0x0000000706b00000|  0%| F|  |TAMS 0x0000000706a00000, 0x0000000706a00000| Untracked 
|  35|0x0000000706b00000, 0x0000000706b00000, 0x0000000706c00000|  0%| F|  |TAMS 0x0000000706b00000, 0x0000000706b00000| Untracked 
|  36|0x0000000706c00000, 0x0000000706c00000, 0x0000000706d00000|  0%| F|  |TAMS 0x0000000706c00000, 0x0000000706c00000| Untracked 
|  37|0x0000000706d00000, 0x0000000706d00000, 0x0000000706e00000|  0%| F|  |TAMS 0x0000000706d00000, 0x0000000706d00000| Untracked 
|  38|0x0000000706e00000, 0x0000000706e00000, 0x0000000706f00000|  0%| F|  |TAMS 0x0000000706e00000, 0x0000000706e00000| Untracked 
|  39|0x0000000706f00000, 0x0000000706f00000, 0x0000000707000000|  0%| F|  |TAMS 0x0000000706f00000, 0x0000000706f00000| Untracked 
|  40|0x0000000707000000, 0x0000000707000000, 0x0000000707100000|  0%| F|  |TAMS 0x0000000707000000, 0x0000000707000000| Untracked 
|  41|0x0000000707100000, 0x0000000707100000, 0x0000000707200000|  0%| F|  |TAMS 0x0000000707100000, 0x0000000707100000| Untracked 
|  42|0x0000000707200000, 0x0000000707200000, 0x0000000707300000|  0%| F|  |TAMS 0x0000000707200000, 0x0000000707200000| Untracked 
|  43|0x0000000707300000, 0x0000000707300000, 0x0000000707400000|  0%| F|  |TAMS 0x0000000707300000, 0x0000000707300000| Untracked 
|  44|0x0000000707400000, 0x0000000707400000, 0x0000000707500000|  0%| F|  |TAMS 0x0000000707400000, 0x0000000707400000| Untracked 
|  45|0x0000000707500000, 0x0000000707500000, 0x0000000707600000|  0%| F|  |TAMS 0x0000000707500000, 0x0000000707500000| Untracked 
|  46|0x0000000707600000, 0x0000000707600000, 0x0000000707700000|  0%| F|  |TAMS 0x0000000707600000, 0x0000000707600000| Untracked 
|  47|0x0000000707700000, 0x0000000707700000, 0x0000000707800000|  0%| F|  |TAMS 0x0000000707700000, 0x0000000707700000| Untracked 
|  48|0x0000000707800000, 0x0000000707800000, 0x0000000707900000|  0%| F|  |TAMS 0x0000000707800000, 0x0000000707800000| Untracked 
|  49|0x0000000707900000, 0x0000000707900000, 0x0000000707a00000|  0%| F|  |TAMS 0x0000000707900000, 0x0000000707900000| Untracked 
|  50|0x0000000707a00000, 0x0000000707a00000, 0x0000000707b00000|  0%| F|  |TAMS 0x0000000707a00000, 0x0000000707a00000| Untracked 
|  51|0x0000000707b00000, 0x0000000707b00000, 0x0000000707c00000|  0%| F|  |TAMS 0x0000000707b00000, 0x0000000707b00000| Untracked 
|  52|0x0000000707c00000, 0x0000000707c00000, 0x0000000707d00000|  0%| F|  |TAMS 0x0000000707c00000, 0x0000000707c00000| Untracked 
|  53|0x0000000707d00000, 0x0000000707d00000, 0x0000000707e00000|  0%| F|  |TAMS 0x0000000707d00000, 0x0000000707d00000| Untracked 
|  54|0x0000000707e00000, 0x0000000707e00000, 0x0000000707f00000|  0%| F|  |TAMS 0x0000000707e00000, 0x0000000707e00000| Untracked 
|  55|0x0000000707f00000, 0x0000000707f00000, 0x0000000708000000|  0%| F|  |TAMS 0x0000000707f00000, 0x0000000707f00000| Untracked 
|  56|0x0000000708000000, 0x0000000708000000, 0x0000000708100000|  0%| F|  |TAMS 0x0000000708000000, 0x0000000708000000| Untracked 
|  57|0x0000000708100000, 0x0000000708100000, 0x0000000708200000|  0%| F|  |TAMS 0x0000000708100000, 0x0000000708100000| Untracked 
|  58|0x0000000708200000, 0x0000000708200000, 0x0000000708300000|  0%| F|  |TAMS 0x0000000708200000, 0x0000000708200000| Untracked 
|  59|0x0000000708300000, 0x0000000708300000, 0x0000000708400000|  0%| F|  |TAMS 0x0000000708300000, 0x0000000708300000| Untracked 
|  60|0x0000000708400000, 0x0000000708400000, 0x0000000708500000|  0%| F|  |TAMS 0x0000000708400000, 0x0000000708400000| Untracked 
|  61|0x0000000708500000, 0x0000000708500000, 0x0000000708600000|  0%| F|  |TAMS 0x0000000708500000, 0x0000000708500000| Untracked 
|  62|0x0000000708600000, 0x0000000708600000, 0x0000000708700000|  0%| F|  |TAMS 0x0000000708600000, 0x0000000708600000| Untracked 
|  63|0x0000000708700000, 0x0000000708700000, 0x0000000708800000|  0%| F|  |TAMS 0x0000000708700000, 0x0000000708700000| Untracked 
|  64|0x0000000708800000, 0x0000000708800000, 0x0000000708900000|  0%| F|  |TAMS 0x0000000708800000, 0x0000000708800000| Untracked 
|  65|0x0000000708900000, 0x0000000708900000, 0x0000000708a00000|  0%| F|  |TAMS 0x0000000708900000, 0x0000000708900000| Untracked 
|  66|0x0000000708a00000, 0x0000000708a00000, 0x0000000708b00000|  0%| F|  |TAMS 0x0000000708a00000, 0x0000000708a00000| Untracked 
|  67|0x0000000708b00000, 0x0000000708b00000, 0x0000000708c00000|  0%| F|  |TAMS 0x0000000708b00000, 0x0000000708b00000| Untracked 
|  68|0x0000000708c00000, 0x0000000708c00000, 0x0000000708d00000|  0%| F|  |TAMS 0x0000000708c00000, 0x0000000708c00000| Untracked 
|  69|0x0000000708d00000, 0x0000000708d00000, 0x0000000708e00000|  0%| F|  |TAMS 0x0000000708d00000, 0x0000000708d00000| Untracked 
|  70|0x0000000708e00000, 0x0000000708e00000, 0x0000000708f00000|  0%| F|  |TAMS 0x0000000708e00000, 0x0000000708e00000| Untracked 
|  71|0x0000000708f00000, 0x0000000708f00000, 0x0000000709000000|  0%| F|  |TAMS 0x0000000708f00000, 0x0000000708f00000| Untracked 
|  72|0x0000000709000000, 0x0000000709000000, 0x0000000709100000|  0%| F|  |TAMS 0x0000000709000000, 0x0000000709000000| Untracked 
|  73|0x0000000709100000, 0x0000000709100000, 0x0000000709200000|  0%| F|  |TAMS 0x0000000709100000, 0x0000000709100000| Untracked 
|  74|0x0000000709200000, 0x0000000709200000, 0x0000000709300000|  0%| F|  |TAMS 0x0000000709200000, 0x0000000709200000| Untracked 
|  75|0x0000000709300000, 0x0000000709300000, 0x0000000709400000|  0%| F|  |TAMS 0x0000000709300000, 0x0000000709300000| Untracked 
|  76|0x0000000709400000, 0x0000000709400000, 0x0000000709500000|  0%| F|  |TAMS 0x0000000709400000, 0x0000000709400000| Untracked 
|  77|0x0000000709500000, 0x0000000709500000, 0x0000000709600000|  0%| F|  |TAMS 0x0000000709500000, 0x0000000709500000| Untracked 
|  78|0x0000000709600000, 0x0000000709600000, 0x0000000709700000|  0%| F|  |TAMS 0x0000000709600000, 0x0000000709600000| Untracked 
|  79|0x0000000709700000, 0x0000000709700000, 0x0000000709800000|  0%| F|  |TAMS 0x0000000709700000, 0x0000000709700000| Untracked 
|  80|0x0000000709800000, 0x0000000709800000, 0x0000000709900000|  0%| F|  |TAMS 0x0000000709800000, 0x0000000709800000| Untracked 
|  81|0x0000000709900000, 0x0000000709900000, 0x0000000709a00000|  0%| F|  |TAMS 0x0000000709900000, 0x0000000709900000| Untracked 
|  82|0x0000000709a00000, 0x0000000709a00000, 0x0000000709b00000|  0%| F|  |TAMS 0x0000000709a00000, 0x0000000709a00000| Untracked 
|  83|0x0000000709b00000, 0x0000000709b00000, 0x0000000709c00000|  0%| F|  |TAMS 0x0000000709b00000, 0x0000000709b00000| Untracked 
|  84|0x0000000709c00000, 0x0000000709c00000, 0x0000000709d00000|  0%| F|  |TAMS 0x0000000709c00000, 0x0000000709c00000| Untracked 
|  85|0x0000000709d00000, 0x0000000709d00000, 0x0000000709e00000|  0%| F|  |TAMS 0x0000000709d00000, 0x0000000709d00000| Untracked 
|  86|0x0000000709e00000, 0x0000000709e00000, 0x0000000709f00000|  0%| F|  |TAMS 0x0000000709e00000, 0x0000000709e00000| Untracked 
|  87|0x0000000709f00000, 0x0000000709f00000, 0x000000070a000000|  0%| F|  |TAMS 0x0000000709f00000, 0x0000000709f00000| Untracked 
|  88|0x000000070a000000, 0x000000070a000000, 0x000000070a100000|  0%| F|  |TAMS 0x000000070a000000, 0x000000070a000000| Untracked 
|  89|0x000000070a100000, 0x000000070a100000, 0x000000070a200000|  0%| F|  |TAMS 0x000000070a100000, 0x000000070a100000| Untracked 
|  90|0x000000070a200000, 0x000000070a200000, 0x000000070a300000|  0%| F|  |TAMS 0x000000070a200000, 0x000000070a200000| Untracked 
|  91|0x000000070a300000, 0x000000070a300000, 0x000000070a400000|  0%| F|  |TAMS 0x000000070a300000, 0x000000070a300000| Untracked 
|  92|0x000000070a400000, 0x000000070a400000, 0x000000070a500000|  0%| F|  |TAMS 0x000000070a400000, 0x000000070a400000| Untracked 
|  93|0x000000070a500000, 0x000000070a500000, 0x000000070a600000|  0%| F|  |TAMS 0x000000070a500000, 0x000000070a500000| Untracked 
|  94|0x000000070a600000, 0x000000070a600000, 0x000000070a700000|  0%| F|  |TAMS 0x000000070a600000, 0x000000070a600000| Untracked 
|  95|0x000000070a700000, 0x000000070a700000, 0x000000070a800000|  0%| F|  |TAMS 0x000000070a700000, 0x000000070a700000| Untracked 
|  96|0x000000070a800000, 0x000000070a800000, 0x000000070a900000|  0%| F|  |TAMS 0x000000070a800000, 0x000000070a800000| Untracked 
|  97|0x000000070a900000, 0x000000070a900000, 0x000000070aa00000|  0%| F|  |TAMS 0x000000070a900000, 0x000000070a900000| Untracked 
|  98|0x000000070aa00000, 0x000000070aa00000, 0x000000070ab00000|  0%| F|  |TAMS 0x000000070aa00000, 0x000000070aa00000| Untracked 
|  99|0x000000070ab00000, 0x000000070ab00000, 0x000000070ac00000|  0%| F|  |TAMS 0x000000070ab00000, 0x000000070ab00000| Untracked 
| 100|0x000000070ac00000, 0x000000070ac00000, 0x000000070ad00000|  0%| F|  |TAMS 0x000000070ac00000, 0x000000070ac00000| Untracked 
| 101|0x000000070ad00000, 0x000000070ad00000, 0x000000070ae00000|  0%| F|  |TAMS 0x000000070ad00000, 0x000000070ad00000| Untracked 
| 102|0x000000070ae00000, 0x000000070ae00000, 0x000000070af00000|  0%| F|  |TAMS 0x000000070ae00000, 0x000000070ae00000| Untracked 
| 103|0x000000070af00000, 0x000000070af00000, 0x000000070b000000|  0%| F|  |TAMS 0x000000070af00000, 0x000000070af00000| Untracked 
| 104|0x000000070b000000, 0x000000070b000000, 0x000000070b100000|  0%| F|  |TAMS 0x000000070b000000, 0x000000070b000000| Untracked 
| 105|0x000000070b100000, 0x000000070b100000, 0x000000070b200000|  0%| F|  |TAMS 0x000000070b100000, 0x000000070b100000| Untracked 
| 106|0x000000070b200000, 0x000000070b200000, 0x000000070b300000|  0%| F|  |TAMS 0x000000070b200000, 0x000000070b200000| Untracked 
| 107|0x000000070b300000, 0x000000070b300000, 0x000000070b400000|  0%| F|  |TAMS 0x000000070b300000, 0x000000070b300000| Untracked 
| 108|0x000000070b400000, 0x000000070b400000, 0x000000070b500000|  0%| F|  |TAMS 0x000000070b400000, 0x000000070b400000| Untracked 
| 109|0x000000070b500000, 0x000000070b500000, 0x000000070b600000|  0%| F|  |TAMS 0x000000070b500000, 0x000000070b500000| Untracked 
| 110|0x000000070b600000, 0x000000070b600000, 0x000000070b700000|  0%| F|  |TAMS 0x000000070b600000, 0x000000070b600000| Untracked 
| 111|0x000000070b700000, 0x000000070b700000, 0x000000070b800000|  0%| F|  |TAMS 0x000000070b700000, 0x000000070b700000| Untracked 
| 112|0x000000070b800000, 0x000000070b800000, 0x000000070b900000|  0%| F|  |TAMS 0x000000070b800000, 0x000000070b800000| Untracked 
| 113|0x000000070b900000, 0x000000070b900000, 0x000000070ba00000|  0%| F|  |TAMS 0x000000070b900000, 0x000000070b900000| Untracked 
| 114|0x000000070ba00000, 0x000000070ba00000, 0x000000070bb00000|  0%| F|  |TAMS 0x000000070ba00000, 0x000000070ba00000| Untracked 
| 115|0x000000070bb00000, 0x000000070bb00000, 0x000000070bc00000|  0%| F|  |TAMS 0x000000070bb00000, 0x000000070bb00000| Untracked 
| 116|0x000000070bc00000, 0x000000070bc00000, 0x000000070bd00000|  0%| F|  |TAMS 0x000000070bc00000, 0x000000070bc00000| Untracked 
| 117|0x000000070bd00000, 0x000000070bd00000, 0x000000070be00000|  0%| F|  |TAMS 0x000000070bd00000, 0x000000070bd00000| Untracked 
| 118|0x000000070be00000, 0x000000070be00000, 0x000000070bf00000|  0%| F|  |TAMS 0x000000070be00000, 0x000000070be00000| Untracked 
| 119|0x000000070bf00000, 0x000000070bf00000, 0x000000070c000000|  0%| F|  |TAMS 0x000000070bf00000, 0x000000070bf00000| Untracked 
| 120|0x000000070c000000, 0x000000070c000000, 0x000000070c100000|  0%| F|  |TAMS 0x000000070c000000, 0x000000070c000000| Untracked 
| 121|0x000000070c100000, 0x000000070c100000, 0x000000070c200000|  0%| F|  |TAMS 0x000000070c100000, 0x000000070c100000| Untracked 
| 122|0x000000070c200000, 0x000000070c200000, 0x000000070c300000|  0%| F|  |TAMS 0x000000070c200000, 0x000000070c200000| Untracked 
| 123|0x000000070c300000, 0x000000070c300000, 0x000000070c400000|  0%| F|  |TAMS 0x000000070c300000, 0x000000070c300000| Untracked 
| 124|0x000000070c400000, 0x000000070c400000, 0x000000070c500000|  0%| F|  |TAMS 0x000000070c400000, 0x000000070c400000| Untracked 
| 125|0x000000070c500000, 0x000000070c500000, 0x000000070c600000|  0%| F|  |TAMS 0x000000070c500000, 0x000000070c500000| Untracked 
| 126|0x000000070c600000, 0x000000070c600000, 0x000000070c700000|  0%| F|  |TAMS 0x000000070c600000, 0x000000070c600000| Untracked 
| 127|0x000000070c700000, 0x000000070c700000, 0x000000070c800000|  0%| F|  |TAMS 0x000000070c700000, 0x000000070c700000| Untracked 
| 128|0x000000070c800000, 0x000000070c800000, 0x000000070c900000|  0%| F|  |TAMS 0x000000070c800000, 0x000000070c800000| Untracked 
| 129|0x000000070c900000, 0x000000070c900000, 0x000000070ca00000|  0%| F|  |TAMS 0x000000070c900000, 0x000000070c900000| Untracked 
| 130|0x000000070ca00000, 0x000000070ca00000, 0x000000070cb00000|  0%| F|  |TAMS 0x000000070ca00000, 0x000000070ca00000| Untracked 
| 131|0x000000070cb00000, 0x000000070cb00000, 0x000000070cc00000|  0%| F|  |TAMS 0x000000070cb00000, 0x000000070cb00000| Untracked 
| 132|0x000000070cc00000, 0x000000070cc00000, 0x000000070cd00000|  0%| F|  |TAMS 0x000000070cc00000, 0x000000070cc00000| Untracked 
| 133|0x000000070cd00000, 0x000000070cd00000, 0x000000070ce00000|  0%| F|  |TAMS 0x000000070cd00000, 0x000000070cd00000| Untracked 
| 134|0x000000070ce00000, 0x000000070ce00000, 0x000000070cf00000|  0%| F|  |TAMS 0x000000070ce00000, 0x000000070ce00000| Untracked 
| 135|0x000000070cf00000, 0x000000070cf00000, 0x000000070d000000|  0%| F|  |TAMS 0x000000070cf00000, 0x000000070cf00000| Untracked 
| 136|0x000000070d000000, 0x000000070d000000, 0x000000070d100000|  0%| F|  |TAMS 0x000000070d000000, 0x000000070d000000| Untracked 
| 137|0x000000070d100000, 0x000000070d100000, 0x000000070d200000|  0%| F|  |TAMS 0x000000070d100000, 0x000000070d100000| Untracked 
| 138|0x000000070d200000, 0x000000070d200000, 0x000000070d300000|  0%| F|  |TAMS 0x000000070d200000, 0x000000070d200000| Untracked 
| 139|0x000000070d300000, 0x000000070d300000, 0x000000070d400000|  0%| F|  |TAMS 0x000000070d300000, 0x000000070d300000| Untracked 
| 140|0x000000070d400000, 0x000000070d400000, 0x000000070d500000|  0%| F|  |TAMS 0x000000070d400000, 0x000000070d400000| Untracked 
| 141|0x000000070d500000, 0x000000070d500000, 0x000000070d600000|  0%| F|  |TAMS 0x000000070d500000, 0x000000070d500000| Untracked 
| 142|0x000000070d600000, 0x000000070d600000, 0x000000070d700000|  0%| F|  |TAMS 0x000000070d600000, 0x000000070d600000| Untracked 
| 143|0x000000070d700000, 0x000000070d700000, 0x000000070d800000|  0%| F|  |TAMS 0x000000070d700000, 0x000000070d700000| Untracked 
| 144|0x000000070d800000, 0x000000070d800000, 0x000000070d900000|  0%| F|  |TAMS 0x000000070d800000, 0x000000070d800000| Untracked 
| 145|0x000000070d900000, 0x000000070d900000, 0x000000070da00000|  0%| F|  |TAMS 0x000000070d900000, 0x000000070d900000| Untracked 
| 146|0x000000070da00000, 0x000000070da00000, 0x000000070db00000|  0%| F|  |TAMS 0x000000070da00000, 0x000000070da00000| Untracked 
| 147|0x000000070db00000, 0x000000070db00000, 0x000000070dc00000|  0%| F|  |TAMS 0x000000070db00000, 0x000000070db00000| Untracked 
| 148|0x000000070dc00000, 0x000000070dc00000, 0x000000070dd00000|  0%| F|  |TAMS 0x000000070dc00000, 0x000000070dc00000| Untracked 
| 149|0x000000070dd00000, 0x000000070dd00000, 0x000000070de00000|  0%| F|  |TAMS 0x000000070dd00000, 0x000000070dd00000| Untracked 
| 150|0x000000070de00000, 0x000000070de00000, 0x000000070df00000|  0%| F|  |TAMS 0x000000070de00000, 0x000000070de00000| Untracked 
| 151|0x000000070df00000, 0x000000070df00000, 0x000000070e000000|  0%| F|  |TAMS 0x000000070df00000, 0x000000070df00000| Untracked 
| 152|0x000000070e000000, 0x000000070e000000, 0x000000070e100000|  0%| F|  |TAMS 0x000000070e000000, 0x000000070e000000| Untracked 
| 153|0x000000070e100000, 0x000000070e100000, 0x000000070e200000|  0%| F|  |TAMS 0x000000070e100000, 0x000000070e100000| Untracked 
| 154|0x000000070e200000, 0x000000070e200000, 0x000000070e300000|  0%| F|  |TAMS 0x000000070e200000, 0x000000070e200000| Untracked 
| 155|0x000000070e300000, 0x000000070e300000, 0x000000070e400000|  0%| F|  |TAMS 0x000000070e300000, 0x000000070e300000| Untracked 
| 156|0x000000070e400000, 0x000000070e400000, 0x000000070e500000|  0%| F|  |TAMS 0x000000070e400000, 0x000000070e400000| Untracked 
| 157|0x000000070e500000, 0x000000070e500000, 0x000000070e600000|  0%| F|  |TAMS 0x000000070e500000, 0x000000070e500000| Untracked 
| 158|0x000000070e600000, 0x000000070e600000, 0x000000070e700000|  0%| F|  |TAMS 0x000000070e600000, 0x000000070e600000| Untracked 
| 159|0x000000070e700000, 0x000000070e700000, 0x000000070e800000|  0%| F|  |TAMS 0x000000070e700000, 0x000000070e700000| Untracked 
| 160|0x000000070e800000, 0x000000070e800000, 0x000000070e900000|  0%| F|  |TAMS 0x000000070e800000, 0x000000070e800000| Untracked 
| 161|0x000000070e900000, 0x000000070e900000, 0x000000070ea00000|  0%| F|  |TAMS 0x000000070e900000, 0x000000070e900000| Untracked 
| 162|0x000000070ea00000, 0x000000070ea00000, 0x000000070eb00000|  0%| F|  |TAMS 0x000000070ea00000, 0x000000070ea00000| Untracked 
| 163|0x000000070eb00000, 0x000000070eb00000, 0x000000070ec00000|  0%| F|  |TAMS 0x000000070eb00000, 0x000000070eb00000| Untracked 
| 164|0x000000070ec00000, 0x000000070ec00000, 0x000000070ed00000|  0%| F|  |TAMS 0x000000070ec00000, 0x000000070ec00000| Untracked 
| 165|0x000000070ed00000, 0x000000070ed00000, 0x000000070ee00000|  0%| F|  |TAMS 0x000000070ed00000, 0x000000070ed00000| Untracked 
| 166|0x000000070ee00000, 0x000000070ee00000, 0x000000070ef00000|  0%| F|  |TAMS 0x000000070ee00000, 0x000000070ee00000| Untracked 
| 167|0x000000070ef00000, 0x000000070ef00000, 0x000000070f000000|  0%| F|  |TAMS 0x000000070ef00000, 0x000000070ef00000| Untracked 
| 168|0x000000070f000000, 0x000000070f000000, 0x000000070f100000|  0%| F|  |TAMS 0x000000070f000000, 0x000000070f000000| Untracked 
| 169|0x000000070f100000, 0x000000070f100000, 0x000000070f200000|  0%| F|  |TAMS 0x000000070f100000, 0x000000070f100000| Untracked 
| 170|0x000000070f200000, 0x000000070f200000, 0x000000070f300000|  0%| F|  |TAMS 0x000000070f200000, 0x000000070f200000| Untracked 
| 171|0x000000070f300000, 0x000000070f300000, 0x000000070f400000|  0%| F|  |TAMS 0x000000070f300000, 0x000000070f300000| Untracked 
| 172|0x000000070f400000, 0x000000070f400000, 0x000000070f500000|  0%| F|  |TAMS 0x000000070f400000, 0x000000070f400000| Untracked 
| 173|0x000000070f500000, 0x000000070f500000, 0x000000070f600000|  0%| F|  |TAMS 0x000000070f500000, 0x000000070f500000| Untracked 
| 174|0x000000070f600000, 0x000000070f600000, 0x000000070f700000|  0%| F|  |TAMS 0x000000070f600000, 0x000000070f600000| Untracked 
| 175|0x000000070f700000, 0x000000070f700000, 0x000000070f800000|  0%| F|  |TAMS 0x000000070f700000, 0x000000070f700000| Untracked 
| 176|0x000000070f800000, 0x000000070f800000, 0x000000070f900000|  0%| F|  |TAMS 0x000000070f800000, 0x000000070f800000| Untracked 
| 177|0x000000070f900000, 0x000000070f900000, 0x000000070fa00000|  0%| F|  |TAMS 0x000000070f900000, 0x000000070f900000| Untracked 
| 178|0x000000070fa00000, 0x000000070fa00000, 0x000000070fb00000|  0%| F|  |TAMS 0x000000070fa00000, 0x000000070fa00000| Untracked 
| 179|0x000000070fb00000, 0x000000070fb00000, 0x000000070fc00000|  0%| F|  |TAMS 0x000000070fb00000, 0x000000070fb00000| Untracked 
| 180|0x000000070fc00000, 0x000000070fc00000, 0x000000070fd00000|  0%| F|  |TAMS 0x000000070fc00000, 0x000000070fc00000| Untracked 
| 181|0x000000070fd00000, 0x000000070fd00000, 0x000000070fe00000|  0%| F|  |TAMS 0x000000070fd00000, 0x000000070fd00000| Untracked 
| 182|0x000000070fe00000, 0x000000070fe00000, 0x000000070ff00000|  0%| F|  |TAMS 0x000000070fe00000, 0x000000070fe00000| Untracked 
| 183|0x000000070ff00000, 0x000000070ff00000, 0x0000000710000000|  0%| F|  |TAMS 0x000000070ff00000, 0x000000070ff00000| Untracked 
| 184|0x0000000710000000, 0x0000000710000000, 0x0000000710100000|  0%| F|  |TAMS 0x0000000710000000, 0x0000000710000000| Untracked 
| 185|0x0000000710100000, 0x0000000710100000, 0x0000000710200000|  0%| F|  |TAMS 0x0000000710100000, 0x0000000710100000| Untracked 
| 186|0x0000000710200000, 0x0000000710200000, 0x0000000710300000|  0%| F|  |TAMS 0x0000000710200000, 0x0000000710200000| Untracked 
| 187|0x0000000710300000, 0x0000000710300000, 0x0000000710400000|  0%| F|  |TAMS 0x0000000710300000, 0x0000000710300000| Untracked 
| 188|0x0000000710400000, 0x0000000710400000, 0x0000000710500000|  0%| F|  |TAMS 0x0000000710400000, 0x0000000710400000| Untracked 
| 189|0x0000000710500000, 0x0000000710500000, 0x0000000710600000|  0%| F|  |TAMS 0x0000000710500000, 0x0000000710500000| Untracked 
| 190|0x0000000710600000, 0x0000000710600000, 0x0000000710700000|  0%| F|  |TAMS 0x0000000710600000, 0x0000000710600000| Untracked 
| 191|0x0000000710700000, 0x0000000710700000, 0x0000000710800000|  0%| F|  |TAMS 0x0000000710700000, 0x0000000710700000| Untracked 
| 192|0x0000000710800000, 0x0000000710800000, 0x0000000710900000|  0%| F|  |TAMS 0x0000000710800000, 0x0000000710800000| Untracked 
| 193|0x0000000710900000, 0x0000000710900000, 0x0000000710a00000|  0%| F|  |TAMS 0x0000000710900000, 0x0000000710900000| Untracked 
| 194|0x0000000710a00000, 0x0000000710a00000, 0x0000000710b00000|  0%| F|  |TAMS 0x0000000710a00000, 0x0000000710a00000| Untracked 
| 195|0x0000000710b00000, 0x0000000710b00000, 0x0000000710c00000|  0%| F|  |TAMS 0x0000000710b00000, 0x0000000710b00000| Untracked 
| 196|0x0000000710c00000, 0x0000000710c00000, 0x0000000710d00000|  0%| F|  |TAMS 0x0000000710c00000, 0x0000000710c00000| Untracked 
| 197|0x0000000710d00000, 0x0000000710d00000, 0x0000000710e00000|  0%| F|  |TAMS 0x0000000710d00000, 0x0000000710d00000| Untracked 
| 198|0x0000000710e00000, 0x0000000710e00000, 0x0000000710f00000|  0%| F|  |TAMS 0x0000000710e00000, 0x0000000710e00000| Untracked 
| 199|0x0000000710f00000, 0x0000000710f00000, 0x0000000711000000|  0%| F|  |TAMS 0x0000000710f00000, 0x0000000710f00000| Untracked 
| 200|0x0000000711000000, 0x0000000711000000, 0x0000000711100000|  0%| F|  |TAMS 0x0000000711000000, 0x0000000711000000| Untracked 
| 201|0x0000000711100000, 0x0000000711100000, 0x0000000711200000|  0%| F|  |TAMS 0x0000000711100000, 0x0000000711100000| Untracked 
| 202|0x0000000711200000, 0x0000000711200000, 0x0000000711300000|  0%| F|  |TAMS 0x0000000711200000, 0x0000000711200000| Untracked 
| 203|0x0000000711300000, 0x0000000711300000, 0x0000000711400000|  0%| F|  |TAMS 0x0000000711300000, 0x0000000711300000| Untracked 
| 204|0x0000000711400000, 0x0000000711400000, 0x0000000711500000|  0%| F|  |TAMS 0x0000000711400000, 0x0000000711400000| Untracked 
| 205|0x0000000711500000, 0x0000000711500000, 0x0000000711600000|  0%| F|  |TAMS 0x0000000711500000, 0x0000000711500000| Untracked 
| 206|0x0000000711600000, 0x0000000711600000, 0x0000000711700000|  0%| F|  |TAMS 0x0000000711600000, 0x0000000711600000| Untracked 
| 207|0x0000000711700000, 0x0000000711700000, 0x0000000711800000|  0%| F|  |TAMS 0x0000000711700000, 0x0000000711700000| Untracked 
| 208|0x0000000711800000, 0x0000000711800000, 0x0000000711900000|  0%| F|  |TAMS 0x0000000711800000, 0x0000000711800000| Untracked 
| 209|0x0000000711900000, 0x0000000711900000, 0x0000000711a00000|  0%| F|  |TAMS 0x0000000711900000, 0x0000000711900000| Untracked 
| 210|0x0000000711a00000, 0x0000000711a00000, 0x0000000711b00000|  0%| F|  |TAMS 0x0000000711a00000, 0x0000000711a00000| Untracked 
| 211|0x0000000711b00000, 0x0000000711b00000, 0x0000000711c00000|  0%| F|  |TAMS 0x0000000711b00000, 0x0000000711b00000| Untracked 
| 212|0x0000000711c00000, 0x0000000711c00000, 0x0000000711d00000|  0%| F|  |TAMS 0x0000000711c00000, 0x0000000711c00000| Untracked 
| 213|0x0000000711d00000, 0x0000000711d00000, 0x0000000711e00000|  0%| F|  |TAMS 0x0000000711d00000, 0x0000000711d00000| Untracked 
| 214|0x0000000711e00000, 0x0000000711e00000, 0x0000000711f00000|  0%| F|  |TAMS 0x0000000711e00000, 0x0000000711e00000| Untracked 
| 215|0x0000000711f00000, 0x0000000711f00000, 0x0000000712000000|  0%| F|  |TAMS 0x0000000711f00000, 0x0000000711f00000| Untracked 
| 216|0x0000000712000000, 0x0000000712000000, 0x0000000712100000|  0%| F|  |TAMS 0x0000000712000000, 0x0000000712000000| Untracked 
| 217|0x0000000712100000, 0x0000000712100000, 0x0000000712200000|  0%| F|  |TAMS 0x0000000712100000, 0x0000000712100000| Untracked 
| 218|0x0000000712200000, 0x0000000712200000, 0x0000000712300000|  0%| F|  |TAMS 0x0000000712200000, 0x0000000712200000| Untracked 
| 219|0x0000000712300000, 0x0000000712300000, 0x0000000712400000|  0%| F|  |TAMS 0x0000000712300000, 0x0000000712300000| Untracked 
| 220|0x0000000712400000, 0x0000000712400000, 0x0000000712500000|  0%| F|  |TAMS 0x0000000712400000, 0x0000000712400000| Untracked 
| 221|0x0000000712500000, 0x0000000712500000, 0x0000000712600000|  0%| F|  |TAMS 0x0000000712500000, 0x0000000712500000| Untracked 
| 222|0x0000000712600000, 0x0000000712600000, 0x0000000712700000|  0%| F|  |TAMS 0x0000000712600000, 0x0000000712600000| Untracked 
| 223|0x0000000712700000, 0x0000000712700000, 0x0000000712800000|  0%| F|  |TAMS 0x0000000712700000, 0x0000000712700000| Untracked 
| 224|0x0000000712800000, 0x0000000712800000, 0x0000000712900000|  0%| F|  |TAMS 0x0000000712800000, 0x0000000712800000| Untracked 
| 225|0x0000000712900000, 0x0000000712a00000, 0x0000000712a00000|100%| S|CS|TAMS 0x0000000712900000, 0x0000000712900000| Complete 
| 226|0x0000000712a00000, 0x0000000712b00000, 0x0000000712b00000|100%| S|CS|TAMS 0x0000000712a00000, 0x0000000712a00000| Complete 
| 227|0x0000000712b00000, 0x0000000712c00000, 0x0000000712c00000|100%| S|CS|TAMS 0x0000000712b00000, 0x0000000712b00000| Complete 
| 228|0x0000000712c00000, 0x0000000712c00000, 0x0000000712d00000|  0%| F|  |TAMS 0x0000000712c00000, 0x0000000712c00000| Untracked 
| 229|0x0000000712d00000, 0x0000000712d00000, 0x0000000712e00000|  0%| F|  |TAMS 0x0000000712d00000, 0x0000000712d00000| Untracked 
| 230|0x0000000712e00000, 0x0000000712e00000, 0x0000000712f00000|  0%| F|  |TAMS 0x0000000712e00000, 0x0000000712e00000| Untracked 
| 231|0x0000000712f00000, 0x0000000712f00000, 0x0000000713000000|  0%| F|  |TAMS 0x0000000712f00000, 0x0000000712f00000| Untracked 
| 232|0x0000000713000000, 0x0000000713000000, 0x0000000713100000|  0%| F|  |TAMS 0x0000000713000000, 0x0000000713000000| Untracked 
| 233|0x0000000713100000, 0x0000000713100000, 0x0000000713200000|  0%| F|  |TAMS 0x0000000713100000, 0x0000000713100000| Untracked 
| 234|0x0000000713200000, 0x0000000713200000, 0x0000000713300000|  0%| F|  |TAMS 0x0000000713200000, 0x0000000713200000| Untracked 
| 235|0x0000000713300000, 0x0000000713300000, 0x0000000713400000|  0%| F|  |TAMS 0x0000000713300000, 0x0000000713300000| Untracked 
| 236|0x0000000713400000, 0x0000000713400000, 0x0000000713500000|  0%| F|  |TAMS 0x0000000713400000, 0x0000000713400000| Untracked 
| 237|0x0000000713500000, 0x0000000713500000, 0x0000000713600000|  0%| F|  |TAMS 0x0000000713500000, 0x0000000713500000| Untracked 
| 238|0x0000000713600000, 0x0000000713600000, 0x0000000713700000|  0%| F|  |TAMS 0x0000000713600000, 0x0000000713600000| Untracked 
| 239|0x0000000713700000, 0x0000000713700000, 0x0000000713800000|  0%| F|  |TAMS 0x0000000713700000, 0x0000000713700000| Untracked 
| 240|0x0000000713800000, 0x0000000713880800, 0x0000000713900000| 50%| E|  |TAMS 0x0000000713800000, 0x0000000713800000| Complete 
| 241|0x0000000713900000, 0x0000000713a00000, 0x0000000713a00000|100%| E|CS|TAMS 0x0000000713900000, 0x0000000713900000| Complete 
| 242|0x0000000713a00000, 0x0000000713b00000, 0x0000000713b00000|100%| E|CS|TAMS 0x0000000713a00000, 0x0000000713a00000| Complete 
| 243|0x0000000713b00000, 0x0000000713c00000, 0x0000000713c00000|100%| E|CS|TAMS 0x0000000713b00000, 0x0000000713b00000| Complete 
| 244|0x0000000713c00000, 0x0000000713d00000, 0x0000000713d00000|100%| E|CS|TAMS 0x0000000713c00000, 0x0000000713c00000| Complete 
| 245|0x0000000713d00000, 0x0000000713e00000, 0x0000000713e00000|100%| E|CS|TAMS 0x0000000713d00000, 0x0000000713d00000| Complete 
| 246|0x0000000713e00000, 0x0000000713f00000, 0x0000000713f00000|100%| E|CS|TAMS 0x0000000713e00000, 0x0000000713e00000| Complete 
| 247|0x0000000713f00000, 0x0000000714000000, 0x0000000714000000|100%| E|CS|TAMS 0x0000000713f00000, 0x0000000713f00000| Complete 
| 248|0x0000000714000000, 0x0000000714100000, 0x0000000714100000|100%| E|CS|TAMS 0x0000000714000000, 0x0000000714000000| Complete 
| 249|0x0000000714100000, 0x0000000714200000, 0x0000000714200000|100%| E|CS|TAMS 0x0000000714100000, 0x0000000714100000| Complete 
| 250|0x0000000714200000, 0x0000000714300000, 0x0000000714300000|100%| E|CS|TAMS 0x0000000714200000, 0x0000000714200000| Complete 
| 251|0x0000000714300000, 0x0000000714400000, 0x0000000714400000|100%| E|CS|TAMS 0x0000000714300000, 0x0000000714300000| Complete 

Card table byte_map: [0x000001343e4b0000,0x000001343ec90000] _byte_map_base: 0x000001343ac8c000

Marking Bits (Prev, Next): (CMBitMap*) 0x000001342531bc68, (CMBitMap*) 0x000001342531bca0
 Prev Bits: [0x000001343f470000, 0x0000013443350000)
 Next Bits: [0x0000013443350000, 0x0000013447230000)

Polling page: 0x0000013423330000

Metaspace:

Usage:
  Non-class:     18.04 MB capacity,    17.84 MB ( 99%) used,   173.26 KB ( <1%) free+waste,    32.19 KB ( <1%) overhead. 
      Class:      2.06 MB capacity,     1.92 MB ( 93%) used,   127.16 KB (  6%) free+waste,    13.88 KB ( <1%) overhead. 
       Both:     20.09 MB capacity,    19.75 MB ( 98%) used,   300.42 KB (  1%) free+waste,    46.06 KB ( <1%) overhead. 

Virtual space:
  Non-class space:       20.00 MB reserved,      18.25 MB ( 91%) committed 
      Class space:        1.00 GB reserved,       2.13 MB ( <1%) committed 
             Both:        1.02 GB reserved,      20.38 MB (  2%) committed 

Chunk freelists:
   Non-Class:  26.00 KB
       Class:  7.00 KB
        Both:  33.00 KB

MaxMetaspaceSize: 17179869184.00 GB
CompressedClassSpaceSize: 1.00 GB
Initial GC threshold: 20.80 MB
Current GC threshold: 20.80 MB
CDS: off

CodeHeap 'non-profiled nmethods': size=118912Kb used=521Kb max_used=521Kb free=118390Kb
 bounds [0x0000013435590000, 0x0000013435800000, 0x000001343c9b0000]
CodeHeap 'profiled nmethods': size=118848Kb used=4235Kb max_used=4235Kb free=114612Kb
 bounds [0x000001342e180000, 0x000001342e5b0000, 0x0000013435590000]
CodeHeap 'non-nmethods': size=8000Kb used=3445Kb max_used=3457Kb free=4554Kb
 bounds [0x000001342d9b0000, 0x000001342dd20000, 0x000001342e180000]
 total_blobs=2413 nmethods=1949 adapters=372
 compilation: enabled
              stopped_count=0, restarted_count=0
 full_count=0

Compilation events (20 events):
Event: 1.501 Thread 0x000001344c188800 1898       3       sun.security.provider.SHA5::lf_delta1 (21 bytes)
Event: 1.501 Thread 0x000001344c16a800 nmethod 1904 0x000001342e585c10 code [0x000001342e585dc0, 0x000001342e585eb8]
Event: 1.502 Thread 0x000001344ba37000 nmethod 1902 0x000001342e585f90 code [0x000001342e586160, 0x000001342e586398]
Event: 1.502 Thread 0x000001344c188800 nmethod 1898 0x000001342e586490 code [0x000001342e586660, 0x000001342e586898]
Event: 1.502 Thread 0x000001344c187800 nmethod 1899 0x000001342e586990 code [0x000001342e586b60, 0x000001342e586d98]
Event: 1.502 Thread 0x000001344b902000 1905       3       java.lang.Long::reverseBytes (46 bytes)
Event: 1.502 Thread 0x000001344b902000 nmethod 1905 0x000001342e586e90 code [0x000001342e587040, 0x000001342e587198]
Event: 1.502 Thread 0x000001344ccd1800 1895       4       sun.security.util.math.intpoly.IntegerPolynomial$MutableElement::setDifference (84 bytes)
Event: 1.503 Thread 0x000001344b901000 nmethod 1894 0x000001343560fc90 code [0x000001343560fe40, 0x00000134356100b8]
Event: 1.503 Thread 0x000001344b901000 1903       4       sun.security.provider.SHA5::lf_S (11 bytes)
Event: 1.503 Thread 0x000001344b901000 nmethod 1903 0x0000013435610290 code [0x0000013435610420, 0x0000013435610478]
Event: 1.503 Thread 0x000001344b901000 1906       4       sun.security.provider.SHA5::lf_ch (13 bytes)
Event: 1.504 Thread 0x000001344b901000 nmethod 1906 0x0000013435610590 code [0x0000013435610720, 0x0000013435610778]
Event: 1.504 Thread 0x000001344b901000 1907       4       sun.security.provider.SHA5::lf_maj (14 bytes)
Event: 1.504 Thread 0x000001344b901000 nmethod 1907 0x0000013435610890 code [0x0000013435610a20, 0x0000013435610a78]
Event: 1.506 Thread 0x000001344ccd1800 nmethod 1895 0x0000013435610b90 code [0x0000013435610d40, 0x0000013435610fb8]
Event: 1.506 Thread 0x000001344b901000 1908       4       java.lang.StringLatin1::toUpperCase (180 bytes)
Event: 1.507 Thread 0x000001344b902000 1909       3       java.lang.Long::<init> (10 bytes)
Event: 1.507 Thread 0x000001344b902000 nmethod 1909 0x000001342e587210 code [0x000001342e5873c0, 0x000001342e587578]
Event: 1.512 Thread 0x000001344b902000 1910       3       com.sun.crypto.provider.AESCrypt::mul4 (181 bytes)

GC Heap History (2 events):
Event: 0.895 GC heap before
{Heap before GC invocations=0 (full 0):
 garbage-first heap   total 258048K, used 24576K [0x0000000704800000, 0x0000000800000000)
  region size 1024K, 24 young (24576K), 0 survivors (0K)
 Metaspace       used 15668K, capacity 15947K, committed 16256K, reserved 1064960K
  class space    used 1472K, capacity 1592K, committed 1664K, reserved 1048576K
}
Event: 0.902 GC heap after
{Heap after GC invocations=1 (full 0):
 garbage-first heap   total 258048K, used 4108K [0x0000000704800000, 0x0000000800000000)
  region size 1024K, 3 young (3072K), 3 survivors (3072K)
 Metaspace       used 15668K, capacity 15947K, committed 16256K, reserved 1064960K
  class space    used 1472K, capacity 1592K, committed 1664K, reserved 1048576K
}

Deoptimization events (20 events):
Event: 1.309 Thread 0x00000134252b4000 Uncommon trap: trap_request=0xffffff4d fr.pc=0x00000134355e8044 relative=0x00000000000000a4
Event: 1.309 Thread 0x00000134252b4000 Uncommon trap: reason=unstable_if action=reinterpret pc=0x00000134355e8044 method=java.lang.CharacterDataLatin1.digit(II)I @ 12 c2
Event: 1.309 Thread 0x00000134252b4000 DEOPT PACKING pc=0x00000134355e8044 sp=0x00000013357fddc0
Event: 1.309 Thread 0x00000134252b4000 DEOPT UNPACKING pc=0x000001342d9fa1af sp=0x00000013357fdd38 mode 2
Event: 1.311 Thread 0x00000134252b4000 Uncommon trap: trap_request=0xffffff4d fr.pc=0x00000134355ef164 relative=0x0000000000001024
Event: 1.311 Thread 0x00000134252b4000 Uncommon trap: reason=unstable_if action=reinterpret pc=0x00000134355ef164 method=java.util.concurrent.ConcurrentHashMap.putVal(Ljava/lang/Object;Ljava/lang/Object;Z)Ljava/lang/Object; @ 148 c2
Event: 1.311 Thread 0x00000134252b4000 DEOPT PACKING pc=0x00000134355ef164 sp=0x00000013357fdd40
Event: 1.311 Thread 0x00000134252b4000 DEOPT UNPACKING pc=0x000001342d9fa1af sp=0x00000013357fdcd0 mode 2
Event: 1.334 Thread 0x00000134252b4000 Uncommon trap: trap_request=0xffffff4d fr.pc=0x0000013435602428 relative=0x0000000000000388
Event: 1.335 Thread 0x00000134252b4000 Uncommon trap: reason=unstable_if action=reinterpret pc=0x0000013435602428 method=java.io.ByteArrayInputStream.read([BII)I @ 35 c2
Event: 1.335 Thread 0x00000134252b4000 DEOPT PACKING pc=0x0000013435602428 sp=0x00000013357fd000
Event: 1.335 Thread 0x00000134252b4000 DEOPT UNPACKING pc=0x000001342d9fa1af sp=0x00000013357fcfc0 mode 2
Event: 1.369 Thread 0x00000134252b4000 Uncommon trap: trap_request=0xffffff4d fr.pc=0x00000134355f0808 relative=0x0000000000000328
Event: 1.369 Thread 0x00000134252b4000 Uncommon trap: reason=unstable_if action=reinterpret pc=0x00000134355f0808 method=java.util.HashMap.putVal(ILjava/lang/Object;Ljava/lang/Object;ZZ)Ljava/lang/Object; @ 162 c2
Event: 1.369 Thread 0x00000134252b4000 DEOPT PACKING pc=0x00000134355f0808 sp=0x00000013357fbf70
Event: 1.369 Thread 0x00000134252b4000 DEOPT UNPACKING pc=0x000001342d9fa1af sp=0x00000013357fbf10 mode 2
Event: 1.371 Thread 0x00000134252b4000 Uncommon trap: trap_request=0xffffff4d fr.pc=0x00000134355f825c relative=0x00000000000002fc
Event: 1.371 Thread 0x00000134252b4000 Uncommon trap: reason=unstable_if action=reinterpret pc=0x00000134355f825c method=java.util.regex.Pattern$SliceI.match(Ljava/util/regex/Matcher;ILjava/lang/CharSequence;)Z @ 29 c2
Event: 1.371 Thread 0x00000134252b4000 DEOPT PACKING pc=0x00000134355f825c sp=0x00000013357fd940
Event: 1.371 Thread 0x00000134252b4000 DEOPT UNPACKING pc=0x000001342d9fa1af sp=0x00000013357fd8d8 mode 2

Classes redefined (0 events):
No events

Internal exceptions (20 events):
Event: 0.754 Thread 0x00000134252b4000 Exception <a 'sun/nio/fs/WindowsException'{0x0000000712ffbd48}> (0x0000000712ffbd48) thrown at [./src/hotspot/share/prims/jni.cpp, line 616]
Event: 0.756 Thread 0x00000134252b4000 Exception <a 'sun/nio/fs/WindowsException'{0x0000000712e38bc0}> (0x0000000712e38bc0) thrown at [./src/hotspot/share/prims/jni.cpp, line 616]
Event: 0.756 Thread 0x00000134252b4000 Exception <a 'sun/nio/fs/WindowsException'{0x0000000712e424d0}> (0x0000000712e424d0) thrown at [./src/hotspot/share/prims/jni.cpp, line 616]
Event: 0.756 Thread 0x00000134252b4000 Exception <a 'sun/nio/fs/WindowsException'{0x0000000712e428f0}> (0x0000000712e428f0) thrown at [./src/hotspot/share/prims/jni.cpp, line 616]
Event: 0.757 Thread 0x00000134252b4000 Exception <a 'sun/nio/fs/WindowsException'{0x0000000712e7db50}> (0x0000000712e7db50) thrown at [./src/hotspot/share/prims/jni.cpp, line 616]
Event: 0.758 Thread 0x00000134252b4000 Exception <a 'sun/nio/fs/WindowsException'{0x0000000712e87410}> (0x0000000712e87410) thrown at [./src/hotspot/share/prims/jni.cpp, line 616]
Event: 0.758 Thread 0x00000134252b4000 Exception <a 'sun/nio/fs/WindowsException'{0x0000000712e877d0}> (0x0000000712e877d0) thrown at [./src/hotspot/share/prims/jni.cpp, line 616]
Event: 0.758 Thread 0x00000134252b4000 Exception <a 'sun/nio/fs/WindowsException'{0x0000000712e8c630}> (0x0000000712e8c630) thrown at [./src/hotspot/share/prims/jni.cpp, line 616]
Event: 0.758 Thread 0x00000134252b4000 Exception <a 'sun/nio/fs/WindowsException'{0x0000000712e93f88}> (0x0000000712e93f88) thrown at [./src/hotspot/share/prims/jni.cpp, line 616]
Event: 0.758 Thread 0x00000134252b4000 Exception <a 'sun/nio/fs/WindowsException'{0x0000000712e94338}> (0x0000000712e94338) thrown at [./src/hotspot/share/prims/jni.cpp, line 616]
Event: 0.758 Thread 0x00000134252b4000 Exception <a 'sun/nio/fs/WindowsException'{0x0000000712e94aa0}> (0x0000000712e94aa0) thrown at [./src/hotspot/share/prims/jni.cpp, line 616]
Event: 0.758 Thread 0x00000134252b4000 Exception <a 'sun/nio/fs/WindowsException'{0x0000000712e95010}> (0x0000000712e95010) thrown at [./src/hotspot/share/prims/jni.cpp, line 616]
Event: 0.771 Thread 0x00000134252b4000 Exception <a 'java/lang/NoSuchMethodError'{0x0000000712d13710}: 'int java.lang.invoke.DirectMethodHandle$Holder.invokeSpecialIFC(java.lang.Object, java.lang.Object, int)'> (0x0000000712d13710) thrown at [./src/hotspot/share/interpreter/linkResolver.cpp, line 773]
Event: 0.848 Thread 0x00000134252b4000 Exception <a 'java/lang/NoSuchMethodError'{0x0000000712c2b498}: 'java.lang.Object java.lang.invoke.DirectMethodHandle$Holder.invokeStaticInit(java.lang.Object, int, int, int, int)'> (0x0000000712c2b498) thrown at [./src/hotspot/share/interpreter/linkResolver.cpp, line 773]
Event: 0.851 Thread 0x00000134252b4000 Exception <a 'sun/nio/fs/WindowsException'{0x0000000712c31a90}> (0x0000000712c31a90) thrown at [./src/hotspot/share/prims/jni.cpp, line 616]
Event: 0.862 Thread 0x00000134252b4000 Exception <a 'java/lang/NoSuchMethodError'{0x0000000712c50708}: 'int java.lang.invoke.DirectMethodHandle$Holder.invokeStaticInit(java.lang.Object, java.lang.Object, java.lang.Object, java.lang.Object)'> (0x0000000712c50708) thrown at [./src/hotspot/share/interpreter/linkResolver.cpp, line 773]
Event: 0.863 Thread 0x00000134252b4000 Exception <a 'java/lang/IncompatibleClassChangeError'{0x0000000712c59978}: Found class java.lang.Object, but interface was expected> (0x0000000712c59978) thrown at [./src/hotspot/share/interpreter/linkResolver.cpp, line 839]
Event: 0.864 Thread 0x00000134252b4000 Exception <a 'java/lang/NoSuchMethodError'{0x0000000712c5c728}: 'void java.lang.invoke.DirectMethodHandle$Holder.invokeStaticInit(java.lang.Object, java.lang.Object)'> (0x0000000712c5c728) thrown at [./src/hotspot/share/interpreter/linkResolver.cpp, line 773]
Event: 0.864 Thread 0x00000134252b4000 Exception <a 'java/lang/NoSuchMethodError'{0x0000000712c61b58}: 'int java.lang.invoke.DirectMethodHandle$Holder.invokeStaticInit(java.lang.Object, java.lang.Object)'> (0x0000000712c61b58) thrown at [./src/hotspot/share/interpreter/linkResolver.cpp, line 773]
Event: 1.271 Thread 0x00000134252b4000 Exception <a 'java/lang/NoSuchMethodError'{0x0000000713b4abe0}: 'java.lang.Object java.lang.invoke.DirectMethodHandle$Holder.invokeStaticInit(java.lang.Object, java.lang.Object, int, int, int, int)'> (0x0000000713b4abe0) thrown at [./src/hotspot/share/interpreter/linkResolver.cpp, line 773]

Events (20 events):
Event: 1.508 loading class sun/security/ssl/ChangeCipherSpec$T10ChangeCipherSpecProducer
Event: 1.508 loading class sun/security/ssl/ChangeCipherSpec$T10ChangeCipherSpecProducer done
Event: 1.508 loading class sun/security/ssl/ChangeCipherSpec$T13ChangeCipherSpecConsumer
Event: 1.508 loading class sun/security/ssl/ChangeCipherSpec$T13ChangeCipherSpecConsumer done
Event: 1.508 loading class javax/crypto/spec/GCMParameterSpec
Event: 1.508 loading class javax/crypto/spec/GCMParameterSpec done
Event: 1.508 loading class com/sun/crypto/provider/AESCipher$General
Event: 1.509 loading class com/sun/crypto/provider/AESCipher
Event: 1.509 loading class javax/crypto/CipherSpi
Event: 1.509 loading class javax/crypto/CipherSpi done
Event: 1.509 loading class com/sun/crypto/provider/AESCipher done
Event: 1.509 loading class com/sun/crypto/provider/AESCipher$General done
Event: 1.509 loading class com/sun/crypto/provider/CipherCore
Event: 1.509 loading class com/sun/crypto/provider/CipherCore done
Event: 1.509 loading class com/sun/crypto/provider/AESCrypt
Event: 1.510 loading class com/sun/crypto/provider/AESConstants
Event: 1.510 loading class com/sun/crypto/provider/AESConstants done
Event: 1.510 loading class com/sun/crypto/provider/SymmetricCipher
Event: 1.510 loading class com/sun/crypto/provider/SymmetricCipher done
Event: 1.510 loading class com/sun/crypto/provider/AESCrypt done


Dynamic libraries:
0x00007ff7da630000 - 0x00007ff7da63d000 	C:\Program Files\Unity\Hub\Editor\2022.3.10f1\Editor\Data\PlaybackEngines\AndroidPlayer\OpenJDK\bin\java.exe
0x00007ff971420000 - 0x00007ff971689000 	C:\WINDOWS\SYSTEM32\ntdll.dll
0x00007ff970510000 - 0x00007ff9705d9000 	C:\WINDOWS\System32\KERNEL32.DLL
0x00007ff96e5b0000 - 0x00007ff96e9a3000 	C:\WINDOWS\System32\KERNELBASE.dll
0x00007ff96edb0000 - 0x00007ff96eefb000 	C:\WINDOWS\System32\ucrtbase.dll
0x00007ff919c90000 - 0x00007ff919ca7000 	C:\Program Files\Unity\Hub\Editor\2022.3.10f1\Editor\Data\PlaybackEngines\AndroidPlayer\OpenJDK\bin\jli.dll
0x00007ff96f550000 - 0x00007ff96f714000 	C:\WINDOWS\System32\USER32.dll
0x00007ff96ed80000 - 0x00007ff96eda7000 	C:\WINDOWS\System32\win32u.dll
0x00007ff96f460000 - 0x00007ff96f48b000 	C:\WINDOWS\System32\GDI32.dll
0x00007ff96eba0000 - 0x00007ff96eccd000 	C:\WINDOWS\System32\gdi32full.dll
0x00007ff96ecd0000 - 0x00007ff96ed73000 	C:\WINDOWS\System32\msvcp_win.dll
0x00007ff916f10000 - 0x00007ff916f25000 	C:\Program Files\Unity\Hub\Editor\2022.3.10f1\Editor\Data\PlaybackEngines\AndroidPlayer\OpenJDK\bin\VCRUNTIME140.dll
0x00007ff96da60000 - 0x00007ff96dcf3000 	C:\WINDOWS\WinSxS\amd64_microsoft.windows.common-controls_6595b64144ccf1df_6.0.26100.5074_none_3e0d6f78e32fd63f\COMCTL32.dll
0x00007ff970f50000 - 0x00007ff970ff9000 	C:\WINDOWS\System32\msvcrt.dll
0x00007ff9706c0000 - 0x00007ff9706ef000 	C:\WINDOWS\System32\IMM32.DLL
0x00007ff935670000 - 0x00007ff9357cc000 	C:\Program Files (x86)\Citrix\ICA Client\ctxapclient64.dll
0x00007ff970190000 - 0x00007ff97050b000 	C:\WINDOWS\System32\combase.dll
0x00007ff96fd10000 - 0x00007ff96fe28000 	C:\WINDOWS\System32\RPCRT4.dll
0x00007ff962d80000 - 0x00007ff962d8b000 	C:\WINDOWS\SYSTEM32\VERSION.dll
0x00007ff96e4a0000 - 0x00007ff96e4c6000 	C:\WINDOWS\SYSTEM32\bcrypt.dll
0x00007ff96f490000 - 0x00007ff96f544000 	C:\WINDOWS\System32\ADVAPI32.dll
0x00007ff96f200000 - 0x00007ff96f2a6000 	C:\WINDOWS\System32\sechost.dll
0x00007ff96ddf0000 - 0x00007ff96de26000 	C:\WINDOWS\SYSTEM32\ntmarta.dll
0x0000013423290000 - 0x0000013423329000 	C:\WINDOWS\System32\bcryptprimitives.dll
0x00007ff8fb080000 - 0x00007ff8fb11b000 	C:\Program Files\Unity\Hub\Editor\2022.3.10f1\Editor\Data\PlaybackEngines\AndroidPlayer\OpenJDK\bin\msvcp140.dll
0x00007ff8737d0000 - 0x00007ff874351000 	C:\Program Files\Unity\Hub\Editor\2022.3.10f1\Editor\Data\PlaybackEngines\AndroidPlayer\OpenJDK\bin\server\jvm.dll
0x00007ff96f1f0000 - 0x00007ff96f1f8000 	C:\WINDOWS\System32\PSAPI.DLL
0x00007ff940ef0000 - 0x00007ff940efa000 	C:\WINDOWS\SYSTEM32\WSOCK32.dll
0x00007ff9711f0000 - 0x00007ff971264000 	C:\WINDOWS\System32\WS2_32.dll
0x00007ff95fdd0000 - 0x00007ff95fe05000 	C:\WINDOWS\SYSTEM32\WINMM.dll
0x00007ff96ca90000 - 0x00007ff96caab000 	C:\WINDOWS\SYSTEM32\kernel.appcore.dll
0x00007ff92a950000 - 0x00007ff92a960000 	C:\Program Files\Unity\Hub\Editor\2022.3.10f1\Editor\Data\PlaybackEngines\AndroidPlayer\OpenJDK\bin\verify.dll
0x00007ff96dec0000 - 0x00007ff96e102000 	C:\WINDOWS\SYSTEM32\DBGHELP.DLL
0x00007ff9705e0000 - 0x00007ff9706b7000 	C:\WINDOWS\System32\OLEAUT32.dll
0x00007ff96dd20000 - 0x00007ff96dd5d000 	C:\WINDOWS\SYSTEM32\dbgcore.DLL
0x00007ff910790000 - 0x00007ff9107b8000 	C:\Program Files\Unity\Hub\Editor\2022.3.10f1\Editor\Data\PlaybackEngines\AndroidPlayer\OpenJDK\bin\java.dll
0x00007ff919db0000 - 0x00007ff919dba000 	C:\Program Files\Unity\Hub\Editor\2022.3.10f1\Editor\Data\PlaybackEngines\AndroidPlayer\OpenJDK\bin\jimage.dll
0x00007ff912080000 - 0x00007ff912098000 	C:\Program Files\Unity\Hub\Editor\2022.3.10f1\Editor\Data\PlaybackEngines\AndroidPlayer\OpenJDK\bin\zip.dll
0x00007ff970800000 - 0x00007ff970f4d000 	C:\WINDOWS\System32\SHELL32.dll
0x00007ff96f080000 - 0x00007ff96f1ec000 	C:\WINDOWS\System32\wintypes.dll
0x00007ff96b760000 - 0x00007ff96bfb9000 	C:\WINDOWS\SYSTEM32\windows.storage.dll
0x000001344bb50000 - 0x000001344bc40000 	C:\WINDOWS\System32\SHCORE.dll
0x00007ff970090000 - 0x00007ff9700f2000 	C:\WINDOWS\System32\shlwapi.dll
0x00007ff96e4d0000 - 0x00007ff96e4f9000 	C:\WINDOWS\SYSTEM32\profapi.dll
0x00007ff910770000 - 0x00007ff910789000 	C:\Program Files\Unity\Hub\Editor\2022.3.10f1\Editor\Data\PlaybackEngines\AndroidPlayer\OpenJDK\bin\net.dll
0x00007ff9646f0000 - 0x00007ff96480f000 	C:\WINDOWS\SYSTEM32\WINHTTP.dll
0x00007ff96d070000 - 0x00007ff96d0db000 	C:\WINDOWS\system32\mswsock.dll
0x00007ff90fd20000 - 0x00007ff90fd33000 	C:\Program Files\Unity\Hub\Editor\2022.3.10f1\Editor\Data\PlaybackEngines\AndroidPlayer\OpenJDK\bin\nio.dll
0x00007ff8fd430000 - 0x00007ff8fd455000 	C:\Program Files\Unity\Hub\Editor\2022.3.10f1\Editor\Data\PlaybackEngines\AndroidPlayer\OpenJDK\bin\sunec.dll
0x00007ff96e210000 - 0x00007ff96e22b000 	C:\WINDOWS\SYSTEM32\CRYPTSP.dll
0x00007ff96cd50000 - 0x00007ff96cd8b000 	C:\WINDOWS\system32\rsaenh.dll
0x00007ff96d140000 - 0x00007ff96d16b000 	C:\WINDOWS\SYSTEM32\USERENV.dll
0x00007ff96d360000 - 0x00007ff96d36c000 	C:\WINDOWS\SYSTEM32\CRYPTBASE.dll
0x00007ff96c5c0000 - 0x00007ff96c5f4000 	C:\WINDOWS\SYSTEM32\IPHLPAPI.DLL
0x00007ff96f3b0000 - 0x00007ff96f3ba000 	C:\WINDOWS\System32\NSI.dll
0x00007ff964a40000 - 0x00007ff964a5e000 	C:\WINDOWS\SYSTEM32\dhcpcsvc6.DLL
0x00007ff964990000 - 0x00007ff9649b3000 	C:\WINDOWS\SYSTEM32\dhcpcsvc.DLL
0x00007ff96c6a0000 - 0x00007ff96c7c6000 	C:\WINDOWS\SYSTEM32\DNSAPI.dll
0x00007ff963110000 - 0x00007ff96311b000 	C:\Windows\System32\rasadhlp.dll
0x00007ff964bc0000 - 0x00007ff964c46000 	C:\WINDOWS\System32\fwpuclnt.dll
0x00007ff90f890000 - 0x00007ff90f89e000 	C:\Program Files\Unity\Hub\Editor\2022.3.10f1\Editor\Data\PlaybackEngines\AndroidPlayer\OpenJDK\bin\sunmscapi.dll
0x000001344e260000 - 0x000001344e3d7000 	C:\WINDOWS\System32\CRYPT32.dll
0x00007ff96d660000 - 0x00007ff96d690000 	C:\WINDOWS\SYSTEM32\ncrypt.dll
0x00007ff96d710000 - 0x00007ff96d74f000 	C:\WINDOWS\SYSTEM32\NTASN1.dll

dbghelp: loaded successfully - version: 4.0.5 - missing functions: none
symbol engine: initialized successfully - sym options: 0x614 - pdb path: .;C:\Program Files\Unity\Hub\Editor\2022.3.10f1\Editor\Data\PlaybackEngines\AndroidPlayer\OpenJDK\bin;C:\WINDOWS\SYSTEM32;C:\WINDOWS\WinSxS\amd64_microsoft.windows.common-controls_6595b64144ccf1df_6.0.26100.5074_none_3e0d6f78e32fd63f;C:\Program Files (x86)\Citrix\ICA Client;C:\Program Files\Unity\Hub\Editor\2022.3.10f1\Editor\Data\PlaybackEngines\AndroidPlayer\OpenJDK\bin\server

VM Arguments:
jvm_args: -Dfile.encoding=UTF-8 -Dcom.android.sdklib.toolsdir=C:\Program Files\Unity\Hub\Editor\2022.3.10f1\Editor\Data\PlaybackEngines\AndroidPlayer\SDK\cmdline-tools\6.0\bin\\.. 
java_command: com.android.sdklib.tool.sdkmanager.SdkManagerCli --list
java_class_path (initial): C:\Program Files\Unity\Hub\Editor\2022.3.10f1\Editor\Data\PlaybackEngines\AndroidPlayer\SDK\cmdline-tools\6.0\bin\..\lib\sdkmanager-classpath.jar
Launcher Type: SUN_STANDARD

[Global flags]
     intx CICompilerCount                          = 15                                        {product} {ergonomic}
     uint ConcGCThreads                            = 6                                         {product} {ergonomic}
     uint G1ConcRefinementThreads                  = 23                                        {product} {ergonomic}
   size_t G1HeapRegionSize                         = 1048576                                   {product} {ergonomic}
    uintx GCDrainStackTargetSize                   = 64                                        {product} {ergonomic}
   size_t InitialHeapSize                          = 264241152                                 {product} {ergonomic}
   size_t MarkStackSize                            = 4194304                                   {product} {ergonomic}
   size_t MaxHeapSize                              = 4219469824                                {product} {ergonomic}
   size_t MaxNewSize                               = 2531262464                                {product} {ergonomic}
   size_t MinHeapDeltaBytes                        = 1048576                                   {product} {ergonomic}
    uintx NonNMethodCodeHeapSize                   = 8182140                                {pd product} {ergonomic}
    uintx NonProfiledCodeHeapSize                  = 121738050                              {pd product} {ergonomic}
    uintx ProfiledCodeHeapSize                     = 121738050                              {pd product} {ergonomic}
    uintx ReservedCodeCacheSize                    = 251658240                              {pd product} {ergonomic}
     bool SegmentedCodeCache                       = true                                      {product} {ergonomic}
     bool UseCompressedClassPointers               = true                                 {lp64_product} {ergonomic}
     bool UseCompressedOops                        = true                                 {lp64_product} {ergonomic}
     bool UseG1GC                                  = true                                      {product} {ergonomic}
     bool UseLargePagesIndividualAllocation        = false                                  {pd product} {ergonomic}

Logging:
Log output configuration:
 #0: stdout all=warning uptime,level,tags
 #1: stderr all=off uptime,level,tags

Environment Variables:
JAVA_HOME=C:\Program Files\Unity\Hub\Editor\2022.3.10f1\Editor\Data\PlaybackEngines\AndroidPlayer\OpenJDK
JAVA_TOOL_OPTIONS=-Dfile.encoding=UTF-8
CLASSPATH=C:\Program Files\Unity\Hub\Editor\2022.3.10f1\Editor\Data\PlaybackEngines\AndroidPlayer\SDK\cmdline-tools\6.0\bin\..\lib\sdkmanager-classpath.jar
PATH=C:\Program Files\Oculus\Support\oculus-runtime;C:\WINDOWS\system32;C:\WINDOWS;C:\WINDOWS\System32\Wbem;C:\WINDOWS\System32\WindowsPowerShell\v1.0\;C:\WINDOWS\System32\OpenSSH\;C:\Program Files\dotnet\;C:\Program Files (x86)\NVIDIA Corporation\PhysX\Common;C:\Program Files\NVIDIA Corporation\NVIDIA NvDLISR;C:\Program Files\Git\cmd;C:\Program Files\Docker\Docker\resources\bin;C:\Users\fredy\AppData\Roaming\nvm;C:\Program Files\nodejs;C:\Program Files\nodejs;C:\Users\fredy\AppData\Local\Programs\Python\Python311\Scripts\;C:\Users\fredy\AppData\Local\Programs\Python\Python311\;C:\Users\fredy\anaconda3;C:\Users\fredy\anaconda3\Library\mingw-w64\bin;C:\Users\fredy\anaconda3\Library\usr\bin;C:\Users\fredy\anaconda3\Library\bin;C:\Users\fredy\anaconda3\Scripts;C:\Users\fredy\AppData\Local\Programs\Python\Python313\Scripts\;C:\Users\fredy\AppData\Local\Programs\Python\Python313\;C:\Users\fredy\AppData\Local\Microsoft\WindowsApps;C:\Users\fredy\AppData\Roaming\nvm;C:\Program Files\nodejs;C:\Program Files\nodejs;C:\Users\fredy\AppData\Local\Programs\Microsoft VS Code\bin
USERNAME=fredy
OS=Windows_NT
PROCESSOR_IDENTIFIER=Intel64 Family 6 Model 183 Stepping 1, GenuineIntel



---------------  S Y S T E M  ---------------

OS: Windows 11 , 64 bit Build 26100 (10.0.26100.5074)
OS uptime: 0 days 0:19 hours
Hyper-V role detected

CPU:total 32 (initial active 32) (16 cores per cpu, 2 threads per core) family 6 model 183 stepping 1 microcode 0x11f, cmov, cx8, fxsr, mmx, sse, sse2, sse3, ssse3, sse4.1, sse4.2, popcnt, avx, avx2, aes, clmul, erms, 3dnowpref, lzcnt, ht, tsc, tscinvbit, bmi1, bmi2, adx, sha, fma

Memory: 4k page, system-wide physical 16088M (6180M free)
TotalPageFile size 36568M (AvailPageFile size 20144M)
current process WorkingSet (physical memory assigned to process): 107M, peak: 107M
current process commit charge ("private bytes"): 400M, peak: 400M

vm_info: OpenJDK 64-Bit Server VM (11.0.14.1+1) for windows-amd64 JRE (11.0.14.1+1), built on Feb  9 2022 01:48:27 by "" with unknown MS VC++:1916

END.
