#
# A fatal error has been detected by the Java Runtime Environment:
#
#  EXCEPTION_ACCESS_VIOLATION (0xc0000005) at pc=0x00007ffbc6020ab3, pid=33672, tid=16920
#
# JRE version: OpenJDK Runtime Environment Temurin-11.0.14.1+1 (11.0.14.1+1) (build 11.0.14.1+1)
# Java VM: OpenJDK 64-Bit Server VM Temurin-11.0.14.1+1 (11.0.14.1+1, mixed mode, tiered, compressed oops, g1 gc, windows-amd64)
# Problematic frame:
# V  [jvm.dll+0x10ab3]
#
# No core dump will be written. Minidumps are not enabled by default on client versions of Windows
#
# If you would like to submit a bug report, please visit:
#   https://github.com/adoptium/adoptium-support/issues
#

---------------  S U M M A R Y ------------

Command Line: -Dfile.encoding=UTF-8 -Dcom.android.sdklib.toolsdir=C:\Program Files\Unity\Hub\Editor\2022.3.10f1\Editor\Data\PlaybackEngines\AndroidPlayer\SDK\cmdline-tools\6.0\bin\\.. com.android.sdklib.tool.sdkmanager.SdkManagerCli --list

Host: Intel(R) Core(TM) i9-14900HX, 32 cores, 15G,  Windows 11 , 64 bit Build 26100 (10.0.26100.5074)
Time: Wed Sep 17 09:49:50 2025 SA Pacific Standard Time elapsed time: 1.359328 seconds (0d 0h 0m 1s)

---------------  T H R E A D  ---------------

Current thread (0x00000152cea3c800):  JavaThread "C2 CompilerThread0" daemon [_thread_in_native, id=16920, stack(0x0000001f09a00000,0x0000001f09b00000)]


Current CompileTask:
C2:   1359 1872       4       java.util.regex.Pattern$SliceI::match (96 bytes)

Stack: [0x0000001f09a00000,0x0000001f09b00000],  sp=0x0000001f09afa728,  free space=1001k
Native frames: (J=compiled Java code, j=interpreted, Vv=VM code, C=native code)
V  [jvm.dll+0x10ab3]


siginfo: EXCEPTION_ACCESS_VIOLATION (0xc0000005), reading address 0x00000000cea270a0


Register to memory mapping:

RIP=0x00007ffbc6020ab3 jvm.dll
RAX=0x00007ffbc689e278 jvm.dll
RBX=0x00000152cf7ae9a8 points into unknown readable memory: 0x00007ffbc6812680 | 80 26 81 c6 fb 7f 00 00
RCX=0x00000152cf7ae788 points into unknown readable memory: 0x00007ffbc689e278 | 78 e2 89 c6 fb 7f 00 00
RDX=0x00000000cea270a0 is an unknown value
RSP=0x0000001f09afa728 is pointing into the stack for thread: 0x00000152cea3c800
RBP=0x00000152cf7ae9f0 points into unknown readable memory: 0x00000152cf7ae9a8 | a8 e9 7a cf 52 01 00 00
RSI=0x00000152cf7ae9a8 points into unknown readable memory: 0x00007ffbc6812680 | 80 26 81 c6 fb 7f 00 00
RDI=0x0000001f09afad80 is pointing into the stack for thread: 0x00000152cea3c800
R8 =0x000000000000003f is an unknown value
R9 =0x00000152cf90c000 points into unknown readable memory: 0x0000007b00000078 | 78 00 00 00 7b 00 00 00
R10=0x0000000000000001 is an unknown value
R11=0x00000152cf90b6d0 points into unknown readable memory: 0x0000000000000002 | 02 00 00 00 00 00 00 00
R12=0x00000152cf7ae9f8 points into unknown readable memory: 0x00000152cf7aeaa8 | a8 ea 7a cf 52 01 00 00
R13=0x00007ffbc6889130 jvm.dll
R14=0x0 is NULL
R15=0x00000152cf7ae788 points into unknown readable memory: 0x00007ffbc689e278 | 78 e2 89 c6 fb 7f 00 00


Registers:
RAX=0x00007ffbc689e278, RBX=0x00000152cf7ae9a8, RCX=0x00000152cf7ae788, RDX=0x00000000cea270a0
RSP=0x0000001f09afa728, RBP=0x00000152cf7ae9f0, RSI=0x00000152cf7ae9a8, RDI=0x0000001f09afad80
R8 =0x000000000000003f, R9 =0x00000152cf90c000, R10=0x0000000000000001, R11=0x00000152cf90b6d0
R12=0x00000152cf7ae9f8, R13=0x00007ffbc6889130, R14=0x0000000000000000, R15=0x00000152cf7ae788
RIP=0x00007ffbc6020ab3, EFLAGS=0x0000000000010246

Top of Stack: (sp=0x0000001f09afa728)
0x0000001f09afa728:   00007ffbc65fb9d7 0000001f00000000
0x0000001f09afa738:   0000000000000000 0000000000000048
0x0000001f09afa748:   0000000000000001 00000152cf7aeb10
0x0000001f09afa758:   00007ffbc653f186 00000152cf7aeb10
0x0000001f09afa768:   00000152cf90b630 0000000000000000
0x0000001f09afa778:   0000000000000000 0000000000000000
0x0000001f09afa788:   00000152a83ec1a0 0000000000000000
0x0000001f09afa798:   0000000000004218 00000152cf7ae9f8
0x0000001f09afa7a8:   00007ffccf548d2d 0000000000000019
0x0000001f09afa7b8:   0000001f09afad80 00000152cf7ae788
0x0000001f09afa7c8:   0000001f09afb901 ffffffffffffffff
0x0000001f09afa7d8:   000000000000003f 0000001f09afa850
0x0000001f09afa7e8:   00007ffbc653f03b 00000152cf7ae9a8
0x0000001f09afa7f8:   00000152cf7ae788 000001520000003f
0x0000001f09afa808:   00000152cf7ae9f0 000000cd00000018
0x0000001f09afa818:   0000000000000000 0000015200000007 

Instructions: (pc=0x00007ffbc6020ab3)
0x00007ffbc60209b3:   c0 4c 8b 04 08 49 8b 80 e8 04 00 00 4c 8b 80 80
0x00007ffbc60209c3:   00 00 00 48 8b 05 d3 ff a8 00 48 c1 e8 24 a8 01
0x00007ffbc60209d3:   74 18 41 83 b8 84 00 00 00 10 77 0a 41 80 b8 88
0x00007ffbc60209e3:   00 00 00 01 75 04 b1 01 eb 02 33 c9 84 c9 b8 0b
0x00007ffbc60209f3:   00 00 00 41 b8 0e 00 00 00 48 8b ca 41 0f 45 c0
0x00007ffbc6020a03:   03 d8 48 8b 02 ff 90 08 01 00 00 8d 48 ff f7 d8
0x00007ffbc6020a13:   03 cb 23 c1 2b c3 48 83 c4 20 5b c3 cc 40 53 48
0x00007ffbc6020a23:   83 ec 20 44 8b 05 9f 6e ad 00 8b da 65 48 8b 04
0x00007ffbc6020a33:   25 58 00 00 00 48 8b d1 b9 08 00 00 00 4a 8b 04
0x00007ffbc6020a43:   c0 4c 8b 04 08 49 8b 80 e8 04 00 00 4c 8b 80 80
0x00007ffbc6020a53:   00 00 00 48 8b 05 43 ff a8 00 48 c1 e8 24 a8 01
0x00007ffbc6020a63:   74 18 41 83 b8 84 00 00 00 10 77 0a 41 80 b8 88
0x00007ffbc6020a73:   00 00 00 01 75 04 b1 01 eb 02 33 c9 84 c9 b8 01
0x00007ffbc6020a83:   00 00 00 41 b8 04 00 00 00 48 8b ca 41 0f 45 c0
0x00007ffbc6020a93:   03 d8 48 8b 02 ff 90 08 01 00 00 8d 48 ff f7 d8
0x00007ffbc6020aa3:   03 cb 23 c1 2b c3 48 83 c4 20 5b c3 cc b0 01 c3
0x00007ffbc6020ab3:   cc cc cc cc cc cc cc cc cc cc cc cc cc 8b 41 08
0x00007ffbc6020ac3:   c3 cc cc cc cc cc cc cc cc cc cc cc cc 48 8b 05
0x00007ffbc6020ad3:   b9 2e ab 00 c3 cc cc cc cc cc cc cc cc 0f 10 05
0x00007ffbc6020ae3:   b9 a8 a2 00 48 8b c1 0f 10 0d bf a8 a2 00 0f 11
0x00007ffbc6020af3:   01 0f 10 05 c5 a8 a2 00 0f 11 49 10 0f 10 0d ca
0x00007ffbc6020b03:   a8 a2 00 0f 11 41 20 0f 10 05 cf a8 a2 00 0f 11
0x00007ffbc6020b13:   49 30 f2 0f 10 0d d3 a8 a2 00 0f 11 41 40 f2 0f
0x00007ffbc6020b23:   11 49 50 c3 cc cc cc cc cc cc cc cc cc 0f 10 05
0x00007ffbc6020b33:   49 a4 a2 00 48 8b c1 0f 10 0d 4f a4 a2 00 0f 11
0x00007ffbc6020b43:   01 0f 10 05 55 a4 a2 00 0f 11 49 10 0f 10 0d 5a
0x00007ffbc6020b53:   a4 a2 00 0f 11 41 20 0f 10 05 5f a4 a2 00 0f 11
0x00007ffbc6020b63:   49 30 f2 0f 10 0d 63 a4 a2 00 0f 11 41 40 f2 0f
0x00007ffbc6020b73:   11 49 50 c3 cc cc cc cc cc cc cc cc cc 48 89 5c
0x00007ffbc6020b83:   24 08 48 89 74 24 10 57 48 83 ec 20 48 8b 01 48
0x00007ffbc6020b93:   8b f2 33 d2 49 8b f8 48 8b d9 ff 90 80 00 00 00
0x00007ffbc6020ba3:   48 8b c8 e8 15 ed 05 00 8b d0 48 8b cf e8 ab 45 


Stack slot to memory mapping:
stack at sp + 0 slots: 0x00007ffbc65fb9d7 jvm.dll
stack at sp + 1 slots: 0x0000001f00000000 is an unknown value
stack at sp + 2 slots: 0x0 is NULL
stack at sp + 3 slots: 0x0000000000000048 is an unknown value
stack at sp + 4 slots: 0x0000000000000001 is an unknown value
stack at sp + 5 slots: 0x00000152cf7aeb10 points into unknown readable memory: 0x00007ffbc6919e28 | 28 9e 91 c6 fb 7f 00 00
stack at sp + 6 slots: 0x00007ffbc653f186 jvm.dll
stack at sp + 7 slots: 0x00000152cf7aeb10 points into unknown readable memory: 0x00007ffbc6919e28 | 28 9e 91 c6 fb 7f 00 00


---------------  P R O C E S S  ---------------

Threads class SMR info:
_java_thread_list=0x00000152d027eb90, length=15, elements={
0x00000152a83fe000, 0x00000152ce9a1000, 0x00000152ce9c2800, 0x00000152cea25800,
0x00000152cea27800, 0x00000152cea2b800, 0x00000152cea3c800, 0x00000152cea3f800,
0x00000152cea48000, 0x00000152cea40800, 0x00000152cebe3800, 0x00000152cea3d800,
0x00000152cea41000, 0x00000152cea43000, 0x00000152cea3e800
}

Java Threads: ( => current thread )
  0x00000152a83fe000 JavaThread "main" [_thread_in_vm, id=17656, stack(0x0000001f08d00000,0x0000001f08e00000)]
  0x00000152ce9a1000 JavaThread "Reference Handler" daemon [_thread_blocked, id=4788, stack(0x0000001f09500000,0x0000001f09600000)]
  0x00000152ce9c2800 JavaThread "Finalizer" daemon [_thread_blocked, id=8436, stack(0x0000001f09600000,0x0000001f09700000)]
  0x00000152cea25800 JavaThread "Signal Dispatcher" daemon [_thread_blocked, id=6960, stack(0x0000001f09700000,0x0000001f09800000)]
  0x00000152cea27800 JavaThread "Attach Listener" daemon [_thread_blocked, id=15564, stack(0x0000001f09800000,0x0000001f09900000)]
  0x00000152cea2b800 JavaThread "Service Thread" daemon [_thread_blocked, id=2168, stack(0x0000001f09900000,0x0000001f09a00000)]
=>0x00000152cea3c800 JavaThread "C2 CompilerThread0" daemon [_thread_in_native, id=16920, stack(0x0000001f09a00000,0x0000001f09b00000)]
  0x00000152cea3f800 JavaThread "C1 CompilerThread0" daemon [_thread_blocked, id=5816, stack(0x0000001f09b00000,0x0000001f09c00000)]
  0x00000152cea48000 JavaThread "Sweeper thread" daemon [_thread_blocked, id=23820, stack(0x0000001f09c00000,0x0000001f09d00000)]
  0x00000152cea40800 JavaThread "C1 CompilerThread1" daemon [_thread_blocked, id=6708, stack(0x0000001f09d00000,0x0000001f09e00000)]
  0x00000152cebe3800 JavaThread "Common-Cleaner" daemon [_thread_blocked, id=7208, stack(0x0000001f09f00000,0x0000001f0a000000)]
  0x00000152cea3d800 JavaThread "C1 CompilerThread2" daemon [_thread_blocked, id=3220, stack(0x0000001f0a100000,0x0000001f0a200000)]
  0x00000152cea41000 JavaThread "C1 CompilerThread3" daemon [_thread_blocked, id=32516, stack(0x0000001f0a200000,0x0000001f0a300000)]
  0x00000152cea43000 JavaThread "C1 CompilerThread4" daemon [_thread_in_vm, id=8432, stack(0x0000001f0a300000,0x0000001f0a400000)]
  0x00000152cea3e800 JavaThread "C2 CompilerThread1" daemon [_thread_blocked, id=7116, stack(0x0000001f0a000000,0x0000001f0a100000)]

Other Threads:
  0x00000152ce99f000 VMThread "VM Thread" [stack: 0x0000001f09400000,0x0000001f09500000] [id=22896]
  0x00000152cebd5800 WatcherThread [stack: 0x0000001f09e00000,0x0000001f09f00000] [id=11896]
  0x00000152a8418800 GCTaskThread "GC Thread#0" [stack: 0x0000001f08f00000,0x0000001f09000000] [id=12220]
  0x00000152d0135800 GCTaskThread "GC Thread#1" [stack: 0x0000001f0a500000,0x0000001f0a600000] [id=10180]
  0x00000152d0153800 GCTaskThread "GC Thread#2" [stack: 0x0000001f0a600000,0x0000001f0a700000] [id=2376]
  0x00000152d0154800 GCTaskThread "GC Thread#3" [stack: 0x0000001f0a700000,0x0000001f0a800000] [id=27192]
  0x00000152d0155000 GCTaskThread "GC Thread#4" [stack: 0x0000001f0a800000,0x0000001f0a900000] [id=33324]
  0x00000152d0156000 GCTaskThread "GC Thread#5" [stack: 0x0000001f0a900000,0x0000001f0aa00000] [id=33308]
  0x00000152a847c800 ConcurrentGCThread "G1 Main Marker" [stack: 0x0000001f09000000,0x0000001f09100000] [id=31316]
  0x00000152a8483800 ConcurrentGCThread "G1 Conc#0" [stack: 0x0000001f09100000,0x0000001f09200000] [id=15280]
  0x00000152a847d000 ConcurrentGCThread "G1 Refine#0" [stack: 0x0000001f09200000,0x0000001f09300000] [id=12316]
  0x00000152ccde5800 ConcurrentGCThread "G1 Young RemSet Sampling" [stack: 0x0000001f09300000,0x0000001f09400000] [id=15352]

Threads with active compile tasks:
C2 CompilerThread0   1391 1872       4       java.util.regex.Pattern$SliceI::match (96 bytes)
C1 CompilerThread0   1391 1902       3       sun.security.util.math.intpoly.IntegerPolynomial25519::mult (943 bytes)
C1 CompilerThread1   1391 1901       3       sun.security.util.math.intpoly.IntegerPolynomial$MutableElement::setProduct (31 bytes)
C1 CompilerThread2   1391 1898       3       sun.security.util.math.intpoly.IntegerPolynomial$MutableElement::setSum (84 bytes)
C1 CompilerThread3   1391 1899       3       sun.security.util.math.intpoly.IntegerPolynomial$MutableElement::setDifference (84 bytes)
C1 CompilerThread4   1391 1900       3       sun.security.util.math.intpoly.IntegerPolynomial$MutableElement::setProduct (6 bytes)

VM state:not at safepoint (normal execution)

VM Mutex/Monitor currently owned by a thread: None

Heap address: 0x0000000704800000, size: 4024 MB, Compressed Oops mode: Zero based, Oop shift amount: 3
Narrow klass base: 0x0000000800000000, Narrow klass shift: 0
Compressed class space size: 1073741824 Address: 0x0000000800000000

Heap:
 garbage-first heap   total 258048K, used 14366K [0x0000000704800000, 0x0000000800000000)
  region size 1024K, 14 young (14336K), 3 survivors (3072K)
 Metaspace       used 19522K, capacity 19807K, committed 19968K, reserved 1067008K
  class space    used 1881K, capacity 2000K, committed 2048K, reserved 1048576K
Heap Regions: E=young(eden), S=young(survivor), O=old, HS=humongous(starts), HC=humongous(continues), CS=collection set, F=free, A=archive, TAMS=top-at-mark-start (previous, next)
|   0|0x0000000704800000, 0x0000000704800000, 0x0000000704900000|  0%| F|  |TAMS 0x0000000704800000, 0x0000000704800000| Untracked 
|   1|0x0000000704900000, 0x0000000704a00000, 0x0000000704a00000|100%| O|  |TAMS 0x0000000704900000, 0x0000000704900000| Untracked 
|   2|0x0000000704a00000, 0x0000000704a07a00, 0x0000000704b00000|  2%| O|  |TAMS 0x0000000704a00000, 0x0000000704a00000| Untracked 
|   3|0x0000000704b00000, 0x0000000704b00000, 0x0000000704c00000|  0%| F|  |TAMS 0x0000000704b00000, 0x0000000704b00000| Untracked 
|   4|0x0000000704c00000, 0x0000000704c00000, 0x0000000704d00000|  0%| F|  |TAMS 0x0000000704c00000, 0x0000000704c00000| Untracked 
|   5|0x0000000704d00000, 0x0000000704d00000, 0x0000000704e00000|  0%| F|  |TAMS 0x0000000704d00000, 0x0000000704d00000| Untracked 
|   6|0x0000000704e00000, 0x0000000704e00000, 0x0000000704f00000|  0%| F|  |TAMS 0x0000000704e00000, 0x0000000704e00000| Untracked 
|   7|0x0000000704f00000, 0x0000000704f00000, 0x0000000705000000|  0%| F|  |TAMS 0x0000000704f00000, 0x0000000704f00000| Untracked 
|   8|0x0000000705000000, 0x0000000705000000, 0x0000000705100000|  0%| F|  |TAMS 0x0000000705000000, 0x0000000705000000| Untracked 
|   9|0x0000000705100000, 0x0000000705100000, 0x0000000705200000|  0%| F|  |TAMS 0x0000000705100000, 0x0000000705100000| Untracked 
|  10|0x0000000705200000, 0x0000000705200000, 0x0000000705300000|  0%| F|  |TAMS 0x0000000705200000, 0x0000000705200000| Untracked 
|  11|0x0000000705300000, 0x0000000705300000, 0x0000000705400000|  0%| F|  |TAMS 0x0000000705300000, 0x0000000705300000| Untracked 
|  12|0x0000000705400000, 0x0000000705400000, 0x0000000705500000|  0%| F|  |TAMS 0x0000000705400000, 0x0000000705400000| Untracked 
|  13|0x0000000705500000, 0x0000000705500000, 0x0000000705600000|  0%| F|  |TAMS 0x0000000705500000, 0x0000000705500000| Untracked 
|  14|0x0000000705600000, 0x0000000705600000, 0x0000000705700000|  0%| F|  |TAMS 0x0000000705600000, 0x0000000705600000| Untracked 
|  15|0x0000000705700000, 0x0000000705700000, 0x0000000705800000|  0%| F|  |TAMS 0x0000000705700000, 0x0000000705700000| Untracked 
|  16|0x0000000705800000, 0x0000000705800000, 0x0000000705900000|  0%| F|  |TAMS 0x0000000705800000, 0x0000000705800000| Untracked 
|  17|0x0000000705900000, 0x0000000705900000, 0x0000000705a00000|  0%| F|  |TAMS 0x0000000705900000, 0x0000000705900000| Untracked 
|  18|0x0000000705a00000, 0x0000000705a00000, 0x0000000705b00000|  0%| F|  |TAMS 0x0000000705a00000, 0x0000000705a00000| Untracked 
|  19|0x0000000705b00000, 0x0000000705b00000, 0x0000000705c00000|  0%| F|  |TAMS 0x0000000705b00000, 0x0000000705b00000| Untracked 
|  20|0x0000000705c00000, 0x0000000705c00000, 0x0000000705d00000|  0%| F|  |TAMS 0x0000000705c00000, 0x0000000705c00000| Untracked 
|  21|0x0000000705d00000, 0x0000000705d00000, 0x0000000705e00000|  0%| F|  |TAMS 0x0000000705d00000, 0x0000000705d00000| Untracked 
|  22|0x0000000705e00000, 0x0000000705e00000, 0x0000000705f00000|  0%| F|  |TAMS 0x0000000705e00000, 0x0000000705e00000| Untracked 
|  23|0x0000000705f00000, 0x0000000705f00000, 0x0000000706000000|  0%| F|  |TAMS 0x0000000705f00000, 0x0000000705f00000| Untracked 
|  24|0x0000000706000000, 0x0000000706000000, 0x0000000706100000|  0%| F|  |TAMS 0x0000000706000000, 0x0000000706000000| Untracked 
|  25|0x0000000706100000, 0x0000000706100000, 0x0000000706200000|  0%| F|  |TAMS 0x0000000706100000, 0x0000000706100000| Untracked 
|  26|0x0000000706200000, 0x0000000706200000, 0x0000000706300000|  0%| F|  |TAMS 0x0000000706200000, 0x0000000706200000| Untracked 
|  27|0x0000000706300000, 0x0000000706300000, 0x0000000706400000|  0%| F|  |TAMS 0x0000000706300000, 0x0000000706300000| Untracked 
|  28|0x0000000706400000, 0x0000000706400000, 0x0000000706500000|  0%| F|  |TAMS 0x0000000706400000, 0x0000000706400000| Untracked 
|  29|0x0000000706500000, 0x0000000706500000, 0x0000000706600000|  0%| F|  |TAMS 0x0000000706500000, 0x0000000706500000| Untracked 
|  30|0x0000000706600000, 0x0000000706600000, 0x0000000706700000|  0%| F|  |TAMS 0x0000000706600000, 0x0000000706600000| Untracked 
|  31|0x0000000706700000, 0x0000000706700000, 0x0000000706800000|  0%| F|  |TAMS 0x0000000706700000, 0x0000000706700000| Untracked 
|  32|0x0000000706800000, 0x0000000706800000, 0x0000000706900000|  0%| F|  |TAMS 0x0000000706800000, 0x0000000706800000| Untracked 
|  33|0x0000000706900000, 0x0000000706900000, 0x0000000706a00000|  0%| F|  |TAMS 0x0000000706900000, 0x0000000706900000| Untracked 
|  34|0x0000000706a00000, 0x0000000706a00000, 0x0000000706b00000|  0%| F|  |TAMS 0x0000000706a00000, 0x0000000706a00000| Untracked 
|  35|0x0000000706b00000, 0x0000000706b00000, 0x0000000706c00000|  0%| F|  |TAMS 0x0000000706b00000, 0x0000000706b00000| Untracked 
|  36|0x0000000706c00000, 0x0000000706c00000, 0x0000000706d00000|  0%| F|  |TAMS 0x0000000706c00000, 0x0000000706c00000| Untracked 
|  37|0x0000000706d00000, 0x0000000706d00000, 0x0000000706e00000|  0%| F|  |TAMS 0x0000000706d00000, 0x0000000706d00000| Untracked 
|  38|0x0000000706e00000, 0x0000000706e00000, 0x0000000706f00000|  0%| F|  |TAMS 0x0000000706e00000, 0x0000000706e00000| Untracked 
|  39|0x0000000706f00000, 0x0000000706f00000, 0x0000000707000000|  0%| F|  |TAMS 0x0000000706f00000, 0x0000000706f00000| Untracked 
|  40|0x0000000707000000, 0x0000000707000000, 0x0000000707100000|  0%| F|  |TAMS 0x0000000707000000, 0x0000000707000000| Untracked 
|  41|0x0000000707100000, 0x0000000707100000, 0x0000000707200000|  0%| F|  |TAMS 0x0000000707100000, 0x0000000707100000| Untracked 
|  42|0x0000000707200000, 0x0000000707200000, 0x0000000707300000|  0%| F|  |TAMS 0x0000000707200000, 0x0000000707200000| Untracked 
|  43|0x0000000707300000, 0x0000000707300000, 0x0000000707400000|  0%| F|  |TAMS 0x0000000707300000, 0x0000000707300000| Untracked 
|  44|0x0000000707400000, 0x0000000707400000, 0x0000000707500000|  0%| F|  |TAMS 0x0000000707400000, 0x0000000707400000| Untracked 
|  45|0x0000000707500000, 0x0000000707500000, 0x0000000707600000|  0%| F|  |TAMS 0x0000000707500000, 0x0000000707500000| Untracked 
|  46|0x0000000707600000, 0x0000000707600000, 0x0000000707700000|  0%| F|  |TAMS 0x0000000707600000, 0x0000000707600000| Untracked 
|  47|0x0000000707700000, 0x0000000707700000, 0x0000000707800000|  0%| F|  |TAMS 0x0000000707700000, 0x0000000707700000| Untracked 
|  48|0x0000000707800000, 0x0000000707800000, 0x0000000707900000|  0%| F|  |TAMS 0x0000000707800000, 0x0000000707800000| Untracked 
|  49|0x0000000707900000, 0x0000000707900000, 0x0000000707a00000|  0%| F|  |TAMS 0x0000000707900000, 0x0000000707900000| Untracked 
|  50|0x0000000707a00000, 0x0000000707a00000, 0x0000000707b00000|  0%| F|  |TAMS 0x0000000707a00000, 0x0000000707a00000| Untracked 
|  51|0x0000000707b00000, 0x0000000707b00000, 0x0000000707c00000|  0%| F|  |TAMS 0x0000000707b00000, 0x0000000707b00000| Untracked 
|  52|0x0000000707c00000, 0x0000000707c00000, 0x0000000707d00000|  0%| F|  |TAMS 0x0000000707c00000, 0x0000000707c00000| Untracked 
|  53|0x0000000707d00000, 0x0000000707d00000, 0x0000000707e00000|  0%| F|  |TAMS 0x0000000707d00000, 0x0000000707d00000| Untracked 
|  54|0x0000000707e00000, 0x0000000707e00000, 0x0000000707f00000|  0%| F|  |TAMS 0x0000000707e00000, 0x0000000707e00000| Untracked 
|  55|0x0000000707f00000, 0x0000000707f00000, 0x0000000708000000|  0%| F|  |TAMS 0x0000000707f00000, 0x0000000707f00000| Untracked 
|  56|0x0000000708000000, 0x0000000708000000, 0x0000000708100000|  0%| F|  |TAMS 0x0000000708000000, 0x0000000708000000| Untracked 
|  57|0x0000000708100000, 0x0000000708100000, 0x0000000708200000|  0%| F|  |TAMS 0x0000000708100000, 0x0000000708100000| Untracked 
|  58|0x0000000708200000, 0x0000000708200000, 0x0000000708300000|  0%| F|  |TAMS 0x0000000708200000, 0x0000000708200000| Untracked 
|  59|0x0000000708300000, 0x0000000708300000, 0x0000000708400000|  0%| F|  |TAMS 0x0000000708300000, 0x0000000708300000| Untracked 
|  60|0x0000000708400000, 0x0000000708400000, 0x0000000708500000|  0%| F|  |TAMS 0x0000000708400000, 0x0000000708400000| Untracked 
|  61|0x0000000708500000, 0x0000000708500000, 0x0000000708600000|  0%| F|  |TAMS 0x0000000708500000, 0x0000000708500000| Untracked 
|  62|0x0000000708600000, 0x0000000708600000, 0x0000000708700000|  0%| F|  |TAMS 0x0000000708600000, 0x0000000708600000| Untracked 
|  63|0x0000000708700000, 0x0000000708700000, 0x0000000708800000|  0%| F|  |TAMS 0x0000000708700000, 0x0000000708700000| Untracked 
|  64|0x0000000708800000, 0x0000000708800000, 0x0000000708900000|  0%| F|  |TAMS 0x0000000708800000, 0x0000000708800000| Untracked 
|  65|0x0000000708900000, 0x0000000708900000, 0x0000000708a00000|  0%| F|  |TAMS 0x0000000708900000, 0x0000000708900000| Untracked 
|  66|0x0000000708a00000, 0x0000000708a00000, 0x0000000708b00000|  0%| F|  |TAMS 0x0000000708a00000, 0x0000000708a00000| Untracked 
|  67|0x0000000708b00000, 0x0000000708b00000, 0x0000000708c00000|  0%| F|  |TAMS 0x0000000708b00000, 0x0000000708b00000| Untracked 
|  68|0x0000000708c00000, 0x0000000708c00000, 0x0000000708d00000|  0%| F|  |TAMS 0x0000000708c00000, 0x0000000708c00000| Untracked 
|  69|0x0000000708d00000, 0x0000000708d00000, 0x0000000708e00000|  0%| F|  |TAMS 0x0000000708d00000, 0x0000000708d00000| Untracked 
|  70|0x0000000708e00000, 0x0000000708e00000, 0x0000000708f00000|  0%| F|  |TAMS 0x0000000708e00000, 0x0000000708e00000| Untracked 
|  71|0x0000000708f00000, 0x0000000708f00000, 0x0000000709000000|  0%| F|  |TAMS 0x0000000708f00000, 0x0000000708f00000| Untracked 
|  72|0x0000000709000000, 0x0000000709000000, 0x0000000709100000|  0%| F|  |TAMS 0x0000000709000000, 0x0000000709000000| Untracked 
|  73|0x0000000709100000, 0x0000000709100000, 0x0000000709200000|  0%| F|  |TAMS 0x0000000709100000, 0x0000000709100000| Untracked 
|  74|0x0000000709200000, 0x0000000709200000, 0x0000000709300000|  0%| F|  |TAMS 0x0000000709200000, 0x0000000709200000| Untracked 
|  75|0x0000000709300000, 0x0000000709300000, 0x0000000709400000|  0%| F|  |TAMS 0x0000000709300000, 0x0000000709300000| Untracked 
|  76|0x0000000709400000, 0x0000000709400000, 0x0000000709500000|  0%| F|  |TAMS 0x0000000709400000, 0x0000000709400000| Untracked 
|  77|0x0000000709500000, 0x0000000709500000, 0x0000000709600000|  0%| F|  |TAMS 0x0000000709500000, 0x0000000709500000| Untracked 
|  78|0x0000000709600000, 0x0000000709600000, 0x0000000709700000|  0%| F|  |TAMS 0x0000000709600000, 0x0000000709600000| Untracked 
|  79|0x0000000709700000, 0x0000000709700000, 0x0000000709800000|  0%| F|  |TAMS 0x0000000709700000, 0x0000000709700000| Untracked 
|  80|0x0000000709800000, 0x0000000709800000, 0x0000000709900000|  0%| F|  |TAMS 0x0000000709800000, 0x0000000709800000| Untracked 
|  81|0x0000000709900000, 0x0000000709900000, 0x0000000709a00000|  0%| F|  |TAMS 0x0000000709900000, 0x0000000709900000| Untracked 
|  82|0x0000000709a00000, 0x0000000709a00000, 0x0000000709b00000|  0%| F|  |TAMS 0x0000000709a00000, 0x0000000709a00000| Untracked 
|  83|0x0000000709b00000, 0x0000000709b00000, 0x0000000709c00000|  0%| F|  |TAMS 0x0000000709b00000, 0x0000000709b00000| Untracked 
|  84|0x0000000709c00000, 0x0000000709c00000, 0x0000000709d00000|  0%| F|  |TAMS 0x0000000709c00000, 0x0000000709c00000| Untracked 
|  85|0x0000000709d00000, 0x0000000709d00000, 0x0000000709e00000|  0%| F|  |TAMS 0x0000000709d00000, 0x0000000709d00000| Untracked 
|  86|0x0000000709e00000, 0x0000000709e00000, 0x0000000709f00000|  0%| F|  |TAMS 0x0000000709e00000, 0x0000000709e00000| Untracked 
|  87|0x0000000709f00000, 0x0000000709f00000, 0x000000070a000000|  0%| F|  |TAMS 0x0000000709f00000, 0x0000000709f00000| Untracked 
|  88|0x000000070a000000, 0x000000070a000000, 0x000000070a100000|  0%| F|  |TAMS 0x000000070a000000, 0x000000070a000000| Untracked 
|  89|0x000000070a100000, 0x000000070a100000, 0x000000070a200000|  0%| F|  |TAMS 0x000000070a100000, 0x000000070a100000| Untracked 
|  90|0x000000070a200000, 0x000000070a200000, 0x000000070a300000|  0%| F|  |TAMS 0x000000070a200000, 0x000000070a200000| Untracked 
|  91|0x000000070a300000, 0x000000070a300000, 0x000000070a400000|  0%| F|  |TAMS 0x000000070a300000, 0x000000070a300000| Untracked 
|  92|0x000000070a400000, 0x000000070a400000, 0x000000070a500000|  0%| F|  |TAMS 0x000000070a400000, 0x000000070a400000| Untracked 
|  93|0x000000070a500000, 0x000000070a500000, 0x000000070a600000|  0%| F|  |TAMS 0x000000070a500000, 0x000000070a500000| Untracked 
|  94|0x000000070a600000, 0x000000070a600000, 0x000000070a700000|  0%| F|  |TAMS 0x000000070a600000, 0x000000070a600000| Untracked 
|  95|0x000000070a700000, 0x000000070a700000, 0x000000070a800000|  0%| F|  |TAMS 0x000000070a700000, 0x000000070a700000| Untracked 
|  96|0x000000070a800000, 0x000000070a800000, 0x000000070a900000|  0%| F|  |TAMS 0x000000070a800000, 0x000000070a800000| Untracked 
|  97|0x000000070a900000, 0x000000070a900000, 0x000000070aa00000|  0%| F|  |TAMS 0x000000070a900000, 0x000000070a900000| Untracked 
|  98|0x000000070aa00000, 0x000000070aa00000, 0x000000070ab00000|  0%| F|  |TAMS 0x000000070aa00000, 0x000000070aa00000| Untracked 
|  99|0x000000070ab00000, 0x000000070ab00000, 0x000000070ac00000|  0%| F|  |TAMS 0x000000070ab00000, 0x000000070ab00000| Untracked 
| 100|0x000000070ac00000, 0x000000070ac00000, 0x000000070ad00000|  0%| F|  |TAMS 0x000000070ac00000, 0x000000070ac00000| Untracked 
| 101|0x000000070ad00000, 0x000000070ad00000, 0x000000070ae00000|  0%| F|  |TAMS 0x000000070ad00000, 0x000000070ad00000| Untracked 
| 102|0x000000070ae00000, 0x000000070ae00000, 0x000000070af00000|  0%| F|  |TAMS 0x000000070ae00000, 0x000000070ae00000| Untracked 
| 103|0x000000070af00000, 0x000000070af00000, 0x000000070b000000|  0%| F|  |TAMS 0x000000070af00000, 0x000000070af00000| Untracked 
| 104|0x000000070b000000, 0x000000070b000000, 0x000000070b100000|  0%| F|  |TAMS 0x000000070b000000, 0x000000070b000000| Untracked 
| 105|0x000000070b100000, 0x000000070b100000, 0x000000070b200000|  0%| F|  |TAMS 0x000000070b100000, 0x000000070b100000| Untracked 
| 106|0x000000070b200000, 0x000000070b200000, 0x000000070b300000|  0%| F|  |TAMS 0x000000070b200000, 0x000000070b200000| Untracked 
| 107|0x000000070b300000, 0x000000070b300000, 0x000000070b400000|  0%| F|  |TAMS 0x000000070b300000, 0x000000070b300000| Untracked 
| 108|0x000000070b400000, 0x000000070b400000, 0x000000070b500000|  0%| F|  |TAMS 0x000000070b400000, 0x000000070b400000| Untracked 
| 109|0x000000070b500000, 0x000000070b500000, 0x000000070b600000|  0%| F|  |TAMS 0x000000070b500000, 0x000000070b500000| Untracked 
| 110|0x000000070b600000, 0x000000070b600000, 0x000000070b700000|  0%| F|  |TAMS 0x000000070b600000, 0x000000070b600000| Untracked 
| 111|0x000000070b700000, 0x000000070b700000, 0x000000070b800000|  0%| F|  |TAMS 0x000000070b700000, 0x000000070b700000| Untracked 
| 112|0x000000070b800000, 0x000000070b800000, 0x000000070b900000|  0%| F|  |TAMS 0x000000070b800000, 0x000000070b800000| Untracked 
| 113|0x000000070b900000, 0x000000070b900000, 0x000000070ba00000|  0%| F|  |TAMS 0x000000070b900000, 0x000000070b900000| Untracked 
| 114|0x000000070ba00000, 0x000000070ba00000, 0x000000070bb00000|  0%| F|  |TAMS 0x000000070ba00000, 0x000000070ba00000| Untracked 
| 115|0x000000070bb00000, 0x000000070bb00000, 0x000000070bc00000|  0%| F|  |TAMS 0x000000070bb00000, 0x000000070bb00000| Untracked 
| 116|0x000000070bc00000, 0x000000070bc00000, 0x000000070bd00000|  0%| F|  |TAMS 0x000000070bc00000, 0x000000070bc00000| Untracked 
| 117|0x000000070bd00000, 0x000000070bd00000, 0x000000070be00000|  0%| F|  |TAMS 0x000000070bd00000, 0x000000070bd00000| Untracked 
| 118|0x000000070be00000, 0x000000070be00000, 0x000000070bf00000|  0%| F|  |TAMS 0x000000070be00000, 0x000000070be00000| Untracked 
| 119|0x000000070bf00000, 0x000000070bf00000, 0x000000070c000000|  0%| F|  |TAMS 0x000000070bf00000, 0x000000070bf00000| Untracked 
| 120|0x000000070c000000, 0x000000070c000000, 0x000000070c100000|  0%| F|  |TAMS 0x000000070c000000, 0x000000070c000000| Untracked 
| 121|0x000000070c100000, 0x000000070c100000, 0x000000070c200000|  0%| F|  |TAMS 0x000000070c100000, 0x000000070c100000| Untracked 
| 122|0x000000070c200000, 0x000000070c200000, 0x000000070c300000|  0%| F|  |TAMS 0x000000070c200000, 0x000000070c200000| Untracked 
| 123|0x000000070c300000, 0x000000070c300000, 0x000000070c400000|  0%| F|  |TAMS 0x000000070c300000, 0x000000070c300000| Untracked 
| 124|0x000000070c400000, 0x000000070c400000, 0x000000070c500000|  0%| F|  |TAMS 0x000000070c400000, 0x000000070c400000| Untracked 
| 125|0x000000070c500000, 0x000000070c500000, 0x000000070c600000|  0%| F|  |TAMS 0x000000070c500000, 0x000000070c500000| Untracked 
| 126|0x000000070c600000, 0x000000070c600000, 0x000000070c700000|  0%| F|  |TAMS 0x000000070c600000, 0x000000070c600000| Untracked 
| 127|0x000000070c700000, 0x000000070c700000, 0x000000070c800000|  0%| F|  |TAMS 0x000000070c700000, 0x000000070c700000| Untracked 
| 128|0x000000070c800000, 0x000000070c800000, 0x000000070c900000|  0%| F|  |TAMS 0x000000070c800000, 0x000000070c800000| Untracked 
| 129|0x000000070c900000, 0x000000070c900000, 0x000000070ca00000|  0%| F|  |TAMS 0x000000070c900000, 0x000000070c900000| Untracked 
| 130|0x000000070ca00000, 0x000000070ca00000, 0x000000070cb00000|  0%| F|  |TAMS 0x000000070ca00000, 0x000000070ca00000| Untracked 
| 131|0x000000070cb00000, 0x000000070cb00000, 0x000000070cc00000|  0%| F|  |TAMS 0x000000070cb00000, 0x000000070cb00000| Untracked 
| 132|0x000000070cc00000, 0x000000070cc00000, 0x000000070cd00000|  0%| F|  |TAMS 0x000000070cc00000, 0x000000070cc00000| Untracked 
| 133|0x000000070cd00000, 0x000000070cd00000, 0x000000070ce00000|  0%| F|  |TAMS 0x000000070cd00000, 0x000000070cd00000| Untracked 
| 134|0x000000070ce00000, 0x000000070ce00000, 0x000000070cf00000|  0%| F|  |TAMS 0x000000070ce00000, 0x000000070ce00000| Untracked 
| 135|0x000000070cf00000, 0x000000070cf00000, 0x000000070d000000|  0%| F|  |TAMS 0x000000070cf00000, 0x000000070cf00000| Untracked 
| 136|0x000000070d000000, 0x000000070d000000, 0x000000070d100000|  0%| F|  |TAMS 0x000000070d000000, 0x000000070d000000| Untracked 
| 137|0x000000070d100000, 0x000000070d100000, 0x000000070d200000|  0%| F|  |TAMS 0x000000070d100000, 0x000000070d100000| Untracked 
| 138|0x000000070d200000, 0x000000070d200000, 0x000000070d300000|  0%| F|  |TAMS 0x000000070d200000, 0x000000070d200000| Untracked 
| 139|0x000000070d300000, 0x000000070d300000, 0x000000070d400000|  0%| F|  |TAMS 0x000000070d300000, 0x000000070d300000| Untracked 
| 140|0x000000070d400000, 0x000000070d400000, 0x000000070d500000|  0%| F|  |TAMS 0x000000070d400000, 0x000000070d400000| Untracked 
| 141|0x000000070d500000, 0x000000070d500000, 0x000000070d600000|  0%| F|  |TAMS 0x000000070d500000, 0x000000070d500000| Untracked 
| 142|0x000000070d600000, 0x000000070d600000, 0x000000070d700000|  0%| F|  |TAMS 0x000000070d600000, 0x000000070d600000| Untracked 
| 143|0x000000070d700000, 0x000000070d700000, 0x000000070d800000|  0%| F|  |TAMS 0x000000070d700000, 0x000000070d700000| Untracked 
| 144|0x000000070d800000, 0x000000070d800000, 0x000000070d900000|  0%| F|  |TAMS 0x000000070d800000, 0x000000070d800000| Untracked 
| 145|0x000000070d900000, 0x000000070d900000, 0x000000070da00000|  0%| F|  |TAMS 0x000000070d900000, 0x000000070d900000| Untracked 
| 146|0x000000070da00000, 0x000000070da00000, 0x000000070db00000|  0%| F|  |TAMS 0x000000070da00000, 0x000000070da00000| Untracked 
| 147|0x000000070db00000, 0x000000070db00000, 0x000000070dc00000|  0%| F|  |TAMS 0x000000070db00000, 0x000000070db00000| Untracked 
| 148|0x000000070dc00000, 0x000000070dc00000, 0x000000070dd00000|  0%| F|  |TAMS 0x000000070dc00000, 0x000000070dc00000| Untracked 
| 149|0x000000070dd00000, 0x000000070dd00000, 0x000000070de00000|  0%| F|  |TAMS 0x000000070dd00000, 0x000000070dd00000| Untracked 
| 150|0x000000070de00000, 0x000000070de00000, 0x000000070df00000|  0%| F|  |TAMS 0x000000070de00000, 0x000000070de00000| Untracked 
| 151|0x000000070df00000, 0x000000070df00000, 0x000000070e000000|  0%| F|  |TAMS 0x000000070df00000, 0x000000070df00000| Untracked 
| 152|0x000000070e000000, 0x000000070e000000, 0x000000070e100000|  0%| F|  |TAMS 0x000000070e000000, 0x000000070e000000| Untracked 
| 153|0x000000070e100000, 0x000000070e100000, 0x000000070e200000|  0%| F|  |TAMS 0x000000070e100000, 0x000000070e100000| Untracked 
| 154|0x000000070e200000, 0x000000070e200000, 0x000000070e300000|  0%| F|  |TAMS 0x000000070e200000, 0x000000070e200000| Untracked 
| 155|0x000000070e300000, 0x000000070e300000, 0x000000070e400000|  0%| F|  |TAMS 0x000000070e300000, 0x000000070e300000| Untracked 
| 156|0x000000070e400000, 0x000000070e400000, 0x000000070e500000|  0%| F|  |TAMS 0x000000070e400000, 0x000000070e400000| Untracked 
| 157|0x000000070e500000, 0x000000070e500000, 0x000000070e600000|  0%| F|  |TAMS 0x000000070e500000, 0x000000070e500000| Untracked 
| 158|0x000000070e600000, 0x000000070e600000, 0x000000070e700000|  0%| F|  |TAMS 0x000000070e600000, 0x000000070e600000| Untracked 
| 159|0x000000070e700000, 0x000000070e700000, 0x000000070e800000|  0%| F|  |TAMS 0x000000070e700000, 0x000000070e700000| Untracked 
| 160|0x000000070e800000, 0x000000070e800000, 0x000000070e900000|  0%| F|  |TAMS 0x000000070e800000, 0x000000070e800000| Untracked 
| 161|0x000000070e900000, 0x000000070e900000, 0x000000070ea00000|  0%| F|  |TAMS 0x000000070e900000, 0x000000070e900000| Untracked 
| 162|0x000000070ea00000, 0x000000070ea00000, 0x000000070eb00000|  0%| F|  |TAMS 0x000000070ea00000, 0x000000070ea00000| Untracked 
| 163|0x000000070eb00000, 0x000000070eb00000, 0x000000070ec00000|  0%| F|  |TAMS 0x000000070eb00000, 0x000000070eb00000| Untracked 
| 164|0x000000070ec00000, 0x000000070ec00000, 0x000000070ed00000|  0%| F|  |TAMS 0x000000070ec00000, 0x000000070ec00000| Untracked 
| 165|0x000000070ed00000, 0x000000070ed00000, 0x000000070ee00000|  0%| F|  |TAMS 0x000000070ed00000, 0x000000070ed00000| Untracked 
| 166|0x000000070ee00000, 0x000000070ee00000, 0x000000070ef00000|  0%| F|  |TAMS 0x000000070ee00000, 0x000000070ee00000| Untracked 
| 167|0x000000070ef00000, 0x000000070ef00000, 0x000000070f000000|  0%| F|  |TAMS 0x000000070ef00000, 0x000000070ef00000| Untracked 
| 168|0x000000070f000000, 0x000000070f000000, 0x000000070f100000|  0%| F|  |TAMS 0x000000070f000000, 0x000000070f000000| Untracked 
| 169|0x000000070f100000, 0x000000070f100000, 0x000000070f200000|  0%| F|  |TAMS 0x000000070f100000, 0x000000070f100000| Untracked 
| 170|0x000000070f200000, 0x000000070f200000, 0x000000070f300000|  0%| F|  |TAMS 0x000000070f200000, 0x000000070f200000| Untracked 
| 171|0x000000070f300000, 0x000000070f300000, 0x000000070f400000|  0%| F|  |TAMS 0x000000070f300000, 0x000000070f300000| Untracked 
| 172|0x000000070f400000, 0x000000070f400000, 0x000000070f500000|  0%| F|  |TAMS 0x000000070f400000, 0x000000070f400000| Untracked 
| 173|0x000000070f500000, 0x000000070f500000, 0x000000070f600000|  0%| F|  |TAMS 0x000000070f500000, 0x000000070f500000| Untracked 
| 174|0x000000070f600000, 0x000000070f600000, 0x000000070f700000|  0%| F|  |TAMS 0x000000070f600000, 0x000000070f600000| Untracked 
| 175|0x000000070f700000, 0x000000070f700000, 0x000000070f800000|  0%| F|  |TAMS 0x000000070f700000, 0x000000070f700000| Untracked 
| 176|0x000000070f800000, 0x000000070f800000, 0x000000070f900000|  0%| F|  |TAMS 0x000000070f800000, 0x000000070f800000| Untracked 
| 177|0x000000070f900000, 0x000000070f900000, 0x000000070fa00000|  0%| F|  |TAMS 0x000000070f900000, 0x000000070f900000| Untracked 
| 178|0x000000070fa00000, 0x000000070fa00000, 0x000000070fb00000|  0%| F|  |TAMS 0x000000070fa00000, 0x000000070fa00000| Untracked 
| 179|0x000000070fb00000, 0x000000070fb00000, 0x000000070fc00000|  0%| F|  |TAMS 0x000000070fb00000, 0x000000070fb00000| Untracked 
| 180|0x000000070fc00000, 0x000000070fc00000, 0x000000070fd00000|  0%| F|  |TAMS 0x000000070fc00000, 0x000000070fc00000| Untracked 
| 181|0x000000070fd00000, 0x000000070fd00000, 0x000000070fe00000|  0%| F|  |TAMS 0x000000070fd00000, 0x000000070fd00000| Untracked 
| 182|0x000000070fe00000, 0x000000070fe00000, 0x000000070ff00000|  0%| F|  |TAMS 0x000000070fe00000, 0x000000070fe00000| Untracked 
| 183|0x000000070ff00000, 0x000000070ff00000, 0x0000000710000000|  0%| F|  |TAMS 0x000000070ff00000, 0x000000070ff00000| Untracked 
| 184|0x0000000710000000, 0x0000000710000000, 0x0000000710100000|  0%| F|  |TAMS 0x0000000710000000, 0x0000000710000000| Untracked 
| 185|0x0000000710100000, 0x0000000710100000, 0x0000000710200000|  0%| F|  |TAMS 0x0000000710100000, 0x0000000710100000| Untracked 
| 186|0x0000000710200000, 0x0000000710200000, 0x0000000710300000|  0%| F|  |TAMS 0x0000000710200000, 0x0000000710200000| Untracked 
| 187|0x0000000710300000, 0x0000000710300000, 0x0000000710400000|  0%| F|  |TAMS 0x0000000710300000, 0x0000000710300000| Untracked 
| 188|0x0000000710400000, 0x0000000710400000, 0x0000000710500000|  0%| F|  |TAMS 0x0000000710400000, 0x0000000710400000| Untracked 
| 189|0x0000000710500000, 0x0000000710500000, 0x0000000710600000|  0%| F|  |TAMS 0x0000000710500000, 0x0000000710500000| Untracked 
| 190|0x0000000710600000, 0x0000000710600000, 0x0000000710700000|  0%| F|  |TAMS 0x0000000710600000, 0x0000000710600000| Untracked 
| 191|0x0000000710700000, 0x0000000710700000, 0x0000000710800000|  0%| F|  |TAMS 0x0000000710700000, 0x0000000710700000| Untracked 
| 192|0x0000000710800000, 0x0000000710800000, 0x0000000710900000|  0%| F|  |TAMS 0x0000000710800000, 0x0000000710800000| Untracked 
| 193|0x0000000710900000, 0x0000000710900000, 0x0000000710a00000|  0%| F|  |TAMS 0x0000000710900000, 0x0000000710900000| Untracked 
| 194|0x0000000710a00000, 0x0000000710a00000, 0x0000000710b00000|  0%| F|  |TAMS 0x0000000710a00000, 0x0000000710a00000| Untracked 
| 195|0x0000000710b00000, 0x0000000710b00000, 0x0000000710c00000|  0%| F|  |TAMS 0x0000000710b00000, 0x0000000710b00000| Untracked 
| 196|0x0000000710c00000, 0x0000000710c00000, 0x0000000710d00000|  0%| F|  |TAMS 0x0000000710c00000, 0x0000000710c00000| Untracked 
| 197|0x0000000710d00000, 0x0000000710d00000, 0x0000000710e00000|  0%| F|  |TAMS 0x0000000710d00000, 0x0000000710d00000| Untracked 
| 198|0x0000000710e00000, 0x0000000710e00000, 0x0000000710f00000|  0%| F|  |TAMS 0x0000000710e00000, 0x0000000710e00000| Untracked 
| 199|0x0000000710f00000, 0x0000000710f00000, 0x0000000711000000|  0%| F|  |TAMS 0x0000000710f00000, 0x0000000710f00000| Untracked 
| 200|0x0000000711000000, 0x0000000711000000, 0x0000000711100000|  0%| F|  |TAMS 0x0000000711000000, 0x0000000711000000| Untracked 
| 201|0x0000000711100000, 0x0000000711100000, 0x0000000711200000|  0%| F|  |TAMS 0x0000000711100000, 0x0000000711100000| Untracked 
| 202|0x0000000711200000, 0x0000000711200000, 0x0000000711300000|  0%| F|  |TAMS 0x0000000711200000, 0x0000000711200000| Untracked 
| 203|0x0000000711300000, 0x0000000711300000, 0x0000000711400000|  0%| F|  |TAMS 0x0000000711300000, 0x0000000711300000| Untracked 
| 204|0x0000000711400000, 0x0000000711400000, 0x0000000711500000|  0%| F|  |TAMS 0x0000000711400000, 0x0000000711400000| Untracked 
| 205|0x0000000711500000, 0x0000000711500000, 0x0000000711600000|  0%| F|  |TAMS 0x0000000711500000, 0x0000000711500000| Untracked 
| 206|0x0000000711600000, 0x0000000711600000, 0x0000000711700000|  0%| F|  |TAMS 0x0000000711600000, 0x0000000711600000| Untracked 
| 207|0x0000000711700000, 0x0000000711700000, 0x0000000711800000|  0%| F|  |TAMS 0x0000000711700000, 0x0000000711700000| Untracked 
| 208|0x0000000711800000, 0x0000000711800000, 0x0000000711900000|  0%| F|  |TAMS 0x0000000711800000, 0x0000000711800000| Untracked 
| 209|0x0000000711900000, 0x0000000711900000, 0x0000000711a00000|  0%| F|  |TAMS 0x0000000711900000, 0x0000000711900000| Untracked 
| 210|0x0000000711a00000, 0x0000000711a00000, 0x0000000711b00000|  0%| F|  |TAMS 0x0000000711a00000, 0x0000000711a00000| Untracked 
| 211|0x0000000711b00000, 0x0000000711b00000, 0x0000000711c00000|  0%| F|  |TAMS 0x0000000711b00000, 0x0000000711b00000| Untracked 
| 212|0x0000000711c00000, 0x0000000711c00000, 0x0000000711d00000|  0%| F|  |TAMS 0x0000000711c00000, 0x0000000711c00000| Untracked 
| 213|0x0000000711d00000, 0x0000000711d00000, 0x0000000711e00000|  0%| F|  |TAMS 0x0000000711d00000, 0x0000000711d00000| Untracked 
| 214|0x0000000711e00000, 0x0000000711e00000, 0x0000000711f00000|  0%| F|  |TAMS 0x0000000711e00000, 0x0000000711e00000| Untracked 
| 215|0x0000000711f00000, 0x0000000711f00000, 0x0000000712000000|  0%| F|  |TAMS 0x0000000711f00000, 0x0000000711f00000| Untracked 
| 216|0x0000000712000000, 0x0000000712000000, 0x0000000712100000|  0%| F|  |TAMS 0x0000000712000000, 0x0000000712000000| Untracked 
| 217|0x0000000712100000, 0x0000000712100000, 0x0000000712200000|  0%| F|  |TAMS 0x0000000712100000, 0x0000000712100000| Untracked 
| 218|0x0000000712200000, 0x0000000712200000, 0x0000000712300000|  0%| F|  |TAMS 0x0000000712200000, 0x0000000712200000| Untracked 
| 219|0x0000000712300000, 0x0000000712300000, 0x0000000712400000|  0%| F|  |TAMS 0x0000000712300000, 0x0000000712300000| Untracked 
| 220|0x0000000712400000, 0x0000000712400000, 0x0000000712500000|  0%| F|  |TAMS 0x0000000712400000, 0x0000000712400000| Untracked 
| 221|0x0000000712500000, 0x0000000712500000, 0x0000000712600000|  0%| F|  |TAMS 0x0000000712500000, 0x0000000712500000| Untracked 
| 222|0x0000000712600000, 0x0000000712600000, 0x0000000712700000|  0%| F|  |TAMS 0x0000000712600000, 0x0000000712600000| Untracked 
| 223|0x0000000712700000, 0x0000000712700000, 0x0000000712800000|  0%| F|  |TAMS 0x0000000712700000, 0x0000000712700000| Untracked 
| 224|0x0000000712800000, 0x0000000712800000, 0x0000000712900000|  0%| F|  |TAMS 0x0000000712800000, 0x0000000712800000| Untracked 
| 225|0x0000000712900000, 0x0000000712a00000, 0x0000000712a00000|100%| S|CS|TAMS 0x0000000712900000, 0x0000000712900000| Complete 
| 226|0x0000000712a00000, 0x0000000712b00000, 0x0000000712b00000|100%| S|CS|TAMS 0x0000000712a00000, 0x0000000712a00000| Complete 
| 227|0x0000000712b00000, 0x0000000712c00000, 0x0000000712c00000|100%| S|CS|TAMS 0x0000000712b00000, 0x0000000712b00000| Complete 
| 228|0x0000000712c00000, 0x0000000712c00000, 0x0000000712d00000|  0%| F|  |TAMS 0x0000000712c00000, 0x0000000712c00000| Untracked 
| 229|0x0000000712d00000, 0x0000000712d00000, 0x0000000712e00000|  0%| F|  |TAMS 0x0000000712d00000, 0x0000000712d00000| Untracked 
| 230|0x0000000712e00000, 0x0000000712e00000, 0x0000000712f00000|  0%| F|  |TAMS 0x0000000712e00000, 0x0000000712e00000| Untracked 
| 231|0x0000000712f00000, 0x0000000712f00000, 0x0000000713000000|  0%| F|  |TAMS 0x0000000712f00000, 0x0000000712f00000| Untracked 
| 232|0x0000000713000000, 0x0000000713000000, 0x0000000713100000|  0%| F|  |TAMS 0x0000000713000000, 0x0000000713000000| Untracked 
| 233|0x0000000713100000, 0x0000000713100000, 0x0000000713200000|  0%| F|  |TAMS 0x0000000713100000, 0x0000000713100000| Untracked 
| 234|0x0000000713200000, 0x0000000713200000, 0x0000000713300000|  0%| F|  |TAMS 0x0000000713200000, 0x0000000713200000| Untracked 
| 235|0x0000000713300000, 0x0000000713300000, 0x0000000713400000|  0%| F|  |TAMS 0x0000000713300000, 0x0000000713300000| Untracked 
| 236|0x0000000713400000, 0x0000000713400000, 0x0000000713500000|  0%| F|  |TAMS 0x0000000713400000, 0x0000000713400000| Untracked 
| 237|0x0000000713500000, 0x0000000713500000, 0x0000000713600000|  0%| F|  |TAMS 0x0000000713500000, 0x0000000713500000| Untracked 
| 238|0x0000000713600000, 0x0000000713600000, 0x0000000713700000|  0%| F|  |TAMS 0x0000000713600000, 0x0000000713600000| Untracked 
| 239|0x0000000713700000, 0x0000000713700000, 0x0000000713800000|  0%| F|  |TAMS 0x0000000713700000, 0x0000000713700000| Untracked 
| 240|0x0000000713800000, 0x0000000713800000, 0x0000000713900000|  0%| F|  |TAMS 0x0000000713800000, 0x0000000713800000| Untracked 
| 241|0x0000000713900000, 0x0000000713980800, 0x0000000713a00000| 50%| E|  |TAMS 0x0000000713900000, 0x0000000713900000| Complete 
| 242|0x0000000713a00000, 0x0000000713b00000, 0x0000000713b00000|100%| E|CS|TAMS 0x0000000713a00000, 0x0000000713a00000| Complete 
| 243|0x0000000713b00000, 0x0000000713c00000, 0x0000000713c00000|100%| E|CS|TAMS 0x0000000713b00000, 0x0000000713b00000| Complete 
| 244|0x0000000713c00000, 0x0000000713d00000, 0x0000000713d00000|100%| E|CS|TAMS 0x0000000713c00000, 0x0000000713c00000| Complete 
| 245|0x0000000713d00000, 0x0000000713e00000, 0x0000000713e00000|100%| E|CS|TAMS 0x0000000713d00000, 0x0000000713d00000| Complete 
| 246|0x0000000713e00000, 0x0000000713f00000, 0x0000000713f00000|100%| E|CS|TAMS 0x0000000713e00000, 0x0000000713e00000| Complete 
| 247|0x0000000713f00000, 0x0000000714000000, 0x0000000714000000|100%| E|CS|TAMS 0x0000000713f00000, 0x0000000713f00000| Complete 
| 248|0x0000000714000000, 0x0000000714100000, 0x0000000714100000|100%| E|CS|TAMS 0x0000000714000000, 0x0000000714000000| Complete 
| 249|0x0000000714100000, 0x0000000714200000, 0x0000000714200000|100%| E|CS|TAMS 0x0000000714100000, 0x0000000714100000| Complete 
| 250|0x0000000714200000, 0x0000000714300000, 0x0000000714300000|100%| E|CS|TAMS 0x0000000714200000, 0x0000000714200000| Complete 
| 251|0x0000000714300000, 0x0000000714400000, 0x0000000714400000|100%| E|CS|TAMS 0x0000000714300000, 0x0000000714300000| Complete 

Card table byte_map: [0x00000152c1610000,0x00000152c1df0000] _byte_map_base: 0x00000152bddec000

Marking Bits (Prev, Next): (CMBitMap*) 0x00000152a846a648, (CMBitMap*) 0x00000152a846a680
 Prev Bits: [0x00000152c25d0000, 0x00000152c64b0000)
 Next Bits: [0x00000152c64b0000, 0x00000152ca390000)

Polling page: 0x00000152a6460000

Metaspace:

Usage:
  Non-class:     17.45 MB capacity,    17.27 MB ( 99%) used,   151.27 KB ( <1%) free+waste,    30.56 KB ( <1%) overhead. 
      Class:      1.98 MB capacity,     1.85 MB ( 93%) used,   128.93 KB (  6%) free+waste,    13.19 KB ( <1%) overhead. 
       Both:     19.44 MB capacity,    19.12 MB ( 98%) used,   280.20 KB (  1%) free+waste,    43.75 KB ( <1%) overhead. 

Virtual space:
  Non-class space:       18.00 MB reserved,      17.50 MB ( 97%) committed 
      Class space:        1.00 GB reserved,       2.00 MB ( <1%) committed 
             Both:        1.02 GB reserved,      19.50 MB (  2%) committed 

Chunk freelists:
   Non-Class:  49.00 KB
       Class:  16.00 KB
        Both:  65.00 KB

MaxMetaspaceSize: 17179869184.00 GB
CompressedClassSpaceSize: 1.00 GB
Initial GC threshold: 20.80 MB
Current GC threshold: 20.80 MB
CDS: off

CodeHeap 'non-profiled nmethods': size=118912Kb used=522Kb max_used=522Kb free=118390Kb
 bounds [0x00000152b86e0000, 0x00000152b8950000, 0x00000152bfb00000]
CodeHeap 'profiled nmethods': size=118848Kb used=4204Kb max_used=4204Kb free=114643Kb
 bounds [0x00000152b12d0000, 0x00000152b16f0000, 0x00000152b86e0000]
CodeHeap 'non-nmethods': size=8000Kb used=3451Kb max_used=3463Kb free=4548Kb
 bounds [0x00000152b0b00000, 0x00000152b0e70000, 0x00000152b12d0000]
 total_blobs=2375 nmethods=1912 adapters=371
 compilation: enabled
              stopped_count=0, restarted_count=0
 full_count=0

Compilation events (20 events):
Event: 1.289 Thread 0x00000152cea40800 nmethod 1864 0x00000152b16d6390 code [0x00000152b16d6560, 0x00000152b16d6828]
Event: 1.289 Thread 0x00000152cea40800 1870       3       sun.security.ssl.SSLAlgorithmConstraints::permits (96 bytes)
Event: 1.289 Thread 0x00000152cea40800 nmethod 1870 0x00000152b16d6910 code [0x00000152b16d6b40, 0x00000152b16d72d8]
Event: 1.289 Thread 0x00000152cea3c800 1868       4       java.util.regex.Matcher::search (154 bytes)
Event: 1.289 Thread 0x00000152cea3f800 nmethod 1861 0x00000152b16d7590 code [0x00000152b16d79e0, 0x00000152b16d9d08]
Event: 1.292 Thread 0x00000152cea3c800 nmethod 1868 0x00000152b875cf90 code [0x00000152b875d160, 0x00000152b875d4f8]
Event: 1.292 Thread 0x00000152cea3c800 1866       4       java.util.regex.ASCII::toLower (16 bytes)
Event: 1.292 Thread 0x00000152cea3c800 nmethod 1866 0x00000152b875d790 code [0x00000152b875d920, 0x00000152b875d978]
Event: 1.350 Thread 0x00000152cea3c800 1872       4       java.util.regex.Pattern$SliceI::match (96 bytes)
Event: 1.351 Thread 0x00000152cea40800 1873  s    3       java.lang.Throwable::fillInStackTrace (29 bytes)
Event: 1.352 Thread 0x00000152cea43000 1875       3       sun.security.jca.Providers::getProviderList (14 bytes)
Event: 1.352 Thread 0x00000152cea40800 nmethod 1873 0x00000152b16da290 code [0x00000152b16da460, 0x00000152b16da828]
Event: 1.352 Thread 0x00000152cea43000 nmethod 1875 0x00000152b16da910 code [0x00000152b16daae0, 0x00000152b16daee8]
Event: 1.352 Thread 0x00000152cea3d800 1876       3       java.security.CodeSource::matchCerts (254 bytes)
Event: 1.352 Thread 0x00000152cea3d800 nmethod 1876 0x00000152b16db010 code [0x00000152b16db260, 0x00000152b16dbdf8]
Event: 1.355 Thread 0x00000152cea40800 1877       1       java.lang.reflect.Constructor::getDeclaringClass (5 bytes)
Event: 1.355 Thread 0x00000152cea40800 nmethod 1877 0x00000152b875df90 code [0x00000152b875e140, 0x00000152b875e1f8]
Event: 1.355 Thread 0x00000152cea41000 1878       1       java.security.AlgorithmParameters::getAlgorithm (5 bytes)
Event: 1.355 Thread 0x00000152cea41000 nmethod 1878 0x00000152b875e290 code [0x00000152b875e440, 0x00000152b875e4f8]
Event: 1.355 Thread 0x00000152cea3f800 1882       3       java.util.LinkedList$ListItr::hasNext (20 bytes)

GC Heap History (2 events):
Event: 0.831 GC heap before
{Heap before GC invocations=0 (full 0):
 garbage-first heap   total 258048K, used 24576K [0x0000000704800000, 0x0000000800000000)
  region size 1024K, 24 young (24576K), 0 survivors (0K)
 Metaspace       used 15672K, capacity 16011K, committed 16256K, reserved 1064960K
  class space    used 1470K, capacity 1592K, committed 1664K, reserved 1048576K
}
Event: 0.834 GC heap after
{Heap after GC invocations=1 (full 0):
 garbage-first heap   total 258048K, used 4126K [0x0000000704800000, 0x0000000800000000)
  region size 1024K, 3 young (3072K), 3 survivors (3072K)
 Metaspace       used 15672K, capacity 16011K, committed 16256K, reserved 1064960K
  class space    used 1470K, capacity 1592K, committed 1664K, reserved 1048576K
}

Deoptimization events (20 events):
Event: 1.220 Thread 0x00000152a83fe000 Uncommon trap: trap_request=0xffffff4d fr.pc=0x00000152b873c3c4 relative=0x00000000000000a4
Event: 1.220 Thread 0x00000152a83fe000 Uncommon trap: reason=unstable_if action=reinterpret pc=0x00000152b873c3c4 method=java.lang.CharacterDataLatin1.digit(II)I @ 12 c2
Event: 1.220 Thread 0x00000152a83fe000 DEOPT PACKING pc=0x00000152b873c3c4 sp=0x0000001f08dfe1e0
Event: 1.220 Thread 0x00000152a83fe000 DEOPT UNPACKING pc=0x00000152b0b4a1af sp=0x0000001f08dfe158 mode 2
Event: 1.222 Thread 0x00000152a83fe000 Uncommon trap: trap_request=0xffffff4d fr.pc=0x00000152b8742ae4 relative=0x0000000000001024
Event: 1.222 Thread 0x00000152a83fe000 Uncommon trap: reason=unstable_if action=reinterpret pc=0x00000152b8742ae4 method=java.util.concurrent.ConcurrentHashMap.putVal(Ljava/lang/Object;Ljava/lang/Object;Z)Ljava/lang/Object; @ 148 c2
Event: 1.222 Thread 0x00000152a83fe000 DEOPT PACKING pc=0x00000152b8742ae4 sp=0x0000001f08dfe160
Event: 1.222 Thread 0x00000152a83fe000 DEOPT UNPACKING pc=0x00000152b0b4a1af sp=0x0000001f08dfe0f0 mode 2
Event: 1.250 Thread 0x00000152a83fe000 Uncommon trap: trap_request=0xffffff4d fr.pc=0x00000152b8755128 relative=0x0000000000000388
Event: 1.250 Thread 0x00000152a83fe000 Uncommon trap: reason=unstable_if action=reinterpret pc=0x00000152b8755128 method=java.io.ByteArrayInputStream.read([BII)I @ 35 c2
Event: 1.250 Thread 0x00000152a83fe000 DEOPT PACKING pc=0x00000152b8755128 sp=0x0000001f08dfd420
Event: 1.250 Thread 0x00000152a83fe000 DEOPT UNPACKING pc=0x00000152b0b4a1af sp=0x0000001f08dfd3e0 mode 2
Event: 1.286 Thread 0x00000152a83fe000 Uncommon trap: trap_request=0xffffff4d fr.pc=0x00000152b8744068 relative=0x0000000000000228
Event: 1.286 Thread 0x00000152a83fe000 Uncommon trap: reason=unstable_if action=reinterpret pc=0x00000152b8744068 method=java.util.HashMap.putVal(ILjava/lang/Object;Ljava/lang/Object;ZZ)Ljava/lang/Object; @ 162 c2
Event: 1.286 Thread 0x00000152a83fe000 DEOPT PACKING pc=0x00000152b8744068 sp=0x0000001f08dfc3a0
Event: 1.286 Thread 0x00000152a83fe000 DEOPT UNPACKING pc=0x00000152b0b4a1af sp=0x0000001f08dfc330 mode 2
Event: 1.288 Thread 0x00000152a83fe000 Uncommon trap: trap_request=0xffffff4d fr.pc=0x00000152b874acdc relative=0x00000000000002fc
Event: 1.288 Thread 0x00000152a83fe000 Uncommon trap: reason=unstable_if action=reinterpret pc=0x00000152b874acdc method=java.util.regex.Pattern$SliceI.match(Ljava/util/regex/Matcher;ILjava/lang/CharSequence;)Z @ 29 c2
Event: 1.288 Thread 0x00000152a83fe000 DEOPT PACKING pc=0x00000152b874acdc sp=0x0000001f08dfdd60
Event: 1.288 Thread 0x00000152a83fe000 DEOPT UNPACKING pc=0x00000152b0b4a1af sp=0x0000001f08dfdcf8 mode 2

Classes redefined (0 events):
No events

Internal exceptions (20 events):
Event: 0.708 Thread 0x00000152a83fe000 Exception <a 'sun/nio/fs/WindowsException'{0x0000000712e06118}> (0x0000000712e06118) thrown at [./src/hotspot/share/prims/jni.cpp, line 616]
Event: 0.709 Thread 0x00000152a83fe000 Exception <a 'sun/nio/fs/WindowsException'{0x0000000712e41128}> (0x0000000712e41128) thrown at [./src/hotspot/share/prims/jni.cpp, line 616]
Event: 0.710 Thread 0x00000152a83fe000 Exception <a 'sun/nio/fs/WindowsException'{0x0000000712e4aa38}> (0x0000000712e4aa38) thrown at [./src/hotspot/share/prims/jni.cpp, line 616]
Event: 0.710 Thread 0x00000152a83fe000 Exception <a 'sun/nio/fs/WindowsException'{0x0000000712e4ae58}> (0x0000000712e4ae58) thrown at [./src/hotspot/share/prims/jni.cpp, line 616]
Event: 0.711 Thread 0x00000152a83fe000 Exception <a 'sun/nio/fs/WindowsException'{0x0000000712e860d0}> (0x0000000712e860d0) thrown at [./src/hotspot/share/prims/jni.cpp, line 616]
Event: 0.711 Thread 0x00000152a83fe000 Exception <a 'sun/nio/fs/WindowsException'{0x0000000712e8f990}> (0x0000000712e8f990) thrown at [./src/hotspot/share/prims/jni.cpp, line 616]
Event: 0.711 Thread 0x00000152a83fe000 Exception <a 'sun/nio/fs/WindowsException'{0x0000000712e8fd50}> (0x0000000712e8fd50) thrown at [./src/hotspot/share/prims/jni.cpp, line 616]
Event: 0.711 Thread 0x00000152a83fe000 Exception <a 'sun/nio/fs/WindowsException'{0x0000000712e94bb0}> (0x0000000712e94bb0) thrown at [./src/hotspot/share/prims/jni.cpp, line 616]
Event: 0.711 Thread 0x00000152a83fe000 Exception <a 'sun/nio/fs/WindowsException'{0x0000000712e9c508}> (0x0000000712e9c508) thrown at [./src/hotspot/share/prims/jni.cpp, line 616]
Event: 0.711 Thread 0x00000152a83fe000 Exception <a 'sun/nio/fs/WindowsException'{0x0000000712e9c8b8}> (0x0000000712e9c8b8) thrown at [./src/hotspot/share/prims/jni.cpp, line 616]
Event: 0.711 Thread 0x00000152a83fe000 Exception <a 'sun/nio/fs/WindowsException'{0x0000000712e9d020}> (0x0000000712e9d020) thrown at [./src/hotspot/share/prims/jni.cpp, line 616]
Event: 0.711 Thread 0x00000152a83fe000 Exception <a 'sun/nio/fs/WindowsException'{0x0000000712e9d590}> (0x0000000712e9d590) thrown at [./src/hotspot/share/prims/jni.cpp, line 616]
Event: 0.721 Thread 0x00000152a83fe000 Exception <a 'java/lang/NoSuchMethodError'{0x0000000712d19aa8}: 'int java.lang.invoke.DirectMethodHandle$Holder.invokeSpecialIFC(java.lang.Object, java.lang.Object, int)'> (0x0000000712d19aa8) thrown at [./src/hotspot/share/interpreter/linkResolver.cpp, line 773]
Event: 0.784 Thread 0x00000152a83fe000 Exception <a 'java/lang/NoSuchMethodError'{0x0000000712c323b8}: 'java.lang.Object java.lang.invoke.DirectMethodHandle$Holder.invokeStaticInit(java.lang.Object, int, int, int, int)'> (0x0000000712c323b8) thrown at [./src/hotspot/share/interpreter/linkResolver.cpp, line 773]
Event: 0.787 Thread 0x00000152a83fe000 Exception <a 'sun/nio/fs/WindowsException'{0x0000000712c389b0}> (0x0000000712c389b0) thrown at [./src/hotspot/share/prims/jni.cpp, line 616]
Event: 0.799 Thread 0x00000152a83fe000 Exception <a 'java/lang/NoSuchMethodError'{0x0000000712c57628}: 'int java.lang.invoke.DirectMethodHandle$Holder.invokeStaticInit(java.lang.Object, java.lang.Object, java.lang.Object, java.lang.Object)'> (0x0000000712c57628) thrown at [./src/hotspot/share/interpreter/linkResolver.cpp, line 773]
Event: 0.800 Thread 0x00000152a83fe000 Exception <a 'java/lang/IncompatibleClassChangeError'{0x0000000712c60898}: Found class java.lang.Object, but interface was expected> (0x0000000712c60898) thrown at [./src/hotspot/share/interpreter/linkResolver.cpp, line 839]
Event: 0.800 Thread 0x00000152a83fe000 Exception <a 'java/lang/NoSuchMethodError'{0x0000000712c63648}: 'void java.lang.invoke.DirectMethodHandle$Holder.invokeStaticInit(java.lang.Object, java.lang.Object)'> (0x0000000712c63648) thrown at [./src/hotspot/share/interpreter/linkResolver.cpp, line 773]
Event: 0.800 Thread 0x00000152a83fe000 Exception <a 'java/lang/NoSuchMethodError'{0x0000000712c68a58}: 'int java.lang.invoke.DirectMethodHandle$Holder.invokeStaticInit(java.lang.Object, java.lang.Object)'> (0x0000000712c68a58) thrown at [./src/hotspot/share/interpreter/linkResolver.cpp, line 773]
Event: 1.175 Thread 0x00000152a83fe000 Exception <a 'java/lang/NoSuchMethodError'{0x0000000713b521a0}: 'java.lang.Object java.lang.invoke.DirectMethodHandle$Holder.invokeStaticInit(java.lang.Object, java.lang.Object, int, int, int, int)'> (0x0000000713b521a0) thrown at [./src/hotspot/share/interpreter/linkResolver.cpp, line 773]

Events (20 events):
Event: 1.353 loading class java/security/spec/MGF1ParameterSpec
Event: 1.353 loading class java/security/spec/MGF1ParameterSpec done
Event: 1.353 loading class sun/security/rsa/RSAPSSSignature
Event: 1.353 loading class sun/security/rsa/RSAPSSSignature done
Event: 1.354 loading class sun/security/rsa/PSSParameters
Event: 1.354 loading class sun/security/rsa/PSSParameters done
Event: 1.354 loading class sun/security/provider/DSA$SHA256withDSA
Event: 1.354 loading class sun/security/provider/DSA
Event: 1.354 loading class sun/security/provider/DSA done
Event: 1.354 loading class sun/security/provider/DSA$SHA256withDSA done
Event: 1.354 loading class sun/security/provider/SHA2$SHA224
Event: 1.354 loading class sun/security/provider/SHA2$SHA224 done
Event: 1.354 loading class sun/security/rsa/RSASignature$SHA224withRSA
Event: 1.354 loading class sun/security/rsa/RSASignature
Event: 1.354 loading class sun/security/rsa/RSASignature done
Event: 1.354 loading class sun/security/rsa/RSASignature$SHA224withRSA done
Event: 1.354 loading class sun/security/provider/DSA$SHA224withDSA
Event: 1.355 loading class sun/security/provider/DSA$SHA224withDSA done
Event: 1.355 loading class sun/security/ssl/SignatureAlgorithmsExtension$SignatureSchemesSpec
Event: 1.355 loading class sun/security/ssl/SignatureAlgorithmsExtension$SignatureSchemesSpec done


Dynamic libraries:
0x00007ff705270000 - 0x00007ff70527d000 	C:\Program Files\Unity\Hub\Editor\2022.3.10f1\Editor\Data\PlaybackEngines\AndroidPlayer\OpenJDK\bin\java.exe
0x00007ffcd2300000 - 0x00007ffcd2569000 	C:\WINDOWS\SYSTEM32\ntdll.dll
0x00007ffcd0a90000 - 0x00007ffcd0b59000 	C:\WINDOWS\System32\KERNEL32.DLL
0x00007ffccf490000 - 0x00007ffccf883000 	C:\WINDOWS\System32\KERNELBASE.dll
0x00007ffccf890000 - 0x00007ffccf9db000 	C:\WINDOWS\System32\ucrtbase.dll
0x00007ffcb7910000 - 0x00007ffcb7927000 	C:\Program Files\Unity\Hub\Editor\2022.3.10f1\Editor\Data\PlaybackEngines\AndroidPlayer\OpenJDK\bin\jli.dll
0x00007ffcd0d30000 - 0x00007ffcd0ef4000 	C:\WINDOWS\System32\USER32.dll
0x00007ffccfb20000 - 0x00007ffccfb47000 	C:\WINDOWS\System32\win32u.dll
0x00007ffcd0d00000 - 0x00007ffcd0d2b000 	C:\WINDOWS\System32\GDI32.dll
0x00007ffccfcb0000 - 0x00007ffccfddd000 	C:\WINDOWS\System32\gdi32full.dll
0x00007ffccfa70000 - 0x00007ffccfb13000 	C:\WINDOWS\System32\msvcp_win.dll
0x00007ffcb74a0000 - 0x00007ffcb74b5000 	C:\Program Files\Unity\Hub\Editor\2022.3.10f1\Editor\Data\PlaybackEngines\AndroidPlayer\OpenJDK\bin\VCRUNTIME140.dll
0x00007ffcb1c80000 - 0x00007ffcb1f13000 	C:\WINDOWS\WinSxS\amd64_microsoft.windows.common-controls_6595b64144ccf1df_6.0.26100.5074_none_3e0d6f78e32fd63f\COMCTL32.dll
0x00007ffcd00d0000 - 0x00007ffcd0179000 	C:\WINDOWS\System32\msvcrt.dll
0x00007ffcd19c0000 - 0x00007ffcd19ef000 	C:\WINDOWS\System32\IMM32.DLL
0x00007ffc96260000 - 0x00007ffc963bc000 	C:\Program Files (x86)\Citrix\ICA Client\ctxapclient64.dll
0x00007ffcd1b00000 - 0x00007ffcd1e7b000 	C:\WINDOWS\System32\combase.dll
0x00007ffcd0fe0000 - 0x00007ffcd10f8000 	C:\WINDOWS\System32\RPCRT4.dll
0x00007ffcc8800000 - 0x00007ffcc880b000 	C:\WINDOWS\SYSTEM32\VERSION.dll
0x00007ffccf380000 - 0x00007ffccf3a6000 	C:\WINDOWS\SYSTEM32\bcrypt.dll
0x00007ffcd2200000 - 0x00007ffcd22b4000 	C:\WINDOWS\System32\ADVAPI32.dll
0x00007ffcd0540000 - 0x00007ffcd05e6000 	C:\WINDOWS\System32\sechost.dll
0x00007ffcce4b0000 - 0x00007ffcce4e6000 	C:\WINDOWS\SYSTEM32\ntmarta.dll
0x00000152a7a20000 - 0x00000152a7ab9000 	C:\WINDOWS\System32\bcryptprimitives.dll
0x00007ffcb7400000 - 0x00007ffcb749b000 	C:\Program Files\Unity\Hub\Editor\2022.3.10f1\Editor\Data\PlaybackEngines\AndroidPlayer\OpenJDK\bin\msvcp140.dll
0x00007ffbc6010000 - 0x00007ffbc6b91000 	C:\Program Files\Unity\Hub\Editor\2022.3.10f1\Editor\Data\PlaybackEngines\AndroidPlayer\OpenJDK\bin\server\jvm.dll
0x00007ffcd0a80000 - 0x00007ffcd0a88000 	C:\WINDOWS\System32\PSAPI.DLL
0x00007ffca1840000 - 0x00007ffca184a000 	C:\WINDOWS\SYSTEM32\WSOCK32.dll
0x00007ffcd1e80000 - 0x00007ffcd1ef4000 	C:\WINDOWS\System32\WS2_32.dll
0x00007ffcc1490000 - 0x00007ffcc14c5000 	C:\WINDOWS\SYSTEM32\WINMM.dll
0x00007ffcce390000 - 0x00007ffcce3ab000 	C:\WINDOWS\SYSTEM32\kernel.appcore.dll
0x00007ffcba290000 - 0x00007ffcba2a0000 	C:\Program Files\Unity\Hub\Editor\2022.3.10f1\Editor\Data\PlaybackEngines\AndroidPlayer\OpenJDK\bin\verify.dll
0x00007ffccc430000 - 0x00007ffccc672000 	C:\WINDOWS\SYSTEM32\DBGHELP.DLL
0x00000152a7ac0000 - 0x00000152a7b97000 	C:\WINDOWS\System32\OLEAUT32.dll
0x00007ffcb1c40000 - 0x00007ffcb1c7d000 	C:\WINDOWS\SYSTEM32\dbgcore.DLL
0x00007ffcb73d0000 - 0x00007ffcb73f8000 	C:\Program Files\Unity\Hub\Editor\2022.3.10f1\Editor\Data\PlaybackEngines\AndroidPlayer\OpenJDK\bin\java.dll
0x00007ffcb73c0000 - 0x00007ffcb73ca000 	C:\Program Files\Unity\Hub\Editor\2022.3.10f1\Editor\Data\PlaybackEngines\AndroidPlayer\OpenJDK\bin\jimage.dll
0x00007ffcb73a0000 - 0x00007ffcb73b8000 	C:\Program Files\Unity\Hub\Editor\2022.3.10f1\Editor\Data\PlaybackEngines\AndroidPlayer\OpenJDK\bin\zip.dll
0x00000152cec90000 - 0x00000152cf3dd000 	C:\WINDOWS\System32\SHELL32.dll
0x00007ffccff60000 - 0x00007ffcd00cc000 	C:\WINDOWS\System32\wintypes.dll
0x00007ffccd0e0000 - 0x00007ffccd939000 	C:\WINDOWS\SYSTEM32\windows.storage.dll
0x00007ffcd18b0000 - 0x00007ffcd19a0000 	C:\WINDOWS\System32\SHCORE.dll
0x00007ffcd04d0000 - 0x00007ffcd0532000 	C:\WINDOWS\System32\shlwapi.dll
0x00007ffccf3b0000 - 0x00007ffccf3d9000 	C:\WINDOWS\SYSTEM32\profapi.dll
0x00007ffcb7380000 - 0x00007ffcb7399000 	C:\Program Files\Unity\Hub\Editor\2022.3.10f1\Editor\Data\PlaybackEngines\AndroidPlayer\OpenJDK\bin\net.dll
0x00007ffcc8d80000 - 0x00007ffcc8e9f000 	C:\WINDOWS\SYSTEM32\WINHTTP.dll
0x00007ffcce910000 - 0x00007ffcce97b000 	C:\WINDOWS\system32\mswsock.dll
0x00007ffcb7360000 - 0x00007ffcb7373000 	C:\Program Files\Unity\Hub\Editor\2022.3.10f1\Editor\Data\PlaybackEngines\AndroidPlayer\OpenJDK\bin\nio.dll
0x00007ffcb7350000 - 0x00007ffcb735e000 	C:\Program Files\Unity\Hub\Editor\2022.3.10f1\Editor\Data\PlaybackEngines\AndroidPlayer\OpenJDK\bin\sunmscapi.dll
0x00007ffccfde0000 - 0x00007ffccff57000 	C:\WINDOWS\System32\CRYPT32.dll
0x00007ffccedd0000 - 0x00007ffccee00000 	C:\WINDOWS\SYSTEM32\ncrypt.dll
0x00007ffcced80000 - 0x00007ffccedbf000 	C:\WINDOWS\SYSTEM32\NTASN1.dll
0x00007ffcb7320000 - 0x00007ffcb7345000 	C:\Program Files\Unity\Hub\Editor\2022.3.10f1\Editor\Data\PlaybackEngines\AndroidPlayer\OpenJDK\bin\sunec.dll
0x00007ffccebb0000 - 0x00007ffccebcb000 	C:\WINDOWS\SYSTEM32\CRYPTSP.dll
0x00007ffcce2f0000 - 0x00007ffcce32b000 	C:\WINDOWS\system32\rsaenh.dll
0x00007ffcce9b0000 - 0x00007ffcce9db000 	C:\WINDOWS\SYSTEM32\USERENV.dll
0x00007ffccebd0000 - 0x00007ffccebdc000 	C:\WINDOWS\SYSTEM32\CRYPTBASE.dll
0x00007ffccde30000 - 0x00007ffccde64000 	C:\WINDOWS\SYSTEM32\IPHLPAPI.DLL
0x00007ffcd19b0000 - 0x00007ffcd19ba000 	C:\WINDOWS\System32\NSI.dll
0x00007ffcc8fa0000 - 0x00007ffcc8fbe000 	C:\WINDOWS\SYSTEM32\dhcpcsvc6.DLL
0x00007ffcc8f70000 - 0x00007ffcc8f93000 	C:\WINDOWS\SYSTEM32\dhcpcsvc.DLL
0x00007ffccde70000 - 0x00007ffccdf96000 	C:\WINDOWS\SYSTEM32\DNSAPI.dll
0x00007ffcc8810000 - 0x00007ffcc881b000 	C:\Windows\System32\rasadhlp.dll
0x00007ffcc9190000 - 0x00007ffcc9216000 	C:\WINDOWS\System32\fwpuclnt.dll

dbghelp: loaded successfully - version: 4.0.5 - missing functions: none
symbol engine: initialized successfully - sym options: 0x614 - pdb path: .;C:\Program Files\Unity\Hub\Editor\2022.3.10f1\Editor\Data\PlaybackEngines\AndroidPlayer\OpenJDK\bin;C:\WINDOWS\SYSTEM32;C:\WINDOWS\WinSxS\amd64_microsoft.windows.common-controls_6595b64144ccf1df_6.0.26100.5074_none_3e0d6f78e32fd63f;C:\Program Files (x86)\Citrix\ICA Client;C:\Program Files\Unity\Hub\Editor\2022.3.10f1\Editor\Data\PlaybackEngines\AndroidPlayer\OpenJDK\bin\server

VM Arguments:
jvm_args: -Dfile.encoding=UTF-8 -Dcom.android.sdklib.toolsdir=C:\Program Files\Unity\Hub\Editor\2022.3.10f1\Editor\Data\PlaybackEngines\AndroidPlayer\SDK\cmdline-tools\6.0\bin\\.. 
java_command: com.android.sdklib.tool.sdkmanager.SdkManagerCli --list
java_class_path (initial): C:\Program Files\Unity\Hub\Editor\2022.3.10f1\Editor\Data\PlaybackEngines\AndroidPlayer\SDK\cmdline-tools\6.0\bin\..\lib\sdkmanager-classpath.jar
Launcher Type: SUN_STANDARD

[Global flags]
     intx CICompilerCount                          = 15                                        {product} {ergonomic}
     uint ConcGCThreads                            = 6                                         {product} {ergonomic}
     uint G1ConcRefinementThreads                  = 23                                        {product} {ergonomic}
   size_t G1HeapRegionSize                         = 1048576                                   {product} {ergonomic}
    uintx GCDrainStackTargetSize                   = 64                                        {product} {ergonomic}
   size_t InitialHeapSize                          = 264241152                                 {product} {ergonomic}
   size_t MarkStackSize                            = 4194304                                   {product} {ergonomic}
   size_t MaxHeapSize                              = 4219469824                                {product} {ergonomic}
   size_t MaxNewSize                               = 2531262464                                {product} {ergonomic}
   size_t MinHeapDeltaBytes                        = 1048576                                   {product} {ergonomic}
    uintx NonNMethodCodeHeapSize                   = 8182140                                {pd product} {ergonomic}
    uintx NonProfiledCodeHeapSize                  = 121738050                              {pd product} {ergonomic}
    uintx ProfiledCodeHeapSize                     = 121738050                              {pd product} {ergonomic}
    uintx ReservedCodeCacheSize                    = 251658240                              {pd product} {ergonomic}
     bool SegmentedCodeCache                       = true                                      {product} {ergonomic}
     bool UseCompressedClassPointers               = true                                 {lp64_product} {ergonomic}
     bool UseCompressedOops                        = true                                 {lp64_product} {ergonomic}
     bool UseG1GC                                  = true                                      {product} {ergonomic}
     bool UseLargePagesIndividualAllocation        = false                                  {pd product} {ergonomic}

Logging:
Log output configuration:
 #0: stdout all=warning uptime,level,tags
 #1: stderr all=off uptime,level,tags

Environment Variables:
JAVA_HOME=C:\Program Files\Unity\Hub\Editor\2022.3.10f1\Editor\Data\PlaybackEngines\AndroidPlayer\OpenJDK
JAVA_TOOL_OPTIONS=-Dfile.encoding=UTF-8
CLASSPATH=C:\Program Files\Unity\Hub\Editor\2022.3.10f1\Editor\Data\PlaybackEngines\AndroidPlayer\SDK\cmdline-tools\6.0\bin\..\lib\sdkmanager-classpath.jar
PATH=C:\Program Files\Oculus\Support\oculus-runtime;C:\WINDOWS\system32;C:\WINDOWS;C:\WINDOWS\System32\Wbem;C:\WINDOWS\System32\WindowsPowerShell\v1.0\;C:\WINDOWS\System32\OpenSSH\;C:\Program Files\dotnet\;C:\Program Files (x86)\NVIDIA Corporation\PhysX\Common;C:\Program Files\NVIDIA Corporation\NVIDIA NvDLISR;C:\Program Files\Git\cmd;C:\Program Files\Docker\Docker\resources\bin;C:\Users\fredy\AppData\Roaming\nvm;C:\Program Files\nodejs;C:\Program Files\nodejs;C:\Users\fredy\AppData\Local\Programs\Python\Python311\Scripts\;C:\Users\fredy\AppData\Local\Programs\Python\Python311\;C:\Users\fredy\anaconda3;C:\Users\fredy\anaconda3\Library\mingw-w64\bin;C:\Users\fredy\anaconda3\Library\usr\bin;C:\Users\fredy\anaconda3\Library\bin;C:\Users\fredy\anaconda3\Scripts;C:\Users\fredy\AppData\Local\Programs\Python\Python313\Scripts\;C:\Users\fredy\AppData\Local\Programs\Python\Python313\;C:\Users\fredy\AppData\Local\Microsoft\WindowsApps;C:\Users\fredy\AppData\Roaming\nvm;C:\Program Files\nodejs;C:\Program Files\nodejs;C:\Users\fredy\AppData\Local\Programs\Microsoft VS Code\bin
USERNAME=fredy
OS=Windows_NT
PROCESSOR_IDENTIFIER=Intel64 Family 6 Model 183 Stepping 1, GenuineIntel



---------------  S Y S T E M  ---------------

OS: Windows 11 , 64 bit Build 26100 (10.0.26100.5074)
OS uptime: 0 days 0:06 hours
Hyper-V role detected

CPU:total 32 (initial active 32) (16 cores per cpu, 2 threads per core) family 6 model 183 stepping 1 microcode 0x11f, cmov, cx8, fxsr, mmx, sse, sse2, sse3, ssse3, sse4.1, sse4.2, popcnt, avx, avx2, aes, clmul, erms, 3dnowpref, lzcnt, ht, tsc, tscinvbit, bmi1, bmi2, adx, sha, fma

Memory: 4k page, system-wide physical 16088M (1821M free)
TotalPageFile size 36568M (AvailPageFile size 15512M)
current process WorkingSet (physical memory assigned to process): 103M, peak: 103M
current process commit charge ("private bytes"): 397M, peak: 397M

vm_info: OpenJDK 64-Bit Server VM (11.0.14.1+1) for windows-amd64 JRE (11.0.14.1+1), built on Feb  9 2022 01:48:27 by "" with unknown MS VC++:1916

END.
