#
# A fatal error has been detected by the Java Runtime Environment:
#
#  EXCEPTION_ACCESS_VIOLATION (0xc0000005) at pc=0x00007ffeeb559301, pid=23600, tid=30660
#
# JRE version: OpenJDK Runtime Environment Temurin-11.0.14.1+1 (11.0.14.1+1) (build 11.0.14.1+1)
# Java VM: OpenJDK 64-Bit Server VM Temurin-11.0.14.1+1 (11.0.14.1+1, mixed mode, tiered, compressed oops, g1 gc, windows-amd64)
# Problematic frame:
# V  [jvm.dll+0xb9301]
#
# No core dump will be written. Minidumps are not enabled by default on client versions of Windows
#
# If you would like to submit a bug report, please visit:
#   https://github.com/adoptium/adoptium-support/issues
#

---------------  S U M M A R Y ------------

Command Line: -Dfile.encoding=UTF-8 -Dcom.android.sdklib.toolsdir=C:\Program Files\Unity\Hub\Editor\2022.3.10f1\Editor\Data\PlaybackEngines\AndroidPlayer\SDK\cmdline-tools\6.0\bin\\.. com.android.sdklib.tool.sdkmanager.SdkManagerCli --list

Host: Intel(R) Core(TM) i9-14900HX, 32 cores, 15G,  Windows 11 , 64 bit Build 26100 (10.0.26100.5074)
Time: Wed Sep 17 02:15:12 2025 SA Pacific Standard Time elapsed time: 1.284314 seconds (0d 0h 0m 1s)

---------------  T H R E A D  ---------------

Current thread (0x0000026094339800):  JavaThread "C2 CompilerThread0" daemon [_thread_in_native, id=30660, stack(0x000000dba8800000,0x000000dba8900000)]


Current CompileTask:
C2:   1284 1878       4       java.util.regex.Pattern$SliceI::match (96 bytes)

Stack: [0x000000dba8800000,0x000000dba8900000],  sp=0x000000dba88fbd30,  free space=1007k
Native frames: (J=compiled Java code, j=interpreted, Vv=VM code, C=native code)
V  [jvm.dll+0xb9301]
V  [jvm.dll+0x114d79]
V  [jvm.dll+0x114763]
V  [jvm.dll+0x208bb6]
V  [jvm.dll+0x207ded]
V  [jvm.dll+0x18a2c1]
V  [jvm.dll+0x217734]
V  [jvm.dll+0x21597b]
V  [jvm.dll+0x76d7c0]
V  [jvm.dll+0x766724]
V  [jvm.dll+0x61d3f6]
C  [ucrtbase.dll+0x37b0]
C  [KERNEL32.DLL+0x2e8d7]
C  [ntdll.dll+0x8d9c]


siginfo: EXCEPTION_ACCESS_VIOLATION (0xc0000005), reading address 0xffffffffffffff8c


Register to memory mapping:

RIP=0x00007ffeeb559301 jvm.dll
RAX=0x0000000000000001 is an unknown value
RBX=0x000000dba88fe710 is pointing into the stack for thread: 0x0000026094339800
RCX=0x0000000000000090 is an unknown value
RDX=0x000000dba88fe710 is pointing into the stack for thread: 0x0000026094339800
RSP=0x000000dba88fbd30 is pointing into the stack for thread: 0x0000026094339800
RBP=0x000002609446af68 points into unknown readable memory: 0x00007ffeebcd5c60 | 60 5c cd eb fe 7f 00 00
RSI=0x000000dba88fe710 is pointing into the stack for thread: 0x0000026094339800
RDI=0x000000000000009f is an unknown value
R8 =0x000002609446b250 points into unknown readable memory: 0x0000026095529f28 | 28 9f 52 95 60 02 00 00
R9 =0x000002609446b040 points into unknown readable memory: 0x0000026095529f28 | 28 9f 52 95 60 02 00 00
R10=0x0000000000000004 is an unknown value
R11=0x0000026095526d80 points into unknown readable memory: 0x0000026095526d18 | 18 6d 52 95 60 02 00 00
R12=0x000000000000002b is an unknown value
R13=0x000000dba88fbf50 is pointing into the stack for thread: 0x0000026094339800
R14=0x0000026094dd1318 points into unknown readable memory: 0x00007ffeebd41f00 | 00 1f d4 eb fe 7f 00 00
R15=0x000002609446ae00 points into unknown readable memory: 0x00007ffeebcd7480 | 80 74 cd eb fe 7f 00 00


Registers:
RAX=0x0000000000000001, RBX=0x000000dba88fe710, RCX=0x0000000000000090, RDX=0x000000dba88fe710
RSP=0x000000dba88fbd30, RBP=0x000002609446af68, RSI=0x000000dba88fe710, RDI=0x000000000000009f
R8 =0x000002609446b250, R9 =0x000002609446b040, R10=0x0000000000000004, R11=0x0000026095526d80
R12=0x000000000000002b, R13=0x000000dba88fbf50, R14=0x0000026094dd1318, R15=0x000002609446ae00
RIP=0x00007ffeeb559301, EFLAGS=0x0000000000010206

Top of Stack: (sp=0x000000dba88fbd30)
0x000000dba88fbd30:   0000000000000003 0000026095529f28
0x000000dba88fbd40:   000002609446af68 000000000000001e
0x000000dba88fbd50:   0000026095529f28 00007ffeeb5b4d79
0x000000dba88fbd60:   0000026095529f28 000000dba88fe710
0x000000dba88fbd70:   0000000000000000 0000026095529b88
0x000000dba88fbd80:   00000260943d72c0 00000260943d7490
0x000000dba88fbd90:   00000260954acb20 00000260954ad4d0
0x000000dba88fbda0:   00000260954aca80 0000026094335b40
0x000000dba88fbdb0:   00007ffeebda4cc8 0000026094335b40
0x000000dba88fbdc0:   0000026000000010 00000260954ad4d0
0x000000dba88fbdd0:   00000260954aca70 000000dba88fc180
0x000000dba88fbde0:   00000260954ab430 0000000000020338
0x000000dba88fbdf0:   00000260954b3418 0000026094335b40
0x000000dba88fbe00:   0000026095524f58 00007ffeeb5b4763
0x000000dba88fbe10:   0000026095524f58 0000026094331cd0
0x000000dba88fbe20:   000000dba88fbf50 00000260943d7490 

Instructions: (pc=0x00007ffeeb559301)
0x00007ffeeb559201:   94 00 00 00 48 8d 0d 74 a5 7b 00 e8 3f 66 19 00
0x00007ffeeb559211:   e8 3a d5 55 00 33 c0 48 8b 9c 24 80 00 00 00 48
0x00007ffeeb559221:   83 c4 70 5f c3 8b 05 70 27 9a 00 3d ff 00 00 00
0x00007ffeeb559231:   75 17 e8 f8 ea 4f 00 89 05 5e 27 9a 00 8b 05 58
0x00007ffeeb559241:   27 9a 00 89 05 56 27 9a 00 8b 05 4c 27 9a 00 83
0x00007ffeeb559251:   f8 03 75 38 0f b6 05 3c 27 9a 00 84 c0 74 2d 41
0x00007ffeeb559261:   b0 01 48 8d 4c 24 48 ba 01 00 00 00 e8 fe 8a 53
0x00007ffeeb559271:   00 4c 8b c0 8b d7 48 8b cb e8 21 80 55 00 48 8b
0x00007ffeeb559281:   9c 24 80 00 00 00 48 83 c4 70 5f c3 0f 10 05 b4
0x00007ffeeb559291:   57 a0 00 48 8d 44 24 20 8b d7 0f 10 0d b6 57 a0
0x00007ffeeb5592a1:   00 4c 8b c0 48 8b cb 0f 11 44 24 20 f2 0f 10 05
0x00007ffeeb5592b1:   b3 57 a0 00 f2 0f 11 44 24 40 0f 11 4c 24 30 e8
0x00007ffeeb5592c1:   db 7f 55 00 48 8b 9c 24 80 00 00 00 48 83 c4 70
0x00007ffeeb5592d1:   5f c3 ba 01 00 00 00 48 8b 9c 24 80 00 00 00 48
0x00007ffeeb5592e1:   83 c4 70 5f e9 46 2a 5c 00 cc cc cc cc cc cc 48
0x00007ffeeb5592f1:   89 5c 24 08 57 48 83 ec 20 48 8d 79 0f 48 8b da
0x00007ffeeb559301:   48 8b 4a 18 48 83 e7 f0 48 8b c7 48 f7 d0 48 3b
0x00007ffeeb559311:   c1 73 16 4c 8d 05 45 a4 7b 00 48 8b d7 48 8b cb
0x00007ffeeb559321:   e8 ca 9b 00 00 48 8b 4b 18 48 8d 04 39 48 3b 43
0x00007ffeeb559331:   20 76 18 45 33 c0 48 8b d7 48 8b cb 48 8b 5c 24
0x00007ffeeb559341:   30 48 83 c4 20 5f e9 44 98 00 00 48 89 43 18 48
0x00007ffeeb559351:   8b c1 48 8b 5c 24 30 48 83 c4 20 5f c3 cc cc 48
0x00007ffeeb559361:   89 5c 24 08 57 48 81 ec 80 00 00 00 41 8b d8 48
0x00007ffeeb559371:   8b f9 83 ea 01 0f 84 f9 00 00 00 83 fa 01 74 29
0x00007ffeeb559381:   ba 7d 00 00 00 48 8d 0d f3 a3 7b 00 e8 be 64 19
0x00007ffeeb559391:   00 e8 b9 d3 55 00 33 c0 48 8b 9c 24 90 00 00 00
0x00007ffeeb5593a1:   48 81 c4 80 00 00 00 5f c3 8b 05 ec 25 9a 00 3d
0x00007ffeeb5593b1:   ff 00 00 00 75 17 e8 74 e9 4f 00 89 05 da 25 9a
0x00007ffeeb5593c1:   00 8b 05 d4 25 9a 00 89 05 d2 25 9a 00 8b 05 c8
0x00007ffeeb5593d1:   25 9a 00 83 f8 03 75 1f 0f b6 05 b8 25 9a 00 84
0x00007ffeeb5593e1:   c0 74 14 41 b0 01 48 8d 4c 24 58 ba 01 00 00 00
0x00007ffeeb5593f1:   e8 7a 89 53 00 eb 2b 0f 10 05 49 56 a0 00 48 8d 


Stack slot to memory mapping:
stack at sp + 0 slots: 0x0000000000000003 is an unknown value
stack at sp + 1 slots: 0x0000026095529f28 points into unknown readable memory: 0x00007ffeebd18fb0 | b0 8f d1 eb fe 7f 00 00
stack at sp + 2 slots: 0x000002609446af68 points into unknown readable memory: 0x00007ffeebcd5c60 | 60 5c cd eb fe 7f 00 00
stack at sp + 3 slots: 0x000000000000001e is an unknown value
stack at sp + 4 slots: 0x0000026095529f28 points into unknown readable memory: 0x00007ffeebd18fb0 | b0 8f d1 eb fe 7f 00 00
stack at sp + 5 slots: 0x00007ffeeb5b4d79 jvm.dll
stack at sp + 6 slots: 0x0000026095529f28 points into unknown readable memory: 0x00007ffeebd18fb0 | b0 8f d1 eb fe 7f 00 00
stack at sp + 7 slots: 0x000000dba88fe710 is pointing into the stack for thread: 0x0000026094339800


---------------  P R O C E S S  ---------------

Threads class SMR info:
_java_thread_list=0x00000260956dbe80, length=15, elements={
0x00000260edce2800, 0x00000260942c2000, 0x00000260942c5000, 0x0000026094334800,
0x0000026094336800, 0x0000026094338800, 0x0000026094339800, 0x000002609435d000,
0x0000026094380000, 0x00000260ff74b000, 0x0000026094530000, 0x0000026094c18000,
0x0000026094c10000, 0x0000026094c11000, 0x000002609569f800
}

Java Threads: ( => current thread )
  0x00000260edce2800 JavaThread "main" [_thread_in_native, id=22668, stack(0x000000dba7b00000,0x000000dba7c00000)]
  0x00000260942c2000 JavaThread "Reference Handler" daemon [_thread_blocked, id=16832, stack(0x000000dba8300000,0x000000dba8400000)]
  0x00000260942c5000 JavaThread "Finalizer" daemon [_thread_blocked, id=1944, stack(0x000000dba8400000,0x000000dba8500000)]
  0x0000026094334800 JavaThread "Signal Dispatcher" daemon [_thread_blocked, id=2892, stack(0x000000dba8500000,0x000000dba8600000)]
  0x0000026094336800 JavaThread "Attach Listener" daemon [_thread_blocked, id=14404, stack(0x000000dba8600000,0x000000dba8700000)]
  0x0000026094338800 JavaThread "Service Thread" daemon [_thread_blocked, id=7604, stack(0x000000dba8700000,0x000000dba8800000)]
=>0x0000026094339800 JavaThread "C2 CompilerThread0" daemon [_thread_in_native, id=30660, stack(0x000000dba8800000,0x000000dba8900000)]
  0x000002609435d000 JavaThread "C1 CompilerThread0" daemon [_thread_blocked, id=21312, stack(0x000000dba8900000,0x000000dba8a00000)]
  0x0000026094380000 JavaThread "Sweeper thread" daemon [_thread_blocked, id=24964, stack(0x000000dba8a00000,0x000000dba8b00000)]
  0x00000260ff74b000 JavaThread "C1 CompilerThread1" daemon [_thread_blocked, id=8880, stack(0x000000dba8b00000,0x000000dba8c00000)]
  0x0000026094530000 JavaThread "Common-Cleaner" daemon [_thread_blocked, id=3200, stack(0x000000dba8d00000,0x000000dba8e00000)]
  0x0000026094c18000 JavaThread "C1 CompilerThread2" daemon [_thread_blocked, id=22016, stack(0x000000dba8f00000,0x000000dba9000000)]
  0x0000026094c10000 JavaThread "C1 CompilerThread3" daemon [_thread_blocked, id=18448, stack(0x000000dba9000000,0x000000dba9100000)]
  0x0000026094c11000 JavaThread "C1 CompilerThread4" daemon [_thread_blocked, id=4576, stack(0x000000dba9100000,0x000000dba9200000)]
  0x000002609569f800 JavaThread "C2 CompilerThread1" daemon [_thread_blocked, id=12140, stack(0x000000dba8e00000,0x000000dba8f00000)]

Other Threads:
  0x000002609429e000 VMThread "VM Thread" [stack: 0x000000dba8200000,0x000000dba8300000] [id=31576]
  0x0000026094524000 WatcherThread [stack: 0x000000dba8c00000,0x000000dba8d00000] [id=19344]
  0x00000260edcfa800 GCTaskThread "GC Thread#0" [stack: 0x000000dba7d00000,0x000000dba7e00000] [id=32232]
  0x000002609563b800 GCTaskThread "GC Thread#1" [stack: 0x000000dba9300000,0x000000dba9400000] [id=32432]
  0x0000026095681000 GCTaskThread "GC Thread#2" [stack: 0x000000dba9400000,0x000000dba9500000] [id=32116]
  0x0000026095681800 GCTaskThread "GC Thread#3" [stack: 0x000000dba9500000,0x000000dba9600000] [id=33672]
  0x0000026095683000 GCTaskThread "GC Thread#4" [stack: 0x000000dba9600000,0x000000dba9700000] [id=2320]
  0x0000026095683800 GCTaskThread "GC Thread#5" [stack: 0x000000dba9700000,0x000000dba9800000] [id=18768]
  0x00000260edd5b800 ConcurrentGCThread "G1 Main Marker" [stack: 0x000000dba7e00000,0x000000dba7f00000] [id=25256]
  0x00000260edd63800 ConcurrentGCThread "G1 Conc#0" [stack: 0x000000dba7f00000,0x000000dba8000000] [id=16740]
  0x00000260edd5f800 ConcurrentGCThread "G1 Refine#0" [stack: 0x000000dba8000000,0x000000dba8100000] [id=1864]
  0x00000260ff6d4800 ConcurrentGCThread "G1 Young RemSet Sampling" [stack: 0x000000dba8100000,0x000000dba8200000] [id=3688]

Threads with active compile tasks:
C2 CompilerThread0   1320 1878       4       java.util.regex.Pattern$SliceI::match (96 bytes)

VM state:not at safepoint (normal execution)

VM Mutex/Monitor currently owned by a thread: None

Heap address: 0x0000000704800000, size: 4024 MB, Compressed Oops mode: Zero based, Oop shift amount: 3
Narrow klass base: 0x0000000800000000, Narrow klass shift: 0
Compressed class space size: 1073741824 Address: 0x0000000800000000

Heap:
 garbage-first heap   total 258048K, used 14226K [0x0000000704800000, 0x0000000800000000)
  region size 1024K, 14 young (14336K), 3 survivors (3072K)
 Metaspace       used 19589K, capacity 19903K, committed 19968K, reserved 1067008K
  class space    used 1890K, capacity 2032K, committed 2048K, reserved 1048576K
Heap Regions: E=young(eden), S=young(survivor), O=old, HS=humongous(starts), HC=humongous(continues), CS=collection set, F=free, A=archive, TAMS=top-at-mark-start (previous, next)
|   0|0x0000000704800000, 0x0000000704800000, 0x0000000704900000|  0%| F|  |TAMS 0x0000000704800000, 0x0000000704800000| Untracked 
|   1|0x0000000704900000, 0x00000007049e4a00, 0x0000000704a00000| 89%| O|  |TAMS 0x0000000704900000, 0x0000000704900000| Untracked 
|   2|0x0000000704a00000, 0x0000000704a00000, 0x0000000704b00000|  0%| F|  |TAMS 0x0000000704a00000, 0x0000000704a00000| Untracked 
|   3|0x0000000704b00000, 0x0000000704b00000, 0x0000000704c00000|  0%| F|  |TAMS 0x0000000704b00000, 0x0000000704b00000| Untracked 
|   4|0x0000000704c00000, 0x0000000704c00000, 0x0000000704d00000|  0%| F|  |TAMS 0x0000000704c00000, 0x0000000704c00000| Untracked 
|   5|0x0000000704d00000, 0x0000000704d00000, 0x0000000704e00000|  0%| F|  |TAMS 0x0000000704d00000, 0x0000000704d00000| Untracked 
|   6|0x0000000704e00000, 0x0000000704e00000, 0x0000000704f00000|  0%| F|  |TAMS 0x0000000704e00000, 0x0000000704e00000| Untracked 
|   7|0x0000000704f00000, 0x0000000704f00000, 0x0000000705000000|  0%| F|  |TAMS 0x0000000704f00000, 0x0000000704f00000| Untracked 
|   8|0x0000000705000000, 0x0000000705000000, 0x0000000705100000|  0%| F|  |TAMS 0x0000000705000000, 0x0000000705000000| Untracked 
|   9|0x0000000705100000, 0x0000000705100000, 0x0000000705200000|  0%| F|  |TAMS 0x0000000705100000, 0x0000000705100000| Untracked 
|  10|0x0000000705200000, 0x0000000705200000, 0x0000000705300000|  0%| F|  |TAMS 0x0000000705200000, 0x0000000705200000| Untracked 
|  11|0x0000000705300000, 0x0000000705300000, 0x0000000705400000|  0%| F|  |TAMS 0x0000000705300000, 0x0000000705300000| Untracked 
|  12|0x0000000705400000, 0x0000000705400000, 0x0000000705500000|  0%| F|  |TAMS 0x0000000705400000, 0x0000000705400000| Untracked 
|  13|0x0000000705500000, 0x0000000705500000, 0x0000000705600000|  0%| F|  |TAMS 0x0000000705500000, 0x0000000705500000| Untracked 
|  14|0x0000000705600000, 0x0000000705600000, 0x0000000705700000|  0%| F|  |TAMS 0x0000000705600000, 0x0000000705600000| Untracked 
|  15|0x0000000705700000, 0x0000000705700000, 0x0000000705800000|  0%| F|  |TAMS 0x0000000705700000, 0x0000000705700000| Untracked 
|  16|0x0000000705800000, 0x0000000705800000, 0x0000000705900000|  0%| F|  |TAMS 0x0000000705800000, 0x0000000705800000| Untracked 
|  17|0x0000000705900000, 0x0000000705900000, 0x0000000705a00000|  0%| F|  |TAMS 0x0000000705900000, 0x0000000705900000| Untracked 
|  18|0x0000000705a00000, 0x0000000705a00000, 0x0000000705b00000|  0%| F|  |TAMS 0x0000000705a00000, 0x0000000705a00000| Untracked 
|  19|0x0000000705b00000, 0x0000000705b00000, 0x0000000705c00000|  0%| F|  |TAMS 0x0000000705b00000, 0x0000000705b00000| Untracked 
|  20|0x0000000705c00000, 0x0000000705c00000, 0x0000000705d00000|  0%| F|  |TAMS 0x0000000705c00000, 0x0000000705c00000| Untracked 
|  21|0x0000000705d00000, 0x0000000705d00000, 0x0000000705e00000|  0%| F|  |TAMS 0x0000000705d00000, 0x0000000705d00000| Untracked 
|  22|0x0000000705e00000, 0x0000000705e00000, 0x0000000705f00000|  0%| F|  |TAMS 0x0000000705e00000, 0x0000000705e00000| Untracked 
|  23|0x0000000705f00000, 0x0000000705f00000, 0x0000000706000000|  0%| F|  |TAMS 0x0000000705f00000, 0x0000000705f00000| Untracked 
|  24|0x0000000706000000, 0x0000000706000000, 0x0000000706100000|  0%| F|  |TAMS 0x0000000706000000, 0x0000000706000000| Untracked 
|  25|0x0000000706100000, 0x0000000706100000, 0x0000000706200000|  0%| F|  |TAMS 0x0000000706100000, 0x0000000706100000| Untracked 
|  26|0x0000000706200000, 0x0000000706200000, 0x0000000706300000|  0%| F|  |TAMS 0x0000000706200000, 0x0000000706200000| Untracked 
|  27|0x0000000706300000, 0x0000000706300000, 0x0000000706400000|  0%| F|  |TAMS 0x0000000706300000, 0x0000000706300000| Untracked 
|  28|0x0000000706400000, 0x0000000706400000, 0x0000000706500000|  0%| F|  |TAMS 0x0000000706400000, 0x0000000706400000| Untracked 
|  29|0x0000000706500000, 0x0000000706500000, 0x0000000706600000|  0%| F|  |TAMS 0x0000000706500000, 0x0000000706500000| Untracked 
|  30|0x0000000706600000, 0x0000000706600000, 0x0000000706700000|  0%| F|  |TAMS 0x0000000706600000, 0x0000000706600000| Untracked 
|  31|0x0000000706700000, 0x0000000706700000, 0x0000000706800000|  0%| F|  |TAMS 0x0000000706700000, 0x0000000706700000| Untracked 
|  32|0x0000000706800000, 0x0000000706800000, 0x0000000706900000|  0%| F|  |TAMS 0x0000000706800000, 0x0000000706800000| Untracked 
|  33|0x0000000706900000, 0x0000000706900000, 0x0000000706a00000|  0%| F|  |TAMS 0x0000000706900000, 0x0000000706900000| Untracked 
|  34|0x0000000706a00000, 0x0000000706a00000, 0x0000000706b00000|  0%| F|  |TAMS 0x0000000706a00000, 0x0000000706a00000| Untracked 
|  35|0x0000000706b00000, 0x0000000706b00000, 0x0000000706c00000|  0%| F|  |TAMS 0x0000000706b00000, 0x0000000706b00000| Untracked 
|  36|0x0000000706c00000, 0x0000000706c00000, 0x0000000706d00000|  0%| F|  |TAMS 0x0000000706c00000, 0x0000000706c00000| Untracked 
|  37|0x0000000706d00000, 0x0000000706d00000, 0x0000000706e00000|  0%| F|  |TAMS 0x0000000706d00000, 0x0000000706d00000| Untracked 
|  38|0x0000000706e00000, 0x0000000706e00000, 0x0000000706f00000|  0%| F|  |TAMS 0x0000000706e00000, 0x0000000706e00000| Untracked 
|  39|0x0000000706f00000, 0x0000000706f00000, 0x0000000707000000|  0%| F|  |TAMS 0x0000000706f00000, 0x0000000706f00000| Untracked 
|  40|0x0000000707000000, 0x0000000707000000, 0x0000000707100000|  0%| F|  |TAMS 0x0000000707000000, 0x0000000707000000| Untracked 
|  41|0x0000000707100000, 0x0000000707100000, 0x0000000707200000|  0%| F|  |TAMS 0x0000000707100000, 0x0000000707100000| Untracked 
|  42|0x0000000707200000, 0x0000000707200000, 0x0000000707300000|  0%| F|  |TAMS 0x0000000707200000, 0x0000000707200000| Untracked 
|  43|0x0000000707300000, 0x0000000707300000, 0x0000000707400000|  0%| F|  |TAMS 0x0000000707300000, 0x0000000707300000| Untracked 
|  44|0x0000000707400000, 0x0000000707400000, 0x0000000707500000|  0%| F|  |TAMS 0x0000000707400000, 0x0000000707400000| Untracked 
|  45|0x0000000707500000, 0x0000000707500000, 0x0000000707600000|  0%| F|  |TAMS 0x0000000707500000, 0x0000000707500000| Untracked 
|  46|0x0000000707600000, 0x0000000707600000, 0x0000000707700000|  0%| F|  |TAMS 0x0000000707600000, 0x0000000707600000| Untracked 
|  47|0x0000000707700000, 0x0000000707700000, 0x0000000707800000|  0%| F|  |TAMS 0x0000000707700000, 0x0000000707700000| Untracked 
|  48|0x0000000707800000, 0x0000000707800000, 0x0000000707900000|  0%| F|  |TAMS 0x0000000707800000, 0x0000000707800000| Untracked 
|  49|0x0000000707900000, 0x0000000707900000, 0x0000000707a00000|  0%| F|  |TAMS 0x0000000707900000, 0x0000000707900000| Untracked 
|  50|0x0000000707a00000, 0x0000000707a00000, 0x0000000707b00000|  0%| F|  |TAMS 0x0000000707a00000, 0x0000000707a00000| Untracked 
|  51|0x0000000707b00000, 0x0000000707b00000, 0x0000000707c00000|  0%| F|  |TAMS 0x0000000707b00000, 0x0000000707b00000| Untracked 
|  52|0x0000000707c00000, 0x0000000707c00000, 0x0000000707d00000|  0%| F|  |TAMS 0x0000000707c00000, 0x0000000707c00000| Untracked 
|  53|0x0000000707d00000, 0x0000000707d00000, 0x0000000707e00000|  0%| F|  |TAMS 0x0000000707d00000, 0x0000000707d00000| Untracked 
|  54|0x0000000707e00000, 0x0000000707e00000, 0x0000000707f00000|  0%| F|  |TAMS 0x0000000707e00000, 0x0000000707e00000| Untracked 
|  55|0x0000000707f00000, 0x0000000707f00000, 0x0000000708000000|  0%| F|  |TAMS 0x0000000707f00000, 0x0000000707f00000| Untracked 
|  56|0x0000000708000000, 0x0000000708000000, 0x0000000708100000|  0%| F|  |TAMS 0x0000000708000000, 0x0000000708000000| Untracked 
|  57|0x0000000708100000, 0x0000000708100000, 0x0000000708200000|  0%| F|  |TAMS 0x0000000708100000, 0x0000000708100000| Untracked 
|  58|0x0000000708200000, 0x0000000708200000, 0x0000000708300000|  0%| F|  |TAMS 0x0000000708200000, 0x0000000708200000| Untracked 
|  59|0x0000000708300000, 0x0000000708300000, 0x0000000708400000|  0%| F|  |TAMS 0x0000000708300000, 0x0000000708300000| Untracked 
|  60|0x0000000708400000, 0x0000000708400000, 0x0000000708500000|  0%| F|  |TAMS 0x0000000708400000, 0x0000000708400000| Untracked 
|  61|0x0000000708500000, 0x0000000708500000, 0x0000000708600000|  0%| F|  |TAMS 0x0000000708500000, 0x0000000708500000| Untracked 
|  62|0x0000000708600000, 0x0000000708600000, 0x0000000708700000|  0%| F|  |TAMS 0x0000000708600000, 0x0000000708600000| Untracked 
|  63|0x0000000708700000, 0x0000000708700000, 0x0000000708800000|  0%| F|  |TAMS 0x0000000708700000, 0x0000000708700000| Untracked 
|  64|0x0000000708800000, 0x0000000708800000, 0x0000000708900000|  0%| F|  |TAMS 0x0000000708800000, 0x0000000708800000| Untracked 
|  65|0x0000000708900000, 0x0000000708900000, 0x0000000708a00000|  0%| F|  |TAMS 0x0000000708900000, 0x0000000708900000| Untracked 
|  66|0x0000000708a00000, 0x0000000708a00000, 0x0000000708b00000|  0%| F|  |TAMS 0x0000000708a00000, 0x0000000708a00000| Untracked 
|  67|0x0000000708b00000, 0x0000000708b00000, 0x0000000708c00000|  0%| F|  |TAMS 0x0000000708b00000, 0x0000000708b00000| Untracked 
|  68|0x0000000708c00000, 0x0000000708c00000, 0x0000000708d00000|  0%| F|  |TAMS 0x0000000708c00000, 0x0000000708c00000| Untracked 
|  69|0x0000000708d00000, 0x0000000708d00000, 0x0000000708e00000|  0%| F|  |TAMS 0x0000000708d00000, 0x0000000708d00000| Untracked 
|  70|0x0000000708e00000, 0x0000000708e00000, 0x0000000708f00000|  0%| F|  |TAMS 0x0000000708e00000, 0x0000000708e00000| Untracked 
|  71|0x0000000708f00000, 0x0000000708f00000, 0x0000000709000000|  0%| F|  |TAMS 0x0000000708f00000, 0x0000000708f00000| Untracked 
|  72|0x0000000709000000, 0x0000000709000000, 0x0000000709100000|  0%| F|  |TAMS 0x0000000709000000, 0x0000000709000000| Untracked 
|  73|0x0000000709100000, 0x0000000709100000, 0x0000000709200000|  0%| F|  |TAMS 0x0000000709100000, 0x0000000709100000| Untracked 
|  74|0x0000000709200000, 0x0000000709200000, 0x0000000709300000|  0%| F|  |TAMS 0x0000000709200000, 0x0000000709200000| Untracked 
|  75|0x0000000709300000, 0x0000000709300000, 0x0000000709400000|  0%| F|  |TAMS 0x0000000709300000, 0x0000000709300000| Untracked 
|  76|0x0000000709400000, 0x0000000709400000, 0x0000000709500000|  0%| F|  |TAMS 0x0000000709400000, 0x0000000709400000| Untracked 
|  77|0x0000000709500000, 0x0000000709500000, 0x0000000709600000|  0%| F|  |TAMS 0x0000000709500000, 0x0000000709500000| Untracked 
|  78|0x0000000709600000, 0x0000000709600000, 0x0000000709700000|  0%| F|  |TAMS 0x0000000709600000, 0x0000000709600000| Untracked 
|  79|0x0000000709700000, 0x0000000709700000, 0x0000000709800000|  0%| F|  |TAMS 0x0000000709700000, 0x0000000709700000| Untracked 
|  80|0x0000000709800000, 0x0000000709800000, 0x0000000709900000|  0%| F|  |TAMS 0x0000000709800000, 0x0000000709800000| Untracked 
|  81|0x0000000709900000, 0x0000000709900000, 0x0000000709a00000|  0%| F|  |TAMS 0x0000000709900000, 0x0000000709900000| Untracked 
|  82|0x0000000709a00000, 0x0000000709a00000, 0x0000000709b00000|  0%| F|  |TAMS 0x0000000709a00000, 0x0000000709a00000| Untracked 
|  83|0x0000000709b00000, 0x0000000709b00000, 0x0000000709c00000|  0%| F|  |TAMS 0x0000000709b00000, 0x0000000709b00000| Untracked 
|  84|0x0000000709c00000, 0x0000000709c00000, 0x0000000709d00000|  0%| F|  |TAMS 0x0000000709c00000, 0x0000000709c00000| Untracked 
|  85|0x0000000709d00000, 0x0000000709d00000, 0x0000000709e00000|  0%| F|  |TAMS 0x0000000709d00000, 0x0000000709d00000| Untracked 
|  86|0x0000000709e00000, 0x0000000709e00000, 0x0000000709f00000|  0%| F|  |TAMS 0x0000000709e00000, 0x0000000709e00000| Untracked 
|  87|0x0000000709f00000, 0x0000000709f00000, 0x000000070a000000|  0%| F|  |TAMS 0x0000000709f00000, 0x0000000709f00000| Untracked 
|  88|0x000000070a000000, 0x000000070a000000, 0x000000070a100000|  0%| F|  |TAMS 0x000000070a000000, 0x000000070a000000| Untracked 
|  89|0x000000070a100000, 0x000000070a100000, 0x000000070a200000|  0%| F|  |TAMS 0x000000070a100000, 0x000000070a100000| Untracked 
|  90|0x000000070a200000, 0x000000070a200000, 0x000000070a300000|  0%| F|  |TAMS 0x000000070a200000, 0x000000070a200000| Untracked 
|  91|0x000000070a300000, 0x000000070a300000, 0x000000070a400000|  0%| F|  |TAMS 0x000000070a300000, 0x000000070a300000| Untracked 
|  92|0x000000070a400000, 0x000000070a400000, 0x000000070a500000|  0%| F|  |TAMS 0x000000070a400000, 0x000000070a400000| Untracked 
|  93|0x000000070a500000, 0x000000070a500000, 0x000000070a600000|  0%| F|  |TAMS 0x000000070a500000, 0x000000070a500000| Untracked 
|  94|0x000000070a600000, 0x000000070a600000, 0x000000070a700000|  0%| F|  |TAMS 0x000000070a600000, 0x000000070a600000| Untracked 
|  95|0x000000070a700000, 0x000000070a700000, 0x000000070a800000|  0%| F|  |TAMS 0x000000070a700000, 0x000000070a700000| Untracked 
|  96|0x000000070a800000, 0x000000070a800000, 0x000000070a900000|  0%| F|  |TAMS 0x000000070a800000, 0x000000070a800000| Untracked 
|  97|0x000000070a900000, 0x000000070a900000, 0x000000070aa00000|  0%| F|  |TAMS 0x000000070a900000, 0x000000070a900000| Untracked 
|  98|0x000000070aa00000, 0x000000070aa00000, 0x000000070ab00000|  0%| F|  |TAMS 0x000000070aa00000, 0x000000070aa00000| Untracked 
|  99|0x000000070ab00000, 0x000000070ab00000, 0x000000070ac00000|  0%| F|  |TAMS 0x000000070ab00000, 0x000000070ab00000| Untracked 
| 100|0x000000070ac00000, 0x000000070ac00000, 0x000000070ad00000|  0%| F|  |TAMS 0x000000070ac00000, 0x000000070ac00000| Untracked 
| 101|0x000000070ad00000, 0x000000070ad00000, 0x000000070ae00000|  0%| F|  |TAMS 0x000000070ad00000, 0x000000070ad00000| Untracked 
| 102|0x000000070ae00000, 0x000000070ae00000, 0x000000070af00000|  0%| F|  |TAMS 0x000000070ae00000, 0x000000070ae00000| Untracked 
| 103|0x000000070af00000, 0x000000070af00000, 0x000000070b000000|  0%| F|  |TAMS 0x000000070af00000, 0x000000070af00000| Untracked 
| 104|0x000000070b000000, 0x000000070b000000, 0x000000070b100000|  0%| F|  |TAMS 0x000000070b000000, 0x000000070b000000| Untracked 
| 105|0x000000070b100000, 0x000000070b100000, 0x000000070b200000|  0%| F|  |TAMS 0x000000070b100000, 0x000000070b100000| Untracked 
| 106|0x000000070b200000, 0x000000070b200000, 0x000000070b300000|  0%| F|  |TAMS 0x000000070b200000, 0x000000070b200000| Untracked 
| 107|0x000000070b300000, 0x000000070b300000, 0x000000070b400000|  0%| F|  |TAMS 0x000000070b300000, 0x000000070b300000| Untracked 
| 108|0x000000070b400000, 0x000000070b400000, 0x000000070b500000|  0%| F|  |TAMS 0x000000070b400000, 0x000000070b400000| Untracked 
| 109|0x000000070b500000, 0x000000070b500000, 0x000000070b600000|  0%| F|  |TAMS 0x000000070b500000, 0x000000070b500000| Untracked 
| 110|0x000000070b600000, 0x000000070b600000, 0x000000070b700000|  0%| F|  |TAMS 0x000000070b600000, 0x000000070b600000| Untracked 
| 111|0x000000070b700000, 0x000000070b700000, 0x000000070b800000|  0%| F|  |TAMS 0x000000070b700000, 0x000000070b700000| Untracked 
| 112|0x000000070b800000, 0x000000070b800000, 0x000000070b900000|  0%| F|  |TAMS 0x000000070b800000, 0x000000070b800000| Untracked 
| 113|0x000000070b900000, 0x000000070b900000, 0x000000070ba00000|  0%| F|  |TAMS 0x000000070b900000, 0x000000070b900000| Untracked 
| 114|0x000000070ba00000, 0x000000070ba00000, 0x000000070bb00000|  0%| F|  |TAMS 0x000000070ba00000, 0x000000070ba00000| Untracked 
| 115|0x000000070bb00000, 0x000000070bb00000, 0x000000070bc00000|  0%| F|  |TAMS 0x000000070bb00000, 0x000000070bb00000| Untracked 
| 116|0x000000070bc00000, 0x000000070bc00000, 0x000000070bd00000|  0%| F|  |TAMS 0x000000070bc00000, 0x000000070bc00000| Untracked 
| 117|0x000000070bd00000, 0x000000070bd00000, 0x000000070be00000|  0%| F|  |TAMS 0x000000070bd00000, 0x000000070bd00000| Untracked 
| 118|0x000000070be00000, 0x000000070be00000, 0x000000070bf00000|  0%| F|  |TAMS 0x000000070be00000, 0x000000070be00000| Untracked 
| 119|0x000000070bf00000, 0x000000070bf00000, 0x000000070c000000|  0%| F|  |TAMS 0x000000070bf00000, 0x000000070bf00000| Untracked 
| 120|0x000000070c000000, 0x000000070c000000, 0x000000070c100000|  0%| F|  |TAMS 0x000000070c000000, 0x000000070c000000| Untracked 
| 121|0x000000070c100000, 0x000000070c100000, 0x000000070c200000|  0%| F|  |TAMS 0x000000070c100000, 0x000000070c100000| Untracked 
| 122|0x000000070c200000, 0x000000070c200000, 0x000000070c300000|  0%| F|  |TAMS 0x000000070c200000, 0x000000070c200000| Untracked 
| 123|0x000000070c300000, 0x000000070c300000, 0x000000070c400000|  0%| F|  |TAMS 0x000000070c300000, 0x000000070c300000| Untracked 
| 124|0x000000070c400000, 0x000000070c400000, 0x000000070c500000|  0%| F|  |TAMS 0x000000070c400000, 0x000000070c400000| Untracked 
| 125|0x000000070c500000, 0x000000070c500000, 0x000000070c600000|  0%| F|  |TAMS 0x000000070c500000, 0x000000070c500000| Untracked 
| 126|0x000000070c600000, 0x000000070c600000, 0x000000070c700000|  0%| F|  |TAMS 0x000000070c600000, 0x000000070c600000| Untracked 
| 127|0x000000070c700000, 0x000000070c700000, 0x000000070c800000|  0%| F|  |TAMS 0x000000070c700000, 0x000000070c700000| Untracked 
| 128|0x000000070c800000, 0x000000070c800000, 0x000000070c900000|  0%| F|  |TAMS 0x000000070c800000, 0x000000070c800000| Untracked 
| 129|0x000000070c900000, 0x000000070c900000, 0x000000070ca00000|  0%| F|  |TAMS 0x000000070c900000, 0x000000070c900000| Untracked 
| 130|0x000000070ca00000, 0x000000070ca00000, 0x000000070cb00000|  0%| F|  |TAMS 0x000000070ca00000, 0x000000070ca00000| Untracked 
| 131|0x000000070cb00000, 0x000000070cb00000, 0x000000070cc00000|  0%| F|  |TAMS 0x000000070cb00000, 0x000000070cb00000| Untracked 
| 132|0x000000070cc00000, 0x000000070cc00000, 0x000000070cd00000|  0%| F|  |TAMS 0x000000070cc00000, 0x000000070cc00000| Untracked 
| 133|0x000000070cd00000, 0x000000070cd00000, 0x000000070ce00000|  0%| F|  |TAMS 0x000000070cd00000, 0x000000070cd00000| Untracked 
| 134|0x000000070ce00000, 0x000000070ce00000, 0x000000070cf00000|  0%| F|  |TAMS 0x000000070ce00000, 0x000000070ce00000| Untracked 
| 135|0x000000070cf00000, 0x000000070cf00000, 0x000000070d000000|  0%| F|  |TAMS 0x000000070cf00000, 0x000000070cf00000| Untracked 
| 136|0x000000070d000000, 0x000000070d000000, 0x000000070d100000|  0%| F|  |TAMS 0x000000070d000000, 0x000000070d000000| Untracked 
| 137|0x000000070d100000, 0x000000070d100000, 0x000000070d200000|  0%| F|  |TAMS 0x000000070d100000, 0x000000070d100000| Untracked 
| 138|0x000000070d200000, 0x000000070d200000, 0x000000070d300000|  0%| F|  |TAMS 0x000000070d200000, 0x000000070d200000| Untracked 
| 139|0x000000070d300000, 0x000000070d300000, 0x000000070d400000|  0%| F|  |TAMS 0x000000070d300000, 0x000000070d300000| Untracked 
| 140|0x000000070d400000, 0x000000070d400000, 0x000000070d500000|  0%| F|  |TAMS 0x000000070d400000, 0x000000070d400000| Untracked 
| 141|0x000000070d500000, 0x000000070d500000, 0x000000070d600000|  0%| F|  |TAMS 0x000000070d500000, 0x000000070d500000| Untracked 
| 142|0x000000070d600000, 0x000000070d600000, 0x000000070d700000|  0%| F|  |TAMS 0x000000070d600000, 0x000000070d600000| Untracked 
| 143|0x000000070d700000, 0x000000070d700000, 0x000000070d800000|  0%| F|  |TAMS 0x000000070d700000, 0x000000070d700000| Untracked 
| 144|0x000000070d800000, 0x000000070d800000, 0x000000070d900000|  0%| F|  |TAMS 0x000000070d800000, 0x000000070d800000| Untracked 
| 145|0x000000070d900000, 0x000000070d900000, 0x000000070da00000|  0%| F|  |TAMS 0x000000070d900000, 0x000000070d900000| Untracked 
| 146|0x000000070da00000, 0x000000070da00000, 0x000000070db00000|  0%| F|  |TAMS 0x000000070da00000, 0x000000070da00000| Untracked 
| 147|0x000000070db00000, 0x000000070db00000, 0x000000070dc00000|  0%| F|  |TAMS 0x000000070db00000, 0x000000070db00000| Untracked 
| 148|0x000000070dc00000, 0x000000070dc00000, 0x000000070dd00000|  0%| F|  |TAMS 0x000000070dc00000, 0x000000070dc00000| Untracked 
| 149|0x000000070dd00000, 0x000000070dd00000, 0x000000070de00000|  0%| F|  |TAMS 0x000000070dd00000, 0x000000070dd00000| Untracked 
| 150|0x000000070de00000, 0x000000070de00000, 0x000000070df00000|  0%| F|  |TAMS 0x000000070de00000, 0x000000070de00000| Untracked 
| 151|0x000000070df00000, 0x000000070df00000, 0x000000070e000000|  0%| F|  |TAMS 0x000000070df00000, 0x000000070df00000| Untracked 
| 152|0x000000070e000000, 0x000000070e000000, 0x000000070e100000|  0%| F|  |TAMS 0x000000070e000000, 0x000000070e000000| Untracked 
| 153|0x000000070e100000, 0x000000070e100000, 0x000000070e200000|  0%| F|  |TAMS 0x000000070e100000, 0x000000070e100000| Untracked 
| 154|0x000000070e200000, 0x000000070e200000, 0x000000070e300000|  0%| F|  |TAMS 0x000000070e200000, 0x000000070e200000| Untracked 
| 155|0x000000070e300000, 0x000000070e300000, 0x000000070e400000|  0%| F|  |TAMS 0x000000070e300000, 0x000000070e300000| Untracked 
| 156|0x000000070e400000, 0x000000070e400000, 0x000000070e500000|  0%| F|  |TAMS 0x000000070e400000, 0x000000070e400000| Untracked 
| 157|0x000000070e500000, 0x000000070e500000, 0x000000070e600000|  0%| F|  |TAMS 0x000000070e500000, 0x000000070e500000| Untracked 
| 158|0x000000070e600000, 0x000000070e600000, 0x000000070e700000|  0%| F|  |TAMS 0x000000070e600000, 0x000000070e600000| Untracked 
| 159|0x000000070e700000, 0x000000070e700000, 0x000000070e800000|  0%| F|  |TAMS 0x000000070e700000, 0x000000070e700000| Untracked 
| 160|0x000000070e800000, 0x000000070e800000, 0x000000070e900000|  0%| F|  |TAMS 0x000000070e800000, 0x000000070e800000| Untracked 
| 161|0x000000070e900000, 0x000000070e900000, 0x000000070ea00000|  0%| F|  |TAMS 0x000000070e900000, 0x000000070e900000| Untracked 
| 162|0x000000070ea00000, 0x000000070ea00000, 0x000000070eb00000|  0%| F|  |TAMS 0x000000070ea00000, 0x000000070ea00000| Untracked 
| 163|0x000000070eb00000, 0x000000070eb00000, 0x000000070ec00000|  0%| F|  |TAMS 0x000000070eb00000, 0x000000070eb00000| Untracked 
| 164|0x000000070ec00000, 0x000000070ec00000, 0x000000070ed00000|  0%| F|  |TAMS 0x000000070ec00000, 0x000000070ec00000| Untracked 
| 165|0x000000070ed00000, 0x000000070ed00000, 0x000000070ee00000|  0%| F|  |TAMS 0x000000070ed00000, 0x000000070ed00000| Untracked 
| 166|0x000000070ee00000, 0x000000070ee00000, 0x000000070ef00000|  0%| F|  |TAMS 0x000000070ee00000, 0x000000070ee00000| Untracked 
| 167|0x000000070ef00000, 0x000000070ef00000, 0x000000070f000000|  0%| F|  |TAMS 0x000000070ef00000, 0x000000070ef00000| Untracked 
| 168|0x000000070f000000, 0x000000070f000000, 0x000000070f100000|  0%| F|  |TAMS 0x000000070f000000, 0x000000070f000000| Untracked 
| 169|0x000000070f100000, 0x000000070f100000, 0x000000070f200000|  0%| F|  |TAMS 0x000000070f100000, 0x000000070f100000| Untracked 
| 170|0x000000070f200000, 0x000000070f200000, 0x000000070f300000|  0%| F|  |TAMS 0x000000070f200000, 0x000000070f200000| Untracked 
| 171|0x000000070f300000, 0x000000070f300000, 0x000000070f400000|  0%| F|  |TAMS 0x000000070f300000, 0x000000070f300000| Untracked 
| 172|0x000000070f400000, 0x000000070f400000, 0x000000070f500000|  0%| F|  |TAMS 0x000000070f400000, 0x000000070f400000| Untracked 
| 173|0x000000070f500000, 0x000000070f500000, 0x000000070f600000|  0%| F|  |TAMS 0x000000070f500000, 0x000000070f500000| Untracked 
| 174|0x000000070f600000, 0x000000070f600000, 0x000000070f700000|  0%| F|  |TAMS 0x000000070f600000, 0x000000070f600000| Untracked 
| 175|0x000000070f700000, 0x000000070f700000, 0x000000070f800000|  0%| F|  |TAMS 0x000000070f700000, 0x000000070f700000| Untracked 
| 176|0x000000070f800000, 0x000000070f800000, 0x000000070f900000|  0%| F|  |TAMS 0x000000070f800000, 0x000000070f800000| Untracked 
| 177|0x000000070f900000, 0x000000070f900000, 0x000000070fa00000|  0%| F|  |TAMS 0x000000070f900000, 0x000000070f900000| Untracked 
| 178|0x000000070fa00000, 0x000000070fa00000, 0x000000070fb00000|  0%| F|  |TAMS 0x000000070fa00000, 0x000000070fa00000| Untracked 
| 179|0x000000070fb00000, 0x000000070fb00000, 0x000000070fc00000|  0%| F|  |TAMS 0x000000070fb00000, 0x000000070fb00000| Untracked 
| 180|0x000000070fc00000, 0x000000070fc00000, 0x000000070fd00000|  0%| F|  |TAMS 0x000000070fc00000, 0x000000070fc00000| Untracked 
| 181|0x000000070fd00000, 0x000000070fd00000, 0x000000070fe00000|  0%| F|  |TAMS 0x000000070fd00000, 0x000000070fd00000| Untracked 
| 182|0x000000070fe00000, 0x000000070fe00000, 0x000000070ff00000|  0%| F|  |TAMS 0x000000070fe00000, 0x000000070fe00000| Untracked 
| 183|0x000000070ff00000, 0x000000070ff00000, 0x0000000710000000|  0%| F|  |TAMS 0x000000070ff00000, 0x000000070ff00000| Untracked 
| 184|0x0000000710000000, 0x0000000710000000, 0x0000000710100000|  0%| F|  |TAMS 0x0000000710000000, 0x0000000710000000| Untracked 
| 185|0x0000000710100000, 0x0000000710100000, 0x0000000710200000|  0%| F|  |TAMS 0x0000000710100000, 0x0000000710100000| Untracked 
| 186|0x0000000710200000, 0x0000000710200000, 0x0000000710300000|  0%| F|  |TAMS 0x0000000710200000, 0x0000000710200000| Untracked 
| 187|0x0000000710300000, 0x0000000710300000, 0x0000000710400000|  0%| F|  |TAMS 0x0000000710300000, 0x0000000710300000| Untracked 
| 188|0x0000000710400000, 0x0000000710400000, 0x0000000710500000|  0%| F|  |TAMS 0x0000000710400000, 0x0000000710400000| Untracked 
| 189|0x0000000710500000, 0x0000000710500000, 0x0000000710600000|  0%| F|  |TAMS 0x0000000710500000, 0x0000000710500000| Untracked 
| 190|0x0000000710600000, 0x0000000710600000, 0x0000000710700000|  0%| F|  |TAMS 0x0000000710600000, 0x0000000710600000| Untracked 
| 191|0x0000000710700000, 0x0000000710700000, 0x0000000710800000|  0%| F|  |TAMS 0x0000000710700000, 0x0000000710700000| Untracked 
| 192|0x0000000710800000, 0x0000000710800000, 0x0000000710900000|  0%| F|  |TAMS 0x0000000710800000, 0x0000000710800000| Untracked 
| 193|0x0000000710900000, 0x0000000710900000, 0x0000000710a00000|  0%| F|  |TAMS 0x0000000710900000, 0x0000000710900000| Untracked 
| 194|0x0000000710a00000, 0x0000000710a00000, 0x0000000710b00000|  0%| F|  |TAMS 0x0000000710a00000, 0x0000000710a00000| Untracked 
| 195|0x0000000710b00000, 0x0000000710b00000, 0x0000000710c00000|  0%| F|  |TAMS 0x0000000710b00000, 0x0000000710b00000| Untracked 
| 196|0x0000000710c00000, 0x0000000710c00000, 0x0000000710d00000|  0%| F|  |TAMS 0x0000000710c00000, 0x0000000710c00000| Untracked 
| 197|0x0000000710d00000, 0x0000000710d00000, 0x0000000710e00000|  0%| F|  |TAMS 0x0000000710d00000, 0x0000000710d00000| Untracked 
| 198|0x0000000710e00000, 0x0000000710e00000, 0x0000000710f00000|  0%| F|  |TAMS 0x0000000710e00000, 0x0000000710e00000| Untracked 
| 199|0x0000000710f00000, 0x0000000710f00000, 0x0000000711000000|  0%| F|  |TAMS 0x0000000710f00000, 0x0000000710f00000| Untracked 
| 200|0x0000000711000000, 0x0000000711000000, 0x0000000711100000|  0%| F|  |TAMS 0x0000000711000000, 0x0000000711000000| Untracked 
| 201|0x0000000711100000, 0x0000000711100000, 0x0000000711200000|  0%| F|  |TAMS 0x0000000711100000, 0x0000000711100000| Untracked 
| 202|0x0000000711200000, 0x0000000711200000, 0x0000000711300000|  0%| F|  |TAMS 0x0000000711200000, 0x0000000711200000| Untracked 
| 203|0x0000000711300000, 0x0000000711300000, 0x0000000711400000|  0%| F|  |TAMS 0x0000000711300000, 0x0000000711300000| Untracked 
| 204|0x0000000711400000, 0x0000000711400000, 0x0000000711500000|  0%| F|  |TAMS 0x0000000711400000, 0x0000000711400000| Untracked 
| 205|0x0000000711500000, 0x0000000711500000, 0x0000000711600000|  0%| F|  |TAMS 0x0000000711500000, 0x0000000711500000| Untracked 
| 206|0x0000000711600000, 0x0000000711600000, 0x0000000711700000|  0%| F|  |TAMS 0x0000000711600000, 0x0000000711600000| Untracked 
| 207|0x0000000711700000, 0x0000000711700000, 0x0000000711800000|  0%| F|  |TAMS 0x0000000711700000, 0x0000000711700000| Untracked 
| 208|0x0000000711800000, 0x0000000711800000, 0x0000000711900000|  0%| F|  |TAMS 0x0000000711800000, 0x0000000711800000| Untracked 
| 209|0x0000000711900000, 0x0000000711900000, 0x0000000711a00000|  0%| F|  |TAMS 0x0000000711900000, 0x0000000711900000| Untracked 
| 210|0x0000000711a00000, 0x0000000711a00000, 0x0000000711b00000|  0%| F|  |TAMS 0x0000000711a00000, 0x0000000711a00000| Untracked 
| 211|0x0000000711b00000, 0x0000000711b00000, 0x0000000711c00000|  0%| F|  |TAMS 0x0000000711b00000, 0x0000000711b00000| Untracked 
| 212|0x0000000711c00000, 0x0000000711c00000, 0x0000000711d00000|  0%| F|  |TAMS 0x0000000711c00000, 0x0000000711c00000| Untracked 
| 213|0x0000000711d00000, 0x0000000711d00000, 0x0000000711e00000|  0%| F|  |TAMS 0x0000000711d00000, 0x0000000711d00000| Untracked 
| 214|0x0000000711e00000, 0x0000000711e00000, 0x0000000711f00000|  0%| F|  |TAMS 0x0000000711e00000, 0x0000000711e00000| Untracked 
| 215|0x0000000711f00000, 0x0000000711f00000, 0x0000000712000000|  0%| F|  |TAMS 0x0000000711f00000, 0x0000000711f00000| Untracked 
| 216|0x0000000712000000, 0x0000000712000000, 0x0000000712100000|  0%| F|  |TAMS 0x0000000712000000, 0x0000000712000000| Untracked 
| 217|0x0000000712100000, 0x0000000712100000, 0x0000000712200000|  0%| F|  |TAMS 0x0000000712100000, 0x0000000712100000| Untracked 
| 218|0x0000000712200000, 0x0000000712200000, 0x0000000712300000|  0%| F|  |TAMS 0x0000000712200000, 0x0000000712200000| Untracked 
| 219|0x0000000712300000, 0x0000000712300000, 0x0000000712400000|  0%| F|  |TAMS 0x0000000712300000, 0x0000000712300000| Untracked 
| 220|0x0000000712400000, 0x0000000712400000, 0x0000000712500000|  0%| F|  |TAMS 0x0000000712400000, 0x0000000712400000| Untracked 
| 221|0x0000000712500000, 0x0000000712500000, 0x0000000712600000|  0%| F|  |TAMS 0x0000000712500000, 0x0000000712500000| Untracked 
| 222|0x0000000712600000, 0x0000000712600000, 0x0000000712700000|  0%| F|  |TAMS 0x0000000712600000, 0x0000000712600000| Untracked 
| 223|0x0000000712700000, 0x0000000712700000, 0x0000000712800000|  0%| F|  |TAMS 0x0000000712700000, 0x0000000712700000| Untracked 
| 224|0x0000000712800000, 0x0000000712800000, 0x0000000712900000|  0%| F|  |TAMS 0x0000000712800000, 0x0000000712800000| Untracked 
| 225|0x0000000712900000, 0x0000000712a00000, 0x0000000712a00000|100%| S|CS|TAMS 0x0000000712900000, 0x0000000712900000| Complete 
| 226|0x0000000712a00000, 0x0000000712b00000, 0x0000000712b00000|100%| S|CS|TAMS 0x0000000712a00000, 0x0000000712a00000| Complete 
| 227|0x0000000712b00000, 0x0000000712c00000, 0x0000000712c00000|100%| S|CS|TAMS 0x0000000712b00000, 0x0000000712b00000| Complete 
| 228|0x0000000712c00000, 0x0000000712c00000, 0x0000000712d00000|  0%| F|  |TAMS 0x0000000712c00000, 0x0000000712c00000| Untracked 
| 229|0x0000000712d00000, 0x0000000712d00000, 0x0000000712e00000|  0%| F|  |TAMS 0x0000000712d00000, 0x0000000712d00000| Untracked 
| 230|0x0000000712e00000, 0x0000000712e00000, 0x0000000712f00000|  0%| F|  |TAMS 0x0000000712e00000, 0x0000000712e00000| Untracked 
| 231|0x0000000712f00000, 0x0000000712f00000, 0x0000000713000000|  0%| F|  |TAMS 0x0000000712f00000, 0x0000000712f00000| Untracked 
| 232|0x0000000713000000, 0x0000000713000000, 0x0000000713100000|  0%| F|  |TAMS 0x0000000713000000, 0x0000000713000000| Untracked 
| 233|0x0000000713100000, 0x0000000713100000, 0x0000000713200000|  0%| F|  |TAMS 0x0000000713100000, 0x0000000713100000| Untracked 
| 234|0x0000000713200000, 0x0000000713200000, 0x0000000713300000|  0%| F|  |TAMS 0x0000000713200000, 0x0000000713200000| Untracked 
| 235|0x0000000713300000, 0x0000000713300000, 0x0000000713400000|  0%| F|  |TAMS 0x0000000713300000, 0x0000000713300000| Untracked 
| 236|0x0000000713400000, 0x0000000713400000, 0x0000000713500000|  0%| F|  |TAMS 0x0000000713400000, 0x0000000713400000| Untracked 
| 237|0x0000000713500000, 0x0000000713500000, 0x0000000713600000|  0%| F|  |TAMS 0x0000000713500000, 0x0000000713500000| Untracked 
| 238|0x0000000713600000, 0x0000000713600000, 0x0000000713700000|  0%| F|  |TAMS 0x0000000713600000, 0x0000000713600000| Untracked 
| 239|0x0000000713700000, 0x0000000713700000, 0x0000000713800000|  0%| F|  |TAMS 0x0000000713700000, 0x0000000713700000| Untracked 
| 240|0x0000000713800000, 0x0000000713800000, 0x0000000713900000|  0%| F|  |TAMS 0x0000000713800000, 0x0000000713800000| Untracked 
| 241|0x0000000713900000, 0x0000000713980800, 0x0000000713a00000| 50%| E|  |TAMS 0x0000000713900000, 0x0000000713900000| Complete 
| 242|0x0000000713a00000, 0x0000000713b00000, 0x0000000713b00000|100%| E|CS|TAMS 0x0000000713a00000, 0x0000000713a00000| Complete 
| 243|0x0000000713b00000, 0x0000000713c00000, 0x0000000713c00000|100%| E|CS|TAMS 0x0000000713b00000, 0x0000000713b00000| Complete 
| 244|0x0000000713c00000, 0x0000000713d00000, 0x0000000713d00000|100%| E|CS|TAMS 0x0000000713c00000, 0x0000000713c00000| Complete 
| 245|0x0000000713d00000, 0x0000000713e00000, 0x0000000713e00000|100%| E|CS|TAMS 0x0000000713d00000, 0x0000000713d00000| Complete 
| 246|0x0000000713e00000, 0x0000000713f00000, 0x0000000713f00000|100%| E|CS|TAMS 0x0000000713e00000, 0x0000000713e00000| Complete 
| 247|0x0000000713f00000, 0x0000000714000000, 0x0000000714000000|100%| E|CS|TAMS 0x0000000713f00000, 0x0000000713f00000| Complete 
| 248|0x0000000714000000, 0x0000000714100000, 0x0000000714100000|100%| E|CS|TAMS 0x0000000714000000, 0x0000000714000000| Complete 
| 249|0x0000000714100000, 0x0000000714200000, 0x0000000714200000|100%| E|CS|TAMS 0x0000000714100000, 0x0000000714100000| Complete 
| 250|0x0000000714200000, 0x0000000714300000, 0x0000000714300000|100%| E|CS|TAMS 0x0000000714200000, 0x0000000714200000| Complete 
| 251|0x0000000714300000, 0x0000000714400000, 0x0000000714400000|100%| E|CS|TAMS 0x0000000714300000, 0x0000000714300000| Complete 

Card table byte_map: [0x00000260f7ef0000,0x00000260f86d0000] _byte_map_base: 0x00000260f46cc000

Marking Bits (Prev, Next): (CMBitMap*) 0x00000260edd4ad78, (CMBitMap*) 0x00000260edd4adb0
 Prev Bits: [0x00000260f8eb0000, 0x00000260fcd90000)
 Next Bits: [0x000002608f000000, 0x0000026092ee0000)

Polling page: 0x00000260ebb70000

Metaspace:

Usage:
  Non-class:     17.45 MB capacity,    17.28 MB (>99%) used,   140.98 KB ( <1%) free+waste,    30.56 KB ( <1%) overhead. 
      Class:      1.98 MB capacity,     1.85 MB ( 93%) used,   128.37 KB (  6%) free+waste,    13.19 KB ( <1%) overhead. 
       Both:     19.44 MB capacity,    19.13 MB ( 98%) used,   269.34 KB (  1%) free+waste,    43.75 KB ( <1%) overhead. 

Virtual space:
  Non-class space:       18.00 MB reserved,      17.50 MB ( 97%) committed 
      Class space:        1.00 GB reserved,       2.00 MB ( <1%) committed 
             Both:        1.02 GB reserved,      19.50 MB (  2%) committed 

Chunk freelists:
   Non-Class:  49.00 KB
       Class:  16.00 KB
        Both:  65.00 KB

MaxMetaspaceSize: 17179869184.00 GB
CompressedClassSpaceSize: 1.00 GB
Initial GC threshold: 20.80 MB
Current GC threshold: 20.80 MB
CDS: off

CodeHeap 'non-profiled nmethods': size=118912Kb used=519Kb max_used=519Kb free=118392Kb
 bounds [0x0000026087be0000, 0x0000026087e50000, 0x000002608f000000]
CodeHeap 'profiled nmethods': size=118848Kb used=4198Kb max_used=4198Kb free=114650Kb
 bounds [0x00000260807d0000, 0x0000026080bf0000, 0x0000026087be0000]
CodeHeap 'non-nmethods': size=8000Kb used=3446Kb max_used=3458Kb free=4553Kb
 bounds [0x0000026080000000, 0x0000026080370000, 0x00000260807d0000]
 total_blobs=2379 nmethods=1916 adapters=371
 compilation: enabled
              stopped_count=0, restarted_count=0
 full_count=0

Compilation events (20 events):
Event: 1.237 Thread 0x0000026094c18000 nmethod 1875 0x0000026080bd7f10 code [0x0000026080bd8140, 0x0000026080bd88d8]
Event: 1.240 Thread 0x0000026094339800 nmethod 1874 0x0000026087c5c210 code [0x0000026087c5c3e0, 0x0000026087c5c778]
Event: 1.240 Thread 0x0000026094339800 1872       4       java.util.regex.ASCII::toLower (16 bytes)
Event: 1.240 Thread 0x0000026094339800 nmethod 1872 0x0000026087c5ca10 code [0x0000026087c5cba0, 0x0000026087c5cbf8]
Event: 1.240 Thread 0x0000026094339800 1871       4       java.util.HashMap::newNode (13 bytes)
Event: 1.241 Thread 0x0000026094339800 nmethod 1871 0x0000026087c5cd10 code [0x0000026087c5cea0, 0x0000026087c5d1b8]
Event: 1.270 Thread 0x0000026094c11000 1877       3       sun.security.util.AlgorithmDecomposer::decomposeImpl (128 bytes)
Event: 1.270 Thread 0x0000026094339800 1878       4       java.util.regex.Pattern$SliceI::match (96 bytes)
Event: 1.271 Thread 0x0000026094c11000 nmethod 1877 0x0000026080bd8b90 code [0x0000026080bd8e20, 0x0000026080bd9b08]
Event: 1.272 Thread 0x000002609435d000 1879  s    3       java.lang.Throwable::fillInStackTrace (29 bytes)
Event: 1.272 Thread 0x0000026094c10000 1881       3       sun.security.jca.Providers::getProviderList (14 bytes)
Event: 1.272 Thread 0x000002609435d000 nmethod 1879 0x0000026080bda090 code [0x0000026080bda260, 0x0000026080bda628]
Event: 1.272 Thread 0x0000026094c10000 nmethod 1881 0x0000026080bda710 code [0x0000026080bda8e0, 0x0000026080bdace8]
Event: 1.280 Thread 0x000002609435d000 1882       1       java.lang.reflect.Constructor::getDeclaringClass (5 bytes)
Event: 1.280 Thread 0x000002609435d000 nmethod 1882 0x0000026087c5d790 code [0x0000026087c5d940, 0x0000026087c5d9f8]
Event: 1.280 Thread 0x00000260ff74b000 1883       1       java.security.AlgorithmParameters::getAlgorithm (5 bytes)
Event: 1.280 Thread 0x00000260ff74b000 nmethod 1883 0x0000026087c5da90 code [0x0000026087c5dc40, 0x0000026087c5dcf8]
Event: 1.280 Thread 0x0000026094c18000 1887       3       java.util.LinkedList$ListItr::hasNext (20 bytes)
Event: 1.280 Thread 0x000002609569f800 1885       4       java.util.regex.Pattern$NotBehind::match (137 bytes)
Event: 1.281 Thread 0x0000026094c18000 nmethod 1887 0x0000026080bdae10 code [0x0000026080bdafc0, 0x0000026080bdb138]

GC Heap History (2 events):
Event: 0.751 GC heap before
{Heap before GC invocations=0 (full 0):
 garbage-first heap   total 258048K, used 24576K [0x0000000704800000, 0x0000000800000000)
  region size 1024K, 24 young (24576K), 0 survivors (0K)
 Metaspace       used 15437K, capacity 15755K, committed 16000K, reserved 1062912K
  class space    used 1444K, capacity 1592K, committed 1664K, reserved 1048576K
}
Event: 0.755 GC heap after
{Heap after GC invocations=1 (full 0):
 garbage-first heap   total 258048K, used 3986K [0x0000000704800000, 0x0000000800000000)
  region size 1024K, 3 young (3072K), 3 survivors (3072K)
 Metaspace       used 15437K, capacity 15755K, committed 16000K, reserved 1062912K
  class space    used 1444K, capacity 1592K, committed 1664K, reserved 1048576K
}

Deoptimization events (20 events):
Event: 1.231 Thread 0x00000260edce2800 DEOPT PACKING pc=0x0000026080aa83df sp=0x000000dba7bfc340
Event: 1.231 Thread 0x00000260edce2800 DEOPT UNPACKING pc=0x000002608004a95e sp=0x000000dba7bfb780 mode 0
Event: 1.231 Thread 0x00000260edce2800 DEOPT PACKING pc=0x0000026080aa83df sp=0x000000dba7bfc340
Event: 1.231 Thread 0x00000260edce2800 DEOPT UNPACKING pc=0x000002608004a95e sp=0x000000dba7bfb780 mode 0
Event: 1.231 Thread 0x00000260edce2800 DEOPT PACKING pc=0x0000026080aa83df sp=0x000000dba7bfc340
Event: 1.231 Thread 0x00000260edce2800 DEOPT UNPACKING pc=0x000002608004a95e sp=0x000000dba7bfb780 mode 0
Event: 1.231 Thread 0x00000260edce2800 DEOPT PACKING pc=0x0000026080aa83df sp=0x000000dba7bfc340
Event: 1.231 Thread 0x00000260edce2800 DEOPT UNPACKING pc=0x000002608004a95e sp=0x000000dba7bfb780 mode 0
Event: 1.231 Thread 0x00000260edce2800 DEOPT PACKING pc=0x0000026080aa83df sp=0x000000dba7bfc340
Event: 1.231 Thread 0x00000260edce2800 DEOPT UNPACKING pc=0x000002608004a95e sp=0x000000dba7bfb780 mode 0
Event: 1.231 Thread 0x00000260edce2800 DEOPT PACKING pc=0x0000026080aa83df sp=0x000000dba7bfc340
Event: 1.231 Thread 0x00000260edce2800 DEOPT UNPACKING pc=0x000002608004a95e sp=0x000000dba7bfb780 mode 0
Event: 1.232 Thread 0x00000260edce2800 Uncommon trap: trap_request=0xffffff4d fr.pc=0x0000026087c3f3e8 relative=0x0000000000000228
Event: 1.232 Thread 0x00000260edce2800 Uncommon trap: reason=unstable_if action=reinterpret pc=0x0000026087c3f3e8 method=java.util.HashMap.putVal(ILjava/lang/Object;Ljava/lang/Object;ZZ)Ljava/lang/Object; @ 162 c2
Event: 1.232 Thread 0x00000260edce2800 DEOPT PACKING pc=0x0000026087c3f3e8 sp=0x000000dba7bfc420
Event: 1.232 Thread 0x00000260edce2800 DEOPT UNPACKING pc=0x000002608004a1af sp=0x000000dba7bfc3b0 mode 2
Event: 1.235 Thread 0x00000260edce2800 Uncommon trap: trap_request=0xffffff4d fr.pc=0x0000026087c46f5c relative=0x00000000000002fc
Event: 1.235 Thread 0x00000260edce2800 Uncommon trap: reason=unstable_if action=reinterpret pc=0x0000026087c46f5c method=java.util.regex.Pattern$SliceI.match(Ljava/util/regex/Matcher;ILjava/lang/CharSequence;)Z @ 29 c2
Event: 1.235 Thread 0x00000260edce2800 DEOPT PACKING pc=0x0000026087c46f5c sp=0x000000dba7bfdde0
Event: 1.235 Thread 0x00000260edce2800 DEOPT UNPACKING pc=0x000002608004a1af sp=0x000000dba7bfdd78 mode 2

Classes redefined (0 events):
No events

Internal exceptions (20 events):
Event: 0.658 Thread 0x00000260edce2800 Exception <a 'sun/nio/fs/WindowsException'{0x0000000712e74a78}> (0x0000000712e74a78) thrown at [./src/hotspot/share/prims/jni.cpp, line 616]
Event: 0.660 Thread 0x00000260edce2800 Exception <a 'sun/nio/fs/WindowsException'{0x0000000712eafcd0}> (0x0000000712eafcd0) thrown at [./src/hotspot/share/prims/jni.cpp, line 616]
Event: 0.660 Thread 0x00000260edce2800 Exception <a 'sun/nio/fs/WindowsException'{0x0000000712eb95e0}> (0x0000000712eb95e0) thrown at [./src/hotspot/share/prims/jni.cpp, line 616]
Event: 0.660 Thread 0x00000260edce2800 Exception <a 'sun/nio/fs/WindowsException'{0x0000000712eb9a00}> (0x0000000712eb9a00) thrown at [./src/hotspot/share/prims/jni.cpp, line 616]
Event: 0.661 Thread 0x00000260edce2800 Exception <a 'sun/nio/fs/WindowsException'{0x0000000712ef4a10}> (0x0000000712ef4a10) thrown at [./src/hotspot/share/prims/jni.cpp, line 616]
Event: 0.662 Thread 0x00000260edce2800 Exception <a 'sun/nio/fs/WindowsException'{0x0000000712efe780}> (0x0000000712efe780) thrown at [./src/hotspot/share/prims/jni.cpp, line 616]
Event: 0.662 Thread 0x00000260edce2800 Exception <a 'sun/nio/fs/WindowsException'{0x0000000712efeb40}> (0x0000000712efeb40) thrown at [./src/hotspot/share/prims/jni.cpp, line 616]
Event: 0.662 Thread 0x00000260edce2800 Exception <a 'sun/nio/fs/WindowsException'{0x0000000712d03e38}> (0x0000000712d03e38) thrown at [./src/hotspot/share/prims/jni.cpp, line 616]
Event: 0.662 Thread 0x00000260edce2800 Exception <a 'sun/nio/fs/WindowsException'{0x0000000712d0b790}> (0x0000000712d0b790) thrown at [./src/hotspot/share/prims/jni.cpp, line 616]
Event: 0.662 Thread 0x00000260edce2800 Exception <a 'sun/nio/fs/WindowsException'{0x0000000712d0bb40}> (0x0000000712d0bb40) thrown at [./src/hotspot/share/prims/jni.cpp, line 616]
Event: 0.662 Thread 0x00000260edce2800 Exception <a 'sun/nio/fs/WindowsException'{0x0000000712d0c2a8}> (0x0000000712d0c2a8) thrown at [./src/hotspot/share/prims/jni.cpp, line 616]
Event: 0.662 Thread 0x00000260edce2800 Exception <a 'sun/nio/fs/WindowsException'{0x0000000712d0c818}> (0x0000000712d0c818) thrown at [./src/hotspot/share/prims/jni.cpp, line 616]
Event: 0.671 Thread 0x00000260edce2800 Exception <a 'java/lang/NoSuchMethodError'{0x0000000712d87d28}: 'int java.lang.invoke.DirectMethodHandle$Holder.invokeSpecialIFC(java.lang.Object, java.lang.Object, int)'> (0x0000000712d87d28) thrown at [./src/hotspot/share/interpreter/linkResolver.cpp, line 773]
Event: 0.727 Thread 0x00000260edce2800 Exception <a 'java/lang/NoSuchMethodError'{0x0000000712c941e0}: 'java.lang.Object java.lang.invoke.DirectMethodHandle$Holder.invokeStaticInit(java.lang.Object, int, int, int, int)'> (0x0000000712c941e0) thrown at [./src/hotspot/share/interpreter/linkResolver.cpp, line 773]
Event: 0.729 Thread 0x00000260edce2800 Exception <a 'sun/nio/fs/WindowsException'{0x0000000712c9a7d8}> (0x0000000712c9a7d8) thrown at [./src/hotspot/share/prims/jni.cpp, line 616]
Event: 0.740 Thread 0x00000260edce2800 Exception <a 'java/lang/NoSuchMethodError'{0x0000000712cb9450}: 'int java.lang.invoke.DirectMethodHandle$Holder.invokeStaticInit(java.lang.Object, java.lang.Object, java.lang.Object, java.lang.Object)'> (0x0000000712cb9450) thrown at [./src/hotspot/share/interpreter/linkResolver.cpp, line 773]
Event: 0.740 Thread 0x00000260edce2800 Exception <a 'java/lang/IncompatibleClassChangeError'{0x0000000712cc26c0}: Found class java.lang.Object, but interface was expected> (0x0000000712cc26c0) thrown at [./src/hotspot/share/interpreter/linkResolver.cpp, line 839]
Event: 0.741 Thread 0x00000260edce2800 Exception <a 'java/lang/NoSuchMethodError'{0x0000000712cc5470}: 'void java.lang.invoke.DirectMethodHandle$Holder.invokeStaticInit(java.lang.Object, java.lang.Object)'> (0x0000000712cc5470) thrown at [./src/hotspot/share/interpreter/linkResolver.cpp, line 773]
Event: 0.741 Thread 0x00000260edce2800 Exception <a 'java/lang/NoSuchMethodError'{0x0000000712cca880}: 'int java.lang.invoke.DirectMethodHandle$Holder.invokeStaticInit(java.lang.Object, java.lang.Object)'> (0x0000000712cca880) thrown at [./src/hotspot/share/interpreter/linkResolver.cpp, line 773]
Event: 1.098 Thread 0x00000260edce2800 Exception <a 'java/lang/NoSuchMethodError'{0x0000000713bb41e0}: 'java.lang.Object java.lang.invoke.DirectMethodHandle$Holder.invokeStaticInit(java.lang.Object, java.lang.Object, int, int, int, int)'> (0x0000000713bb41e0) thrown at [./src/hotspot/share/interpreter/linkResolver.cpp, line 773]

Events (20 events):
Event: 1.281 loading class sun/security/ssl/SSLKeyAgreement
Event: 1.281 loading class sun/security/ssl/SSLPossessionGenerator
Event: 1.281 loading class sun/security/ssl/SSLPossessionGenerator done
Event: 1.281 loading class sun/security/ssl/SSLKeyAgreement done
Event: 1.281 loading class sun/security/ssl/SSLKeyExchange$T13KeyAgreement done
Event: 1.281 loading class sun/security/ssl/SSLKeyExchange$T12KeyAgreement
Event: 1.281 loading class sun/security/ssl/SSLKeyExchange$T12KeyAgreement done
Event: 1.281 loading class sun/security/ssl/RSAKeyExchange
Event: 1.281 loading class sun/security/ssl/RSAKeyExchange done
Event: 1.281 loading class sun/security/ssl/RSAKeyExchange$EphemeralRSAPossessionGenerator
Event: 1.281 loading class sun/security/ssl/RSAKeyExchange$EphemeralRSAPossessionGenerator done
Event: 1.281 loading class sun/security/ssl/RSAKeyExchange$RSAKAGenerator
Event: 1.281 loading class sun/security/ssl/RSAKeyExchange$RSAKAGenerator done
Event: 1.281 loading class sun/security/ssl/DHKeyExchange
Event: 1.281 loading class sun/security/ssl/DHKeyExchange done
Event: 1.281 loading class sun/security/ssl/DHKeyExchange$DHEPossessionGenerator
Event: 1.282 loading class sun/security/ssl/DHKeyExchange$DHEPossessionGenerator done
Event: 1.282 loading class sun/security/ssl/DHKeyExchange$DHEKAGenerator
Event: 1.282 loading class sun/security/ssl/DHKeyExchange$DHEKAGenerator done
Event: 1.282 loading class sun/security/ssl/ECDHKeyExchange


Dynamic libraries:
0x00007ff70c0b0000 - 0x00007ff70c0bd000 	C:\Program Files\Unity\Hub\Editor\2022.3.10f1\Editor\Data\PlaybackEngines\AndroidPlayer\OpenJDK\bin\java.exe
0x00007fff744c0000 - 0x00007fff74729000 	C:\WINDOWS\SYSTEM32\ntdll.dll
0x00007fff72bc0000 - 0x00007fff72c89000 	C:\WINDOWS\System32\KERNEL32.DLL
0x00007fff71d40000 - 0x00007fff72133000 	C:\WINDOWS\System32\KERNELBASE.dll
0x00007fff71860000 - 0x00007fff719ab000 	C:\WINDOWS\System32\ucrtbase.dll
0x00007fff5a8d0000 - 0x00007fff5a8e7000 	C:\Program Files\Unity\Hub\Editor\2022.3.10f1\Editor\Data\PlaybackEngines\AndroidPlayer\OpenJDK\bin\jli.dll
0x00007fff72720000 - 0x00007fff728e4000 	C:\WINDOWS\System32\USER32.dll
0x00007fff71b30000 - 0x00007fff71b57000 	C:\WINDOWS\System32\win32u.dll
0x00007fff72a30000 - 0x00007fff72a5b000 	C:\WINDOWS\System32\GDI32.dll
0x00007fff71c10000 - 0x00007fff71d3d000 	C:\WINDOWS\System32\gdi32full.dll
0x00007fff71b60000 - 0x00007fff71c03000 	C:\WINDOWS\System32\msvcp_win.dll
0x00007fff59080000 - 0x00007fff59095000 	C:\Program Files\Unity\Hub\Editor\2022.3.10f1\Editor\Data\PlaybackEngines\AndroidPlayer\OpenJDK\bin\VCRUNTIME140.dll
0x00007fff70b00000 - 0x00007fff70d93000 	C:\WINDOWS\WinSxS\amd64_microsoft.windows.common-controls_6595b64144ccf1df_6.0.26100.5074_none_3e0d6f78e32fd63f\COMCTL32.dll
0x00007fff743d0000 - 0x00007fff74479000 	C:\WINDOWS\System32\msvcrt.dll
0x00007fff72470000 - 0x00007fff7249f000 	C:\WINDOWS\System32\IMM32.DLL
0x00007fff388c0000 - 0x00007fff38a1c000 	C:\Program Files (x86)\Citrix\ICA Client\ctxapclient64.dll
0x00007fff73d50000 - 0x00007fff740cb000 	C:\WINDOWS\System32\combase.dll
0x00007fff742b0000 - 0x00007fff743c8000 	C:\WINDOWS\System32\RPCRT4.dll
0x00007fff66130000 - 0x00007fff6613b000 	C:\WINDOWS\SYSTEM32\VERSION.dll
0x00007fff71540000 - 0x00007fff71566000 	C:\WINDOWS\SYSTEM32\bcrypt.dll
0x00007fff72cb0000 - 0x00007fff72d64000 	C:\WINDOWS\System32\ADVAPI32.dll
0x00007fff725b0000 - 0x00007fff72656000 	C:\WINDOWS\System32\sechost.dll
0x00007fff70e00000 - 0x00007fff70e36000 	C:\WINDOWS\SYSTEM32\ntmarta.dll
0x00007fff71650000 - 0x00007fff716e9000 	C:\WINDOWS\System32\bcryptprimitives.dll
0x00007fff44650000 - 0x00007fff446eb000 	C:\Program Files\Unity\Hub\Editor\2022.3.10f1\Editor\Data\PlaybackEngines\AndroidPlayer\OpenJDK\bin\msvcp140.dll
0x00007ffeeb4a0000 - 0x00007ffeec021000 	C:\Program Files\Unity\Hub\Editor\2022.3.10f1\Editor\Data\PlaybackEngines\AndroidPlayer\OpenJDK\bin\server\jvm.dll
0x00007fff728f0000 - 0x00007fff728f8000 	C:\WINDOWS\System32\PSAPI.DLL
0x00007fff42210000 - 0x00007fff4221a000 	C:\WINDOWS\SYSTEM32\WSOCK32.dll
0x00007fff72390000 - 0x00007fff72404000 	C:\WINDOWS\System32\WS2_32.dll
0x00007fff62a20000 - 0x00007fff62a55000 	C:\WINDOWS\SYSTEM32\WINMM.dll
0x00007fff6fb90000 - 0x00007fff6fbab000 	C:\WINDOWS\SYSTEM32\kernel.appcore.dll
0x00007fff6b670000 - 0x00007fff6b680000 	C:\Program Files\Unity\Hub\Editor\2022.3.10f1\Editor\Data\PlaybackEngines\AndroidPlayer\OpenJDK\bin\verify.dll
0x00007fff70f60000 - 0x00007fff711a2000 	C:\WINDOWS\SYSTEM32\DBGHELP.DLL
0x00007fff74150000 - 0x00007fff74227000 	C:\WINDOWS\System32\OLEAUT32.dll
0x00007fff70dc0000 - 0x00007fff70dfd000 	C:\WINDOWS\SYSTEM32\dbgcore.DLL
0x00007fff59050000 - 0x00007fff59078000 	C:\Program Files\Unity\Hub\Editor\2022.3.10f1\Editor\Data\PlaybackEngines\AndroidPlayer\OpenJDK\bin\java.dll
0x00007fff5bd40000 - 0x00007fff5bd4a000 	C:\Program Files\Unity\Hub\Editor\2022.3.10f1\Editor\Data\PlaybackEngines\AndroidPlayer\OpenJDK\bin\jimage.dll
0x00007fff58050000 - 0x00007fff58068000 	C:\Program Files\Unity\Hub\Editor\2022.3.10f1\Editor\Data\PlaybackEngines\AndroidPlayer\OpenJDK\bin\zip.dll
0x00007fff73450000 - 0x00007fff73b9d000 	C:\WINDOWS\System32\SHELL32.dll
0x00007fff716f0000 - 0x00007fff7185c000 	C:\WINDOWS\System32\wintypes.dll
0x00007fff6e820000 - 0x00007fff6f079000 	C:\WINDOWS\SYSTEM32\windows.storage.dll
0x0000026094590000 - 0x0000026094680000 	C:\WINDOWS\System32\SHCORE.dll
0x00007fff72540000 - 0x00007fff725a2000 	C:\WINDOWS\System32\shlwapi.dll
0x00007fff71570000 - 0x00007fff71599000 	C:\WINDOWS\SYSTEM32\profapi.dll
0x00007fff56a70000 - 0x00007fff56a89000 	C:\Program Files\Unity\Hub\Editor\2022.3.10f1\Editor\Data\PlaybackEngines\AndroidPlayer\OpenJDK\bin\net.dll
0x00007fff6a2f0000 - 0x00007fff6a40f000 	C:\WINDOWS\SYSTEM32\WINHTTP.dll
0x00007fff70110000 - 0x00007fff7017b000 	C:\WINDOWS\system32\mswsock.dll
0x00007fff56a50000 - 0x00007fff56a63000 	C:\Program Files\Unity\Hub\Editor\2022.3.10f1\Editor\Data\PlaybackEngines\AndroidPlayer\OpenJDK\bin\nio.dll
0x00007fff4b1c0000 - 0x00007fff4b1e5000 	C:\Program Files\Unity\Hub\Editor\2022.3.10f1\Editor\Data\PlaybackEngines\AndroidPlayer\OpenJDK\bin\sunec.dll
0x00007fff712b0000 - 0x00007fff712cb000 	C:\WINDOWS\SYSTEM32\CRYPTSP.dll
0x00007fff6fe40000 - 0x00007fff6fe7b000 	C:\WINDOWS\system32\rsaenh.dll
0x00007fff701e0000 - 0x00007fff7020b000 	C:\WINDOWS\SYSTEM32\USERENV.dll
0x00007fff70400000 - 0x00007fff7040c000 	C:\WINDOWS\SYSTEM32\CRYPTBASE.dll
0x00007fff6f660000 - 0x00007fff6f694000 	C:\WINDOWS\SYSTEM32\IPHLPAPI.DLL
0x00007fff72ca0000 - 0x00007fff72caa000 	C:\WINDOWS\System32\NSI.dll
0x00007fff6a500000 - 0x00007fff6a51e000 	C:\WINDOWS\SYSTEM32\dhcpcsvc6.DLL
0x00007fff6a4d0000 - 0x00007fff6a4f3000 	C:\WINDOWS\SYSTEM32\dhcpcsvc.DLL
0x00007fff6f740000 - 0x00007fff6f866000 	C:\WINDOWS\SYSTEM32\DNSAPI.dll
0x00007fff665c0000 - 0x00007fff665cb000 	C:\Windows\System32\rasadhlp.dll
0x00007fff6a720000 - 0x00007fff6a7a6000 	C:\WINDOWS\System32\fwpuclnt.dll
0x00007fff5a970000 - 0x00007fff5a97e000 	C:\Program Files\Unity\Hub\Editor\2022.3.10f1\Editor\Data\PlaybackEngines\AndroidPlayer\OpenJDK\bin\sunmscapi.dll
0x00007fff719b0000 - 0x00007fff71b27000 	C:\WINDOWS\System32\CRYPT32.dll
0x00007fff70700000 - 0x00007fff70730000 	C:\WINDOWS\SYSTEM32\ncrypt.dll
0x00007fff706b0000 - 0x00007fff706ef000 	C:\WINDOWS\SYSTEM32\NTASN1.dll

dbghelp: loaded successfully - version: 4.0.5 - missing functions: none
symbol engine: initialized successfully - sym options: 0x614 - pdb path: .;C:\Program Files\Unity\Hub\Editor\2022.3.10f1\Editor\Data\PlaybackEngines\AndroidPlayer\OpenJDK\bin;C:\WINDOWS\SYSTEM32;C:\WINDOWS\WinSxS\amd64_microsoft.windows.common-controls_6595b64144ccf1df_6.0.26100.5074_none_3e0d6f78e32fd63f;C:\Program Files (x86)\Citrix\ICA Client;C:\Program Files\Unity\Hub\Editor\2022.3.10f1\Editor\Data\PlaybackEngines\AndroidPlayer\OpenJDK\bin\server

VM Arguments:
jvm_args: -Dfile.encoding=UTF-8 -Dcom.android.sdklib.toolsdir=C:\Program Files\Unity\Hub\Editor\2022.3.10f1\Editor\Data\PlaybackEngines\AndroidPlayer\SDK\cmdline-tools\6.0\bin\\.. 
java_command: com.android.sdklib.tool.sdkmanager.SdkManagerCli --list
java_class_path (initial): C:\Program Files\Unity\Hub\Editor\2022.3.10f1\Editor\Data\PlaybackEngines\AndroidPlayer\SDK\cmdline-tools\6.0\bin\..\lib\sdkmanager-classpath.jar
Launcher Type: SUN_STANDARD

[Global flags]
     intx CICompilerCount                          = 15                                        {product} {ergonomic}
     uint ConcGCThreads                            = 6                                         {product} {ergonomic}
     uint G1ConcRefinementThreads                  = 23                                        {product} {ergonomic}
   size_t G1HeapRegionSize                         = 1048576                                   {product} {ergonomic}
    uintx GCDrainStackTargetSize                   = 64                                        {product} {ergonomic}
   size_t InitialHeapSize                          = 264241152                                 {product} {ergonomic}
   size_t MarkStackSize                            = 4194304                                   {product} {ergonomic}
   size_t MaxHeapSize                              = 4219469824                                {product} {ergonomic}
   size_t MaxNewSize                               = 2531262464                                {product} {ergonomic}
   size_t MinHeapDeltaBytes                        = 1048576                                   {product} {ergonomic}
    uintx NonNMethodCodeHeapSize                   = 8182140                                {pd product} {ergonomic}
    uintx NonProfiledCodeHeapSize                  = 121738050                              {pd product} {ergonomic}
    uintx ProfiledCodeHeapSize                     = 121738050                              {pd product} {ergonomic}
    uintx ReservedCodeCacheSize                    = 251658240                              {pd product} {ergonomic}
     bool SegmentedCodeCache                       = true                                      {product} {ergonomic}
     bool UseCompressedClassPointers               = true                                 {lp64_product} {ergonomic}
     bool UseCompressedOops                        = true                                 {lp64_product} {ergonomic}
     bool UseG1GC                                  = true                                      {product} {ergonomic}
     bool UseLargePagesIndividualAllocation        = false                                  {pd product} {ergonomic}

Logging:
Log output configuration:
 #0: stdout all=warning uptime,level,tags
 #1: stderr all=off uptime,level,tags

Environment Variables:
JAVA_HOME=C:\Program Files\Unity\Hub\Editor\2022.3.10f1\Editor\Data\PlaybackEngines\AndroidPlayer\OpenJDK
JAVA_TOOL_OPTIONS=-Dfile.encoding=UTF-8
CLASSPATH=C:\Program Files\Unity\Hub\Editor\2022.3.10f1\Editor\Data\PlaybackEngines\AndroidPlayer\SDK\cmdline-tools\6.0\bin\..\lib\sdkmanager-classpath.jar
PATH=C:\Program Files\Oculus\Support\oculus-runtime;C:\WINDOWS\system32;C:\WINDOWS;C:\WINDOWS\System32\Wbem;C:\WINDOWS\System32\WindowsPowerShell\v1.0\;C:\WINDOWS\System32\OpenSSH\;C:\Program Files\dotnet\;C:\Program Files (x86)\NVIDIA Corporation\PhysX\Common;C:\Program Files\NVIDIA Corporation\NVIDIA NvDLISR;C:\Program Files\Git\cmd;C:\Program Files\Docker\Docker\resources\bin;C:\Users\fredy\AppData\Roaming\nvm;C:\Program Files\nodejs;C:\Program Files\nodejs;C:\Users\fredy\AppData\Local\Programs\Python\Python311\Scripts\;C:\Users\fredy\AppData\Local\Programs\Python\Python311\;C:\Users\fredy\anaconda3;C:\Users\fredy\anaconda3\Library\mingw-w64\bin;C:\Users\fredy\anaconda3\Library\usr\bin;C:\Users\fredy\anaconda3\Library\bin;C:\Users\fredy\anaconda3\Scripts;C:\Users\fredy\AppData\Local\Programs\Python\Python313\Scripts\;C:\Users\fredy\AppData\Local\Programs\Python\Python313\;C:\Users\fredy\AppData\Local\Microsoft\WindowsApps;C:\Users\fredy\AppData\Roaming\nvm;C:\Program Files\nodejs;C:\Program Files\nodejs;C:\Users\fredy\AppData\Local\Programs\Microsoft VS Code\bin
USERNAME=fredy
OS=Windows_NT
PROCESSOR_IDENTIFIER=Intel64 Family 6 Model 183 Stepping 1, GenuineIntel



---------------  S Y S T E M  ---------------

OS: Windows 11 , 64 bit Build 26100 (10.0.26100.5074)
OS uptime: 0 days 0:12 hours
Hyper-V role detected

CPU:total 32 (initial active 32) (16 cores per cpu, 2 threads per core) family 6 model 183 stepping 1 microcode 0x11f, cmov, cx8, fxsr, mmx, sse, sse2, sse3, ssse3, sse4.1, sse4.2, popcnt, avx, avx2, aes, clmul, erms, 3dnowpref, lzcnt, ht, tsc, tscinvbit, bmi1, bmi2, adx, sha, fma

Memory: 4k page, system-wide physical 16088M (3571M free)
TotalPageFile size 36568M (AvailPageFile size 18111M)
current process WorkingSet (physical memory assigned to process): 105M, peak: 105M
current process commit charge ("private bytes"): 399M, peak: 399M

vm_info: OpenJDK 64-Bit Server VM (11.0.14.1+1) for windows-amd64 JRE (11.0.14.1+1), built on Feb  9 2022 01:48:27 by "" with unknown MS VC++:1916

END.
