#
# A fatal error has been detected by the Java Runtime Environment:
#
#  EXCEPTION_ACCESS_VIOLATION (0xc0000005) at pc=0x00007ffd7ed831b8, pid=21356, tid=2664
#
# JRE version: OpenJDK Runtime Environment Temurin-11.0.14.1+1 (11.0.14.1+1) (build 11.0.14.1+1)
# Java VM: OpenJDK 64-Bit Server VM Temurin-11.0.14.1+1 (11.0.14.1+1, mixed mode, tiered, compressed oops, g1 gc, windows-amd64)
# Problematic frame:
# V  [jvm.dll+0x5131b8]
#
# No core dump will be written. Minidumps are not enabled by default on client versions of Windows
#
# If you would like to submit a bug report, please visit:
#   https://github.com/adoptium/adoptium-support/issues
#

---------------  S U M M A R Y ------------

Command Line: -Dfile.encoding=UTF-8 -Dcom.android.sdklib.toolsdir=C:\Program Files\Unity\Hub\Editor\2022.3.10f1\Editor\Data\PlaybackEngines\AndroidPlayer\SDK\cmdline-tools\6.0\bin\\.. com.android.sdklib.tool.sdkmanager.SdkManagerCli --list

Host: Intel(R) Core(TM) i9-14900HX, 32 cores, 15G,  Windows 11 , 64 bit Build 26100 (10.0.26100.5074)
Time: Wed Sep 17 07:06:06 2025 SA Pacific Standard Time elapsed time: 1.421108 seconds (0d 0h 0m 1s)

---------------  T H R E A D  ---------------

Current thread (0x0000026a7db4c000):  JavaThread "C2 CompilerThread0" daemon [_thread_in_native, id=2664, stack(0x000000cf4bc00000,0x000000cf4bd00000)]


Current CompileTask:
C2:   1421 1846       4       java.util.regex.Pattern$NotBehind::match (137 bytes)

Stack: [0x000000cf4bc00000,0x000000cf4bd00000],  sp=0x000000cf4bcfb710,  free space=1005k
Native frames: (J=compiled Java code, j=interpreted, Vv=VM code, C=native code)
V  [jvm.dll+0x5131b8]
V  [jvm.dll+0x19e65e]
V  [jvm.dll+0x208d12]
V  [jvm.dll+0x207ded]
V  [jvm.dll+0x18a2c1]
V  [jvm.dll+0x217734]
V  [jvm.dll+0x21597b]
V  [jvm.dll+0x76d7c0]
V  [jvm.dll+0x766724]
V  [jvm.dll+0x61d3f6]
C  [ucrtbase.dll+0x37b0]
C  [KERNEL32.DLL+0x2e8d7]
C  [ntdll.dll+0x8d9c]


siginfo: EXCEPTION_ACCESS_VIOLATION (0xc0000005), reading address 0x000000007e3c0fff


Register to memory mapping:

RIP=0x00007ffd7ed831b8 jvm.dll
RAX=0x0000026a7e293f50 points into unknown readable memory: 0x0000026a7e3c4a18 | 18 4a 3c 7e 6a 02 00 00
RBX=0x000000007e3c0fbf is an unknown value
RCX=0x0000026a7e293dd0 points into unknown readable memory: 0x00007ffd7f077b38 | 38 7b 07 7f fd 7f 00 00
RDX=0x0 is NULL
RSP=0x000000cf4bcfb710 is pointing into the stack for thread: 0x0000026a7db4c000
RBP=0x0000000000000028 is an unknown value
RSI=0x0000026a7e3c4a80 points into unknown readable memory: 0x00007ffd7f0ed7e0 | e0 d7 0e 7f fd 7f 00 00
RDI=0x0 is NULL
R8 =0x0000026a7e2fc1c0 points into unknown readable memory: 0x000000000000000c | 0c 00 00 00 00 00 00 00
R9 =0x0 is NULL
R10=0x00007ffd7f31ba40 jvm.dll
R11=0x000000cf4bcfb708 is pointing into the stack for thread: 0x0000026a7db4c000
R12=0x000000000000000c is an unknown value
R13=0x0000026a7ec873f0 points into unknown readable memory: 0x000000000000000b | 0b 00 00 00 00 00 00 00
R14=0x000000000000000b is an unknown value
R15=0x0000026a7e293d18 points into unknown readable memory: 0x00007ffd7f0a5af8 | f8 5a 0a 7f fd 7f 00 00


Registers:
RAX=0x0000026a7e293f50, RBX=0x000000007e3c0fbf, RCX=0x0000026a7e293dd0, RDX=0x0000000000000000
RSP=0x000000cf4bcfb710, RBP=0x0000000000000028, RSI=0x0000026a7e3c4a80, RDI=0x0000000000000000
R8 =0x0000026a7e2fc1c0, R9 =0x0000000000000000, R10=0x00007ffd7f31ba40, R11=0x000000cf4bcfb708
R12=0x000000000000000c, R13=0x0000026a7ec873f0, R14=0x000000000000000b, R15=0x0000026a7e293d18
RIP=0x00007ffd7ed831b8, EFLAGS=0x0000000000010202

Top of Stack: (sp=0x000000cf4bcfb710)
0x000000cf4bcfb710:   000000cf4bcfb910 000000cf4bcfb910
0x000000cf4bcfb720:   000000cf4bcfb910 000000cf4bcfb760
0x000000cf4bcfb730:   0000026a7ec83bd0 0000026a7db37b40
0x000000cf4bcfb740:   0000026a7ec80680 0000000000041780
0x000000cf4bcfb750:   0000026a7ec82e10 0000026a7ec88668
0x000000cf4bcfb760:   00007ffd7f174cc8 0000026a7db37b40
0x000000cf4bcfb770:   0000000000000002 0000026a7ec86bc0
0x000000cf4bcfb780:   0000026a7efaaa10 0000026a7eccadb0
0x000000cf4bcfb790:   00000000000003d8 0000026a7eccada0
0x000000cf4bcfb7a0:   0000026a7eccb188 0000000000000000
0x000000cf4bcfb7b0:   000000cf4bcfbd38 000000cf4bcfb8d0
0x000000cf4bcfb7c0:   000000cf4bcfbc50 00007ffd7ea0e65e
0x000000cf4bcfb7d0:   000000cf0000004f 000000cf0000000d
0x000000cf4bcfb7e0:   0000026a7ec873f0 0000026a7e3c4a80
0x000000cf4bcfb7f0:   00000000deadbe00 00007ffe781e895f
0x000000cf4bcfb800:   0000000000000006 0000026a7eccada0 

Instructions: (pc=0x00007ffd7ed831b8)
0x00007ffd7ed830b8:   0f 86 b4 01 00 00 66 90 45 8d 67 ff 44 3b 66 18
0x00007ffd7ed830c8:   73 0a 48 8b 46 20 4e 8b 3c e0 eb 03 45 33 ff 41
0x00007ffd7ed830d8:   8b 47 2c 83 e0 0f 3c 0c 0f 84 81 01 00 00 48 8b
0x00007ffd7ed830e8:   43 48 49 63 57 28 48 8b 48 18 8b 3c 91 85 ff 74
0x00007ffd7ed830f8:   58 49 8b 45 08 8b cf 48 c1 e9 08 8b f7 4c 8b 04
0x00007ffd7ed83108:   c8 4d 3b c2 75 14 8b d7 49 8b cd e8 08 b5 e4 ff
0x00007ffd7ed83118:   4c 8b c0 4c 8d 15 1e 89 59 00 48 c1 ee 05 8b cf
0x00007ffd7ed83128:   83 e6 07 83 e1 1f ba 01 00 00 00 d3 e2 41 8b 0c
0x00007ffd7ed83138:   b0 8b c1 0b c2 41 89 04 b0 48 8b b4 24 d8 00 00
0x00007ffd7ed83148:   00 85 ca 75 04 41 ff 45 00 49 8b 46 08 48 8b d7
0x00007ffd7ed83158:   48 c1 ea 08 4c 8b cf 49 c1 e9 05 83 e7 1f 41 83
0x00007ffd7ed83168:   e1 07 40 0f b6 cf 4c 8b 04 d0 ba 01 00 00 00 d3
0x00007ffd7ed83178:   e2 8b c2 f7 d0 43 8b 0c 88 23 c1 43 89 04 88 85
0x00007ffd7ed83188:   ca 74 03 41 ff 0e 41 8b 47 18 83 f8 01 0f 86 b5
0x00007ffd7ed83198:   00 00 00 4c 8b ac 24 d0 00 00 00 44 8d 70 ff bd
0x00007ffd7ed831a8:   08 00 00 00 0f 1f 40 00 49 8b 47 08 48 8b 0c 28
0x00007ffd7ed831b8:   48 8b 43 40 8b 51 28 48 8b 48 78 48 39 34 d1 74
0x00007ffd7ed831c8:   6c 48 8b 43 48 48 63 d2 48 8b 48 18 8b 3c 91 85
0x00007ffd7ed831d8:   ff 74 5a 49 8b 45 08 8b d7 48 c1 ea 08 8b f7 4c
0x00007ffd7ed831e8:   8b 04 d0 4d 3b c2 75 14 8b d7 49 8b cd e8 26 b4
0x00007ffd7ed831f8:   e4 ff 4c 8b c0 4c 8d 15 3c 88 59 00 48 c1 ee 05
0x00007ffd7ed83208:   83 e7 1f 83 e6 07 40 0f b6 cf ba 01 00 00 00 d3
0x00007ffd7ed83218:   e2 41 8b 0c b0 8b c1 0b c2 41 89 04 b0 48 8b b4
0x00007ffd7ed83228:   24 d8 00 00 00 85 ca 75 04 41 ff 45 00 48 83 c5
0x00007ffd7ed83238:   08 49 83 ee 01 0f 85 6d ff ff ff 4c 8b 6c 24 20
0x00007ffd7ed83248:   4c 8b b4 24 d0 00 00 00 44 89 a4 24 c8 00 00 00
0x00007ffd7ed83258:   45 8b fc 41 83 fc 01 0f 87 5b fe ff ff eb 08 44
0x00007ffd7ed83268:   8b bc 24 c8 00 00 00 45 33 e4 41 8b ef 45 85 ff
0x00007ffd7ed83278:   0f 84 ca 00 00 00 66 90 ff cd 3b 6e 18 73 0a 48
0x00007ffd7ed83288:   8b 46 20 48 8b 14 e8 eb 03 49 8b d4 48 8b 43 48
0x00007ffd7ed83298:   48 63 52 28 48 8b 48 18 8b 3c 91 85 ff 74 5c 49
0x00007ffd7ed832a8:   8b 45 08 8b cf 48 c1 e9 08 8b f7 4c 8b 0c c8 4d 


Stack slot to memory mapping:
stack at sp + 0 slots: 0x000000cf4bcfb910 is pointing into the stack for thread: 0x0000026a7db4c000
stack at sp + 1 slots: 0x000000cf4bcfb910 is pointing into the stack for thread: 0x0000026a7db4c000
stack at sp + 2 slots: 0x000000cf4bcfb910 is pointing into the stack for thread: 0x0000026a7db4c000
stack at sp + 3 slots: 0x000000cf4bcfb760 is pointing into the stack for thread: 0x0000026a7db4c000
stack at sp + 4 slots: 0x0000026a7ec83bd0 points into unknown readable memory: 0x0000016500000003 | 03 00 00 00 65 01 00 00
stack at sp + 5 slots: 0x0000026a7db37b40 points into unknown readable memory: 0x1504366400000006 | 06 00 00 00 64 36 04 15
stack at sp + 6 slots: 0x0000026a7ec80680 points into unknown readable memory: 0x0000000000000000 | 00 00 00 00 00 00 00 00
stack at sp + 7 slots: 0x0000000000041780 is an unknown value


---------------  P R O C E S S  ---------------

Threads class SMR info:
_java_thread_list=0x0000026a7ef785b0, length=15, elements={
0x0000026a574e1800, 0x0000026a7dad3800, 0x0000026a7dad5000, 0x0000026a7db34800,
0x0000026a7db35800, 0x0000026a7db38800, 0x0000026a7db4c000, 0x0000026a7db4f800,
0x0000026a7db78000, 0x0000026a7dcb6000, 0x0000026a7dcfb000, 0x0000026a7e329800,
0x0000026a7e32a000, 0x0000026a7e497000, 0x0000026a7ef65800
}

Java Threads: ( => current thread )
  0x0000026a574e1800 JavaThread "main" [_thread_in_native, id=33772, stack(0x000000cf4af00000,0x000000cf4b000000)]
  0x0000026a7dad3800 JavaThread "Reference Handler" daemon [_thread_blocked, id=33760, stack(0x000000cf4b700000,0x000000cf4b800000)]
  0x0000026a7dad5000 JavaThread "Finalizer" daemon [_thread_blocked, id=33540, stack(0x000000cf4b800000,0x000000cf4b900000)]
  0x0000026a7db34800 JavaThread "Signal Dispatcher" daemon [_thread_blocked, id=32880, stack(0x000000cf4b900000,0x000000cf4ba00000)]
  0x0000026a7db35800 JavaThread "Attach Listener" daemon [_thread_blocked, id=30420, stack(0x000000cf4ba00000,0x000000cf4bb00000)]
  0x0000026a7db38800 JavaThread "Service Thread" daemon [_thread_blocked, id=32932, stack(0x000000cf4bb00000,0x000000cf4bc00000)]
=>0x0000026a7db4c000 JavaThread "C2 CompilerThread0" daemon [_thread_in_native, id=2664, stack(0x000000cf4bc00000,0x000000cf4bd00000)]
  0x0000026a7db4f800 JavaThread "C1 CompilerThread0" daemon [_thread_blocked, id=2420, stack(0x000000cf4bd00000,0x000000cf4be00000)]
  0x0000026a7db78000 JavaThread "Sweeper thread" daemon [_thread_blocked, id=28744, stack(0x000000cf4be00000,0x000000cf4bf00000)]
  0x0000026a7dcb6000 JavaThread "C1 CompilerThread1" daemon [_thread_blocked, id=22908, stack(0x000000cf4bf00000,0x000000cf4c000000)]
  0x0000026a7dcfb000 JavaThread "Common-Cleaner" daemon [_thread_blocked, id=5408, stack(0x000000cf4c100000,0x000000cf4c200000)]
  0x0000026a7e329800 JavaThread "C1 CompilerThread2" daemon [_thread_blocked, id=34320, stack(0x000000cf4c300000,0x000000cf4c400000)]
  0x0000026a7e32a000 JavaThread "C1 CompilerThread3" daemon [_thread_blocked, id=29208, stack(0x000000cf4c400000,0x000000cf4c500000)]
  0x0000026a7e497000 JavaThread "C1 CompilerThread4" daemon [_thread_blocked, id=7112, stack(0x000000cf4c500000,0x000000cf4c600000)]
  0x0000026a7ef65800 JavaThread "C2 CompilerThread1" daemon [_thread_blocked, id=34304, stack(0x000000cf4c200000,0x000000cf4c300000)]

Other Threads:
  0x0000026a7daaf000 VMThread "VM Thread" [stack: 0x000000cf4b600000,0x000000cf4b700000] [id=24292]
  0x0000026a7dcec000 WatcherThread [stack: 0x000000cf4c000000,0x000000cf4c100000] [id=5040]
  0x0000026a574fd000 GCTaskThread "GC Thread#0" [stack: 0x000000cf4b100000,0x000000cf4b200000] [id=34388]
  0x0000026a7efe0000 GCTaskThread "GC Thread#1" [stack: 0x000000cf4c800000,0x000000cf4c900000] [id=31704]
  0x0000026a7ee87800 GCTaskThread "GC Thread#2" [stack: 0x000000cf4c900000,0x000000cf4ca00000] [id=15804]
  0x0000026a7ee88000 GCTaskThread "GC Thread#3" [stack: 0x000000cf4ca00000,0x000000cf4cb00000] [id=5488]
  0x0000026a7ee89000 GCTaskThread "GC Thread#4" [stack: 0x000000cf4cb00000,0x000000cf4cc00000] [id=15372]
  0x0000026a7db47800 GCTaskThread "GC Thread#5" [stack: 0x000000cf4cc00000,0x000000cf4cd00000] [id=30076]
  0x0000026a5755c000 ConcurrentGCThread "G1 Main Marker" [stack: 0x000000cf4b200000,0x000000cf4b300000] [id=29108]
  0x0000026a57564000 ConcurrentGCThread "G1 Conc#0" [stack: 0x000000cf4b300000,0x000000cf4b400000] [id=21716]
  0x0000026a5755a800 ConcurrentGCThread "G1 Refine#0" [stack: 0x000000cf4b400000,0x000000cf4b500000] [id=29588]
  0x0000026a7ba85000 ConcurrentGCThread "G1 Young RemSet Sampling" [stack: 0x000000cf4b500000,0x000000cf4b600000] [id=24808]

Threads with active compile tasks:
C2 CompilerThread0   1451 1846       4       java.util.regex.Pattern$NotBehind::match (137 bytes)

VM state:not at safepoint (normal execution)

VM Mutex/Monitor currently owned by a thread: None

Heap address: 0x0000000704800000, size: 4024 MB, Compressed Oops mode: Zero based, Oop shift amount: 3
Narrow klass base: 0x0000000800000000, Narrow klass shift: 0
Compressed class space size: 1073741824 Address: 0x0000000800000000

Heap:
 garbage-first heap   total 258048K, used 13382K [0x0000000704800000, 0x0000000800000000)
  region size 1024K, 13 young (13312K), 3 survivors (3072K)
 Metaspace       used 19570K, capacity 19839K, committed 19968K, reserved 1067008K
  class space    used 1891K, capacity 2032K, committed 2048K, reserved 1048576K
Heap Regions: E=young(eden), S=young(survivor), O=old, HS=humongous(starts), HC=humongous(continues), CS=collection set, F=free, A=archive, TAMS=top-at-mark-start (previous, next)
|   0|0x0000000704800000, 0x0000000704800000, 0x0000000704900000|  0%| F|  |TAMS 0x0000000704800000, 0x0000000704800000| Untracked 
|   1|0x0000000704900000, 0x0000000704a00000, 0x0000000704a00000|100%| O|  |TAMS 0x0000000704900000, 0x0000000704900000| Untracked 
|   2|0x0000000704a00000, 0x0000000704a11a00, 0x0000000704b00000|  6%| O|  |TAMS 0x0000000704a00000, 0x0000000704a00000| Untracked 
|   3|0x0000000704b00000, 0x0000000704b00000, 0x0000000704c00000|  0%| F|  |TAMS 0x0000000704b00000, 0x0000000704b00000| Untracked 
|   4|0x0000000704c00000, 0x0000000704c00000, 0x0000000704d00000|  0%| F|  |TAMS 0x0000000704c00000, 0x0000000704c00000| Untracked 
|   5|0x0000000704d00000, 0x0000000704d00000, 0x0000000704e00000|  0%| F|  |TAMS 0x0000000704d00000, 0x0000000704d00000| Untracked 
|   6|0x0000000704e00000, 0x0000000704e00000, 0x0000000704f00000|  0%| F|  |TAMS 0x0000000704e00000, 0x0000000704e00000| Untracked 
|   7|0x0000000704f00000, 0x0000000704f00000, 0x0000000705000000|  0%| F|  |TAMS 0x0000000704f00000, 0x0000000704f00000| Untracked 
|   8|0x0000000705000000, 0x0000000705000000, 0x0000000705100000|  0%| F|  |TAMS 0x0000000705000000, 0x0000000705000000| Untracked 
|   9|0x0000000705100000, 0x0000000705100000, 0x0000000705200000|  0%| F|  |TAMS 0x0000000705100000, 0x0000000705100000| Untracked 
|  10|0x0000000705200000, 0x0000000705200000, 0x0000000705300000|  0%| F|  |TAMS 0x0000000705200000, 0x0000000705200000| Untracked 
|  11|0x0000000705300000, 0x0000000705300000, 0x0000000705400000|  0%| F|  |TAMS 0x0000000705300000, 0x0000000705300000| Untracked 
|  12|0x0000000705400000, 0x0000000705400000, 0x0000000705500000|  0%| F|  |TAMS 0x0000000705400000, 0x0000000705400000| Untracked 
|  13|0x0000000705500000, 0x0000000705500000, 0x0000000705600000|  0%| F|  |TAMS 0x0000000705500000, 0x0000000705500000| Untracked 
|  14|0x0000000705600000, 0x0000000705600000, 0x0000000705700000|  0%| F|  |TAMS 0x0000000705600000, 0x0000000705600000| Untracked 
|  15|0x0000000705700000, 0x0000000705700000, 0x0000000705800000|  0%| F|  |TAMS 0x0000000705700000, 0x0000000705700000| Untracked 
|  16|0x0000000705800000, 0x0000000705800000, 0x0000000705900000|  0%| F|  |TAMS 0x0000000705800000, 0x0000000705800000| Untracked 
|  17|0x0000000705900000, 0x0000000705900000, 0x0000000705a00000|  0%| F|  |TAMS 0x0000000705900000, 0x0000000705900000| Untracked 
|  18|0x0000000705a00000, 0x0000000705a00000, 0x0000000705b00000|  0%| F|  |TAMS 0x0000000705a00000, 0x0000000705a00000| Untracked 
|  19|0x0000000705b00000, 0x0000000705b00000, 0x0000000705c00000|  0%| F|  |TAMS 0x0000000705b00000, 0x0000000705b00000| Untracked 
|  20|0x0000000705c00000, 0x0000000705c00000, 0x0000000705d00000|  0%| F|  |TAMS 0x0000000705c00000, 0x0000000705c00000| Untracked 
|  21|0x0000000705d00000, 0x0000000705d00000, 0x0000000705e00000|  0%| F|  |TAMS 0x0000000705d00000, 0x0000000705d00000| Untracked 
|  22|0x0000000705e00000, 0x0000000705e00000, 0x0000000705f00000|  0%| F|  |TAMS 0x0000000705e00000, 0x0000000705e00000| Untracked 
|  23|0x0000000705f00000, 0x0000000705f00000, 0x0000000706000000|  0%| F|  |TAMS 0x0000000705f00000, 0x0000000705f00000| Untracked 
|  24|0x0000000706000000, 0x0000000706000000, 0x0000000706100000|  0%| F|  |TAMS 0x0000000706000000, 0x0000000706000000| Untracked 
|  25|0x0000000706100000, 0x0000000706100000, 0x0000000706200000|  0%| F|  |TAMS 0x0000000706100000, 0x0000000706100000| Untracked 
|  26|0x0000000706200000, 0x0000000706200000, 0x0000000706300000|  0%| F|  |TAMS 0x0000000706200000, 0x0000000706200000| Untracked 
|  27|0x0000000706300000, 0x0000000706300000, 0x0000000706400000|  0%| F|  |TAMS 0x0000000706300000, 0x0000000706300000| Untracked 
|  28|0x0000000706400000, 0x0000000706400000, 0x0000000706500000|  0%| F|  |TAMS 0x0000000706400000, 0x0000000706400000| Untracked 
|  29|0x0000000706500000, 0x0000000706500000, 0x0000000706600000|  0%| F|  |TAMS 0x0000000706500000, 0x0000000706500000| Untracked 
|  30|0x0000000706600000, 0x0000000706600000, 0x0000000706700000|  0%| F|  |TAMS 0x0000000706600000, 0x0000000706600000| Untracked 
|  31|0x0000000706700000, 0x0000000706700000, 0x0000000706800000|  0%| F|  |TAMS 0x0000000706700000, 0x0000000706700000| Untracked 
|  32|0x0000000706800000, 0x0000000706800000, 0x0000000706900000|  0%| F|  |TAMS 0x0000000706800000, 0x0000000706800000| Untracked 
|  33|0x0000000706900000, 0x0000000706900000, 0x0000000706a00000|  0%| F|  |TAMS 0x0000000706900000, 0x0000000706900000| Untracked 
|  34|0x0000000706a00000, 0x0000000706a00000, 0x0000000706b00000|  0%| F|  |TAMS 0x0000000706a00000, 0x0000000706a00000| Untracked 
|  35|0x0000000706b00000, 0x0000000706b00000, 0x0000000706c00000|  0%| F|  |TAMS 0x0000000706b00000, 0x0000000706b00000| Untracked 
|  36|0x0000000706c00000, 0x0000000706c00000, 0x0000000706d00000|  0%| F|  |TAMS 0x0000000706c00000, 0x0000000706c00000| Untracked 
|  37|0x0000000706d00000, 0x0000000706d00000, 0x0000000706e00000|  0%| F|  |TAMS 0x0000000706d00000, 0x0000000706d00000| Untracked 
|  38|0x0000000706e00000, 0x0000000706e00000, 0x0000000706f00000|  0%| F|  |TAMS 0x0000000706e00000, 0x0000000706e00000| Untracked 
|  39|0x0000000706f00000, 0x0000000706f00000, 0x0000000707000000|  0%| F|  |TAMS 0x0000000706f00000, 0x0000000706f00000| Untracked 
|  40|0x0000000707000000, 0x0000000707000000, 0x0000000707100000|  0%| F|  |TAMS 0x0000000707000000, 0x0000000707000000| Untracked 
|  41|0x0000000707100000, 0x0000000707100000, 0x0000000707200000|  0%| F|  |TAMS 0x0000000707100000, 0x0000000707100000| Untracked 
|  42|0x0000000707200000, 0x0000000707200000, 0x0000000707300000|  0%| F|  |TAMS 0x0000000707200000, 0x0000000707200000| Untracked 
|  43|0x0000000707300000, 0x0000000707300000, 0x0000000707400000|  0%| F|  |TAMS 0x0000000707300000, 0x0000000707300000| Untracked 
|  44|0x0000000707400000, 0x0000000707400000, 0x0000000707500000|  0%| F|  |TAMS 0x0000000707400000, 0x0000000707400000| Untracked 
|  45|0x0000000707500000, 0x0000000707500000, 0x0000000707600000|  0%| F|  |TAMS 0x0000000707500000, 0x0000000707500000| Untracked 
|  46|0x0000000707600000, 0x0000000707600000, 0x0000000707700000|  0%| F|  |TAMS 0x0000000707600000, 0x0000000707600000| Untracked 
|  47|0x0000000707700000, 0x0000000707700000, 0x0000000707800000|  0%| F|  |TAMS 0x0000000707700000, 0x0000000707700000| Untracked 
|  48|0x0000000707800000, 0x0000000707800000, 0x0000000707900000|  0%| F|  |TAMS 0x0000000707800000, 0x0000000707800000| Untracked 
|  49|0x0000000707900000, 0x0000000707900000, 0x0000000707a00000|  0%| F|  |TAMS 0x0000000707900000, 0x0000000707900000| Untracked 
|  50|0x0000000707a00000, 0x0000000707a00000, 0x0000000707b00000|  0%| F|  |TAMS 0x0000000707a00000, 0x0000000707a00000| Untracked 
|  51|0x0000000707b00000, 0x0000000707b00000, 0x0000000707c00000|  0%| F|  |TAMS 0x0000000707b00000, 0x0000000707b00000| Untracked 
|  52|0x0000000707c00000, 0x0000000707c00000, 0x0000000707d00000|  0%| F|  |TAMS 0x0000000707c00000, 0x0000000707c00000| Untracked 
|  53|0x0000000707d00000, 0x0000000707d00000, 0x0000000707e00000|  0%| F|  |TAMS 0x0000000707d00000, 0x0000000707d00000| Untracked 
|  54|0x0000000707e00000, 0x0000000707e00000, 0x0000000707f00000|  0%| F|  |TAMS 0x0000000707e00000, 0x0000000707e00000| Untracked 
|  55|0x0000000707f00000, 0x0000000707f00000, 0x0000000708000000|  0%| F|  |TAMS 0x0000000707f00000, 0x0000000707f00000| Untracked 
|  56|0x0000000708000000, 0x0000000708000000, 0x0000000708100000|  0%| F|  |TAMS 0x0000000708000000, 0x0000000708000000| Untracked 
|  57|0x0000000708100000, 0x0000000708100000, 0x0000000708200000|  0%| F|  |TAMS 0x0000000708100000, 0x0000000708100000| Untracked 
|  58|0x0000000708200000, 0x0000000708200000, 0x0000000708300000|  0%| F|  |TAMS 0x0000000708200000, 0x0000000708200000| Untracked 
|  59|0x0000000708300000, 0x0000000708300000, 0x0000000708400000|  0%| F|  |TAMS 0x0000000708300000, 0x0000000708300000| Untracked 
|  60|0x0000000708400000, 0x0000000708400000, 0x0000000708500000|  0%| F|  |TAMS 0x0000000708400000, 0x0000000708400000| Untracked 
|  61|0x0000000708500000, 0x0000000708500000, 0x0000000708600000|  0%| F|  |TAMS 0x0000000708500000, 0x0000000708500000| Untracked 
|  62|0x0000000708600000, 0x0000000708600000, 0x0000000708700000|  0%| F|  |TAMS 0x0000000708600000, 0x0000000708600000| Untracked 
|  63|0x0000000708700000, 0x0000000708700000, 0x0000000708800000|  0%| F|  |TAMS 0x0000000708700000, 0x0000000708700000| Untracked 
|  64|0x0000000708800000, 0x0000000708800000, 0x0000000708900000|  0%| F|  |TAMS 0x0000000708800000, 0x0000000708800000| Untracked 
|  65|0x0000000708900000, 0x0000000708900000, 0x0000000708a00000|  0%| F|  |TAMS 0x0000000708900000, 0x0000000708900000| Untracked 
|  66|0x0000000708a00000, 0x0000000708a00000, 0x0000000708b00000|  0%| F|  |TAMS 0x0000000708a00000, 0x0000000708a00000| Untracked 
|  67|0x0000000708b00000, 0x0000000708b00000, 0x0000000708c00000|  0%| F|  |TAMS 0x0000000708b00000, 0x0000000708b00000| Untracked 
|  68|0x0000000708c00000, 0x0000000708c00000, 0x0000000708d00000|  0%| F|  |TAMS 0x0000000708c00000, 0x0000000708c00000| Untracked 
|  69|0x0000000708d00000, 0x0000000708d00000, 0x0000000708e00000|  0%| F|  |TAMS 0x0000000708d00000, 0x0000000708d00000| Untracked 
|  70|0x0000000708e00000, 0x0000000708e00000, 0x0000000708f00000|  0%| F|  |TAMS 0x0000000708e00000, 0x0000000708e00000| Untracked 
|  71|0x0000000708f00000, 0x0000000708f00000, 0x0000000709000000|  0%| F|  |TAMS 0x0000000708f00000, 0x0000000708f00000| Untracked 
|  72|0x0000000709000000, 0x0000000709000000, 0x0000000709100000|  0%| F|  |TAMS 0x0000000709000000, 0x0000000709000000| Untracked 
|  73|0x0000000709100000, 0x0000000709100000, 0x0000000709200000|  0%| F|  |TAMS 0x0000000709100000, 0x0000000709100000| Untracked 
|  74|0x0000000709200000, 0x0000000709200000, 0x0000000709300000|  0%| F|  |TAMS 0x0000000709200000, 0x0000000709200000| Untracked 
|  75|0x0000000709300000, 0x0000000709300000, 0x0000000709400000|  0%| F|  |TAMS 0x0000000709300000, 0x0000000709300000| Untracked 
|  76|0x0000000709400000, 0x0000000709400000, 0x0000000709500000|  0%| F|  |TAMS 0x0000000709400000, 0x0000000709400000| Untracked 
|  77|0x0000000709500000, 0x0000000709500000, 0x0000000709600000|  0%| F|  |TAMS 0x0000000709500000, 0x0000000709500000| Untracked 
|  78|0x0000000709600000, 0x0000000709600000, 0x0000000709700000|  0%| F|  |TAMS 0x0000000709600000, 0x0000000709600000| Untracked 
|  79|0x0000000709700000, 0x0000000709700000, 0x0000000709800000|  0%| F|  |TAMS 0x0000000709700000, 0x0000000709700000| Untracked 
|  80|0x0000000709800000, 0x0000000709800000, 0x0000000709900000|  0%| F|  |TAMS 0x0000000709800000, 0x0000000709800000| Untracked 
|  81|0x0000000709900000, 0x0000000709900000, 0x0000000709a00000|  0%| F|  |TAMS 0x0000000709900000, 0x0000000709900000| Untracked 
|  82|0x0000000709a00000, 0x0000000709a00000, 0x0000000709b00000|  0%| F|  |TAMS 0x0000000709a00000, 0x0000000709a00000| Untracked 
|  83|0x0000000709b00000, 0x0000000709b00000, 0x0000000709c00000|  0%| F|  |TAMS 0x0000000709b00000, 0x0000000709b00000| Untracked 
|  84|0x0000000709c00000, 0x0000000709c00000, 0x0000000709d00000|  0%| F|  |TAMS 0x0000000709c00000, 0x0000000709c00000| Untracked 
|  85|0x0000000709d00000, 0x0000000709d00000, 0x0000000709e00000|  0%| F|  |TAMS 0x0000000709d00000, 0x0000000709d00000| Untracked 
|  86|0x0000000709e00000, 0x0000000709e00000, 0x0000000709f00000|  0%| F|  |TAMS 0x0000000709e00000, 0x0000000709e00000| Untracked 
|  87|0x0000000709f00000, 0x0000000709f00000, 0x000000070a000000|  0%| F|  |TAMS 0x0000000709f00000, 0x0000000709f00000| Untracked 
|  88|0x000000070a000000, 0x000000070a000000, 0x000000070a100000|  0%| F|  |TAMS 0x000000070a000000, 0x000000070a000000| Untracked 
|  89|0x000000070a100000, 0x000000070a100000, 0x000000070a200000|  0%| F|  |TAMS 0x000000070a100000, 0x000000070a100000| Untracked 
|  90|0x000000070a200000, 0x000000070a200000, 0x000000070a300000|  0%| F|  |TAMS 0x000000070a200000, 0x000000070a200000| Untracked 
|  91|0x000000070a300000, 0x000000070a300000, 0x000000070a400000|  0%| F|  |TAMS 0x000000070a300000, 0x000000070a300000| Untracked 
|  92|0x000000070a400000, 0x000000070a400000, 0x000000070a500000|  0%| F|  |TAMS 0x000000070a400000, 0x000000070a400000| Untracked 
|  93|0x000000070a500000, 0x000000070a500000, 0x000000070a600000|  0%| F|  |TAMS 0x000000070a500000, 0x000000070a500000| Untracked 
|  94|0x000000070a600000, 0x000000070a600000, 0x000000070a700000|  0%| F|  |TAMS 0x000000070a600000, 0x000000070a600000| Untracked 
|  95|0x000000070a700000, 0x000000070a700000, 0x000000070a800000|  0%| F|  |TAMS 0x000000070a700000, 0x000000070a700000| Untracked 
|  96|0x000000070a800000, 0x000000070a800000, 0x000000070a900000|  0%| F|  |TAMS 0x000000070a800000, 0x000000070a800000| Untracked 
|  97|0x000000070a900000, 0x000000070a900000, 0x000000070aa00000|  0%| F|  |TAMS 0x000000070a900000, 0x000000070a900000| Untracked 
|  98|0x000000070aa00000, 0x000000070aa00000, 0x000000070ab00000|  0%| F|  |TAMS 0x000000070aa00000, 0x000000070aa00000| Untracked 
|  99|0x000000070ab00000, 0x000000070ab00000, 0x000000070ac00000|  0%| F|  |TAMS 0x000000070ab00000, 0x000000070ab00000| Untracked 
| 100|0x000000070ac00000, 0x000000070ac00000, 0x000000070ad00000|  0%| F|  |TAMS 0x000000070ac00000, 0x000000070ac00000| Untracked 
| 101|0x000000070ad00000, 0x000000070ad00000, 0x000000070ae00000|  0%| F|  |TAMS 0x000000070ad00000, 0x000000070ad00000| Untracked 
| 102|0x000000070ae00000, 0x000000070ae00000, 0x000000070af00000|  0%| F|  |TAMS 0x000000070ae00000, 0x000000070ae00000| Untracked 
| 103|0x000000070af00000, 0x000000070af00000, 0x000000070b000000|  0%| F|  |TAMS 0x000000070af00000, 0x000000070af00000| Untracked 
| 104|0x000000070b000000, 0x000000070b000000, 0x000000070b100000|  0%| F|  |TAMS 0x000000070b000000, 0x000000070b000000| Untracked 
| 105|0x000000070b100000, 0x000000070b100000, 0x000000070b200000|  0%| F|  |TAMS 0x000000070b100000, 0x000000070b100000| Untracked 
| 106|0x000000070b200000, 0x000000070b200000, 0x000000070b300000|  0%| F|  |TAMS 0x000000070b200000, 0x000000070b200000| Untracked 
| 107|0x000000070b300000, 0x000000070b300000, 0x000000070b400000|  0%| F|  |TAMS 0x000000070b300000, 0x000000070b300000| Untracked 
| 108|0x000000070b400000, 0x000000070b400000, 0x000000070b500000|  0%| F|  |TAMS 0x000000070b400000, 0x000000070b400000| Untracked 
| 109|0x000000070b500000, 0x000000070b500000, 0x000000070b600000|  0%| F|  |TAMS 0x000000070b500000, 0x000000070b500000| Untracked 
| 110|0x000000070b600000, 0x000000070b600000, 0x000000070b700000|  0%| F|  |TAMS 0x000000070b600000, 0x000000070b600000| Untracked 
| 111|0x000000070b700000, 0x000000070b700000, 0x000000070b800000|  0%| F|  |TAMS 0x000000070b700000, 0x000000070b700000| Untracked 
| 112|0x000000070b800000, 0x000000070b800000, 0x000000070b900000|  0%| F|  |TAMS 0x000000070b800000, 0x000000070b800000| Untracked 
| 113|0x000000070b900000, 0x000000070b900000, 0x000000070ba00000|  0%| F|  |TAMS 0x000000070b900000, 0x000000070b900000| Untracked 
| 114|0x000000070ba00000, 0x000000070ba00000, 0x000000070bb00000|  0%| F|  |TAMS 0x000000070ba00000, 0x000000070ba00000| Untracked 
| 115|0x000000070bb00000, 0x000000070bb00000, 0x000000070bc00000|  0%| F|  |TAMS 0x000000070bb00000, 0x000000070bb00000| Untracked 
| 116|0x000000070bc00000, 0x000000070bc00000, 0x000000070bd00000|  0%| F|  |TAMS 0x000000070bc00000, 0x000000070bc00000| Untracked 
| 117|0x000000070bd00000, 0x000000070bd00000, 0x000000070be00000|  0%| F|  |TAMS 0x000000070bd00000, 0x000000070bd00000| Untracked 
| 118|0x000000070be00000, 0x000000070be00000, 0x000000070bf00000|  0%| F|  |TAMS 0x000000070be00000, 0x000000070be00000| Untracked 
| 119|0x000000070bf00000, 0x000000070bf00000, 0x000000070c000000|  0%| F|  |TAMS 0x000000070bf00000, 0x000000070bf00000| Untracked 
| 120|0x000000070c000000, 0x000000070c000000, 0x000000070c100000|  0%| F|  |TAMS 0x000000070c000000, 0x000000070c000000| Untracked 
| 121|0x000000070c100000, 0x000000070c100000, 0x000000070c200000|  0%| F|  |TAMS 0x000000070c100000, 0x000000070c100000| Untracked 
| 122|0x000000070c200000, 0x000000070c200000, 0x000000070c300000|  0%| F|  |TAMS 0x000000070c200000, 0x000000070c200000| Untracked 
| 123|0x000000070c300000, 0x000000070c300000, 0x000000070c400000|  0%| F|  |TAMS 0x000000070c300000, 0x000000070c300000| Untracked 
| 124|0x000000070c400000, 0x000000070c400000, 0x000000070c500000|  0%| F|  |TAMS 0x000000070c400000, 0x000000070c400000| Untracked 
| 125|0x000000070c500000, 0x000000070c500000, 0x000000070c600000|  0%| F|  |TAMS 0x000000070c500000, 0x000000070c500000| Untracked 
| 126|0x000000070c600000, 0x000000070c600000, 0x000000070c700000|  0%| F|  |TAMS 0x000000070c600000, 0x000000070c600000| Untracked 
| 127|0x000000070c700000, 0x000000070c700000, 0x000000070c800000|  0%| F|  |TAMS 0x000000070c700000, 0x000000070c700000| Untracked 
| 128|0x000000070c800000, 0x000000070c800000, 0x000000070c900000|  0%| F|  |TAMS 0x000000070c800000, 0x000000070c800000| Untracked 
| 129|0x000000070c900000, 0x000000070c900000, 0x000000070ca00000|  0%| F|  |TAMS 0x000000070c900000, 0x000000070c900000| Untracked 
| 130|0x000000070ca00000, 0x000000070ca00000, 0x000000070cb00000|  0%| F|  |TAMS 0x000000070ca00000, 0x000000070ca00000| Untracked 
| 131|0x000000070cb00000, 0x000000070cb00000, 0x000000070cc00000|  0%| F|  |TAMS 0x000000070cb00000, 0x000000070cb00000| Untracked 
| 132|0x000000070cc00000, 0x000000070cc00000, 0x000000070cd00000|  0%| F|  |TAMS 0x000000070cc00000, 0x000000070cc00000| Untracked 
| 133|0x000000070cd00000, 0x000000070cd00000, 0x000000070ce00000|  0%| F|  |TAMS 0x000000070cd00000, 0x000000070cd00000| Untracked 
| 134|0x000000070ce00000, 0x000000070ce00000, 0x000000070cf00000|  0%| F|  |TAMS 0x000000070ce00000, 0x000000070ce00000| Untracked 
| 135|0x000000070cf00000, 0x000000070cf00000, 0x000000070d000000|  0%| F|  |TAMS 0x000000070cf00000, 0x000000070cf00000| Untracked 
| 136|0x000000070d000000, 0x000000070d000000, 0x000000070d100000|  0%| F|  |TAMS 0x000000070d000000, 0x000000070d000000| Untracked 
| 137|0x000000070d100000, 0x000000070d100000, 0x000000070d200000|  0%| F|  |TAMS 0x000000070d100000, 0x000000070d100000| Untracked 
| 138|0x000000070d200000, 0x000000070d200000, 0x000000070d300000|  0%| F|  |TAMS 0x000000070d200000, 0x000000070d200000| Untracked 
| 139|0x000000070d300000, 0x000000070d300000, 0x000000070d400000|  0%| F|  |TAMS 0x000000070d300000, 0x000000070d300000| Untracked 
| 140|0x000000070d400000, 0x000000070d400000, 0x000000070d500000|  0%| F|  |TAMS 0x000000070d400000, 0x000000070d400000| Untracked 
| 141|0x000000070d500000, 0x000000070d500000, 0x000000070d600000|  0%| F|  |TAMS 0x000000070d500000, 0x000000070d500000| Untracked 
| 142|0x000000070d600000, 0x000000070d600000, 0x000000070d700000|  0%| F|  |TAMS 0x000000070d600000, 0x000000070d600000| Untracked 
| 143|0x000000070d700000, 0x000000070d700000, 0x000000070d800000|  0%| F|  |TAMS 0x000000070d700000, 0x000000070d700000| Untracked 
| 144|0x000000070d800000, 0x000000070d800000, 0x000000070d900000|  0%| F|  |TAMS 0x000000070d800000, 0x000000070d800000| Untracked 
| 145|0x000000070d900000, 0x000000070d900000, 0x000000070da00000|  0%| F|  |TAMS 0x000000070d900000, 0x000000070d900000| Untracked 
| 146|0x000000070da00000, 0x000000070da00000, 0x000000070db00000|  0%| F|  |TAMS 0x000000070da00000, 0x000000070da00000| Untracked 
| 147|0x000000070db00000, 0x000000070db00000, 0x000000070dc00000|  0%| F|  |TAMS 0x000000070db00000, 0x000000070db00000| Untracked 
| 148|0x000000070dc00000, 0x000000070dc00000, 0x000000070dd00000|  0%| F|  |TAMS 0x000000070dc00000, 0x000000070dc00000| Untracked 
| 149|0x000000070dd00000, 0x000000070dd00000, 0x000000070de00000|  0%| F|  |TAMS 0x000000070dd00000, 0x000000070dd00000| Untracked 
| 150|0x000000070de00000, 0x000000070de00000, 0x000000070df00000|  0%| F|  |TAMS 0x000000070de00000, 0x000000070de00000| Untracked 
| 151|0x000000070df00000, 0x000000070df00000, 0x000000070e000000|  0%| F|  |TAMS 0x000000070df00000, 0x000000070df00000| Untracked 
| 152|0x000000070e000000, 0x000000070e000000, 0x000000070e100000|  0%| F|  |TAMS 0x000000070e000000, 0x000000070e000000| Untracked 
| 153|0x000000070e100000, 0x000000070e100000, 0x000000070e200000|  0%| F|  |TAMS 0x000000070e100000, 0x000000070e100000| Untracked 
| 154|0x000000070e200000, 0x000000070e200000, 0x000000070e300000|  0%| F|  |TAMS 0x000000070e200000, 0x000000070e200000| Untracked 
| 155|0x000000070e300000, 0x000000070e300000, 0x000000070e400000|  0%| F|  |TAMS 0x000000070e300000, 0x000000070e300000| Untracked 
| 156|0x000000070e400000, 0x000000070e400000, 0x000000070e500000|  0%| F|  |TAMS 0x000000070e400000, 0x000000070e400000| Untracked 
| 157|0x000000070e500000, 0x000000070e500000, 0x000000070e600000|  0%| F|  |TAMS 0x000000070e500000, 0x000000070e500000| Untracked 
| 158|0x000000070e600000, 0x000000070e600000, 0x000000070e700000|  0%| F|  |TAMS 0x000000070e600000, 0x000000070e600000| Untracked 
| 159|0x000000070e700000, 0x000000070e700000, 0x000000070e800000|  0%| F|  |TAMS 0x000000070e700000, 0x000000070e700000| Untracked 
| 160|0x000000070e800000, 0x000000070e800000, 0x000000070e900000|  0%| F|  |TAMS 0x000000070e800000, 0x000000070e800000| Untracked 
| 161|0x000000070e900000, 0x000000070e900000, 0x000000070ea00000|  0%| F|  |TAMS 0x000000070e900000, 0x000000070e900000| Untracked 
| 162|0x000000070ea00000, 0x000000070ea00000, 0x000000070eb00000|  0%| F|  |TAMS 0x000000070ea00000, 0x000000070ea00000| Untracked 
| 163|0x000000070eb00000, 0x000000070eb00000, 0x000000070ec00000|  0%| F|  |TAMS 0x000000070eb00000, 0x000000070eb00000| Untracked 
| 164|0x000000070ec00000, 0x000000070ec00000, 0x000000070ed00000|  0%| F|  |TAMS 0x000000070ec00000, 0x000000070ec00000| Untracked 
| 165|0x000000070ed00000, 0x000000070ed00000, 0x000000070ee00000|  0%| F|  |TAMS 0x000000070ed00000, 0x000000070ed00000| Untracked 
| 166|0x000000070ee00000, 0x000000070ee00000, 0x000000070ef00000|  0%| F|  |TAMS 0x000000070ee00000, 0x000000070ee00000| Untracked 
| 167|0x000000070ef00000, 0x000000070ef00000, 0x000000070f000000|  0%| F|  |TAMS 0x000000070ef00000, 0x000000070ef00000| Untracked 
| 168|0x000000070f000000, 0x000000070f000000, 0x000000070f100000|  0%| F|  |TAMS 0x000000070f000000, 0x000000070f000000| Untracked 
| 169|0x000000070f100000, 0x000000070f100000, 0x000000070f200000|  0%| F|  |TAMS 0x000000070f100000, 0x000000070f100000| Untracked 
| 170|0x000000070f200000, 0x000000070f200000, 0x000000070f300000|  0%| F|  |TAMS 0x000000070f200000, 0x000000070f200000| Untracked 
| 171|0x000000070f300000, 0x000000070f300000, 0x000000070f400000|  0%| F|  |TAMS 0x000000070f300000, 0x000000070f300000| Untracked 
| 172|0x000000070f400000, 0x000000070f400000, 0x000000070f500000|  0%| F|  |TAMS 0x000000070f400000, 0x000000070f400000| Untracked 
| 173|0x000000070f500000, 0x000000070f500000, 0x000000070f600000|  0%| F|  |TAMS 0x000000070f500000, 0x000000070f500000| Untracked 
| 174|0x000000070f600000, 0x000000070f600000, 0x000000070f700000|  0%| F|  |TAMS 0x000000070f600000, 0x000000070f600000| Untracked 
| 175|0x000000070f700000, 0x000000070f700000, 0x000000070f800000|  0%| F|  |TAMS 0x000000070f700000, 0x000000070f700000| Untracked 
| 176|0x000000070f800000, 0x000000070f800000, 0x000000070f900000|  0%| F|  |TAMS 0x000000070f800000, 0x000000070f800000| Untracked 
| 177|0x000000070f900000, 0x000000070f900000, 0x000000070fa00000|  0%| F|  |TAMS 0x000000070f900000, 0x000000070f900000| Untracked 
| 178|0x000000070fa00000, 0x000000070fa00000, 0x000000070fb00000|  0%| F|  |TAMS 0x000000070fa00000, 0x000000070fa00000| Untracked 
| 179|0x000000070fb00000, 0x000000070fb00000, 0x000000070fc00000|  0%| F|  |TAMS 0x000000070fb00000, 0x000000070fb00000| Untracked 
| 180|0x000000070fc00000, 0x000000070fc00000, 0x000000070fd00000|  0%| F|  |TAMS 0x000000070fc00000, 0x000000070fc00000| Untracked 
| 181|0x000000070fd00000, 0x000000070fd00000, 0x000000070fe00000|  0%| F|  |TAMS 0x000000070fd00000, 0x000000070fd00000| Untracked 
| 182|0x000000070fe00000, 0x000000070fe00000, 0x000000070ff00000|  0%| F|  |TAMS 0x000000070fe00000, 0x000000070fe00000| Untracked 
| 183|0x000000070ff00000, 0x000000070ff00000, 0x0000000710000000|  0%| F|  |TAMS 0x000000070ff00000, 0x000000070ff00000| Untracked 
| 184|0x0000000710000000, 0x0000000710000000, 0x0000000710100000|  0%| F|  |TAMS 0x0000000710000000, 0x0000000710000000| Untracked 
| 185|0x0000000710100000, 0x0000000710100000, 0x0000000710200000|  0%| F|  |TAMS 0x0000000710100000, 0x0000000710100000| Untracked 
| 186|0x0000000710200000, 0x0000000710200000, 0x0000000710300000|  0%| F|  |TAMS 0x0000000710200000, 0x0000000710200000| Untracked 
| 187|0x0000000710300000, 0x0000000710300000, 0x0000000710400000|  0%| F|  |TAMS 0x0000000710300000, 0x0000000710300000| Untracked 
| 188|0x0000000710400000, 0x0000000710400000, 0x0000000710500000|  0%| F|  |TAMS 0x0000000710400000, 0x0000000710400000| Untracked 
| 189|0x0000000710500000, 0x0000000710500000, 0x0000000710600000|  0%| F|  |TAMS 0x0000000710500000, 0x0000000710500000| Untracked 
| 190|0x0000000710600000, 0x0000000710600000, 0x0000000710700000|  0%| F|  |TAMS 0x0000000710600000, 0x0000000710600000| Untracked 
| 191|0x0000000710700000, 0x0000000710700000, 0x0000000710800000|  0%| F|  |TAMS 0x0000000710700000, 0x0000000710700000| Untracked 
| 192|0x0000000710800000, 0x0000000710800000, 0x0000000710900000|  0%| F|  |TAMS 0x0000000710800000, 0x0000000710800000| Untracked 
| 193|0x0000000710900000, 0x0000000710900000, 0x0000000710a00000|  0%| F|  |TAMS 0x0000000710900000, 0x0000000710900000| Untracked 
| 194|0x0000000710a00000, 0x0000000710a00000, 0x0000000710b00000|  0%| F|  |TAMS 0x0000000710a00000, 0x0000000710a00000| Untracked 
| 195|0x0000000710b00000, 0x0000000710b00000, 0x0000000710c00000|  0%| F|  |TAMS 0x0000000710b00000, 0x0000000710b00000| Untracked 
| 196|0x0000000710c00000, 0x0000000710c00000, 0x0000000710d00000|  0%| F|  |TAMS 0x0000000710c00000, 0x0000000710c00000| Untracked 
| 197|0x0000000710d00000, 0x0000000710d00000, 0x0000000710e00000|  0%| F|  |TAMS 0x0000000710d00000, 0x0000000710d00000| Untracked 
| 198|0x0000000710e00000, 0x0000000710e00000, 0x0000000710f00000|  0%| F|  |TAMS 0x0000000710e00000, 0x0000000710e00000| Untracked 
| 199|0x0000000710f00000, 0x0000000710f00000, 0x0000000711000000|  0%| F|  |TAMS 0x0000000710f00000, 0x0000000710f00000| Untracked 
| 200|0x0000000711000000, 0x0000000711000000, 0x0000000711100000|  0%| F|  |TAMS 0x0000000711000000, 0x0000000711000000| Untracked 
| 201|0x0000000711100000, 0x0000000711100000, 0x0000000711200000|  0%| F|  |TAMS 0x0000000711100000, 0x0000000711100000| Untracked 
| 202|0x0000000711200000, 0x0000000711200000, 0x0000000711300000|  0%| F|  |TAMS 0x0000000711200000, 0x0000000711200000| Untracked 
| 203|0x0000000711300000, 0x0000000711300000, 0x0000000711400000|  0%| F|  |TAMS 0x0000000711300000, 0x0000000711300000| Untracked 
| 204|0x0000000711400000, 0x0000000711400000, 0x0000000711500000|  0%| F|  |TAMS 0x0000000711400000, 0x0000000711400000| Untracked 
| 205|0x0000000711500000, 0x0000000711500000, 0x0000000711600000|  0%| F|  |TAMS 0x0000000711500000, 0x0000000711500000| Untracked 
| 206|0x0000000711600000, 0x0000000711600000, 0x0000000711700000|  0%| F|  |TAMS 0x0000000711600000, 0x0000000711600000| Untracked 
| 207|0x0000000711700000, 0x0000000711700000, 0x0000000711800000|  0%| F|  |TAMS 0x0000000711700000, 0x0000000711700000| Untracked 
| 208|0x0000000711800000, 0x0000000711800000, 0x0000000711900000|  0%| F|  |TAMS 0x0000000711800000, 0x0000000711800000| Untracked 
| 209|0x0000000711900000, 0x0000000711900000, 0x0000000711a00000|  0%| F|  |TAMS 0x0000000711900000, 0x0000000711900000| Untracked 
| 210|0x0000000711a00000, 0x0000000711a00000, 0x0000000711b00000|  0%| F|  |TAMS 0x0000000711a00000, 0x0000000711a00000| Untracked 
| 211|0x0000000711b00000, 0x0000000711b00000, 0x0000000711c00000|  0%| F|  |TAMS 0x0000000711b00000, 0x0000000711b00000| Untracked 
| 212|0x0000000711c00000, 0x0000000711c00000, 0x0000000711d00000|  0%| F|  |TAMS 0x0000000711c00000, 0x0000000711c00000| Untracked 
| 213|0x0000000711d00000, 0x0000000711d00000, 0x0000000711e00000|  0%| F|  |TAMS 0x0000000711d00000, 0x0000000711d00000| Untracked 
| 214|0x0000000711e00000, 0x0000000711e00000, 0x0000000711f00000|  0%| F|  |TAMS 0x0000000711e00000, 0x0000000711e00000| Untracked 
| 215|0x0000000711f00000, 0x0000000711f00000, 0x0000000712000000|  0%| F|  |TAMS 0x0000000711f00000, 0x0000000711f00000| Untracked 
| 216|0x0000000712000000, 0x0000000712000000, 0x0000000712100000|  0%| F|  |TAMS 0x0000000712000000, 0x0000000712000000| Untracked 
| 217|0x0000000712100000, 0x0000000712100000, 0x0000000712200000|  0%| F|  |TAMS 0x0000000712100000, 0x0000000712100000| Untracked 
| 218|0x0000000712200000, 0x0000000712200000, 0x0000000712300000|  0%| F|  |TAMS 0x0000000712200000, 0x0000000712200000| Untracked 
| 219|0x0000000712300000, 0x0000000712300000, 0x0000000712400000|  0%| F|  |TAMS 0x0000000712300000, 0x0000000712300000| Untracked 
| 220|0x0000000712400000, 0x0000000712400000, 0x0000000712500000|  0%| F|  |TAMS 0x0000000712400000, 0x0000000712400000| Untracked 
| 221|0x0000000712500000, 0x0000000712500000, 0x0000000712600000|  0%| F|  |TAMS 0x0000000712500000, 0x0000000712500000| Untracked 
| 222|0x0000000712600000, 0x0000000712600000, 0x0000000712700000|  0%| F|  |TAMS 0x0000000712600000, 0x0000000712600000| Untracked 
| 223|0x0000000712700000, 0x0000000712700000, 0x0000000712800000|  0%| F|  |TAMS 0x0000000712700000, 0x0000000712700000| Untracked 
| 224|0x0000000712800000, 0x0000000712800000, 0x0000000712900000|  0%| F|  |TAMS 0x0000000712800000, 0x0000000712800000| Untracked 
| 225|0x0000000712900000, 0x0000000712a00000, 0x0000000712a00000|100%| S|CS|TAMS 0x0000000712900000, 0x0000000712900000| Complete 
| 226|0x0000000712a00000, 0x0000000712b00000, 0x0000000712b00000|100%| S|CS|TAMS 0x0000000712a00000, 0x0000000712a00000| Complete 
| 227|0x0000000712b00000, 0x0000000712c00000, 0x0000000712c00000|100%| S|CS|TAMS 0x0000000712b00000, 0x0000000712b00000| Complete 
| 228|0x0000000712c00000, 0x0000000712c00000, 0x0000000712d00000|  0%| F|  |TAMS 0x0000000712c00000, 0x0000000712c00000| Untracked 
| 229|0x0000000712d00000, 0x0000000712d00000, 0x0000000712e00000|  0%| F|  |TAMS 0x0000000712d00000, 0x0000000712d00000| Untracked 
| 230|0x0000000712e00000, 0x0000000712e00000, 0x0000000712f00000|  0%| F|  |TAMS 0x0000000712e00000, 0x0000000712e00000| Untracked 
| 231|0x0000000712f00000, 0x0000000712f00000, 0x0000000713000000|  0%| F|  |TAMS 0x0000000712f00000, 0x0000000712f00000| Untracked 
| 232|0x0000000713000000, 0x0000000713000000, 0x0000000713100000|  0%| F|  |TAMS 0x0000000713000000, 0x0000000713000000| Untracked 
| 233|0x0000000713100000, 0x0000000713100000, 0x0000000713200000|  0%| F|  |TAMS 0x0000000713100000, 0x0000000713100000| Untracked 
| 234|0x0000000713200000, 0x0000000713200000, 0x0000000713300000|  0%| F|  |TAMS 0x0000000713200000, 0x0000000713200000| Untracked 
| 235|0x0000000713300000, 0x0000000713300000, 0x0000000713400000|  0%| F|  |TAMS 0x0000000713300000, 0x0000000713300000| Untracked 
| 236|0x0000000713400000, 0x0000000713400000, 0x0000000713500000|  0%| F|  |TAMS 0x0000000713400000, 0x0000000713400000| Untracked 
| 237|0x0000000713500000, 0x0000000713500000, 0x0000000713600000|  0%| F|  |TAMS 0x0000000713500000, 0x0000000713500000| Untracked 
| 238|0x0000000713600000, 0x0000000713600000, 0x0000000713700000|  0%| F|  |TAMS 0x0000000713600000, 0x0000000713600000| Untracked 
| 239|0x0000000713700000, 0x0000000713700000, 0x0000000713800000|  0%| F|  |TAMS 0x0000000713700000, 0x0000000713700000| Untracked 
| 240|0x0000000713800000, 0x0000000713800000, 0x0000000713900000|  0%| F|  |TAMS 0x0000000713800000, 0x0000000713800000| Untracked 
| 241|0x0000000713900000, 0x0000000713900000, 0x0000000713a00000|  0%| F|  |TAMS 0x0000000713900000, 0x0000000713900000| Untracked 
| 242|0x0000000713a00000, 0x0000000713b00000, 0x0000000713b00000|100%| E|  |TAMS 0x0000000713a00000, 0x0000000713a00000| Complete 
| 243|0x0000000713b00000, 0x0000000713c00000, 0x0000000713c00000|100%| E|CS|TAMS 0x0000000713b00000, 0x0000000713b00000| Complete 
| 244|0x0000000713c00000, 0x0000000713d00000, 0x0000000713d00000|100%| E|CS|TAMS 0x0000000713c00000, 0x0000000713c00000| Complete 
| 245|0x0000000713d00000, 0x0000000713e00000, 0x0000000713e00000|100%| E|CS|TAMS 0x0000000713d00000, 0x0000000713d00000| Complete 
| 246|0x0000000713e00000, 0x0000000713f00000, 0x0000000713f00000|100%| E|CS|TAMS 0x0000000713e00000, 0x0000000713e00000| Complete 
| 247|0x0000000713f00000, 0x0000000714000000, 0x0000000714000000|100%| E|CS|TAMS 0x0000000713f00000, 0x0000000713f00000| Complete 
| 248|0x0000000714000000, 0x0000000714100000, 0x0000000714100000|100%| E|CS|TAMS 0x0000000714000000, 0x0000000714000000| Complete 
| 249|0x0000000714100000, 0x0000000714200000, 0x0000000714200000|100%| E|CS|TAMS 0x0000000714100000, 0x0000000714100000| Complete 
| 250|0x0000000714200000, 0x0000000714300000, 0x0000000714300000|100%| E|CS|TAMS 0x0000000714200000, 0x0000000714200000| Complete 
| 251|0x0000000714300000, 0x0000000714400000, 0x0000000714400000|100%| E|CS|TAMS 0x0000000714300000, 0x0000000714300000| Complete 

Card table byte_map: [0x0000026a706f0000,0x0000026a70ed0000] _byte_map_base: 0x0000026a6cecc000

Marking Bits (Prev, Next): (CMBitMap*) 0x0000026a575497e8, (CMBitMap*) 0x0000026a57549820
 Prev Bits: [0x0000026a716b0000, 0x0000026a75590000)
 Next Bits: [0x0000026a75590000, 0x0000026a79470000)

Polling page: 0x0000026a55300000

Metaspace:

Usage:
  Non-class:     17.39 MB capacity,    17.26 MB (>99%) used,    98.28 KB ( <1%) free+waste,    30.50 KB ( <1%) overhead. 
      Class:      1.98 MB capacity,     1.85 MB ( 93%) used,   126.89 KB (  6%) free+waste,    13.19 KB ( <1%) overhead. 
       Both:     19.37 MB capacity,    19.11 MB ( 99%) used,   225.17 KB (  1%) free+waste,    43.69 KB ( <1%) overhead. 

Virtual space:
  Non-class space:       18.00 MB reserved,      17.50 MB ( 97%) committed 
      Class space:        1.00 GB reserved,       2.00 MB ( <1%) committed 
             Both:        1.02 GB reserved,      19.50 MB (  2%) committed 

Chunk freelists:
   Non-Class:  49.00 KB
       Class:  16.00 KB
        Both:  65.00 KB

MaxMetaspaceSize: 17179869184.00 GB
CompressedClassSpaceSize: 1.00 GB
Initial GC threshold: 20.80 MB
Current GC threshold: 20.80 MB
CDS: off

CodeHeap 'non-profiled nmethods': size=118912Kb used=516Kb max_used=516Kb free=118395Kb
 bounds [0x0000026a677c0000, 0x0000026a67a30000, 0x0000026a6ebe0000]
CodeHeap 'profiled nmethods': size=118848Kb used=4099Kb max_used=4099Kb free=114748Kb
 bounds [0x0000026a603b0000, 0x0000026a607c0000, 0x0000026a677c0000]
CodeHeap 'non-nmethods': size=8000Kb used=3452Kb max_used=3464Kb free=4548Kb
 bounds [0x0000026a5fbe0000, 0x0000026a5ff50000, 0x0000026a603b0000]
 total_blobs=2338 nmethods=1875 adapters=371
 compilation: enabled
              stopped_count=0, restarted_count=0
 full_count=0

Compilation events (20 events):
Event: 1.402 Thread 0x0000026a7db4c000 nmethod 1836 0x0000026a6783e310 code [0x0000026a6783e4e0, 0x0000026a6783e9a8]
Event: 1.403 Thread 0x0000026a7db4f800 1842       1       java.lang.reflect.Constructor::getDeclaringClass (5 bytes)
Event: 1.403 Thread 0x0000026a7db4f800 nmethod 1842 0x0000026a6783ed90 code [0x0000026a6783ef40, 0x0000026a6783eff8]
Event: 1.404 Thread 0x0000026a7db4f800 1844       1       java.security.AlgorithmParameters::getAlgorithm (5 bytes)
Event: 1.404 Thread 0x0000026a7db4f800 nmethod 1844 0x0000026a6783f090 code [0x0000026a6783f240, 0x0000026a6783f2f8]
Event: 1.404 Thread 0x0000026a7db4c000 1843       4       java.util.HashSet::contains (9 bytes)
Event: 1.404 Thread 0x0000026a7db4f800 1847       3       java.util.LinkedList$ListItr::hasNext (20 bytes)
Event: 1.404 Thread 0x0000026a7db4f800 nmethod 1847 0x0000026a607a1790 code [0x0000026a607a1940, 0x0000026a607a1ab8]
Event: 1.405 Thread 0x0000026a7db4c000 nmethod 1843 0x0000026a6783f390 code [0x0000026a6783f540, 0x0000026a6783f7d8]
Event: 1.405 Thread 0x0000026a7db4c000 1846       4       java.util.regex.Pattern$NotBehind::match (137 bytes)
Event: 1.410 Thread 0x0000026a7dcb6000 1849       3       java.math.BigInteger::trustedStripLeadingZeroInts (37 bytes)
Event: 1.411 Thread 0x0000026a7dcb6000 nmethod 1849 0x0000026a607a1b90 code [0x0000026a607a1d60, 0x0000026a607a1fc8]
Event: 1.411 Thread 0x0000026a7db4f800 1851       3       java.lang.invoke.LambdaFormBuffer::indexOf (33 bytes)
Event: 1.411 Thread 0x0000026a7e32a000 1850       3       java.lang.invoke.LambdaFormBuffer::changeName (149 bytes)
Event: 1.411 Thread 0x0000026a7db4f800 nmethod 1851 0x0000026a607a2110 code [0x0000026a607a22e0, 0x0000026a607a2678]
Event: 1.411 Thread 0x0000026a7db4f800 1852       3       java.lang.invoke.InvokerBytecodeGenerator::isStaticallyNameable (148 bytes)
Event: 1.411 Thread 0x0000026a7e32a000 nmethod 1850 0x0000026a607a2790 code [0x0000026a607a2980, 0x0000026a607a2ee8]
Event: 1.412 Thread 0x0000026a7e32a000 1854       3       java.lang.invoke.InvokerBytecodeGenerator::assertStaticType (58 bytes)
Event: 1.412 Thread 0x0000026a7e32a000 nmethod 1854 0x0000026a607a3090 code [0x0000026a607a3280, 0x0000026a607a3778]
Event: 1.412 Thread 0x0000026a7db4f800 nmethod 1852 0x0000026a607a3990 code [0x0000026a607a3ea0, 0x0000026a607a6738]

GC Heap History (2 events):
Event: 0.897 GC heap before
{Heap before GC invocations=0 (full 0):
 garbage-first heap   total 258048K, used 24576K [0x0000000704800000, 0x0000000800000000)
  region size 1024K, 24 young (24576K), 0 survivors (0K)
 Metaspace       used 15726K, capacity 16011K, committed 16256K, reserved 1064960K
  class space    used 1475K, capacity 1592K, committed 1664K, reserved 1048576K
}
Event: 0.900 GC heap after
{Heap after GC invocations=1 (full 0):
 garbage-first heap   total 258048K, used 4166K [0x0000000704800000, 0x0000000800000000)
  region size 1024K, 3 young (3072K), 3 survivors (3072K)
 Metaspace       used 15726K, capacity 16011K, committed 16256K, reserved 1064960K
  class space    used 1475K, capacity 1592K, committed 1664K, reserved 1048576K
}

Deoptimization events (20 events):
Event: 1.283 Thread 0x0000026a574e1800 Uncommon trap: trap_request=0xffffff4d fr.pc=0x0000026a67819f44 relative=0x00000000000000a4
Event: 1.283 Thread 0x0000026a574e1800 Uncommon trap: reason=unstable_if action=reinterpret pc=0x0000026a67819f44 method=java.lang.CharacterDataLatin1.digit(II)I @ 12 c2
Event: 1.283 Thread 0x0000026a574e1800 DEOPT PACKING pc=0x0000026a67819f44 sp=0x000000cf4affde50
Event: 1.283 Thread 0x0000026a574e1800 DEOPT UNPACKING pc=0x0000026a5fc2a1af sp=0x000000cf4affddc8 mode 2
Event: 1.286 Thread 0x0000026a574e1800 Uncommon trap: trap_request=0xffffff4d fr.pc=0x0000026a67820a08 relative=0x0000000000001048
Event: 1.286 Thread 0x0000026a574e1800 Uncommon trap: reason=unstable_if action=reinterpret pc=0x0000026a67820a08 method=java.util.concurrent.ConcurrentHashMap.putVal(Ljava/lang/Object;Ljava/lang/Object;Z)Ljava/lang/Object; @ 148 c2
Event: 1.286 Thread 0x0000026a574e1800 DEOPT PACKING pc=0x0000026a67820a08 sp=0x000000cf4affddc0
Event: 1.286 Thread 0x0000026a574e1800 DEOPT UNPACKING pc=0x0000026a5fc2a1af sp=0x000000cf4affdd60 mode 2
Event: 1.312 Thread 0x0000026a574e1800 Uncommon trap: trap_request=0xffffff4d fr.pc=0x0000026a67832da8 relative=0x0000000000000388
Event: 1.313 Thread 0x0000026a574e1800 Uncommon trap: reason=unstable_if action=reinterpret pc=0x0000026a67832da8 method=java.io.ByteArrayInputStream.read([BII)I @ 35 c2
Event: 1.313 Thread 0x0000026a574e1800 DEOPT PACKING pc=0x0000026a67832da8 sp=0x000000cf4affd090
Event: 1.313 Thread 0x0000026a574e1800 DEOPT UNPACKING pc=0x0000026a5fc2a1af sp=0x000000cf4affd050 mode 2
Event: 1.341 Thread 0x0000026a574e1800 Uncommon trap: trap_request=0xffffff4d fr.pc=0x0000026a67822588 relative=0x0000000000000328
Event: 1.341 Thread 0x0000026a574e1800 Uncommon trap: reason=unstable_if action=reinterpret pc=0x0000026a67822588 method=java.util.HashMap.putVal(ILjava/lang/Object;Ljava/lang/Object;ZZ)Ljava/lang/Object; @ 162 c2
Event: 1.341 Thread 0x0000026a574e1800 DEOPT PACKING pc=0x0000026a67822588 sp=0x000000cf4affc000
Event: 1.341 Thread 0x0000026a574e1800 DEOPT UNPACKING pc=0x0000026a5fc2a1af sp=0x000000cf4affbfa0 mode 2
Event: 1.342 Thread 0x0000026a574e1800 Uncommon trap: trap_request=0xffffff4d fr.pc=0x0000026a6782915c relative=0x00000000000002fc
Event: 1.342 Thread 0x0000026a574e1800 Uncommon trap: reason=unstable_if action=reinterpret pc=0x0000026a6782915c method=java.util.regex.Pattern$SliceI.match(Ljava/util/regex/Matcher;ILjava/lang/CharSequence;)Z @ 29 c2
Event: 1.342 Thread 0x0000026a574e1800 DEOPT PACKING pc=0x0000026a6782915c sp=0x000000cf4affda30
Event: 1.342 Thread 0x0000026a574e1800 DEOPT UNPACKING pc=0x0000026a5fc2a1af sp=0x000000cf4affd9c8 mode 2

Classes redefined (0 events):
No events

Internal exceptions (20 events):
Event: 0.757 Thread 0x0000026a574e1800 Exception <a 'sun/nio/fs/WindowsException'{0x0000000712ffbd98}> (0x0000000712ffbd98) thrown at [./src/hotspot/share/prims/jni.cpp, line 616]
Event: 0.758 Thread 0x0000026a574e1800 Exception <a 'sun/nio/fs/WindowsException'{0x0000000712e395a0}> (0x0000000712e395a0) thrown at [./src/hotspot/share/prims/jni.cpp, line 616]
Event: 0.758 Thread 0x0000026a574e1800 Exception <a 'sun/nio/fs/WindowsException'{0x0000000712e42eb0}> (0x0000000712e42eb0) thrown at [./src/hotspot/share/prims/jni.cpp, line 616]
Event: 0.758 Thread 0x0000026a574e1800 Exception <a 'sun/nio/fs/WindowsException'{0x0000000712e432d0}> (0x0000000712e432d0) thrown at [./src/hotspot/share/prims/jni.cpp, line 616]
Event: 0.760 Thread 0x0000026a574e1800 Exception <a 'sun/nio/fs/WindowsException'{0x0000000712e7e530}> (0x0000000712e7e530) thrown at [./src/hotspot/share/prims/jni.cpp, line 616]
Event: 0.760 Thread 0x0000026a574e1800 Exception <a 'sun/nio/fs/WindowsException'{0x0000000712e87df0}> (0x0000000712e87df0) thrown at [./src/hotspot/share/prims/jni.cpp, line 616]
Event: 0.760 Thread 0x0000026a574e1800 Exception <a 'sun/nio/fs/WindowsException'{0x0000000712e881b0}> (0x0000000712e881b0) thrown at [./src/hotspot/share/prims/jni.cpp, line 616]
Event: 0.761 Thread 0x0000026a574e1800 Exception <a 'sun/nio/fs/WindowsException'{0x0000000712e8d010}> (0x0000000712e8d010) thrown at [./src/hotspot/share/prims/jni.cpp, line 616]
Event: 0.761 Thread 0x0000026a574e1800 Exception <a 'sun/nio/fs/WindowsException'{0x0000000712e94968}> (0x0000000712e94968) thrown at [./src/hotspot/share/prims/jni.cpp, line 616]
Event: 0.761 Thread 0x0000026a574e1800 Exception <a 'sun/nio/fs/WindowsException'{0x0000000712e94d18}> (0x0000000712e94d18) thrown at [./src/hotspot/share/prims/jni.cpp, line 616]
Event: 0.761 Thread 0x0000026a574e1800 Exception <a 'sun/nio/fs/WindowsException'{0x0000000712e95480}> (0x0000000712e95480) thrown at [./src/hotspot/share/prims/jni.cpp, line 616]
Event: 0.762 Thread 0x0000026a574e1800 Exception <a 'sun/nio/fs/WindowsException'{0x0000000712e959f0}> (0x0000000712e959f0) thrown at [./src/hotspot/share/prims/jni.cpp, line 616]
Event: 0.774 Thread 0x0000026a574e1800 Exception <a 'java/lang/NoSuchMethodError'{0x0000000712d13710}: 'int java.lang.invoke.DirectMethodHandle$Holder.invokeSpecialIFC(java.lang.Object, java.lang.Object, int)'> (0x0000000712d13710) thrown at [./src/hotspot/share/interpreter/linkResolver.cpp, line 773]
Event: 0.851 Thread 0x0000026a574e1800 Exception <a 'java/lang/NoSuchMethodError'{0x0000000712c340e0}: 'java.lang.Object java.lang.invoke.DirectMethodHandle$Holder.invokeStaticInit(java.lang.Object, int, int, int, int)'> (0x0000000712c340e0) thrown at [./src/hotspot/share/interpreter/linkResolver.cpp, line 773]
Event: 0.854 Thread 0x0000026a574e1800 Exception <a 'sun/nio/fs/WindowsException'{0x0000000712c3a6d8}> (0x0000000712c3a6d8) thrown at [./src/hotspot/share/prims/jni.cpp, line 616]
Event: 0.867 Thread 0x0000026a574e1800 Exception <a 'java/lang/NoSuchMethodError'{0x0000000712c59350}: 'int java.lang.invoke.DirectMethodHandle$Holder.invokeStaticInit(java.lang.Object, java.lang.Object, java.lang.Object, java.lang.Object)'> (0x0000000712c59350) thrown at [./src/hotspot/share/interpreter/linkResolver.cpp, line 773]
Event: 0.868 Thread 0x0000026a574e1800 Exception <a 'java/lang/IncompatibleClassChangeError'{0x0000000712c625c0}: Found class java.lang.Object, but interface was expected> (0x0000000712c625c0) thrown at [./src/hotspot/share/interpreter/linkResolver.cpp, line 839]
Event: 0.868 Thread 0x0000026a574e1800 Exception <a 'java/lang/NoSuchMethodError'{0x0000000712c65370}: 'void java.lang.invoke.DirectMethodHandle$Holder.invokeStaticInit(java.lang.Object, java.lang.Object)'> (0x0000000712c65370) thrown at [./src/hotspot/share/interpreter/linkResolver.cpp, line 773]
Event: 0.868 Thread 0x0000026a574e1800 Exception <a 'java/lang/NoSuchMethodError'{0x0000000712c6a7e0}: 'int java.lang.invoke.DirectMethodHandle$Holder.invokeStaticInit(java.lang.Object, java.lang.Object)'> (0x0000000712c6a7e0) thrown at [./src/hotspot/share/interpreter/linkResolver.cpp, line 773]
Event: 1.204 Thread 0x0000026a574e1800 Exception <a 'java/lang/NoSuchMethodError'{0x0000000713cd3f78}: 'java.lang.Object java.lang.invoke.DirectMethodHandle$Holder.invokeStaticInit(java.lang.Object, java.lang.Object, int, int, int, int)'> (0x0000000713cd3f78) thrown at [./src/hotspot/share/interpreter/linkResolver.cpp, line 773]

Events (20 events):
Event: 1.409 loading class sun/security/ssl/ECDHKeyExchange done
Event: 1.409 loading class sun/security/ssl/ECDHKeyExchange$ECDHEPossessionGenerator
Event: 1.409 loading class sun/security/ssl/ECDHKeyExchange$ECDHEPossessionGenerator done
Event: 1.409 loading class sun/security/ssl/ECDHKeyExchange$ECDHKAGenerator
Event: 1.409 loading class sun/security/ssl/ECDHKeyExchange$ECDHKAGenerator done
Event: 1.409 loading class sun/security/ssl/ECDHKeyExchange$ECDHEKAGenerator
Event: 1.410 loading class sun/security/ssl/ECDHKeyExchange$ECDHEKAGenerator done
Event: 1.410 loading class sun/security/ssl/ECDHKeyExchange$ECDHEXDHKAGenerator
Event: 1.410 loading class sun/security/ssl/ECDHKeyExchange$ECDHEXDHKAGenerator done
Event: 1.410 loading class sun/security/ssl/XDHKeyExchange$XDHEPossession
Event: 1.410 loading class sun/security/ssl/XDHKeyExchange$XDHEPossession done
Event: 1.412 loading class sun/security/util/math/IntegerModuloP
Event: 1.413 loading class sun/security/util/math/IntegerModuloP done
Event: 1.413 loading class sun/security/util/math/IntegerFieldModuloP
Event: 1.413 loading class sun/security/util/math/IntegerFieldModuloP done
Event: 1.413 loading class sun/security/util/math/intpoly/IntegerPolynomial25519
Event: 1.413 loading class sun/security/util/math/intpoly/IntegerPolynomial
Event: 1.413 loading class sun/security/util/math/intpoly/IntegerPolynomial done
Event: 1.413 loading class sun/security/util/math/intpoly/IntegerPolynomial25519 done
Event: 1.413 loading class java/math/MutableBigInteger


Dynamic libraries:
0x00007ff7a8120000 - 0x00007ff7a812d000 	C:\Program Files\Unity\Hub\Editor\2022.3.10f1\Editor\Data\PlaybackEngines\AndroidPlayer\OpenJDK\bin\java.exe
0x00007ffe7ace0000 - 0x00007ffe7af49000 	C:\WINDOWS\SYSTEM32\ntdll.dll
0x00007ffe7a5c0000 - 0x00007ffe7a689000 	C:\WINDOWS\System32\KERNEL32.DLL
0x00007ffe781d0000 - 0x00007ffe785c3000 	C:\WINDOWS\System32\KERNELBASE.dll
0x00007ffe77e70000 - 0x00007ffe77fbb000 	C:\WINDOWS\System32\ucrtbase.dll
0x00007ffe6f7a0000 - 0x00007ffe6f7b7000 	C:\Program Files\Unity\Hub\Editor\2022.3.10f1\Editor\Data\PlaybackEngines\AndroidPlayer\OpenJDK\bin\jli.dll
0x00007ffe78ac0000 - 0x00007ffe78c84000 	C:\WINDOWS\System32\USER32.dll
0x00007ffe78670000 - 0x00007ffe78697000 	C:\WINDOWS\System32\win32u.dll
0x00007ffe7a7e0000 - 0x00007ffe7a80b000 	C:\WINDOWS\System32\GDI32.dll
0x00007ffe78810000 - 0x00007ffe7893d000 	C:\WINDOWS\System32\gdi32full.dll
0x00007ffe786a0000 - 0x00007ffe78743000 	C:\WINDOWS\System32\msvcp_win.dll
0x00007ffe5f1d0000 - 0x00007ffe5f1e5000 	C:\Program Files\Unity\Hub\Editor\2022.3.10f1\Editor\Data\PlaybackEngines\AndroidPlayer\OpenJDK\bin\VCRUNTIME140.dll
0x00007ffe5b7b0000 - 0x00007ffe5ba43000 	C:\WINDOWS\WinSxS\amd64_microsoft.windows.common-controls_6595b64144ccf1df_6.0.26100.5074_none_3e0d6f78e32fd63f\COMCTL32.dll
0x00007ffe79ed0000 - 0x00007ffe79f79000 	C:\WINDOWS\System32\msvcrt.dll
0x00007ffe79d70000 - 0x00007ffe79d9f000 	C:\WINDOWS\System32\IMM32.DLL
0x00007ffe41030000 - 0x00007ffe4118c000 	C:\Program Files (x86)\Citrix\ICA Client\ctxapclient64.dll
0x00007ffe78c90000 - 0x00007ffe7900b000 	C:\WINDOWS\System32\combase.dll
0x00007ffe79db0000 - 0x00007ffe79ec8000 	C:\WINDOWS\System32\RPCRT4.dll
0x00007ffe70660000 - 0x00007ffe7066b000 	C:\WINDOWS\SYSTEM32\VERSION.dll
0x00007ffe77d60000 - 0x00007ffe77d86000 	C:\WINDOWS\SYSTEM32\bcrypt.dll
0x00007ffe79010000 - 0x00007ffe790c4000 	C:\WINDOWS\System32\ADVAPI32.dll
0x00007ffe7a000000 - 0x00007ffe7a0a6000 	C:\WINDOWS\System32\sechost.dll
0x00007ffe76e90000 - 0x00007ffe76ec6000 	C:\WINDOWS\SYSTEM32\ntmarta.dll
0x0000026a56be0000 - 0x0000026a56c79000 	C:\WINDOWS\System32\bcryptprimitives.dll
0x00007ffe5cf90000 - 0x00007ffe5d02b000 	C:\Program Files\Unity\Hub\Editor\2022.3.10f1\Editor\Data\PlaybackEngines\AndroidPlayer\OpenJDK\bin\msvcp140.dll
0x00007ffd7e870000 - 0x00007ffd7f3f1000 	C:\Program Files\Unity\Hub\Editor\2022.3.10f1\Editor\Data\PlaybackEngines\AndroidPlayer\OpenJDK\bin\server\jvm.dll
0x00007ffe78ab0000 - 0x00007ffe78ab8000 	C:\WINDOWS\System32\PSAPI.DLL
0x00007ffe54210000 - 0x00007ffe5421a000 	C:\WINDOWS\SYSTEM32\WSOCK32.dll
0x00007ffe7a920000 - 0x00007ffe7a994000 	C:\WINDOWS\System32\WS2_32.dll
0x00007ffe6c6f0000 - 0x00007ffe6c725000 	C:\WINDOWS\SYSTEM32\WINMM.dll
0x00007ffe76d70000 - 0x00007ffe76d8b000 	C:\WINDOWS\SYSTEM32\kernel.appcore.dll
0x00007ffe5f1c0000 - 0x00007ffe5f1d0000 	C:\Program Files\Unity\Hub\Editor\2022.3.10f1\Editor\Data\PlaybackEngines\AndroidPlayer\OpenJDK\bin\verify.dll
0x00007ffe752c0000 - 0x00007ffe75502000 	C:\WINDOWS\SYSTEM32\DBGHELP.DLL
0x00007ffe7a6a0000 - 0x00007ffe7a777000 	C:\WINDOWS\System32\OLEAUT32.dll
0x00007ffe5b6d0000 - 0x00007ffe5b70d000 	C:\WINDOWS\SYSTEM32\dbgcore.DLL
0x00007ffe5d140000 - 0x00007ffe5d168000 	C:\Program Files\Unity\Hub\Editor\2022.3.10f1\Editor\Data\PlaybackEngines\AndroidPlayer\OpenJDK\bin\java.dll
0x00007ffe5e5c0000 - 0x00007ffe5e5ca000 	C:\Program Files\Unity\Hub\Editor\2022.3.10f1\Editor\Data\PlaybackEngines\AndroidPlayer\OpenJDK\bin\jimage.dll
0x00007ffe5d120000 - 0x00007ffe5d138000 	C:\Program Files\Unity\Hub\Editor\2022.3.10f1\Editor\Data\PlaybackEngines\AndroidPlayer\OpenJDK\bin\zip.dll
0x00007ffe79620000 - 0x00007ffe79d6d000 	C:\WINDOWS\System32\SHELL32.dll
0x0000026a7dda0000 - 0x0000026a7df0c000 	C:\WINDOWS\System32\wintypes.dll
0x00007ffe75ac0000 - 0x00007ffe76319000 	C:\WINDOWS\SYSTEM32\windows.storage.dll
0x00007ffe7a820000 - 0x00007ffe7a910000 	C:\WINDOWS\System32\SHCORE.dll
0x00007ffe79580000 - 0x00007ffe795e2000 	C:\WINDOWS\System32\shlwapi.dll
0x00007ffe77d90000 - 0x00007ffe77db9000 	C:\WINDOWS\SYSTEM32\profapi.dll
0x00007ffe5cf70000 - 0x00007ffe5cf89000 	C:\Program Files\Unity\Hub\Editor\2022.3.10f1\Editor\Data\PlaybackEngines\AndroidPlayer\OpenJDK\bin\net.dll
0x00007ffe71410000 - 0x00007ffe7152f000 	C:\WINDOWS\SYSTEM32\WINHTTP.dll
0x00007ffe772f0000 - 0x00007ffe7735b000 	C:\WINDOWS\system32\mswsock.dll
0x00007ffe5cf50000 - 0x00007ffe5cf63000 	C:\Program Files\Unity\Hub\Editor\2022.3.10f1\Editor\Data\PlaybackEngines\AndroidPlayer\OpenJDK\bin\nio.dll
0x00007ffe6fe00000 - 0x00007ffe6fe0e000 	C:\Program Files\Unity\Hub\Editor\2022.3.10f1\Editor\Data\PlaybackEngines\AndroidPlayer\OpenJDK\bin\sunmscapi.dll
0x00007ffe77fc0000 - 0x00007ffe78137000 	C:\WINDOWS\System32\CRYPT32.dll
0x00007ffe777b0000 - 0x00007ffe777e0000 	C:\WINDOWS\SYSTEM32\ncrypt.dll
0x00007ffe77760000 - 0x00007ffe7779f000 	C:\WINDOWS\SYSTEM32\NTASN1.dll
0x00007ffe5eed0000 - 0x00007ffe5eef5000 	C:\Program Files\Unity\Hub\Editor\2022.3.10f1\Editor\Data\PlaybackEngines\AndroidPlayer\OpenJDK\bin\sunec.dll
0x00007ffe77590000 - 0x00007ffe775ab000 	C:\WINDOWS\SYSTEM32\CRYPTSP.dll
0x00007ffe76cd0000 - 0x00007ffe76d0b000 	C:\WINDOWS\system32\rsaenh.dll
0x00007ffe77390000 - 0x00007ffe773bb000 	C:\WINDOWS\SYSTEM32\USERENV.dll
0x00007ffe775b0000 - 0x00007ffe775bc000 	C:\WINDOWS\SYSTEM32\CRYPTBASE.dll
0x00007ffe76770000 - 0x00007ffe767a4000 	C:\WINDOWS\SYSTEM32\IPHLPAPI.DLL
0x00007ffe7abd0000 - 0x00007ffe7abda000 	C:\WINDOWS\System32\NSI.dll
0x00007ffe71690000 - 0x00007ffe716ae000 	C:\WINDOWS\SYSTEM32\dhcpcsvc6.DLL
0x00007ffe71610000 - 0x00007ffe71633000 	C:\WINDOWS\SYSTEM32\dhcpcsvc.DLL
0x00007ffe76850000 - 0x00007ffe76976000 	C:\WINDOWS\SYSTEM32\DNSAPI.dll
0x00007ffe708d0000 - 0x00007ffe708db000 	C:\Windows\System32\rasadhlp.dll
0x00007ffe71920000 - 0x00007ffe719a6000 	C:\WINDOWS\System32\fwpuclnt.dll

dbghelp: loaded successfully - version: 4.0.5 - missing functions: none
symbol engine: initialized successfully - sym options: 0x614 - pdb path: .;C:\Program Files\Unity\Hub\Editor\2022.3.10f1\Editor\Data\PlaybackEngines\AndroidPlayer\OpenJDK\bin;C:\WINDOWS\SYSTEM32;C:\WINDOWS\WinSxS\amd64_microsoft.windows.common-controls_6595b64144ccf1df_6.0.26100.5074_none_3e0d6f78e32fd63f;C:\Program Files (x86)\Citrix\ICA Client;C:\Program Files\Unity\Hub\Editor\2022.3.10f1\Editor\Data\PlaybackEngines\AndroidPlayer\OpenJDK\bin\server

VM Arguments:
jvm_args: -Dfile.encoding=UTF-8 -Dcom.android.sdklib.toolsdir=C:\Program Files\Unity\Hub\Editor\2022.3.10f1\Editor\Data\PlaybackEngines\AndroidPlayer\SDK\cmdline-tools\6.0\bin\\.. 
java_command: com.android.sdklib.tool.sdkmanager.SdkManagerCli --list
java_class_path (initial): C:\Program Files\Unity\Hub\Editor\2022.3.10f1\Editor\Data\PlaybackEngines\AndroidPlayer\SDK\cmdline-tools\6.0\bin\..\lib\sdkmanager-classpath.jar
Launcher Type: SUN_STANDARD

[Global flags]
     intx CICompilerCount                          = 15                                        {product} {ergonomic}
     uint ConcGCThreads                            = 6                                         {product} {ergonomic}
     uint G1ConcRefinementThreads                  = 23                                        {product} {ergonomic}
   size_t G1HeapRegionSize                         = 1048576                                   {product} {ergonomic}
    uintx GCDrainStackTargetSize                   = 64                                        {product} {ergonomic}
   size_t InitialHeapSize                          = 264241152                                 {product} {ergonomic}
   size_t MarkStackSize                            = 4194304                                   {product} {ergonomic}
   size_t MaxHeapSize                              = 4219469824                                {product} {ergonomic}
   size_t MaxNewSize                               = 2531262464                                {product} {ergonomic}
   size_t MinHeapDeltaBytes                        = 1048576                                   {product} {ergonomic}
    uintx NonNMethodCodeHeapSize                   = 8182140                                {pd product} {ergonomic}
    uintx NonProfiledCodeHeapSize                  = 121738050                              {pd product} {ergonomic}
    uintx ProfiledCodeHeapSize                     = 121738050                              {pd product} {ergonomic}
    uintx ReservedCodeCacheSize                    = 251658240                              {pd product} {ergonomic}
     bool SegmentedCodeCache                       = true                                      {product} {ergonomic}
     bool UseCompressedClassPointers               = true                                 {lp64_product} {ergonomic}
     bool UseCompressedOops                        = true                                 {lp64_product} {ergonomic}
     bool UseG1GC                                  = true                                      {product} {ergonomic}
     bool UseLargePagesIndividualAllocation        = false                                  {pd product} {ergonomic}

Logging:
Log output configuration:
 #0: stdout all=warning uptime,level,tags
 #1: stderr all=off uptime,level,tags

Environment Variables:
JAVA_HOME=C:\Program Files\Unity\Hub\Editor\2022.3.10f1\Editor\Data\PlaybackEngines\AndroidPlayer\OpenJDK
JAVA_TOOL_OPTIONS=-Dfile.encoding=UTF-8
CLASSPATH=C:\Program Files\Unity\Hub\Editor\2022.3.10f1\Editor\Data\PlaybackEngines\AndroidPlayer\SDK\cmdline-tools\6.0\bin\..\lib\sdkmanager-classpath.jar
PATH=C:\Program Files\Oculus\Support\oculus-runtime;C:\WINDOWS\system32;C:\WINDOWS;C:\WINDOWS\System32\Wbem;C:\WINDOWS\System32\WindowsPowerShell\v1.0\;C:\WINDOWS\System32\OpenSSH\;C:\Program Files\dotnet\;C:\Program Files (x86)\NVIDIA Corporation\PhysX\Common;C:\Program Files\NVIDIA Corporation\NVIDIA NvDLISR;C:\Program Files\Git\cmd;C:\Program Files\Docker\Docker\resources\bin;C:\Users\fredy\AppData\Roaming\nvm;C:\Program Files\nodejs;C:\Program Files\nodejs;C:\Users\fredy\AppData\Local\Programs\Python\Python311\Scripts\;C:\Users\fredy\AppData\Local\Programs\Python\Python311\;C:\Users\fredy\anaconda3;C:\Users\fredy\anaconda3\Library\mingw-w64\bin;C:\Users\fredy\anaconda3\Library\usr\bin;C:\Users\fredy\anaconda3\Library\bin;C:\Users\fredy\anaconda3\Scripts;C:\Users\fredy\AppData\Local\Programs\Python\Python313\Scripts\;C:\Users\fredy\AppData\Local\Programs\Python\Python313\;C:\Users\fredy\AppData\Local\Microsoft\WindowsApps;C:\Users\fredy\AppData\Roaming\nvm;C:\Program Files\nodejs;C:\Program Files\nodejs;C:\Users\fredy\AppData\Local\Programs\Microsoft VS Code\bin
USERNAME=fredy
OS=Windows_NT
PROCESSOR_IDENTIFIER=Intel64 Family 6 Model 183 Stepping 1, GenuineIntel



---------------  S Y S T E M  ---------------

OS: Windows 11 , 64 bit Build 26100 (10.0.26100.5074)
OS uptime: 0 days 0:17 hours
Hyper-V role detected

CPU:total 32 (initial active 32) (16 cores per cpu, 2 threads per core) family 6 model 183 stepping 1 microcode 0x11f, cmov, cx8, fxsr, mmx, sse, sse2, sse3, ssse3, sse4.1, sse4.2, popcnt, avx, avx2, aes, clmul, erms, 3dnowpref, lzcnt, ht, tsc, tscinvbit, bmi1, bmi2, adx, sha, fma

Memory: 4k page, system-wide physical 16088M (3384M free)
TotalPageFile size 36568M (AvailPageFile size 14465M)
current process WorkingSet (physical memory assigned to process): 105M, peak: 105M
current process commit charge ("private bytes"): 399M, peak: 399M

vm_info: OpenJDK 64-Bit Server VM (11.0.14.1+1) for windows-amd64 JRE (11.0.14.1+1), built on Feb  9 2022 01:48:27 by "" with unknown MS VC++:1916

END.
